<html>
<head>
<title>TestNG:  Test</title>
<link href="../testng.css" rel="stylesheet" type="text/css" />
<link href="../my-testng.css" rel="stylesheet" type="text/css" />

<style type="text/css">
.log { display: none;} 
.stack-trace { display: none;} 
</style>
<script type="text/javascript">
<!--
function flip(e) {
  current = e.style.display;
  if (current == 'block') {
    e.style.display = 'none';
    return 0;
  }
  else {
    e.style.display = 'block';
    return 1;
  }
}

function toggleBox(szDivId, elem, msg1, msg2)
{
  var res = -1;  if (document.getElementById) {
    res = flip(document.getElementById(szDivId));
  }
  else if (document.all) {
    // this is the way old msie versions work
    res = flip(document.all[szDivId]);
  }
  if(elem) {
    if(res == 0) elem.innerHTML = msg1; else elem.innerHTML = msg2;
  }

}

function toggleAllBoxes() {
  if (document.getElementsByTagName) {
    d = document.getElementsByTagName('div');
    for (i = 0; i < d.length; i++) {
      if (d[i].className == 'log') {
        flip(d[i]);
      }
    }
  }
}

// -->
</script>

</head>
<body>
<h2 align='center'>Test</h2><table border='1' align="center">
<tr>
<td>Tests passed/Failed/Skipped:</td><td>46/9/0</td>
</tr><tr>
<td>Started on:</td><td>Wed Mar 01 13:51:31 IST 2023</td>
</tr>
<tr><td>Total time:</td><td>3386 seconds (3386800 ms)</td>
</tr><tr>
<td>Included groups:</td><td></td>
</tr><tr>
<td>Excluded groups:</td><td></td>
</tr>
</table><p/>
<small><i>(Hover the method name to see the test class name)</i></small><p/>
<table width='100%' border='1' class='invocation-failed'>
<tr><td colspan='4' align='center'><b>FAILED TESTS</b></td></tr>
<tr><td><b>Test method</b></td>
<td width="30%"><b>Exception</b></td>
<td width="10%"><b>Time (seconds)</b></td>
<td><b>Instance</b></td>
</tr>
<tr>
<td title='Memberse.WebAppAutomation.wAddMediaAndPlayPlaylistTest.wAddMediaAndPlayPlaylistTestCase()'><b>wAddMediaAndPlayPlaylistTestCase</b><br>Test class: Memberse.WebAppAutomation.wAddMediaAndPlayPlaylistTest</td>
<td><div><pre>org.openqa.selenium.NoSuchElementException: no such element: Unable to locate element: {&quot;method&quot;:&quot;xpath&quot;,&quot;selector&quot;:&quot;//div[@class=&apos;rnc__notification-content&apos;]&quot;}
  (Session info: chrome=110.0.5481.177)
For documentation on this error, please visit: https://www.seleniumhq.org/exceptions/no_such_element.html
Build info: version: &apos;3.141.59&apos;, revision: &apos;e82be7d358&apos;, time: &apos;2018-11-14T08:17:03&apos;
System info: host: &apos;Kamals-MacBook-Pro.local&apos;, ip: &apos;2401:4900:598c:4529:c1be:502c:9760:3f7%en0&apos;, os.name: &apos;Mac OS X&apos;, os.arch: &apos;x86_64&apos;, os.version: &apos;13.2.1&apos;, java.version: &apos;1.8.0_351&apos;
Driver info: org.openqa.selenium.chrome.ChromeDriver
Capabilities {acceptInsecureCerts: false, browserName: chrome, browserVersion: 110.0.5481.177, chrome: {chromedriverVersion: 110.0.5481.77 (65ed616c6e8e..., userDataDir: /var/folders/5t/qx22w3p15y9...}, goog:chromeOptions: {debuggerAddress: localhost:51993}, javascriptEnabled: true, networkConnectionEnabled: false, pageLoadStrategy: normal, platform: MAC, platformName: MAC, proxy: Proxy(), setWindowRect: true, strictFileInteractability: false, timeouts: {implicit: 0, pageLoad: 300000, script: 30000}, unhandledPromptBehavior: dismiss and notify, webauthn:extension:credBlob: true, webauthn:extension:largeBlob: true, webauthn:virtualAuthenticators: true}
Session ID: a6aa5e9c3416155a0f46db09d82b7804
*** Element info: {Using=xpath, value=//div[@class=&apos;rnc__notification-content&apos;]}
	at org.openqa.selenium.remote.http.W3CHttpResponseCodec.createException(W3CHttpResponseCodec.java:187)
	at org.openqa.selenium.remote.http.W3CHttpResponseCodec.decode(W3CHttpResponseCodec.java:122)
	at org.openqa.selenium.remote.http.W3CHttpResponseCodec.decode(W3CHttpResponseCodec.java:49)
	at org.openqa.selenium.remote.HttpCommandExecutor.execute(HttpCommandExecutor.java:158)
	at org.openqa.selenium.remote.service.DriverCommandExecutor.execute(DriverCommandExecutor.java:83)
	at org.openqa.selenium.remote.RemoteWebDriver.execute(RemoteWebDriver.java:552)
	at org.openqa.selenium.remote.RemoteWebDriver.findElement(RemoteWebDriver.java:323)
	at org.openqa.selenium.remote.RemoteWebDriver.findElementByXPath(RemoteWebDriver.java:428)
	at org.openqa.selenium.By$ByXPath.findElement(By.java:353)
	at org.openqa.selenium.remote.RemoteWebDriver.findElement(RemoteWebDriver.java:315)
	at Memberse.WebAppAutomation.wAddMediaAndPlayPlaylistTest.wAddMediaAndPlayPlaylistTestCase(wAddMediaAndPlayPlaylistTest.java:104)
	at java.util.ArrayList.forEach(ArrayList.java:1259)
... Removed 31 stack frames</pre></div><a href='#' onClick='toggleBox("stack-trace1265341013", this, "Click to show all stack frames", "Click to hide stack frames")'>Click to show all stack frames</a>
<div class='stack-trace' id='stack-trace1265341013'><pre>org.openqa.selenium.NoSuchElementException: no such element: Unable to locate element: {&quot;method&quot;:&quot;xpath&quot;,&quot;selector&quot;:&quot;//div[@class=&apos;rnc__notification-content&apos;]&quot;}
  (Session info: chrome=110.0.5481.177)
For documentation on this error, please visit: https://www.seleniumhq.org/exceptions/no_such_element.html
Build info: version: &apos;3.141.59&apos;, revision: &apos;e82be7d358&apos;, time: &apos;2018-11-14T08:17:03&apos;
System info: host: &apos;Kamals-MacBook-Pro.local&apos;, ip: &apos;2401:4900:598c:4529:c1be:502c:9760:3f7%en0&apos;, os.name: &apos;Mac OS X&apos;, os.arch: &apos;x86_64&apos;, os.version: &apos;13.2.1&apos;, java.version: &apos;1.8.0_351&apos;
Driver info: org.openqa.selenium.chrome.ChromeDriver
Capabilities {acceptInsecureCerts: false, browserName: chrome, browserVersion: 110.0.5481.177, chrome: {chromedriverVersion: 110.0.5481.77 (65ed616c6e8e..., userDataDir: /var/folders/5t/qx22w3p15y9...}, goog:chromeOptions: {debuggerAddress: localhost:51993}, javascriptEnabled: true, networkConnectionEnabled: false, pageLoadStrategy: normal, platform: MAC, platformName: MAC, proxy: Proxy(), setWindowRect: true, strictFileInteractability: false, timeouts: {implicit: 0, pageLoad: 300000, script: 30000}, unhandledPromptBehavior: dismiss and notify, webauthn:extension:credBlob: true, webauthn:extension:largeBlob: true, webauthn:virtualAuthenticators: true}
Session ID: a6aa5e9c3416155a0f46db09d82b7804
*** Element info: {Using=xpath, value=//div[@class=&apos;rnc__notification-content&apos;]}
	at sun.reflect.NativeConstructorAccessorImpl.newInstance0(Native Method)
	at sun.reflect.NativeConstructorAccessorImpl.newInstance(NativeConstructorAccessorImpl.java:62)
	at sun.reflect.DelegatingConstructorAccessorImpl.newInstance(DelegatingConstructorAccessorImpl.java:45)
	at java.lang.reflect.Constructor.newInstance(Constructor.java:423)
	at org.openqa.selenium.remote.http.W3CHttpResponseCodec.createException(W3CHttpResponseCodec.java:187)
	at org.openqa.selenium.remote.http.W3CHttpResponseCodec.decode(W3CHttpResponseCodec.java:122)
	at org.openqa.selenium.remote.http.W3CHttpResponseCodec.decode(W3CHttpResponseCodec.java:49)
	at org.openqa.selenium.remote.HttpCommandExecutor.execute(HttpCommandExecutor.java:158)
	at org.openqa.selenium.remote.service.DriverCommandExecutor.execute(DriverCommandExecutor.java:83)
	at org.openqa.selenium.remote.RemoteWebDriver.execute(RemoteWebDriver.java:552)
	at org.openqa.selenium.remote.RemoteWebDriver.findElement(RemoteWebDriver.java:323)
	at org.openqa.selenium.remote.RemoteWebDriver.findElementByXPath(RemoteWebDriver.java:428)
	at org.openqa.selenium.By$ByXPath.findElement(By.java:353)
	at org.openqa.selenium.remote.RemoteWebDriver.findElement(RemoteWebDriver.java:315)
	at Memberse.WebAppAutomation.wAddMediaAndPlayPlaylistTest.wAddMediaAndPlayPlaylistTestCase(wAddMediaAndPlayPlaylistTest.java:104)
	at sun.reflect.NativeMethodAccessorImpl.invoke0(Native Method)
	at sun.reflect.NativeMethodAccessorImpl.invoke(NativeMethodAccessorImpl.java:62)
	at sun.reflect.DelegatingMethodAccessorImpl.invoke(DelegatingMethodAccessorImpl.java:43)
	at java.lang.reflect.Method.invoke(Method.java:498)
	at org.testng.internal.MethodInvocationHelper.invokeMethod(MethodInvocationHelper.java:132)
	at org.testng.internal.TestInvoker.invokeMethod(TestInvoker.java:599)
	at org.testng.internal.TestInvoker.invokeTestMethod(TestInvoker.java:174)
	at org.testng.internal.MethodRunner.runInSequence(MethodRunner.java:46)
	at org.testng.internal.TestInvoker$MethodInvocationAgent.invoke(TestInvoker.java:822)
	at org.testng.internal.TestInvoker.invokeTestMethods(TestInvoker.java:147)
	at org.testng.internal.TestMethodWorker.invokeTestMethods(TestMethodWorker.java:146)
	at org.testng.internal.TestMethodWorker.run(TestMethodWorker.java:128)
	at java.util.ArrayList.forEach(ArrayList.java:1259)
	at org.testng.TestRunner.privateRun(TestRunner.java:764)
	at org.testng.TestRunner.run(TestRunner.java:585)
	at org.testng.SuiteRunner.runTest(SuiteRunner.java:384)
	at org.testng.SuiteRunner.runSequentially(SuiteRunner.java:378)
	at org.testng.SuiteRunner.privateRun(SuiteRunner.java:337)
	at org.testng.SuiteRunner.run(SuiteRunner.java:286)
	at org.testng.SuiteRunnerWorker.runSuite(SuiteRunnerWorker.java:53)
	at org.testng.SuiteRunnerWorker.run(SuiteRunnerWorker.java:96)
	at org.testng.TestNG.runSuitesSequentially(TestNG.java:1218)
	at org.testng.TestNG.runSuitesLocally(TestNG.java:1140)
	at org.testng.TestNG.runSuites(TestNG.java:1069)
	at org.testng.TestNG.run(TestNG.java:1037)
	at org.testng.remote.AbstractRemoteTestNG.run(AbstractRemoteTestNG.java:115)
	at org.testng.remote.RemoteTestNG.initAndRun(RemoteTestNG.java:251)
	at org.testng.remote.RemoteTestNG.main(RemoteTestNG.java:77)
</pre></div></td>
<td>124</td>
<td>Memberse.WebAppAutomation.wAddMediaAndPlayPlaylistTest@59906517</td></tr>
<tr>
<td title='Memberse.WebAppAutomation.wCreateAudioPostTest.wCreatAudioPostTestCase()'><b>wCreatAudioPostTestCase</b><br>Test class: Memberse.WebAppAutomation.wCreateAudioPostTest</td>
<td><div><pre>java.lang.AssertionError: expected [Operation succesfully completed.] but found []
	at Memberse.WebAppAutomation.wCreateAudioPostTest.wCreatAudioPostTestCase(wCreateAudioPostTest.java:103)
	at java.util.ArrayList.forEach(ArrayList.java:1259)
... Removed 33 stack frames</pre></div><a href='#' onClick='toggleBox("stack-trace933489703", this, "Click to show all stack frames", "Click to hide stack frames")'>Click to show all stack frames</a>
<div class='stack-trace' id='stack-trace933489703'><pre>java.lang.AssertionError: expected [Operation succesfully completed.] but found []
	at org.testng.Assert.fail(Assert.java:99)
	at org.testng.Assert.failNotEquals(Assert.java:1037)
	at org.testng.Assert.assertEqualsImpl(Assert.java:140)
	at org.testng.Assert.assertEquals(Assert.java:122)
	at org.testng.Assert.assertEquals(Assert.java:629)
	at org.testng.Assert.assertEquals(Assert.java:639)
	at Memberse.WebAppAutomation.wCreateAudioPostTest.wCreatAudioPostTestCase(wCreateAudioPostTest.java:103)
	at sun.reflect.NativeMethodAccessorImpl.invoke0(Native Method)
	at sun.reflect.NativeMethodAccessorImpl.invoke(NativeMethodAccessorImpl.java:62)
	at sun.reflect.DelegatingMethodAccessorImpl.invoke(DelegatingMethodAccessorImpl.java:43)
	at java.lang.reflect.Method.invoke(Method.java:498)
	at org.testng.internal.MethodInvocationHelper.invokeMethod(MethodInvocationHelper.java:132)
	at org.testng.internal.TestInvoker.invokeMethod(TestInvoker.java:599)
	at org.testng.internal.TestInvoker.invokeTestMethod(TestInvoker.java:174)
	at org.testng.internal.MethodRunner.runInSequence(MethodRunner.java:46)
	at org.testng.internal.TestInvoker$MethodInvocationAgent.invoke(TestInvoker.java:822)
	at org.testng.internal.TestInvoker.invokeTestMethods(TestInvoker.java:147)
	at org.testng.internal.TestMethodWorker.invokeTestMethods(TestMethodWorker.java:146)
	at org.testng.internal.TestMethodWorker.run(TestMethodWorker.java:128)
	at java.util.ArrayList.forEach(ArrayList.java:1259)
	at org.testng.TestRunner.privateRun(TestRunner.java:764)
	at org.testng.TestRunner.run(TestRunner.java:585)
	at org.testng.SuiteRunner.runTest(SuiteRunner.java:384)
	at org.testng.SuiteRunner.runSequentially(SuiteRunner.java:378)
	at org.testng.SuiteRunner.privateRun(SuiteRunner.java:337)
	at org.testng.SuiteRunner.run(SuiteRunner.java:286)
	at org.testng.SuiteRunnerWorker.runSuite(SuiteRunnerWorker.java:53)
	at org.testng.SuiteRunnerWorker.run(SuiteRunnerWorker.java:96)
	at org.testng.TestNG.runSuitesSequentially(TestNG.java:1218)
	at org.testng.TestNG.runSuitesLocally(TestNG.java:1140)
	at org.testng.TestNG.runSuites(TestNG.java:1069)
	at org.testng.TestNG.run(TestNG.java:1037)
	at org.testng.remote.AbstractRemoteTestNG.run(AbstractRemoteTestNG.java:115)
	at org.testng.remote.RemoteTestNG.initAndRun(RemoteTestNG.java:251)
	at org.testng.remote.RemoteTestNG.main(RemoteTestNG.java:77)
</pre></div></td>
<td>63</td>
<td>Memberse.WebAppAutomation.wCreateAudioPostTest@9a7504c</td></tr>
<tr>
<td title='Memberse.WebAppAutomation.wCreateVideoPostTest.wCreatVideoPostTestCase()'><b>wCreatVideoPostTestCase</b><br>Test class: Memberse.WebAppAutomation.wCreateVideoPostTest</td>
<td><div><pre>java.lang.AssertionError: expected [Operation succesfully completed.] but found []
	at Memberse.WebAppAutomation.wCreateVideoPostTest.wCreatVideoPostTestCase(wCreateVideoPostTest.java:103)
	at java.util.ArrayList.forEach(ArrayList.java:1259)
... Removed 33 stack frames</pre></div><a href='#' onClick='toggleBox("stack-trace1798239502", this, "Click to show all stack frames", "Click to hide stack frames")'>Click to show all stack frames</a>
<div class='stack-trace' id='stack-trace1798239502'><pre>java.lang.AssertionError: expected [Operation succesfully completed.] but found []
	at org.testng.Assert.fail(Assert.java:99)
	at org.testng.Assert.failNotEquals(Assert.java:1037)
	at org.testng.Assert.assertEqualsImpl(Assert.java:140)
	at org.testng.Assert.assertEquals(Assert.java:122)
	at org.testng.Assert.assertEquals(Assert.java:629)
	at org.testng.Assert.assertEquals(Assert.java:639)
	at Memberse.WebAppAutomation.wCreateVideoPostTest.wCreatVideoPostTestCase(wCreateVideoPostTest.java:103)
	at sun.reflect.NativeMethodAccessorImpl.invoke0(Native Method)
	at sun.reflect.NativeMethodAccessorImpl.invoke(NativeMethodAccessorImpl.java:62)
	at sun.reflect.DelegatingMethodAccessorImpl.invoke(DelegatingMethodAccessorImpl.java:43)
	at java.lang.reflect.Method.invoke(Method.java:498)
	at org.testng.internal.MethodInvocationHelper.invokeMethod(MethodInvocationHelper.java:132)
	at org.testng.internal.TestInvoker.invokeMethod(TestInvoker.java:599)
	at org.testng.internal.TestInvoker.invokeTestMethod(TestInvoker.java:174)
	at org.testng.internal.MethodRunner.runInSequence(MethodRunner.java:46)
	at org.testng.internal.TestInvoker$MethodInvocationAgent.invoke(TestInvoker.java:822)
	at org.testng.internal.TestInvoker.invokeTestMethods(TestInvoker.java:147)
	at org.testng.internal.TestMethodWorker.invokeTestMethods(TestMethodWorker.java:146)
	at org.testng.internal.TestMethodWorker.run(TestMethodWorker.java:128)
	at java.util.ArrayList.forEach(ArrayList.java:1259)
	at org.testng.TestRunner.privateRun(TestRunner.java:764)
	at org.testng.TestRunner.run(TestRunner.java:585)
	at org.testng.SuiteRunner.runTest(SuiteRunner.java:384)
	at org.testng.SuiteRunner.runSequentially(SuiteRunner.java:378)
	at org.testng.SuiteRunner.privateRun(SuiteRunner.java:337)
	at org.testng.SuiteRunner.run(SuiteRunner.java:286)
	at org.testng.SuiteRunnerWorker.runSuite(SuiteRunnerWorker.java:53)
	at org.testng.SuiteRunnerWorker.run(SuiteRunnerWorker.java:96)
	at org.testng.TestNG.runSuitesSequentially(TestNG.java:1218)
	at org.testng.TestNG.runSuitesLocally(TestNG.java:1140)
	at org.testng.TestNG.runSuites(TestNG.java:1069)
	at org.testng.TestNG.run(TestNG.java:1037)
	at org.testng.remote.AbstractRemoteTestNG.run(AbstractRemoteTestNG.java:115)
	at org.testng.remote.RemoteTestNG.initAndRun(RemoteTestNG.java:251)
	at org.testng.remote.RemoteTestNG.main(RemoteTestNG.java:77)
</pre></div></td>
<td>52</td>
<td>Memberse.WebAppAutomation.wCreateVideoPostTest@3e57cd70</td></tr>
<tr>
<td title='Memberse.WebAppAutomation.wFeedsFilterTest.wFeedsFilterTestCase()'><b>wFeedsFilterTestCase</b><br>Test class: Memberse.WebAppAutomation.wFeedsFilterTest</td>
<td><div><pre>java.lang.AssertionError: expected [kqatestc3&apos;s Community] but found [kqatestc5&apos;s Community]
	at Memberse.WebAppAutomation.wFeedsFilterTest.wFeedsFilterTestCase(wFeedsFilterTest.java:50)
	at java.util.ArrayList.forEach(ArrayList.java:1259)
... Removed 33 stack frames</pre></div><a href='#' onClick='toggleBox("stack-trace405700314", this, "Click to show all stack frames", "Click to hide stack frames")'>Click to show all stack frames</a>
<div class='stack-trace' id='stack-trace405700314'><pre>java.lang.AssertionError: expected [kqatestc3&apos;s Community] but found [kqatestc5&apos;s Community]
	at org.testng.Assert.fail(Assert.java:99)
	at org.testng.Assert.failNotEquals(Assert.java:1037)
	at org.testng.Assert.assertEqualsImpl(Assert.java:140)
	at org.testng.Assert.assertEquals(Assert.java:122)
	at org.testng.Assert.assertEquals(Assert.java:629)
	at org.testng.Assert.assertEquals(Assert.java:639)
	at Memberse.WebAppAutomation.wFeedsFilterTest.wFeedsFilterTestCase(wFeedsFilterTest.java:50)
	at sun.reflect.NativeMethodAccessorImpl.invoke0(Native Method)
	at sun.reflect.NativeMethodAccessorImpl.invoke(NativeMethodAccessorImpl.java:62)
	at sun.reflect.DelegatingMethodAccessorImpl.invoke(DelegatingMethodAccessorImpl.java:43)
	at java.lang.reflect.Method.invoke(Method.java:498)
	at org.testng.internal.MethodInvocationHelper.invokeMethod(MethodInvocationHelper.java:132)
	at org.testng.internal.TestInvoker.invokeMethod(TestInvoker.java:599)
	at org.testng.internal.TestInvoker.invokeTestMethod(TestInvoker.java:174)
	at org.testng.internal.MethodRunner.runInSequence(MethodRunner.java:46)
	at org.testng.internal.TestInvoker$MethodInvocationAgent.invoke(TestInvoker.java:822)
	at org.testng.internal.TestInvoker.invokeTestMethods(TestInvoker.java:147)
	at org.testng.internal.TestMethodWorker.invokeTestMethods(TestMethodWorker.java:146)
	at org.testng.internal.TestMethodWorker.run(TestMethodWorker.java:128)
	at java.util.ArrayList.forEach(ArrayList.java:1259)
	at org.testng.TestRunner.privateRun(TestRunner.java:764)
	at org.testng.TestRunner.run(TestRunner.java:585)
	at org.testng.SuiteRunner.runTest(SuiteRunner.java:384)
	at org.testng.SuiteRunner.runSequentially(SuiteRunner.java:378)
	at org.testng.SuiteRunner.privateRun(SuiteRunner.java:337)
	at org.testng.SuiteRunner.run(SuiteRunner.java:286)
	at org.testng.SuiteRunnerWorker.runSuite(SuiteRunnerWorker.java:53)
	at org.testng.SuiteRunnerWorker.run(SuiteRunnerWorker.java:96)
	at org.testng.TestNG.runSuitesSequentially(TestNG.java:1218)
	at org.testng.TestNG.runSuitesLocally(TestNG.java:1140)
	at org.testng.TestNG.runSuites(TestNG.java:1069)
	at org.testng.TestNG.run(TestNG.java:1037)
	at org.testng.remote.AbstractRemoteTestNG.run(AbstractRemoteTestNG.java:115)
	at org.testng.remote.RemoteTestNG.initAndRun(RemoteTestNG.java:251)
	at org.testng.remote.RemoteTestNG.main(RemoteTestNG.java:77)
</pre></div></td>
<td>40</td>
<td>Memberse.WebAppAutomation.wFeedsFilterTest@436e852b</td></tr>
<tr>
<td title='Memberse.WebAppAutomation.wLoginFormValidationTest.wLoginFormValidationTestCase()'><b>wLoginFormValidationTestCase</b><br>Test class: Memberse.WebAppAutomation.wLoginFormValidationTest</td>
<td><div><pre>org.openqa.selenium.NoSuchElementException: no such element: Unable to locate element: {&quot;method&quot;:&quot;xpath&quot;,&quot;selector&quot;:&quot;//*[text()=&apos;Email is a required field&apos;]&quot;}
  (Session info: chrome=110.0.5481.177)
For documentation on this error, please visit: https://www.seleniumhq.org/exceptions/no_such_element.html
Build info: version: &apos;3.141.59&apos;, revision: &apos;e82be7d358&apos;, time: &apos;2018-11-14T08:17:03&apos;
System info: host: &apos;Kamals-MacBook-Pro.local&apos;, ip: &apos;2401:4900:598c:4529:c1be:502c:9760:3f7%en0&apos;, os.name: &apos;Mac OS X&apos;, os.arch: &apos;x86_64&apos;, os.version: &apos;13.2.1&apos;, java.version: &apos;1.8.0_351&apos;
Driver info: org.openqa.selenium.chrome.ChromeDriver
Capabilities {acceptInsecureCerts: false, browserName: chrome, browserVersion: 110.0.5481.177, chrome: {chromedriverVersion: 110.0.5481.77 (65ed616c6e8e..., userDataDir: /var/folders/5t/qx22w3p15y9...}, goog:chromeOptions: {debuggerAddress: localhost:49367}, javascriptEnabled: true, networkConnectionEnabled: false, pageLoadStrategy: normal, platform: MAC, platformName: MAC, proxy: Proxy(), setWindowRect: true, strictFileInteractability: false, timeouts: {implicit: 0, pageLoad: 300000, script: 30000}, unhandledPromptBehavior: dismiss and notify, webauthn:extension:credBlob: true, webauthn:extension:largeBlob: true, webauthn:virtualAuthenticators: true}
Session ID: 792b508ed3b5738d7980497c0d51d8a0
*** Element info: {Using=xpath, value=//*[text()=&apos;Email is a required field&apos;]}
	at org.openqa.selenium.remote.http.W3CHttpResponseCodec.createException(W3CHttpResponseCodec.java:187)
	at org.openqa.selenium.remote.http.W3CHttpResponseCodec.decode(W3CHttpResponseCodec.java:122)
	at org.openqa.selenium.remote.http.W3CHttpResponseCodec.decode(W3CHttpResponseCodec.java:49)
	at org.openqa.selenium.remote.HttpCommandExecutor.execute(HttpCommandExecutor.java:158)
	at org.openqa.selenium.remote.service.DriverCommandExecutor.execute(DriverCommandExecutor.java:83)
	at org.openqa.selenium.remote.RemoteWebDriver.execute(RemoteWebDriver.java:552)
	at org.openqa.selenium.remote.RemoteWebDriver.findElement(RemoteWebDriver.java:323)
	at org.openqa.selenium.remote.RemoteWebDriver.findElementByXPath(RemoteWebDriver.java:428)
	at org.openqa.selenium.By$ByXPath.findElement(By.java:353)
	at org.openqa.selenium.remote.RemoteWebDriver.findElement(RemoteWebDriver.java:315)
	at Memberse.WebAppAutomation.wLoginFormValidationTest.wLoginFormValidationTestCase(wLoginFormValidationTest.java:32)
	at java.util.ArrayList.forEach(ArrayList.java:1259)
... Removed 31 stack frames</pre></div><a href='#' onClick='toggleBox("stack-trace1274247563", this, "Click to show all stack frames", "Click to hide stack frames")'>Click to show all stack frames</a>
<div class='stack-trace' id='stack-trace1274247563'><pre>org.openqa.selenium.NoSuchElementException: no such element: Unable to locate element: {&quot;method&quot;:&quot;xpath&quot;,&quot;selector&quot;:&quot;//*[text()=&apos;Email is a required field&apos;]&quot;}
  (Session info: chrome=110.0.5481.177)
For documentation on this error, please visit: https://www.seleniumhq.org/exceptions/no_such_element.html
Build info: version: &apos;3.141.59&apos;, revision: &apos;e82be7d358&apos;, time: &apos;2018-11-14T08:17:03&apos;
System info: host: &apos;Kamals-MacBook-Pro.local&apos;, ip: &apos;2401:4900:598c:4529:c1be:502c:9760:3f7%en0&apos;, os.name: &apos;Mac OS X&apos;, os.arch: &apos;x86_64&apos;, os.version: &apos;13.2.1&apos;, java.version: &apos;1.8.0_351&apos;
Driver info: org.openqa.selenium.chrome.ChromeDriver
Capabilities {acceptInsecureCerts: false, browserName: chrome, browserVersion: 110.0.5481.177, chrome: {chromedriverVersion: 110.0.5481.77 (65ed616c6e8e..., userDataDir: /var/folders/5t/qx22w3p15y9...}, goog:chromeOptions: {debuggerAddress: localhost:49367}, javascriptEnabled: true, networkConnectionEnabled: false, pageLoadStrategy: normal, platform: MAC, platformName: MAC, proxy: Proxy(), setWindowRect: true, strictFileInteractability: false, timeouts: {implicit: 0, pageLoad: 300000, script: 30000}, unhandledPromptBehavior: dismiss and notify, webauthn:extension:credBlob: true, webauthn:extension:largeBlob: true, webauthn:virtualAuthenticators: true}
Session ID: 792b508ed3b5738d7980497c0d51d8a0
*** Element info: {Using=xpath, value=//*[text()=&apos;Email is a required field&apos;]}
	at sun.reflect.NativeConstructorAccessorImpl.newInstance0(Native Method)
	at sun.reflect.NativeConstructorAccessorImpl.newInstance(NativeConstructorAccessorImpl.java:62)
	at sun.reflect.DelegatingConstructorAccessorImpl.newInstance(DelegatingConstructorAccessorImpl.java:45)
	at java.lang.reflect.Constructor.newInstance(Constructor.java:423)
	at org.openqa.selenium.remote.http.W3CHttpResponseCodec.createException(W3CHttpResponseCodec.java:187)
	at org.openqa.selenium.remote.http.W3CHttpResponseCodec.decode(W3CHttpResponseCodec.java:122)
	at org.openqa.selenium.remote.http.W3CHttpResponseCodec.decode(W3CHttpResponseCodec.java:49)
	at org.openqa.selenium.remote.HttpCommandExecutor.execute(HttpCommandExecutor.java:158)
	at org.openqa.selenium.remote.service.DriverCommandExecutor.execute(DriverCommandExecutor.java:83)
	at org.openqa.selenium.remote.RemoteWebDriver.execute(RemoteWebDriver.java:552)
	at org.openqa.selenium.remote.RemoteWebDriver.findElement(RemoteWebDriver.java:323)
	at org.openqa.selenium.remote.RemoteWebDriver.findElementByXPath(RemoteWebDriver.java:428)
	at org.openqa.selenium.By$ByXPath.findElement(By.java:353)
	at org.openqa.selenium.remote.RemoteWebDriver.findElement(RemoteWebDriver.java:315)
	at Memberse.WebAppAutomation.wLoginFormValidationTest.wLoginFormValidationTestCase(wLoginFormValidationTest.java:32)
	at sun.reflect.NativeMethodAccessorImpl.invoke0(Native Method)
	at sun.reflect.NativeMethodAccessorImpl.invoke(NativeMethodAccessorImpl.java:62)
	at sun.reflect.DelegatingMethodAccessorImpl.invoke(DelegatingMethodAccessorImpl.java:43)
	at java.lang.reflect.Method.invoke(Method.java:498)
	at org.testng.internal.MethodInvocationHelper.invokeMethod(MethodInvocationHelper.java:132)
	at org.testng.internal.TestInvoker.invokeMethod(TestInvoker.java:599)
	at org.testng.internal.TestInvoker.invokeTestMethod(TestInvoker.java:174)
	at org.testng.internal.MethodRunner.runInSequence(MethodRunner.java:46)
	at org.testng.internal.TestInvoker$MethodInvocationAgent.invoke(TestInvoker.java:822)
	at org.testng.internal.TestInvoker.invokeTestMethods(TestInvoker.java:147)
	at org.testng.internal.TestMethodWorker.invokeTestMethods(TestMethodWorker.java:146)
	at org.testng.internal.TestMethodWorker.run(TestMethodWorker.java:128)
	at java.util.ArrayList.forEach(ArrayList.java:1259)
	at org.testng.TestRunner.privateRun(TestRunner.java:764)
	at org.testng.TestRunner.run(TestRunner.java:585)
	at org.testng.SuiteRunner.runTest(SuiteRunner.java:384)
	at org.testng.SuiteRunner.runSequentially(SuiteRunner.java:378)
	at org.testng.SuiteRunner.privateRun(SuiteRunner.java:337)
	at org.testng.SuiteRunner.run(SuiteRunner.java:286)
	at org.testng.SuiteRunnerWorker.runSuite(SuiteRunnerWorker.java:53)
	at org.testng.SuiteRunnerWorker.run(SuiteRunnerWorker.java:96)
	at org.testng.TestNG.runSuitesSequentially(TestNG.java:1218)
	at org.testng.TestNG.runSuitesLocally(TestNG.java:1140)
	at org.testng.TestNG.runSuites(TestNG.java:1069)
	at org.testng.TestNG.run(TestNG.java:1037)
	at org.testng.remote.AbstractRemoteTestNG.run(AbstractRemoteTestNG.java:115)
	at org.testng.remote.RemoteTestNG.initAndRun(RemoteTestNG.java:251)
	at org.testng.remote.RemoteTestNG.main(RemoteTestNG.java:77)
</pre></div></td>
<td>70</td>
<td>Memberse.WebAppAutomation.wLoginFormValidationTest@307f6b8c</td></tr>
<tr>
<td title='Memberse.WebAppAutomation.wPlaylistEditTest.wPlaylistEditTestCase()'><b>wPlaylistEditTestCase</b><br>Test class: Memberse.WebAppAutomation.wPlaylistEditTest</td>
<td><div><pre>org.openqa.selenium.NoSuchElementException: no such element: Unable to locate element: {&quot;method&quot;:&quot;xpath&quot;,&quot;selector&quot;:&quot;//div[@class=&apos;rnc__notification-content&apos;]&quot;}
  (Session info: chrome=110.0.5481.177)
For documentation on this error, please visit: https://www.seleniumhq.org/exceptions/no_such_element.html
Build info: version: &apos;3.141.59&apos;, revision: &apos;e82be7d358&apos;, time: &apos;2018-11-14T08:17:03&apos;
System info: host: &apos;Kamals-MacBook-Pro.local&apos;, ip: &apos;2401:4900:598c:4529:c1be:502c:9760:3f7%en0&apos;, os.name: &apos;Mac OS X&apos;, os.arch: &apos;x86_64&apos;, os.version: &apos;13.2.1&apos;, java.version: &apos;1.8.0_351&apos;
Driver info: org.openqa.selenium.chrome.ChromeDriver
Capabilities {acceptInsecureCerts: false, browserName: chrome, browserVersion: 110.0.5481.177, chrome: {chromedriverVersion: 110.0.5481.77 (65ed616c6e8e..., userDataDir: /var/folders/5t/qx22w3p15y9...}, goog:chromeOptions: {debuggerAddress: localhost:52113}, javascriptEnabled: true, networkConnectionEnabled: false, pageLoadStrategy: normal, platform: MAC, platformName: MAC, proxy: Proxy(), setWindowRect: true, strictFileInteractability: false, timeouts: {implicit: 0, pageLoad: 300000, script: 30000}, unhandledPromptBehavior: dismiss and notify, webauthn:extension:credBlob: true, webauthn:extension:largeBlob: true, webauthn:virtualAuthenticators: true}
Session ID: 8f765a3b0cdc4f9df20f27936d4a2f5a
*** Element info: {Using=xpath, value=//div[@class=&apos;rnc__notification-content&apos;]}
	at org.openqa.selenium.remote.http.W3CHttpResponseCodec.createException(W3CHttpResponseCodec.java:187)
	at org.openqa.selenium.remote.http.W3CHttpResponseCodec.decode(W3CHttpResponseCodec.java:122)
	at org.openqa.selenium.remote.http.W3CHttpResponseCodec.decode(W3CHttpResponseCodec.java:49)
	at org.openqa.selenium.remote.HttpCommandExecutor.execute(HttpCommandExecutor.java:158)
	at org.openqa.selenium.remote.service.DriverCommandExecutor.execute(DriverCommandExecutor.java:83)
	at org.openqa.selenium.remote.RemoteWebDriver.execute(RemoteWebDriver.java:552)
	at org.openqa.selenium.remote.RemoteWebDriver.findElement(RemoteWebDriver.java:323)
	at org.openqa.selenium.remote.RemoteWebDriver.findElementByXPath(RemoteWebDriver.java:428)
	at org.openqa.selenium.By$ByXPath.findElement(By.java:353)
	at org.openqa.selenium.remote.RemoteWebDriver.findElement(RemoteWebDriver.java:315)
	at Memberse.WebAppAutomation.wPlaylistEditTest.wPlaylistEditTestCase(wPlaylistEditTest.java:102)
	at java.util.ArrayList.forEach(ArrayList.java:1259)
... Removed 31 stack frames</pre></div><a href='#' onClick='toggleBox("stack-trace1034502790", this, "Click to show all stack frames", "Click to hide stack frames")'>Click to show all stack frames</a>
<div class='stack-trace' id='stack-trace1034502790'><pre>org.openqa.selenium.NoSuchElementException: no such element: Unable to locate element: {&quot;method&quot;:&quot;xpath&quot;,&quot;selector&quot;:&quot;//div[@class=&apos;rnc__notification-content&apos;]&quot;}
  (Session info: chrome=110.0.5481.177)
For documentation on this error, please visit: https://www.seleniumhq.org/exceptions/no_such_element.html
Build info: version: &apos;3.141.59&apos;, revision: &apos;e82be7d358&apos;, time: &apos;2018-11-14T08:17:03&apos;
System info: host: &apos;Kamals-MacBook-Pro.local&apos;, ip: &apos;2401:4900:598c:4529:c1be:502c:9760:3f7%en0&apos;, os.name: &apos;Mac OS X&apos;, os.arch: &apos;x86_64&apos;, os.version: &apos;13.2.1&apos;, java.version: &apos;1.8.0_351&apos;
Driver info: org.openqa.selenium.chrome.ChromeDriver
Capabilities {acceptInsecureCerts: false, browserName: chrome, browserVersion: 110.0.5481.177, chrome: {chromedriverVersion: 110.0.5481.77 (65ed616c6e8e..., userDataDir: /var/folders/5t/qx22w3p15y9...}, goog:chromeOptions: {debuggerAddress: localhost:52113}, javascriptEnabled: true, networkConnectionEnabled: false, pageLoadStrategy: normal, platform: MAC, platformName: MAC, proxy: Proxy(), setWindowRect: true, strictFileInteractability: false, timeouts: {implicit: 0, pageLoad: 300000, script: 30000}, unhandledPromptBehavior: dismiss and notify, webauthn:extension:credBlob: true, webauthn:extension:largeBlob: true, webauthn:virtualAuthenticators: true}
Session ID: 8f765a3b0cdc4f9df20f27936d4a2f5a
*** Element info: {Using=xpath, value=//div[@class=&apos;rnc__notification-content&apos;]}
	at sun.reflect.NativeConstructorAccessorImpl.newInstance0(Native Method)
	at sun.reflect.NativeConstructorAccessorImpl.newInstance(NativeConstructorAccessorImpl.java:62)
	at sun.reflect.DelegatingConstructorAccessorImpl.newInstance(DelegatingConstructorAccessorImpl.java:45)
	at java.lang.reflect.Constructor.newInstance(Constructor.java:423)
	at org.openqa.selenium.remote.http.W3CHttpResponseCodec.createException(W3CHttpResponseCodec.java:187)
	at org.openqa.selenium.remote.http.W3CHttpResponseCodec.decode(W3CHttpResponseCodec.java:122)
	at org.openqa.selenium.remote.http.W3CHttpResponseCodec.decode(W3CHttpResponseCodec.java:49)
	at org.openqa.selenium.remote.HttpCommandExecutor.execute(HttpCommandExecutor.java:158)
	at org.openqa.selenium.remote.service.DriverCommandExecutor.execute(DriverCommandExecutor.java:83)
	at org.openqa.selenium.remote.RemoteWebDriver.execute(RemoteWebDriver.java:552)
	at org.openqa.selenium.remote.RemoteWebDriver.findElement(RemoteWebDriver.java:323)
	at org.openqa.selenium.remote.RemoteWebDriver.findElementByXPath(RemoteWebDriver.java:428)
	at org.openqa.selenium.By$ByXPath.findElement(By.java:353)
	at org.openqa.selenium.remote.RemoteWebDriver.findElement(RemoteWebDriver.java:315)
	at Memberse.WebAppAutomation.wPlaylistEditTest.wPlaylistEditTestCase(wPlaylistEditTest.java:102)
	at sun.reflect.NativeMethodAccessorImpl.invoke0(Native Method)
	at sun.reflect.NativeMethodAccessorImpl.invoke(NativeMethodAccessorImpl.java:62)
	at sun.reflect.DelegatingMethodAccessorImpl.invoke(DelegatingMethodAccessorImpl.java:43)
	at java.lang.reflect.Method.invoke(Method.java:498)
	at org.testng.internal.MethodInvocationHelper.invokeMethod(MethodInvocationHelper.java:132)
	at org.testng.internal.TestInvoker.invokeMethod(TestInvoker.java:599)
	at org.testng.internal.TestInvoker.invokeTestMethod(TestInvoker.java:174)
	at org.testng.internal.MethodRunner.runInSequence(MethodRunner.java:46)
	at org.testng.internal.TestInvoker$MethodInvocationAgent.invoke(TestInvoker.java:822)
	at org.testng.internal.TestInvoker.invokeTestMethods(TestInvoker.java:147)
	at org.testng.internal.TestMethodWorker.invokeTestMethods(TestMethodWorker.java:146)
	at org.testng.internal.TestMethodWorker.run(TestMethodWorker.java:128)
	at java.util.ArrayList.forEach(ArrayList.java:1259)
	at org.testng.TestRunner.privateRun(TestRunner.java:764)
	at org.testng.TestRunner.run(TestRunner.java:585)
	at org.testng.SuiteRunner.runTest(SuiteRunner.java:384)
	at org.testng.SuiteRunner.runSequentially(SuiteRunner.java:378)
	at org.testng.SuiteRunner.privateRun(SuiteRunner.java:337)
	at org.testng.SuiteRunner.run(SuiteRunner.java:286)
	at org.testng.SuiteRunnerWorker.runSuite(SuiteRunnerWorker.java:53)
	at org.testng.SuiteRunnerWorker.run(SuiteRunnerWorker.java:96)
	at org.testng.TestNG.runSuitesSequentially(TestNG.java:1218)
	at org.testng.TestNG.runSuitesLocally(TestNG.java:1140)
	at org.testng.TestNG.runSuites(TestNG.java:1069)
	at org.testng.TestNG.run(TestNG.java:1037)
	at org.testng.remote.AbstractRemoteTestNG.run(AbstractRemoteTestNG.java:115)
	at org.testng.remote.RemoteTestNG.initAndRun(RemoteTestNG.java:251)
	at org.testng.remote.RemoteTestNG.main(RemoteTestNG.java:77)
</pre></div></td>
<td>124</td>
<td>Memberse.WebAppAutomation.wPlaylistEditTest@5bfbf16f</td></tr>
<tr>
<td title='Memberse.WebAppAutomation.wPostHistoryPlayTest.wPostHistoryPlayTestCase()'><b>wPostHistoryPlayTestCase</b><br>Test class: Memberse.WebAppAutomation.wPostHistoryPlayTest</td>
<td><div><pre>java.lang.AssertionError: expected [kqatestc3&apos;s Community] but found []
	at Memberse.WebAppAutomation.wPostHistoryPlayTest.wPostHistoryPlayTestCase(wPostHistoryPlayTest.java:78)
	at java.util.ArrayList.forEach(ArrayList.java:1259)
... Removed 33 stack frames</pre></div><a href='#' onClick='toggleBox("stack-trace1284157983", this, "Click to show all stack frames", "Click to hide stack frames")'>Click to show all stack frames</a>
<div class='stack-trace' id='stack-trace1284157983'><pre>java.lang.AssertionError: expected [kqatestc3&apos;s Community] but found []
	at org.testng.Assert.fail(Assert.java:99)
	at org.testng.Assert.failNotEquals(Assert.java:1037)
	at org.testng.Assert.assertEqualsImpl(Assert.java:140)
	at org.testng.Assert.assertEquals(Assert.java:122)
	at org.testng.Assert.assertEquals(Assert.java:629)
	at org.testng.Assert.assertEquals(Assert.java:639)
	at Memberse.WebAppAutomation.wPostHistoryPlayTest.wPostHistoryPlayTestCase(wPostHistoryPlayTest.java:78)
	at sun.reflect.NativeMethodAccessorImpl.invoke0(Native Method)
	at sun.reflect.NativeMethodAccessorImpl.invoke(NativeMethodAccessorImpl.java:62)
	at sun.reflect.DelegatingMethodAccessorImpl.invoke(DelegatingMethodAccessorImpl.java:43)
	at java.lang.reflect.Method.invoke(Method.java:498)
	at org.testng.internal.MethodInvocationHelper.invokeMethod(MethodInvocationHelper.java:132)
	at org.testng.internal.TestInvoker.invokeMethod(TestInvoker.java:599)
	at org.testng.internal.TestInvoker.invokeTestMethod(TestInvoker.java:174)
	at org.testng.internal.MethodRunner.runInSequence(MethodRunner.java:46)
	at org.testng.internal.TestInvoker$MethodInvocationAgent.invoke(TestInvoker.java:822)
	at org.testng.internal.TestInvoker.invokeTestMethods(TestInvoker.java:147)
	at org.testng.internal.TestMethodWorker.invokeTestMethods(TestMethodWorker.java:146)
	at org.testng.internal.TestMethodWorker.run(TestMethodWorker.java:128)
	at java.util.ArrayList.forEach(ArrayList.java:1259)
	at org.testng.TestRunner.privateRun(TestRunner.java:764)
	at org.testng.TestRunner.run(TestRunner.java:585)
	at org.testng.SuiteRunner.runTest(SuiteRunner.java:384)
	at org.testng.SuiteRunner.runSequentially(SuiteRunner.java:378)
	at org.testng.SuiteRunner.privateRun(SuiteRunner.java:337)
	at org.testng.SuiteRunner.run(SuiteRunner.java:286)
	at org.testng.SuiteRunnerWorker.runSuite(SuiteRunnerWorker.java:53)
	at org.testng.SuiteRunnerWorker.run(SuiteRunnerWorker.java:96)
	at org.testng.TestNG.runSuitesSequentially(TestNG.java:1218)
	at org.testng.TestNG.runSuitesLocally(TestNG.java:1140)
	at org.testng.TestNG.runSuites(TestNG.java:1069)
	at org.testng.TestNG.run(TestNG.java:1037)
	at org.testng.remote.AbstractRemoteTestNG.run(AbstractRemoteTestNG.java:115)
	at org.testng.remote.RemoteTestNG.initAndRun(RemoteTestNG.java:251)
	at org.testng.remote.RemoteTestNG.main(RemoteTestNG.java:77)
</pre></div></td>
<td>61</td>
<td>Memberse.WebAppAutomation.wPostHistoryPlayTest@45820e51</td></tr>
<tr>
<td title='Memberse.WebAppAutomation.wSearchCreatorTest.wSearchCreatorTestCase()'><b>wSearchCreatorTestCase</b><br>Test class: Memberse.WebAppAutomation.wSearchCreatorTest</td>
<td><div><pre>java.lang.AssertionError: expected [kqatestc4&apos;s Community] but found [kqatestc404&apos;s Community]
	at Memberse.WebAppAutomation.wSearchCreatorTest.wSearchCreatorTestCase(wSearchCreatorTest.java:47)
	at java.util.ArrayList.forEach(ArrayList.java:1259)
... Removed 33 stack frames</pre></div><a href='#' onClick='toggleBox("stack-trace302869695", this, "Click to show all stack frames", "Click to hide stack frames")'>Click to show all stack frames</a>
<div class='stack-trace' id='stack-trace302869695'><pre>java.lang.AssertionError: expected [kqatestc4&apos;s Community] but found [kqatestc404&apos;s Community]
	at org.testng.Assert.fail(Assert.java:99)
	at org.testng.Assert.failNotEquals(Assert.java:1037)
	at org.testng.Assert.assertEqualsImpl(Assert.java:140)
	at org.testng.Assert.assertEquals(Assert.java:122)
	at org.testng.Assert.assertEquals(Assert.java:629)
	at org.testng.Assert.assertEquals(Assert.java:639)
	at Memberse.WebAppAutomation.wSearchCreatorTest.wSearchCreatorTestCase(wSearchCreatorTest.java:47)
	at sun.reflect.NativeMethodAccessorImpl.invoke0(Native Method)
	at sun.reflect.NativeMethodAccessorImpl.invoke(NativeMethodAccessorImpl.java:62)
	at sun.reflect.DelegatingMethodAccessorImpl.invoke(DelegatingMethodAccessorImpl.java:43)
	at java.lang.reflect.Method.invoke(Method.java:498)
	at org.testng.internal.MethodInvocationHelper.invokeMethod(MethodInvocationHelper.java:132)
	at org.testng.internal.TestInvoker.invokeMethod(TestInvoker.java:599)
	at org.testng.internal.TestInvoker.invokeTestMethod(TestInvoker.java:174)
	at org.testng.internal.MethodRunner.runInSequence(MethodRunner.java:46)
	at org.testng.internal.TestInvoker$MethodInvocationAgent.invoke(TestInvoker.java:822)
	at org.testng.internal.TestInvoker.invokeTestMethods(TestInvoker.java:147)
	at org.testng.internal.TestMethodWorker.invokeTestMethods(TestMethodWorker.java:146)
	at org.testng.internal.TestMethodWorker.run(TestMethodWorker.java:128)
	at java.util.ArrayList.forEach(ArrayList.java:1259)
	at org.testng.TestRunner.privateRun(TestRunner.java:764)
	at org.testng.TestRunner.run(TestRunner.java:585)
	at org.testng.SuiteRunner.runTest(SuiteRunner.java:384)
	at org.testng.SuiteRunner.runSequentially(SuiteRunner.java:378)
	at org.testng.SuiteRunner.privateRun(SuiteRunner.java:337)
	at org.testng.SuiteRunner.run(SuiteRunner.java:286)
	at org.testng.SuiteRunnerWorker.runSuite(SuiteRunnerWorker.java:53)
	at org.testng.SuiteRunnerWorker.run(SuiteRunnerWorker.java:96)
	at org.testng.TestNG.runSuitesSequentially(TestNG.java:1218)
	at org.testng.TestNG.runSuitesLocally(TestNG.java:1140)
	at org.testng.TestNG.runSuites(TestNG.java:1069)
	at org.testng.TestNG.run(TestNG.java:1037)
	at org.testng.remote.AbstractRemoteTestNG.run(AbstractRemoteTestNG.java:115)
	at org.testng.remote.RemoteTestNG.initAndRun(RemoteTestNG.java:251)
	at org.testng.remote.RemoteTestNG.main(RemoteTestNG.java:77)
</pre></div></td>
<td>33</td>
<td>Memberse.WebAppAutomation.wSearchCreatorTest@587d1d39</td></tr>
<tr>
<td title='Memberse.WebAppAutomation.wSignupFormValidationTest.wSignupFormValidationTestCase()'><b>wSignupFormValidationTestCase</b><br>Test class: Memberse.WebAppAutomation.wSignupFormValidationTest</td>
<td><div><pre>org.openqa.selenium.NoSuchElementException: no such element: Unable to locate element: {&quot;method&quot;:&quot;xpath&quot;,&quot;selector&quot;:&quot;//*[text()=&apos;Email is a required field&apos;]&quot;}
  (Session info: chrome=110.0.5481.177)
For documentation on this error, please visit: https://www.seleniumhq.org/exceptions/no_such_element.html
Build info: version: &apos;3.141.59&apos;, revision: &apos;e82be7d358&apos;, time: &apos;2018-11-14T08:17:03&apos;
System info: host: &apos;Kamals-MacBook-Pro.local&apos;, ip: &apos;2401:4900:598c:4529:c1be:502c:9760:3f7%en0&apos;, os.name: &apos;Mac OS X&apos;, os.arch: &apos;x86_64&apos;, os.version: &apos;13.2.1&apos;, java.version: &apos;1.8.0_351&apos;
Driver info: org.openqa.selenium.chrome.ChromeDriver
Capabilities {acceptInsecureCerts: false, browserName: chrome, browserVersion: 110.0.5481.177, chrome: {chromedriverVersion: 110.0.5481.77 (65ed616c6e8e..., userDataDir: /var/folders/5t/qx22w3p15y9...}, goog:chromeOptions: {debuggerAddress: localhost:49287}, javascriptEnabled: true, networkConnectionEnabled: false, pageLoadStrategy: normal, platform: MAC, platformName: MAC, proxy: Proxy(), setWindowRect: true, strictFileInteractability: false, timeouts: {implicit: 0, pageLoad: 300000, script: 30000}, unhandledPromptBehavior: dismiss and notify, webauthn:extension:credBlob: true, webauthn:extension:largeBlob: true, webauthn:virtualAuthenticators: true}
Session ID: b5edef25832d554aa6423fe6e7988435
*** Element info: {Using=xpath, value=//*[text()=&apos;Email is a required field&apos;]}
	at org.openqa.selenium.remote.http.W3CHttpResponseCodec.createException(W3CHttpResponseCodec.java:187)
	at org.openqa.selenium.remote.http.W3CHttpResponseCodec.decode(W3CHttpResponseCodec.java:122)
	at org.openqa.selenium.remote.http.W3CHttpResponseCodec.decode(W3CHttpResponseCodec.java:49)
	at org.openqa.selenium.remote.HttpCommandExecutor.execute(HttpCommandExecutor.java:158)
	at org.openqa.selenium.remote.service.DriverCommandExecutor.execute(DriverCommandExecutor.java:83)
	at org.openqa.selenium.remote.RemoteWebDriver.execute(RemoteWebDriver.java:552)
	at org.openqa.selenium.remote.RemoteWebDriver.findElement(RemoteWebDriver.java:323)
	at org.openqa.selenium.remote.RemoteWebDriver.findElementByXPath(RemoteWebDriver.java:428)
	at org.openqa.selenium.By$ByXPath.findElement(By.java:353)
	at org.openqa.selenium.remote.RemoteWebDriver.findElement(RemoteWebDriver.java:315)
	at Memberse.WebAppAutomation.wSignupFormValidationTest.wSignupFormValidationTestCase(wSignupFormValidationTest.java:32)
	at java.util.ArrayList.forEach(ArrayList.java:1259)
... Removed 31 stack frames</pre></div><a href='#' onClick='toggleBox("stack-trace1916904573", this, "Click to show all stack frames", "Click to hide stack frames")'>Click to show all stack frames</a>
<div class='stack-trace' id='stack-trace1916904573'><pre>org.openqa.selenium.NoSuchElementException: no such element: Unable to locate element: {&quot;method&quot;:&quot;xpath&quot;,&quot;selector&quot;:&quot;//*[text()=&apos;Email is a required field&apos;]&quot;}
  (Session info: chrome=110.0.5481.177)
For documentation on this error, please visit: https://www.seleniumhq.org/exceptions/no_such_element.html
Build info: version: &apos;3.141.59&apos;, revision: &apos;e82be7d358&apos;, time: &apos;2018-11-14T08:17:03&apos;
System info: host: &apos;Kamals-MacBook-Pro.local&apos;, ip: &apos;2401:4900:598c:4529:c1be:502c:9760:3f7%en0&apos;, os.name: &apos;Mac OS X&apos;, os.arch: &apos;x86_64&apos;, os.version: &apos;13.2.1&apos;, java.version: &apos;1.8.0_351&apos;
Driver info: org.openqa.selenium.chrome.ChromeDriver
Capabilities {acceptInsecureCerts: false, browserName: chrome, browserVersion: 110.0.5481.177, chrome: {chromedriverVersion: 110.0.5481.77 (65ed616c6e8e..., userDataDir: /var/folders/5t/qx22w3p15y9...}, goog:chromeOptions: {debuggerAddress: localhost:49287}, javascriptEnabled: true, networkConnectionEnabled: false, pageLoadStrategy: normal, platform: MAC, platformName: MAC, proxy: Proxy(), setWindowRect: true, strictFileInteractability: false, timeouts: {implicit: 0, pageLoad: 300000, script: 30000}, unhandledPromptBehavior: dismiss and notify, webauthn:extension:credBlob: true, webauthn:extension:largeBlob: true, webauthn:virtualAuthenticators: true}
Session ID: b5edef25832d554aa6423fe6e7988435
*** Element info: {Using=xpath, value=//*[text()=&apos;Email is a required field&apos;]}
	at sun.reflect.NativeConstructorAccessorImpl.newInstance0(Native Method)
	at sun.reflect.NativeConstructorAccessorImpl.newInstance(NativeConstructorAccessorImpl.java:62)
	at sun.reflect.DelegatingConstructorAccessorImpl.newInstance(DelegatingConstructorAccessorImpl.java:45)
	at java.lang.reflect.Constructor.newInstance(Constructor.java:423)
	at org.openqa.selenium.remote.http.W3CHttpResponseCodec.createException(W3CHttpResponseCodec.java:187)
	at org.openqa.selenium.remote.http.W3CHttpResponseCodec.decode(W3CHttpResponseCodec.java:122)
	at org.openqa.selenium.remote.http.W3CHttpResponseCodec.decode(W3CHttpResponseCodec.java:49)
	at org.openqa.selenium.remote.HttpCommandExecutor.execute(HttpCommandExecutor.java:158)
	at org.openqa.selenium.remote.service.DriverCommandExecutor.execute(DriverCommandExecutor.java:83)
	at org.openqa.selenium.remote.RemoteWebDriver.execute(RemoteWebDriver.java:552)
	at org.openqa.selenium.remote.RemoteWebDriver.findElement(RemoteWebDriver.java:323)
	at org.openqa.selenium.remote.RemoteWebDriver.findElementByXPath(RemoteWebDriver.java:428)
	at org.openqa.selenium.By$ByXPath.findElement(By.java:353)
	at org.openqa.selenium.remote.RemoteWebDriver.findElement(RemoteWebDriver.java:315)
	at Memberse.WebAppAutomation.wSignupFormValidationTest.wSignupFormValidationTestCase(wSignupFormValidationTest.java:32)
	at sun.reflect.NativeMethodAccessorImpl.invoke0(Native Method)
	at sun.reflect.NativeMethodAccessorImpl.invoke(NativeMethodAccessorImpl.java:62)
	at sun.reflect.DelegatingMethodAccessorImpl.invoke(DelegatingMethodAccessorImpl.java:43)
	at java.lang.reflect.Method.invoke(Method.java:498)
	at org.testng.internal.MethodInvocationHelper.invokeMethod(MethodInvocationHelper.java:132)
	at org.testng.internal.TestInvoker.invokeMethod(TestInvoker.java:599)
	at org.testng.internal.TestInvoker.invokeTestMethod(TestInvoker.java:174)
	at org.testng.internal.MethodRunner.runInSequence(MethodRunner.java:46)
	at org.testng.internal.TestInvoker$MethodInvocationAgent.invoke(TestInvoker.java:822)
	at org.testng.internal.TestInvoker.invokeTestMethods(TestInvoker.java:147)
	at org.testng.internal.TestMethodWorker.invokeTestMethods(TestMethodWorker.java:146)
	at org.testng.internal.TestMethodWorker.run(TestMethodWorker.java:128)
	at java.util.ArrayList.forEach(ArrayList.java:1259)
	at org.testng.TestRunner.privateRun(TestRunner.java:764)
	at org.testng.TestRunner.run(TestRunner.java:585)
	at org.testng.SuiteRunner.runTest(SuiteRunner.java:384)
	at org.testng.SuiteRunner.runSequentially(SuiteRunner.java:378)
	at org.testng.SuiteRunner.privateRun(SuiteRunner.java:337)
	at org.testng.SuiteRunner.run(SuiteRunner.java:286)
	at org.testng.SuiteRunnerWorker.runSuite(SuiteRunnerWorker.java:53)
	at org.testng.SuiteRunnerWorker.run(SuiteRunnerWorker.java:96)
	at org.testng.TestNG.runSuitesSequentially(TestNG.java:1218)
	at org.testng.TestNG.runSuitesLocally(TestNG.java:1140)
	at org.testng.TestNG.runSuites(TestNG.java:1069)
	at org.testng.TestNG.run(TestNG.java:1037)
	at org.testng.remote.AbstractRemoteTestNG.run(AbstractRemoteTestNG.java:115)
	at org.testng.remote.RemoteTestNG.initAndRun(RemoteTestNG.java:251)
	at org.testng.remote.RemoteTestNG.main(RemoteTestNG.java:77)
</pre></div></td>
<td>71</td>
<td>Memberse.WebAppAutomation.wSignupFormValidationTest@7e2d773b</td></tr>
</table><p>
<table width='100%' border='1' class='invocation-passed'>
<tr><td colspan='4' align='center'><b>PASSED TESTS</b></td></tr>
<tr><td><b>Test method</b></td>
<td width="30%"><b>Exception</b></td>
<td width="10%"><b>Time (seconds)</b></td>
<td><b>Instance</b></td>
</tr>
<tr>
<td title='Memberse.WebAppAutomation.wBecomeCreatorTest.wBecomeCreatorTestCase()'><b>wBecomeCreatorTestCase</b><br>Test class: Memberse.WebAppAutomation.wBecomeCreatorTest</td>
<td></td>
<td>52</td>
<td>Memberse.WebAppAutomation.wBecomeCreatorTest@4923ab24</td></tr>
<tr>
<td title='Memberse.WebAppAutomation.wChangePasswordTest.wChangePasswordTestCase()'><b>wChangePasswordTestCase</b><br>Test class: Memberse.WebAppAutomation.wChangePasswordTest</td>
<td></td>
<td>33</td>
<td>Memberse.WebAppAutomation.wChangePasswordTest@670b40af</td></tr>
<tr>
<td title='Memberse.WebAppAutomation.wCommentOnPostTest.wCommentOnPostTestCase()'><b>wCommentOnPostTestCase</b><br>Test class: Memberse.WebAppAutomation.wCommentOnPostTest</td>
<td></td>
<td>56</td>
<td>Memberse.WebAppAutomation.wCommentOnPostTest@e874448</td></tr>
<tr>
<td title='Memberse.WebAppAutomation.wCommentOnPlaylistMediaTest.wCommentonPlaylistMediaTestCase()'><b>wCommentonPlaylistMediaTestCase</b><br>Test class: Memberse.WebAppAutomation.wCommentOnPlaylistMediaTest</td>
<td></td>
<td>55</td>
<td>Memberse.WebAppAutomation.wCommentOnPlaylistMediaTest@25af5db5</td></tr>
<tr>
<td title='Memberse.WebAppAutomation.wCommunityEditInfoTest.wCommunityEditInfoTestCase()'><b>wCommunityEditInfoTestCase</b><br>Test class: Memberse.WebAppAutomation.wCommunityEditInfoTest</td>
<td></td>
<td>39</td>
<td>Memberse.WebAppAutomation.wCommunityEditInfoTest@60285225</td></tr>
<tr>
<td title='Memberse.WebAppAutomation.wCommunityGuidelinesTest.wCommunityGuidelinesTestCase()'><b>wCommunityGuidelinesTestCase</b><br>Test class: Memberse.WebAppAutomation.wCommunityGuidelinesTest</td>
<td></td>
<td>88</td>
<td>Memberse.WebAppAutomation.wCommunityGuidelinesTest@1a1d6a08</td></tr>
<tr>
<td title='Memberse.WebAppAutomation.wCommunityPriceTest.wCommunityPriceTestCase()'><b>wCommunityPriceTestCase</b><br>Test class: Memberse.WebAppAutomation.wCommunityPriceTest</td>
<td></td>
<td>36</td>
<td>Memberse.WebAppAutomation.wCommunityPriceTest@7113b13f</td></tr>
<tr>
<td title='Memberse.WebAppAutomation.wCommunityTabsTest.wCommunityTabsTestCase()'><b>wCommunityTabsTestCase</b><br>Test class: Memberse.WebAppAutomation.wCommunityTabsTest</td>
<td></td>
<td>104</td>
<td>Memberse.WebAppAutomation.wCommunityTabsTest@29b5cd00</td></tr>
<tr>
<td title='Memberse.WebAppAutomation.wCreateAndDeletePlaylistTest.wCreateAndDeletePlaylistTestCase()'><b>wCreateAndDeletePlaylistTestCase</b><br>Test class: Memberse.WebAppAutomation.wCreateAndDeletePlaylistTest</td>
<td></td>
<td>63</td>
<td>Memberse.WebAppAutomation.wCreateAndDeletePlaylistTest@cb51256</td></tr>
<tr>
<td title='Memberse.WebAppAutomation.wCreatePhotoPostTest.wCreatePhotoPostTestCase()'><b>wCreatePhotoPostTestCase</b><br>Test class: Memberse.WebAppAutomation.wCreatePhotoPostTest</td>
<td></td>
<td>71</td>
<td>Memberse.WebAppAutomation.wCreatePhotoPostTest@1d8d30f7</td></tr>
<tr>
<td title='Memberse.WebAppAutomation.wCreateTextPostTest.wCreateTextPostTestCase()'><b>wCreateTextPostTestCase</b><br>Test class: Memberse.WebAppAutomation.wCreateTextPostTest</td>
<td></td>
<td>47</td>
<td>Memberse.WebAppAutomation.wCreateTextPostTest@32d2fa64</td></tr>
<tr>
<td title='Memberse.WebAppAutomation.wCreatorBothSideMenusTest.wCreatorBothSideMenusTestCase()'><b>wCreatorBothSideMenusTestCase</b><br>Test class: Memberse.WebAppAutomation.wCreatorBothSideMenusTest</td>
<td></td>
<td>27</td>
<td>Memberse.WebAppAutomation.wCreatorBothSideMenusTest@2c039ac6</td></tr>
<tr>
<td title='Memberse.WebAppAutomation.wDeleteAccountTest.wDeleteAccountTestCase()'><b>wDeleteAccountTestCase</b><br>Test class: Memberse.WebAppAutomation.wDeleteAccountTest</td>
<td></td>
<td>39</td>
<td>Memberse.WebAppAutomation.wDeleteAccountTest@631330c</td></tr>
<tr>
<td title='Memberse.WebAppAutomation.wDonationTest.wDonationTestCase()'><b>wDonationTestCase</b><br>Test class: Memberse.WebAppAutomation.wDonationTest</td>
<td></td>
<td>78</td>
<td>Memberse.WebAppAutomation.wDonationTest@38bc8ab5</td></tr>
<tr>
<td title='Memberse.WebAppAutomation.wFeedsVerifyTest.wFeedsVerifyTestCase()'><b>wFeedsVerifyTestCase</b><br>Test class: Memberse.WebAppAutomation.wFeedsVerifyTest</td>
<td></td>
<td>87</td>
<td>Memberse.WebAppAutomation.wFeedsVerifyTest@27808f31</td></tr>
<tr>
<td title='Memberse.WebAppAutomation.wFollowAndUnfollowCommunityTest.wFollowCommunityTestCase()'><b>wFollowCommunityTestCase</b><br>Test class: Memberse.WebAppAutomation.wFollowAndUnfollowCommunityTest</td>
<td></td>
<td>66</td>
<td>Memberse.WebAppAutomation.wFollowAndUnfollowCommunityTest@58c1670b</td></tr>
<tr>
<td title='Memberse.WebAppAutomation.wJoinCommunityTest.wJoinCommunityTestCase()'><b>wJoinCommunityTestCase</b><br>Test class: Memberse.WebAppAutomation.wJoinCommunityTest</td>
<td></td>
<td>105</td>
<td>Memberse.WebAppAutomation.wJoinCommunityTest@6b9651f3</td></tr>
<tr>
<td title='Memberse.WebAppAutomation.wLaunchAppStoreTest.wLaunchAppStoreTestCase()'><b>wLaunchAppStoreTestCase</b><br>Test class: Memberse.WebAppAutomation.wLaunchAppStoreTest</td>
<td></td>
<td>23</td>
<td>Memberse.WebAppAutomation.wLaunchAppStoreTest@42f93a98</td></tr>
<tr>
<td title='Memberse.WebAppAutomation.wLaunchGooglePlayTest.wLaunchGooglePlayTestCase()'><b>wLaunchGooglePlayTestCase</b><br>Test class: Memberse.WebAppAutomation.wLaunchGooglePlayTest</td>
<td></td>
<td>22</td>
<td>Memberse.WebAppAutomation.wLaunchGooglePlayTest@c46bcd4</td></tr>
<tr>
<td title='Memberse.WebAppAutomation.wLaunchMemberseFacebookTest.wLaunchMemberseFacebookTestCase()'><b>wLaunchMemberseFacebookTestCase</b><br>Test class: Memberse.WebAppAutomation.wLaunchMemberseFacebookTest</td>
<td></td>
<td>20</td>
<td>Memberse.WebAppAutomation.wLaunchMemberseFacebookTest@3234e239</td></tr>
<tr>
<td title='Memberse.WebAppAutomation.wLaunchMemberseInstagramTest.wLaunchMemberseInstagramTestCase()'><b>wLaunchMemberseInstagramTestCase</b><br>Test class: Memberse.WebAppAutomation.wLaunchMemberseInstagramTest</td>
<td></td>
<td>21</td>
<td>Memberse.WebAppAutomation.wLaunchMemberseInstagramTest@3d921e20</td></tr>
<tr>
<td title='Memberse.WebAppAutomation.wLaunchMemberseLinkedInTest.wLaunchMemberseLinkedInTestCase()'><b>wLaunchMemberseLinkedInTestCase</b><br>Test class: Memberse.WebAppAutomation.wLaunchMemberseLinkedInTest</td>
<td></td>
<td>18</td>
<td>Memberse.WebAppAutomation.wLaunchMemberseLinkedInTest@36b4cef0</td></tr>
<tr>
<td title='Memberse.WebAppAutomation.wLikePostTest.wLikePostTestCase()'><b>wLikePostTestCase</b><br>Test class: Memberse.WebAppAutomation.wLikePostTest</td>
<td></td>
<td>45</td>
<td>Memberse.WebAppAutomation.wLikePostTest@1500955a</td></tr>
<tr>
<td title='Memberse.WebAppAutomation.wLoginwithAppleTest.wLoginWithAppleTestCase()'><b>wLoginWithAppleTestCase</b><br>Test class: Memberse.WebAppAutomation.wLoginwithAppleTest</td>
<td></td>
<td>23</td>
<td>Memberse.WebAppAutomation.wLoginwithAppleTest@1a8a8f7c</td></tr>
<tr>
<td title='Memberse.WebAppAutomation.wLoginWithFacebookTest.wLoginWithFacebookTestCase()'><b>wLoginWithFacebookTestCase</b><br>Test class: Memberse.WebAppAutomation.wLoginWithFacebookTest</td>
<td></td>
<td>30</td>
<td>Memberse.WebAppAutomation.wLoginWithFacebookTest@51e2adc7</td></tr>
<tr>
<td title='Memberse.WebAppAutomation.wLoginWithGoogleTest.wLoginWithGoogleTestCase()'><b>wLoginWithGoogleTestCase</b><br>Test class: Memberse.WebAppAutomation.wLoginWithGoogleTest</td>
<td></td>
<td>87</td>
<td>Memberse.WebAppAutomation.wLoginWithGoogleTest@6f195bc3</td></tr>
<tr>
<td title='Memberse.WebAppAutomation.wLogintTest.wLogintTestCase()'><b>wLogintTestCase</b><br>Test class: Memberse.WebAppAutomation.wLogintTest</td>
<td></td>
<td>25</td>
<td>Memberse.WebAppAutomation.wLogintTest@7a187f14</td></tr>
<tr>
<td title='Memberse.WebAppAutomation.wLogoutTest.wLogoutTestCase()'><b>wLogoutTestCase</b><br>Test class: Memberse.WebAppAutomation.wLogoutTest</td>
<td></td>
<td>24</td>
<td>Memberse.WebAppAutomation.wLogoutTest@2353b3e6</td></tr>
<tr>
<td title='Memberse.WebAppAutomation.wMemberInfoTest.wMemberInfoTestCase()'><b>wMemberInfoTestCase</b><br>Test class: Memberse.WebAppAutomation.wMemberInfoTest</td>
<td></td>
<td>38</td>
<td>Memberse.WebAppAutomation.wMemberInfoTest@5bcea91b</td></tr>
<tr>
<td title='Memberse.WebAppAutomation.wMembershipsTest.wMembershipsTestCase()'><b>wMembershipsTestCase</b><br>Test class: Memberse.WebAppAutomation.wMembershipsTest</td>
<td></td>
<td>33</td>
<td>Memberse.WebAppAutomation.wMembershipsTest@5f3a4b84</td></tr>
<tr>
<td title='Memberse.WebAppAutomation.wMyFansListTest.wMyFansListTestCase()'><b>wMyFansListTestCase</b><br>Test class: Memberse.WebAppAutomation.wMyFansListTest</td>
<td></td>
<td>35</td>
<td>Memberse.WebAppAutomation.wMyFansListTest@12cdcf4</td></tr>
<tr>
<td title='Memberse.WebAppAutomation.wPlayAudioPostTest.wPlayAudioPostTestCase()'><b>wPlayAudioPostTestCase</b><br>Test class: Memberse.WebAppAutomation.wPlayAudioPostTest</td>
<td></td>
<td>39</td>
<td>Memberse.WebAppAutomation.wPlayAudioPostTest@26a7b76d</td></tr>
<tr>
<td title='Memberse.WebAppAutomation.wPlayVideoPostTest.wPlayVideoPostTestCase()'><b>wPlayVideoPostTestCase</b><br>Test class: Memberse.WebAppAutomation.wPlayVideoPostTest</td>
<td></td>
<td>39</td>
<td>Memberse.WebAppAutomation.wPlayVideoPostTest@7a9273a8</td></tr>
<tr>
<td title='Memberse.WebAppAutomation.wPostHistoryDeleteTest.wPostHistoryDeleteTestCase()'><b>wPostHistoryDeleteTestCase</b><br>Test class: Memberse.WebAppAutomation.wPostHistoryDeleteTest</td>
<td></td>
<td>43</td>
<td>Memberse.WebAppAutomation.wPostHistoryDeleteTest@6043cd28</td></tr>
<tr>
<td title='Memberse.WebAppAutomation.wPostHistoryEditTest.wPostHistoryEditTestCase()'><b>wPostHistoryEditTestCase</b><br>Test class: Memberse.WebAppAutomation.wPostHistoryEditTest</td>
<td></td>
<td>50</td>
<td>Memberse.WebAppAutomation.wPostHistoryEditTest@42d8062c</td></tr>
<tr>
<td title='Memberse.WebAppAutomation.wPrivacyPolicyTest.wPrivacyPolicyTestCase()'><b>wPrivacyPolicyTestCase</b><br>Test class: Memberse.WebAppAutomation.wPrivacyPolicyTest</td>
<td></td>
<td>92</td>
<td>Memberse.WebAppAutomation.wPrivacyPolicyTest@37d31475</td></tr>
<tr>
<td title='Memberse.WebAppAutomation.wReportCommunityTest.wReportCommunityTestCase()'><b>wReportCommunityTestCase</b><br>Test class: Memberse.WebAppAutomation.wReportCommunityTest</td>
<td></td>
<td>49</td>
<td>Memberse.WebAppAutomation.wReportCommunityTest@5bb21b69</td></tr>
<tr>
<td title='Memberse.WebAppAutomation.wReportPostTest.wReportPostTestCase()'><b>wReportPostTestCase</b><br>Test class: Memberse.WebAppAutomation.wReportPostTest</td>
<td></td>
<td>39</td>
<td>Memberse.WebAppAutomation.wReportPostTest@4abdb505</td></tr>
<tr>
<td title='Memberse.WebAppAutomation.wShareCommunityTest.wShareCommunityTestCase()'><b>wShareCommunityTestCase</b><br>Test class: Memberse.WebAppAutomation.wShareCommunityTest</td>
<td></td>
<td>58</td>
<td>Memberse.WebAppAutomation.wShareCommunityTest@6b57696f</td></tr>
<tr>
<td title='Memberse.WebAppAutomation.wSharePostTest.wSharePostTestCase()'><b>wSharePostTestCase</b><br>Test class: Memberse.WebAppAutomation.wSharePostTest</td>
<td></td>
<td>33</td>
<td>Memberse.WebAppAutomation.wSharePostTest@7ce6a65d</td></tr>
<tr>
<td title='Memberse.WebAppAutomation.wSignupTest.wSignupTestCase()'><b>wSignupTestCase</b><br>Test class: Memberse.WebAppAutomation.wSignupTest</td>
<td></td>
<td>19</td>
<td>Memberse.WebAppAutomation.wSignupTest@2173f6d9</td></tr>
<tr>
<td title='Memberse.WebAppAutomation.wTermsAndConditionsTest.wTermsAndConditionsTestCase()'><b>wTermsAndConditionsTestCase</b><br>Test class: Memberse.WebAppAutomation.wTermsAndConditionsTest</td>
<td></td>
<td>91</td>
<td>Memberse.WebAppAutomation.wTermsAndConditionsTest@fad74ee</td></tr>
<tr>
<td title='Memberse.WebAppAutomation.wFollowAndUnfollowCommunityTest.wUnfollowCommunityTestCase()'><b>wUnfollowCommunityTestCase</b><br>Test class: Memberse.WebAppAutomation.wFollowAndUnfollowCommunityTest</td>
<td></td>
<td>40</td>
<td>Memberse.WebAppAutomation.wFollowAndUnfollowCommunityTest@58c1670b</td></tr>
<tr>
<td title='Memberse.WebAppAutomation.wViewPhotoPostTest.wViewPhotoPostTestCase()'><b>wViewPhotoPostTestCase</b><br>Test class: Memberse.WebAppAutomation.wViewPhotoPostTest</td>
<td></td>
<td>38</td>
<td>Memberse.WebAppAutomation.wViewPhotoPostTest@23d2a7e8</td></tr>
<tr>
<td title='Memberse.WebAppAutomation.wViewTextPostTest.wViewTextPostTestCase()'><b>wViewTextPostTestCase</b><br>Test class: Memberse.WebAppAutomation.wViewTextPostTest</td>
<td></td>
<td>38</td>
<td>Memberse.WebAppAutomation.wViewTextPostTest@687080dc</td></tr>
<tr>
<td title='Memberse.WebAppAutomation.wWatchedHistoryTest.wWatchedHistoryTestCase()'><b>wWatchedHistoryTestCase</b><br>Test class: Memberse.WebAppAutomation.wWatchedHistoryTest</td>
<td></td>
<td>57</td>
<td>Memberse.WebAppAutomation.wWatchedHistoryTest@27f723</td></tr>
</table><p>
</body>
</html>