<?xml version="1.0" encoding="UTF-8"?>
<!-- Generated by org.testng.reporters.JUnitXMLReporter -->
<testsuite hostname="Kamals-MacBook-Pro.local" ignored="84" name="Web App Test" tests="44" failures="6" timestamp="2023-05-08T11:49:21 IST" time="3061.985" errors="0">
  <testcase name="wBecomeCreatorTestCase" time="51.18" classname="Memberse.WebAppAutomation.wBecomeCreatorTest"/>
  <testcase name="wChangePasswordTestCase" time="33.95" classname="Memberse.WebAppAutomation.wChangePasswordTest"/>
  <testcase name="wCommentOnPostTestCase" time="54.441" classname="Memberse.WebAppAutomation.wCommentOnPostTest"/>
  <testcase name="wCommentonPlaylistMediaTestCase" time="86.05" classname="Memberse.WebAppAutomation.wCommentOnPlaylistMediaTest"/>
  <testcase name="wCommunityEditInfoTestCase" time="39.512" classname="Memberse.WebAppAutomation.wCommunityEditInfoTest"/>
  <testcase name="wCommunityGuidelinesTestCase" time="87.89" classname="Memberse.WebAppAutomation.wCommunityGuidelinesTest"/>
  <testcase name="wCommunityPriceTestCase" time="37.516" classname="Memberse.WebAppAutomation.wCommunityPriceTest"/>
  <testcase name="wCommunityTabsTestCase" time="104.012" classname="Memberse.WebAppAutomation.wCommunityTabsTest"/>
  <testcase name="wCreatAudioPostTestCase" time="44.146" classname="Memberse.WebAppAutomation.wCreateAudioPostTest">
    <failure type="org.openqa.selenium.ElementClickInterceptedException" message="element click intercepted: Element &amp;lt;span class=&amp;quot;text-base font-medium leading-4&amp;quot;&amp;gt;...&amp;lt;/span&amp;gt; is not clickable at point (1086, 527). Other element would receive the click: &amp;lt;div class=&amp;quot;flex justify-center&amp;quot;&amp;gt;...&amp;lt;/div&amp;gt;
  (Session info: chrome=112.0.5615.137)
Build info: version: &amp;apos;3.141.59&amp;apos;, revision: &amp;apos;e82be7d358&amp;apos;, time: &amp;apos;2018-11-14T08:17:03&amp;apos;
System info: host: &amp;apos;Kamals-MacBook-Pro.local&amp;apos;, ip: &amp;apos;2401:4900:598c:5681:8d9b:47fa:1340:3e41%en0&amp;apos;, os.name: &amp;apos;Mac OS X&amp;apos;, os.arch: &amp;apos;x86_64&amp;apos;, os.version: &amp;apos;13.3&amp;apos;, java.version: &amp;apos;1.8.0_351&amp;apos;
Driver info: org.openqa.selenium.chrome.ChromeDriver
Capabilities {acceptInsecureCerts: false, browserName: chrome, browserVersion: 112.0.5615.137, chrome: {chromedriverVersion: 112.0.5615.49 (bd2a7bcb881c..., userDataDir: /var/folders/5t/qx22w3p15y9...}, goog:chromeOptions: {debuggerAddress: localhost:54684}, javascriptEnabled: true, networkConnectionEnabled: false, pageLoadStrategy: normal, platform: MAC, platformName: MAC, proxy: Proxy(), setWindowRect: true, strictFileInteractability: false, timeouts: {implicit: 0, pageLoad: 300000, script: 30000}, unhandledPromptBehavior: dismiss and notify, webauthn:extension:credBlob: true, webauthn:extension:largeBlob: true, webauthn:extension:minPinLength: true, webauthn:extension:prf: true, webauthn:virtualAuthenticators: true}
Session ID: d967e1f14feb576969c7f9af2b0b3484">
      <![CDATA[org.openqa.selenium.ElementClickInterceptedException: element click intercepted: Element <span class="text-base font-medium leading-4">...</span> is not clickable at point (1086, 527). Other element would receive the click: <div class="flex justify-center">...</div>
  (Session info: chrome=112.0.5615.137)
Build info: version: '3.141.59', revision: 'e82be7d358', time: '2018-11-14T08:17:03'
System info: host: 'Kamals-MacBook-Pro.local', ip: '2401:4900:598c:5681:8d9b:47fa:1340:3e41%en0', os.name: 'Mac OS X', os.arch: 'x86_64', os.version: '13.3', java.version: '1.8.0_351'
Driver info: org.openqa.selenium.chrome.ChromeDriver
Capabilities {acceptInsecureCerts: false, browserName: chrome, browserVersion: 112.0.5615.137, chrome: {chromedriverVersion: 112.0.5615.49 (bd2a7bcb881c..., userDataDir: /var/folders/5t/qx22w3p15y9...}, goog:chromeOptions: {debuggerAddress: localhost:54684}, javascriptEnabled: true, networkConnectionEnabled: false, pageLoadStrategy: normal, platform: MAC, platformName: MAC, proxy: Proxy(), setWindowRect: true, strictFileInteractability: false, timeouts: {implicit: 0, pageLoad: 300000, script: 30000}, unhandledPromptBehavior: dismiss and notify, webauthn:extension:credBlob: true, webauthn:extension:largeBlob: true, webauthn:extension:minPinLength: true, webauthn:extension:prf: true, webauthn:virtualAuthenticators: true}
Session ID: d967e1f14feb576969c7f9af2b0b3484
at org.openqa.selenium.remote.http.W3CHttpResponseCodec.createException(W3CHttpResponseCodec.java:187)
at org.openqa.selenium.remote.http.W3CHttpResponseCodec.decode(W3CHttpResponseCodec.java:122)
at org.openqa.selenium.remote.http.W3CHttpResponseCodec.decode(W3CHttpResponseCodec.java:49)
at org.openqa.selenium.remote.HttpCommandExecutor.execute(HttpCommandExecutor.java:158)
at org.openqa.selenium.remote.service.DriverCommandExecutor.execute(DriverCommandExecutor.java:83)
at org.openqa.selenium.remote.RemoteWebDriver.execute(RemoteWebDriver.java:552)
at org.openqa.selenium.remote.RemoteWebElement.execute(RemoteWebElement.java:285)
at org.openqa.selenium.remote.RemoteWebElement.click(RemoteWebElement.java:84)
at org.openqa.selenium.support.pagefactory.internal.LocatingElementHandler.invoke(LocatingElementHandler.java:51)
at com.sun.proxy.$Proxy11.click(Unknown Source)
at Memberse.WebAppAutomation.wCreateAudioPostTest.wCreatAudioPostTestCase(wCreateAudioPostTest.java:98)
at java.util.ArrayList.forEach(ArrayList.java:1259)
... Removed 34 stack frames]]>
    </failure>
  </testcase> <!-- wCreatAudioPostTestCase -->
  <testcase name="wCreatVideoPostTestCase" time="77.878" classname="Memberse.WebAppAutomation.wCreateVideoPostTest"/>
  <testcase name="wCreateAndDeletePlaylistTestCase" time="65.264" classname="Memberse.WebAppAutomation.wCreateAndDeletePlaylistTest"/>
  <testcase name="wCreatePhotoPostTestCase" time="40.709" classname="Memberse.WebAppAutomation.wCreatePhotoPostTest">
    <failure type="org.openqa.selenium.ElementClickInterceptedException" message="element click intercepted: Element &amp;lt;span class=&amp;quot;text-base font-medium leading-4&amp;quot;&amp;gt;...&amp;lt;/span&amp;gt; is not clickable at point (1086, 527). Other element would receive the click: &amp;lt;div class=&amp;quot;flex justify-center&amp;quot;&amp;gt;...&amp;lt;/div&amp;gt;
  (Session info: chrome=112.0.5615.137)
Build info: version: &amp;apos;3.141.59&amp;apos;, revision: &amp;apos;e82be7d358&amp;apos;, time: &amp;apos;2018-11-14T08:17:03&amp;apos;
System info: host: &amp;apos;Kamals-MacBook-Pro.local&amp;apos;, ip: &amp;apos;2401:4900:598c:5681:8d9b:47fa:1340:3e41%en0&amp;apos;, os.name: &amp;apos;Mac OS X&amp;apos;, os.arch: &amp;apos;x86_64&amp;apos;, os.version: &amp;apos;13.3&amp;apos;, java.version: &amp;apos;1.8.0_351&amp;apos;
Driver info: org.openqa.selenium.chrome.ChromeDriver
Capabilities {acceptInsecureCerts: false, browserName: chrome, browserVersion: 112.0.5615.137, chrome: {chromedriverVersion: 112.0.5615.49 (bd2a7bcb881c..., userDataDir: /var/folders/5t/qx22w3p15y9...}, goog:chromeOptions: {debuggerAddress: localhost:55837}, javascriptEnabled: true, networkConnectionEnabled: false, pageLoadStrategy: normal, platform: MAC, platformName: MAC, proxy: Proxy(), setWindowRect: true, strictFileInteractability: false, timeouts: {implicit: 0, pageLoad: 300000, script: 30000}, unhandledPromptBehavior: dismiss and notify, webauthn:extension:credBlob: true, webauthn:extension:largeBlob: true, webauthn:extension:minPinLength: true, webauthn:extension:prf: true, webauthn:virtualAuthenticators: true}
Session ID: 4ff5883e4d6e987ea0aec3a9dbd5533c">
      <![CDATA[org.openqa.selenium.ElementClickInterceptedException: element click intercepted: Element <span class="text-base font-medium leading-4">...</span> is not clickable at point (1086, 527). Other element would receive the click: <div class="flex justify-center">...</div>
  (Session info: chrome=112.0.5615.137)
Build info: version: '3.141.59', revision: 'e82be7d358', time: '2018-11-14T08:17:03'
System info: host: 'Kamals-MacBook-Pro.local', ip: '2401:4900:598c:5681:8d9b:47fa:1340:3e41%en0', os.name: 'Mac OS X', os.arch: 'x86_64', os.version: '13.3', java.version: '1.8.0_351'
Driver info: org.openqa.selenium.chrome.ChromeDriver
Capabilities {acceptInsecureCerts: false, browserName: chrome, browserVersion: 112.0.5615.137, chrome: {chromedriverVersion: 112.0.5615.49 (bd2a7bcb881c..., userDataDir: /var/folders/5t/qx22w3p15y9...}, goog:chromeOptions: {debuggerAddress: localhost:55837}, javascriptEnabled: true, networkConnectionEnabled: false, pageLoadStrategy: normal, platform: MAC, platformName: MAC, proxy: Proxy(), setWindowRect: true, strictFileInteractability: false, timeouts: {implicit: 0, pageLoad: 300000, script: 30000}, unhandledPromptBehavior: dismiss and notify, webauthn:extension:credBlob: true, webauthn:extension:largeBlob: true, webauthn:extension:minPinLength: true, webauthn:extension:prf: true, webauthn:virtualAuthenticators: true}
Session ID: 4ff5883e4d6e987ea0aec3a9dbd5533c
at org.openqa.selenium.remote.http.W3CHttpResponseCodec.createException(W3CHttpResponseCodec.java:187)
at org.openqa.selenium.remote.http.W3CHttpResponseCodec.decode(W3CHttpResponseCodec.java:122)
at org.openqa.selenium.remote.http.W3CHttpResponseCodec.decode(W3CHttpResponseCodec.java:49)
at org.openqa.selenium.remote.HttpCommandExecutor.execute(HttpCommandExecutor.java:158)
at org.openqa.selenium.remote.service.DriverCommandExecutor.execute(DriverCommandExecutor.java:83)
at org.openqa.selenium.remote.RemoteWebDriver.execute(RemoteWebDriver.java:552)
at org.openqa.selenium.remote.RemoteWebElement.execute(RemoteWebElement.java:285)
at org.openqa.selenium.remote.RemoteWebElement.click(RemoteWebElement.java:84)
at org.openqa.selenium.support.pagefactory.internal.LocatingElementHandler.invoke(LocatingElementHandler.java:51)
at com.sun.proxy.$Proxy11.click(Unknown Source)
at Memberse.WebAppAutomation.wCreatePhotoPostTest.wCreatePhotoPostTestCase(wCreatePhotoPostTest.java:96)
at java.util.ArrayList.forEach(ArrayList.java:1259)
... Removed 34 stack frames]]>
    </failure>
  </testcase> <!-- wCreatePhotoPostTestCase -->
  <testcase name="wCreateTextPostTestCase" time="40.544" classname="Memberse.WebAppAutomation.wCreateTextPostTest"/>
  <testcase name="wCreatorBothSideMenusTestCase" time="34.106" classname="Memberse.WebAppAutomation.wCreatorBothSideMenusTest"/>
  <testcase name="wDeleteAccountTestCase" time="56.172" classname="Memberse.WebAppAutomation.wDeleteAccountTest"/>
  <testcase name="wFeedsFilterTestCase" time="41.759" classname="Memberse.WebAppAutomation.wFeedsFilterTest">
    <failure type="java.lang.AssertionError" message="expected [kqatestc3&amp;apos;s Community] but found [kqatestc5&amp;apos;s Community]">
      <![CDATA[java.lang.AssertionError: expected [kqatestc3's Community] but found [kqatestc5's Community]
at Memberse.WebAppAutomation.wFeedsFilterTest.wFeedsFilterTestCase(wFeedsFilterTest.java:51)
at java.util.ArrayList.forEach(ArrayList.java:1259)
... Removed 33 stack frames]]>
    </failure>
  </testcase> <!-- wFeedsFilterTestCase -->
  <testcase name="wFeedsVerifyTestCase" time="88.05" classname="Memberse.WebAppAutomation.wFeedsVerifyTest"/>
  <testcase name="wJoinCommunityTestCase" time="109.829" classname="Memberse.WebAppAutomation.wJoinCommunityTest"/>
  <testcase name="wLikePostTestCase" time="47.017" classname="Memberse.WebAppAutomation.wLikePostTest"/>
  <testcase name="wLogoutTestCase" time="41.335" classname="Memberse.WebAppAutomation.wLogoutTest"/>
  <testcase name="wMemberInfoTestCase" time="41.547" classname="Memberse.WebAppAutomation.wMemberInfoTest"/>
  <testcase name="wMembershipsTestCase" time="33.23" classname="Memberse.WebAppAutomation.wMembershipsTest"/>
  <testcase name="wMyFansListTestCase" time="36.297" classname="Memberse.WebAppAutomation.wMyFansListTest"/>
  <testcase name="wPlayAudioPostTestCase" time="39.221" classname="Memberse.WebAppAutomation.wPlayAudioPostTest"/>
  <testcase name="wPlayVideoPostTestCase" time="39.307" classname="Memberse.WebAppAutomation.wPlayVideoPostTest"/>
  <testcase name="wPostHistoryDeleteTestCase" time="43.974" classname="Memberse.WebAppAutomation.wPostHistoryDeleteTest"/>
  <testcase name="wPostHistoryEditTestCase" time="147.986" classname="Memberse.WebAppAutomation.wPostHistoryEditTest">
    <failure type="org.openqa.selenium.TimeoutException" message="Expected condition failed: waiting for element to be clickable: Proxy element for: DefaultElementLocator &amp;apos;By.xpath: //p[contains(text(),&amp;apos;Post History&amp;apos;)]&amp;apos; (tried for 60 second(s) with 500 milliseconds interval)">
      <![CDATA[org.openqa.selenium.TimeoutException: Expected condition failed: waiting for element to be clickable: Proxy element for: DefaultElementLocator 'By.xpath: //p[contains(text(),'Post History')]' (tried for 60 second(s) with 500 milliseconds interval)
at org.openqa.selenium.support.ui.WebDriverWait.timeoutException(WebDriverWait.java:95)
at org.openqa.selenium.support.ui.FluentWait.until(FluentWait.java:272)
at Memberse.WebAppAutomation.wPostHistoryEditTest.wPostHistoryEditTestCase(wPostHistoryEditTest.java:46)
at java.util.ArrayList.forEach(ArrayList.java:1259)
Caused by: org.openqa.selenium.NoSuchElementException: no such element: Unable to locate element: {"method":"xpath","selector":"//p[contains(text(),'Post History')]"}
  (Session info: chrome=112.0.5615.137)
For documentation on this error, please visit: https://www.seleniumhq.org/exceptions/no_such_element.html
Build info: version: '3.141.59', revision: 'e82be7d358', time: '2018-11-14T08:17:03'
System info: host: 'Kamals-MacBook-Pro.local', ip: '2401:4900:598c:5681:8d9b:47fa:1340:3e41%en0', os.name: 'Mac OS X', os.arch: 'x86_64', os.version: '13.3', java.version: '1.8.0_351'
Driver info: org.openqa.selenium.chrome.ChromeDriver
Capabilities {acceptInsecureCerts: false, browserName: chrome, browserVersion: 112.0.5615.137, chrome: {chromedriverVersion: 112.0.5615.49 (bd2a7bcb881c..., userDataDir: /var/folders/5t/qx22w3p15y9...}, goog:chromeOptions: {debuggerAddress: localhost:60557}, javascriptEnabled: true, networkConnectionEnabled: false, pageLoadStrategy: normal, platform: MAC, platformName: MAC, proxy: Proxy(), setWindowRect: true, strictFileInteractability: false, timeouts: {implicit: 0, pageLoad: 300000, script: 30000}, unhandledPromptBehavior: dismiss and notify, webauthn:extension:credBlob: true, webauthn:extension:largeBlob: true, webauthn:extension:minPinLength: true, webauthn:extension:prf: true, webauthn:virtualAuthenticators: true}
Session ID: a16dfad5e43f9c050ec067f66cd88262
*** Element info: {Using=xpath, value=//p[contains(text(),'Post History')]}
at org.openqa.selenium.remote.http.W3CHttpResponseCodec.createException(W3CHttpResponseCodec.java:187)
at org.openqa.selenium.remote.http.W3CHttpResponseCodec.decode(W3CHttpResponseCodec.java:122)
at org.openqa.selenium.remote.http.W3CHttpResponseCodec.decode(W3CHttpResponseCodec.java:49)
at org.openqa.selenium.remote.HttpCommandExecutor.execute(HttpCommandExecutor.java:158)
at org.openqa.selenium.remote.service.DriverCommandExecutor.execute(DriverCommandExecutor.java:83)
at org.openqa.selenium.remote.RemoteWebDriver.execute(RemoteWebDriver.java:552)
at org.openqa.selenium.remote.RemoteWebDriver.findElement(RemoteWebDriver.java:323)
at org.openqa.selenium.remote.RemoteWebDriver.findElementByXPath(RemoteWebDriver.java:428)
at org.openqa.selenium.By$ByXPath.findElement(By.java:353)
at org.openqa.selenium.remote.RemoteWebDriver.findElement(RemoteWebDriver.java:315)
at org.openqa.selenium.support.pagefactory.DefaultElementLocator.findElement(DefaultElementLocator.java:69)
at org.openqa.selenium.support.pagefactory.internal.LocatingElementHandler.invoke(LocatingElementHandler.java:38)
at com.sun.proxy.$Proxy11.isDisplayed(Unknown Source)
at org.openqa.selenium.support.ui.ExpectedConditions.elementIfVisible(ExpectedConditions.java:314)
at org.openqa.selenium.support.ui.ExpectedConditions.access$000(ExpectedConditions.java:43)
at org.openqa.selenium.support.ui.ExpectedConditions$10.apply(ExpectedConditions.java:300)
at org.openqa.selenium.support.ui.ExpectedConditions$10.apply(ExpectedConditions.java:297)
at org.openqa.selenium.support.ui.ExpectedConditions$23.apply(ExpectedConditions.java:670)
at org.openqa.selenium.support.ui.ExpectedConditions$23.apply(ExpectedConditions.java:666)
at org.openqa.selenium.support.ui.FluentWait.until(FluentWait.java:249)
... 29 more
... Removed 31 stack frames]]>
    </failure>
  </testcase> <!-- wPostHistoryEditTestCase -->
  <testcase name="wPostHistoryPlayTestCase" time="56.561" classname="Memberse.WebAppAutomation.wPostHistoryPlayTest"/>
  <testcase name="wPrivacyPolicyTestCase" time="89.18" classname="Memberse.WebAppAutomation.wPrivacyPolicyTest"/>
  <testcase name="wReportCommunityTestCase" time="68.176" classname="Memberse.WebAppAutomation.wReportCommunityTest"/>
  <testcase name="wReportPostTestCase" time="43.293" classname="Memberse.WebAppAutomation.wReportPostTest"/>
  <testcase name="wSearchCreatorTestCase" time="34.273" classname="Memberse.WebAppAutomation.wSearchCreatorTest"/>
  <testcase name="wShareCommunityTestCase" time="68.124" classname="Memberse.WebAppAutomation.wShareCommunityTest"/>
  <testcase name="wSharePostTestCase" time="34.036" classname="Memberse.WebAppAutomation.wSharePostTest"/>
  <testcase name="wSmokeTestCase" time="72.451" classname="Memberse.WebAppAutomation.wSmokeTest"/>
  <testcase name="wLoginFormValidationTestCase" time="16.308" classname="Memberse.WebAppAutomation.wLoginFormValidationTest"/>
  <testcase name="wLogintTestCase" time="24.902" classname="Memberse.WebAppAutomation.wLogintTest">
    <failure type="org.openqa.selenium.ElementClickInterceptedException" message="element click intercepted: Element &amp;lt;a class=&amp;quot;disabled opacity-50 cursor-not-allowed text-gray-300 hover:bg-gray-700 hover:text-white group flex items-center px-2 py-2 text-base font-medium rounded-md&amp;quot; href=&amp;quot;/profile&amp;quot;&amp;gt;...&amp;lt;/a&amp;gt; is not clickable at point (128, 224). Other element would receive the click: &amp;lt;nav class=&amp;quot;mt-5 space-y-1 px-2&amp;quot;&amp;gt;...&amp;lt;/nav&amp;gt;
  (Session info: chrome=112.0.5615.137)
Build info: version: &amp;apos;3.141.59&amp;apos;, revision: &amp;apos;e82be7d358&amp;apos;, time: &amp;apos;2018-11-14T08:17:03&amp;apos;
System info: host: &amp;apos;Kamals-MacBook-Pro.local&amp;apos;, ip: &amp;apos;2401:4900:598c:5681:8d9b:47fa:1340:3e41%en0&amp;apos;, os.name: &amp;apos;Mac OS X&amp;apos;, os.arch: &amp;apos;x86_64&amp;apos;, os.version: &amp;apos;13.3&amp;apos;, java.version: &amp;apos;1.8.0_351&amp;apos;
Driver info: org.openqa.selenium.chrome.ChromeDriver
Capabilities {acceptInsecureCerts: false, browserName: chrome, browserVersion: 112.0.5615.137, chrome: {chromedriverVersion: 112.0.5615.49 (bd2a7bcb881c..., userDataDir: /var/folders/5t/qx22w3p15y9...}, goog:chromeOptions: {debuggerAddress: localhost:64316}, javascriptEnabled: true, networkConnectionEnabled: false, pageLoadStrategy: normal, platform: MAC, platformName: MAC, proxy: Proxy(), setWindowRect: true, strictFileInteractability: false, timeouts: {implicit: 0, pageLoad: 300000, script: 30000}, unhandledPromptBehavior: dismiss and notify, webauthn:extension:credBlob: true, webauthn:extension:largeBlob: true, webauthn:extension:minPinLength: true, webauthn:extension:prf: true, webauthn:virtualAuthenticators: true}
Session ID: 87e895ec1714df44e5df370365542771">
      <![CDATA[org.openqa.selenium.ElementClickInterceptedException: element click intercepted: Element <a class="disabled opacity-50 cursor-not-allowed text-gray-300 hover:bg-gray-700 hover:text-white group flex items-center px-2 py-2 text-base font-medium rounded-md" href="/profile">...</a> is not clickable at point (128, 224). Other element would receive the click: <nav class="mt-5 space-y-1 px-2">...</nav>
  (Session info: chrome=112.0.5615.137)
Build info: version: '3.141.59', revision: 'e82be7d358', time: '2018-11-14T08:17:03'
System info: host: 'Kamals-MacBook-Pro.local', ip: '2401:4900:598c:5681:8d9b:47fa:1340:3e41%en0', os.name: 'Mac OS X', os.arch: 'x86_64', os.version: '13.3', java.version: '1.8.0_351'
Driver info: org.openqa.selenium.chrome.ChromeDriver
Capabilities {acceptInsecureCerts: false, browserName: chrome, browserVersion: 112.0.5615.137, chrome: {chromedriverVersion: 112.0.5615.49 (bd2a7bcb881c..., userDataDir: /var/folders/5t/qx22w3p15y9...}, goog:chromeOptions: {debuggerAddress: localhost:64316}, javascriptEnabled: true, networkConnectionEnabled: false, pageLoadStrategy: normal, platform: MAC, platformName: MAC, proxy: Proxy(), setWindowRect: true, strictFileInteractability: false, timeouts: {implicit: 0, pageLoad: 300000, script: 30000}, unhandledPromptBehavior: dismiss and notify, webauthn:extension:credBlob: true, webauthn:extension:largeBlob: true, webauthn:extension:minPinLength: true, webauthn:extension:prf: true, webauthn:virtualAuthenticators: true}
Session ID: 87e895ec1714df44e5df370365542771
at org.openqa.selenium.remote.http.W3CHttpResponseCodec.createException(W3CHttpResponseCodec.java:187)
at org.openqa.selenium.remote.http.W3CHttpResponseCodec.decode(W3CHttpResponseCodec.java:122)
at org.openqa.selenium.remote.http.W3CHttpResponseCodec.decode(W3CHttpResponseCodec.java:49)
at org.openqa.selenium.remote.HttpCommandExecutor.execute(HttpCommandExecutor.java:158)
at org.openqa.selenium.remote.service.DriverCommandExecutor.execute(DriverCommandExecutor.java:83)
at org.openqa.selenium.remote.RemoteWebDriver.execute(RemoteWebDriver.java:552)
at org.openqa.selenium.remote.RemoteWebElement.execute(RemoteWebElement.java:285)
at org.openqa.selenium.remote.RemoteWebElement.click(RemoteWebElement.java:84)
at org.openqa.selenium.support.pagefactory.internal.LocatingElementHandler.invoke(LocatingElementHandler.java:51)
at com.sun.proxy.$Proxy11.click(Unknown Source)
at Memberse.WebAppAutomation.wLogintTest.wLogintTestCase(wLogintTest.java:39)
at java.util.ArrayList.forEach(ArrayList.java:1259)
... Removed 34 stack frames]]>
    </failure>
  </testcase> <!-- wLogintTestCase -->
  <testcase name="wSignupFormValidationTestCase" time="13.802" classname="Memberse.WebAppAutomation.wSignupFormValidationTest"/>
  <testcase name="wSignupTestCase" time="198.327" classname="Memberse.WebAppAutomation.wSignupTest">
    <failure type="org.openqa.selenium.TimeoutException" message="Expected condition failed: waiting for element to be clickable: By.xpath: (//span[contains(text(), &amp;apos;Next&amp;apos;)])[3] (tried for 60 second(s) with 500 milliseconds interval)">
      <![CDATA[org.openqa.selenium.TimeoutException: Expected condition failed: waiting for element to be clickable: By.xpath: (//span[contains(text(), 'Next')])[3] (tried for 60 second(s) with 500 milliseconds interval)
at org.openqa.selenium.support.ui.WebDriverWait.timeoutException(WebDriverWait.java:95)
at org.openqa.selenium.support.ui.FluentWait.until(FluentWait.java:272)
at Memberse.WebAppAutomation.wSignupTest.wSignupTestCase(wSignupTest.java:91)
at java.util.ArrayList.forEach(ArrayList.java:1259)
Caused by: org.openqa.selenium.NoSuchElementException: no such element: Unable to locate element: {"method":"xpath","selector":"(//span[contains(text(), 'Next')])[3]"}
  (Session info: chrome=112.0.5615.137)
For documentation on this error, please visit: https://www.seleniumhq.org/exceptions/no_such_element.html
Build info: version: '3.141.59', revision: 'e82be7d358', time: '2018-11-14T08:17:03'
System info: host: 'Kamals-MacBook-Pro.local', ip: '2401:4900:598c:5681:8d9b:47fa:1340:3e41%en0', os.name: 'Mac OS X', os.arch: 'x86_64', os.version: '13.3', java.version: '1.8.0_351'
Driver info: org.openqa.selenium.chrome.ChromeDriver
Capabilities {acceptInsecureCerts: false, browserName: chrome, browserVersion: 112.0.5615.137, chrome: {chromedriverVersion: 112.0.5615.49 (bd2a7bcb881c..., userDataDir: /var/folders/5t/qx22w3p15y9...}, goog:chromeOptions: {debuggerAddress: localhost:64669}, javascriptEnabled: true, networkConnectionEnabled: false, pageLoadStrategy: normal, platform: MAC, platformName: MAC, proxy: Proxy(), setWindowRect: true, strictFileInteractability: false, timeouts: {implicit: 0, pageLoad: 300000, script: 30000}, unhandledPromptBehavior: dismiss and notify, webauthn:extension:credBlob: true, webauthn:extension:largeBlob: true, webauthn:extension:minPinLength: true, webauthn:extension:prf: true, webauthn:virtualAuthenticators: true}
Session ID: 86baa94f65ceddea3952cabc9a30df26
*** Element info: {Using=xpath, value=(//span[contains(text(), 'Next')])[3]}
at org.openqa.selenium.remote.http.W3CHttpResponseCodec.createException(W3CHttpResponseCodec.java:187)
at org.openqa.selenium.remote.http.W3CHttpResponseCodec.decode(W3CHttpResponseCodec.java:122)
at org.openqa.selenium.remote.http.W3CHttpResponseCodec.decode(W3CHttpResponseCodec.java:49)
at org.openqa.selenium.remote.HttpCommandExecutor.execute(HttpCommandExecutor.java:158)
at org.openqa.selenium.remote.service.DriverCommandExecutor.execute(DriverCommandExecutor.java:83)
at org.openqa.selenium.remote.RemoteWebDriver.execute(RemoteWebDriver.java:552)
at org.openqa.selenium.remote.RemoteWebDriver.findElement(RemoteWebDriver.java:323)
at org.openqa.selenium.remote.RemoteWebDriver.findElementByXPath(RemoteWebDriver.java:428)
at org.openqa.selenium.By$ByXPath.findElement(By.java:353)
at org.openqa.selenium.remote.RemoteWebDriver.findElement(RemoteWebDriver.java:315)
at org.openqa.selenium.support.ui.ExpectedConditions$7.apply(ExpectedConditions.java:205)
at org.openqa.selenium.support.ui.ExpectedConditions$7.apply(ExpectedConditions.java:201)
at org.openqa.selenium.support.ui.ExpectedConditions$22.apply(ExpectedConditions.java:641)
at org.openqa.selenium.support.ui.ExpectedConditions$22.apply(ExpectedConditions.java:638)
at org.openqa.selenium.support.ui.FluentWait.until(FluentWait.java:249)
... 29 more
... Removed 31 stack frames]]>
    </failure>
  </testcase> <!-- wSignupTestCase -->
  <testcase name="wTermsAndConditionsTestCase" time="95.445" classname="Memberse.WebAppAutomation.wTermsAndConditionsTest"/>
  <testcase name="wViewPhotoPostTestCase" time="39.789" classname="Memberse.WebAppAutomation.wViewPhotoPostTest"/>
  <testcase name="wViewTextPostTestCase" time="39.416" classname="Memberse.WebAppAutomation.wViewTextPostTest"/>
  <testcase name="wFollowCommunityTestCase" time="80.528" classname="Memberse.WebAppAutomation.wFollowAndUnfollowCommunityTest"/>
  <testcase name="wUnfollowCommunityTestCase" time="44.791" classname="Memberse.WebAppAutomation.wFollowAndUnfollowCommunityTest"/>
  <testcase name="@BeforeTest InvokeCapabilities" time="0.0" classname="Memberse.WebAppAutomation.WBase">
    <ignored/>
  </testcase> <!-- @BeforeTest InvokeCapabilities -->
  <testcase name="@BeforeTest InvokeCapabilities" time="0.0" classname="Memberse.WebAppAutomation.WBase">
    <ignored/>
  </testcase> <!-- @BeforeTest InvokeCapabilities -->
  <testcase name="@BeforeTest InvokeCapabilities" time="0.0" classname="Memberse.WebAppAutomation.WBase">
    <ignored/>
  </testcase> <!-- @BeforeTest InvokeCapabilities -->
  <testcase name="@BeforeTest InvokeCapabilities" time="0.0" classname="Memberse.WebAppAutomation.WBase">
    <ignored/>
  </testcase> <!-- @BeforeTest InvokeCapabilities -->
  <testcase name="@BeforeTest InvokeCapabilities" time="0.0" classname="Memberse.WebAppAutomation.WBase">
    <ignored/>
  </testcase> <!-- @BeforeTest InvokeCapabilities -->
  <testcase name="@BeforeTest InvokeCapabilities" time="0.0" classname="Memberse.WebAppAutomation.WBase">
    <ignored/>
  </testcase> <!-- @BeforeTest InvokeCapabilities -->
  <testcase name="@BeforeTest InvokeCapabilities" time="0.0" classname="Memberse.WebAppAutomation.WBase">
    <ignored/>
  </testcase> <!-- @BeforeTest InvokeCapabilities -->
  <testcase name="@BeforeTest InvokeCapabilities" time="0.0" classname="Memberse.WebAppAutomation.WBase">
    <ignored/>
  </testcase> <!-- @BeforeTest InvokeCapabilities -->
  <testcase name="@BeforeTest InvokeCapabilities" time="0.0" classname="Memberse.WebAppAutomation.WBase">
    <ignored/>
  </testcase> <!-- @BeforeTest InvokeCapabilities -->
  <testcase name="@BeforeTest InvokeCapabilities" time="0.0" classname="Memberse.WebAppAutomation.WBase">
    <ignored/>
  </testcase> <!-- @BeforeTest InvokeCapabilities -->
  <testcase name="@BeforeTest InvokeCapabilities" time="0.0" classname="Memberse.WebAppAutomation.WBase">
    <ignored/>
  </testcase> <!-- @BeforeTest InvokeCapabilities -->
  <testcase name="@BeforeTest InvokeCapabilities" time="0.0" classname="Memberse.WebAppAutomation.WBase">
    <ignored/>
  </testcase> <!-- @BeforeTest InvokeCapabilities -->
  <testcase name="@BeforeTest InvokeCapabilities" time="0.0" classname="Memberse.WebAppAutomation.WBase">
    <ignored/>
  </testcase> <!-- @BeforeTest InvokeCapabilities -->
  <testcase name="@BeforeTest InvokeCapabilities" time="0.0" classname="Memberse.WebAppAutomation.WBase">
    <ignored/>
  </testcase> <!-- @BeforeTest InvokeCapabilities -->
  <testcase name="@BeforeTest InvokeCapabilities" time="0.0" classname="Memberse.WebAppAutomation.WBase">
    <ignored/>
  </testcase> <!-- @BeforeTest InvokeCapabilities -->
  <testcase name="@BeforeTest InvokeCapabilities" time="0.0" classname="Memberse.WebAppAutomation.WBase">
    <ignored/>
  </testcase> <!-- @BeforeTest InvokeCapabilities -->
  <testcase name="@BeforeTest InvokeCapabilities" time="0.0" classname="Memberse.WebAppAutomation.WBase">
    <ignored/>
  </testcase> <!-- @BeforeTest InvokeCapabilities -->
  <testcase name="@BeforeTest InvokeCapabilities" time="0.0" classname="Memberse.WebAppAutomation.WBase">
    <ignored/>
  </testcase> <!-- @BeforeTest InvokeCapabilities -->
  <testcase name="@BeforeTest InvokeCapabilities" time="0.0" classname="Memberse.WebAppAutomation.WBase">
    <ignored/>
  </testcase> <!-- @BeforeTest InvokeCapabilities -->
  <testcase name="@BeforeTest InvokeCapabilities" time="0.0" classname="Memberse.WebAppAutomation.WBase">
    <ignored/>
  </testcase> <!-- @BeforeTest InvokeCapabilities -->
  <testcase name="@BeforeTest InvokeCapabilities" time="0.0" classname="Memberse.WebAppAutomation.WBase">
    <ignored/>
  </testcase> <!-- @BeforeTest InvokeCapabilities -->
  <testcase name="@BeforeTest InvokeCapabilities" time="0.0" classname="Memberse.WebAppAutomation.WBase">
    <ignored/>
  </testcase> <!-- @BeforeTest InvokeCapabilities -->
  <testcase name="@BeforeTest InvokeCapabilities" time="0.0" classname="Memberse.WebAppAutomation.WBase">
    <ignored/>
  </testcase> <!-- @BeforeTest InvokeCapabilities -->
  <testcase name="@BeforeTest InvokeCapabilities" time="0.0" classname="Memberse.WebAppAutomation.WBase">
    <ignored/>
  </testcase> <!-- @BeforeTest InvokeCapabilities -->
  <testcase name="@BeforeTest InvokeCapabilities" time="0.0" classname="Memberse.WebAppAutomation.WBase">
    <ignored/>
  </testcase> <!-- @BeforeTest InvokeCapabilities -->
  <testcase name="@BeforeTest InvokeCapabilities" time="0.0" classname="Memberse.WebAppAutomation.WBase">
    <ignored/>
  </testcase> <!-- @BeforeTest InvokeCapabilities -->
  <testcase name="@BeforeTest InvokeCapabilities" time="0.0" classname="Memberse.WebAppAutomation.WBase">
    <ignored/>
  </testcase> <!-- @BeforeTest InvokeCapabilities -->
  <testcase name="@BeforeTest InvokeCapabilities" time="0.0" classname="Memberse.WebAppAutomation.WBase">
    <ignored/>
  </testcase> <!-- @BeforeTest InvokeCapabilities -->
  <testcase name="@BeforeTest InvokeCapabilities" time="0.0" classname="Memberse.WebAppAutomation.WBase">
    <ignored/>
  </testcase> <!-- @BeforeTest InvokeCapabilities -->
  <testcase name="@BeforeTest InvokeCapabilities" time="0.0" classname="Memberse.WebAppAutomation.WBase">
    <ignored/>
  </testcase> <!-- @BeforeTest InvokeCapabilities -->
  <testcase name="@BeforeTest InvokeCapabilities" time="0.0" classname="Memberse.WebAppAutomation.WBase">
    <ignored/>
  </testcase> <!-- @BeforeTest InvokeCapabilities -->
  <testcase name="@BeforeTest InvokeCapabilities" time="0.0" classname="Memberse.WebAppAutomation.WBase">
    <ignored/>
  </testcase> <!-- @BeforeTest InvokeCapabilities -->
  <testcase name="@BeforeTest InvokeCapabilities" time="0.0" classname="Memberse.WebAppAutomation.WBase">
    <ignored/>
  </testcase> <!-- @BeforeTest InvokeCapabilities -->
  <testcase name="@BeforeTest InvokeCapabilities" time="0.0" classname="Memberse.WebAppAutomation.WBase">
    <ignored/>
  </testcase> <!-- @BeforeTest InvokeCapabilities -->
  <testcase name="@BeforeTest InvokeCapabilities" time="0.0" classname="Memberse.WebAppAutomation.WBase">
    <ignored/>
  </testcase> <!-- @BeforeTest InvokeCapabilities -->
  <testcase name="@BeforeTest InvokeCapabilities" time="0.0" classname="Memberse.WebAppAutomation.WBase">
    <ignored/>
  </testcase> <!-- @BeforeTest InvokeCapabilities -->
  <testcase name="@BeforeTest InvokeCapabilities" time="0.0" classname="Memberse.WebAppAutomation.WBase">
    <ignored/>
  </testcase> <!-- @BeforeTest InvokeCapabilities -->
  <testcase name="@BeforeTest InvokeCapabilities" time="0.0" classname="Memberse.WebAppAutomation.WBase">
    <ignored/>
  </testcase> <!-- @BeforeTest InvokeCapabilities -->
  <testcase name="@BeforeTest InvokeCapabilities" time="0.0" classname="Memberse.WebAppAutomation.WBase">
    <ignored/>
  </testcase> <!-- @BeforeTest InvokeCapabilities -->
  <testcase name="@BeforeTest InvokeCapabilities" time="0.0" classname="Memberse.WebAppAutomation.WBase">
    <ignored/>
  </testcase> <!-- @BeforeTest InvokeCapabilities -->
  <testcase name="@BeforeTest InvokeCapabilities" time="0.0" classname="Memberse.WebAppAutomation.WBase">
    <ignored/>
  </testcase> <!-- @BeforeTest InvokeCapabilities -->
  <testcase name="@BeforeTest InvokeCapabilities" time="0.0" classname="Memberse.WebAppAutomation.WBase">
    <ignored/>
  </testcase> <!-- @BeforeTest InvokeCapabilities -->
  <testcase name="@AfterTest endSuite" time="0.0" classname="Memberse.WebAppAutomation.WBase">
    <ignored/>
  </testcase> <!-- @AfterTest endSuite -->
  <testcase name="@AfterTest endSuite" time="0.0" classname="Memberse.WebAppAutomation.WBase">
    <ignored/>
  </testcase> <!-- @AfterTest endSuite -->
  <testcase name="@AfterTest endSuite" time="0.0" classname="Memberse.WebAppAutomation.WBase">
    <ignored/>
  </testcase> <!-- @AfterTest endSuite -->
  <testcase name="@AfterTest endSuite" time="0.0" classname="Memberse.WebAppAutomation.WBase">
    <ignored/>
  </testcase> <!-- @AfterTest endSuite -->
  <testcase name="@AfterTest endSuite" time="0.0" classname="Memberse.WebAppAutomation.WBase">
    <ignored/>
  </testcase> <!-- @AfterTest endSuite -->
  <testcase name="@AfterTest endSuite" time="0.0" classname="Memberse.WebAppAutomation.WBase">
    <ignored/>
  </testcase> <!-- @AfterTest endSuite -->
  <testcase name="@AfterTest endSuite" time="0.0" classname="Memberse.WebAppAutomation.WBase">
    <ignored/>
  </testcase> <!-- @AfterTest endSuite -->
  <testcase name="@AfterTest endSuite" time="0.0" classname="Memberse.WebAppAutomation.WBase">
    <ignored/>
  </testcase> <!-- @AfterTest endSuite -->
  <testcase name="@AfterTest endSuite" time="0.0" classname="Memberse.WebAppAutomation.WBase">
    <ignored/>
  </testcase> <!-- @AfterTest endSuite -->
  <testcase name="@AfterTest endSuite" time="0.0" classname="Memberse.WebAppAutomation.WBase">
    <ignored/>
  </testcase> <!-- @AfterTest endSuite -->
  <testcase name="@AfterTest endSuite" time="0.0" classname="Memberse.WebAppAutomation.WBase">
    <ignored/>
  </testcase> <!-- @AfterTest endSuite -->
  <testcase name="@AfterTest endSuite" time="0.0" classname="Memberse.WebAppAutomation.WBase">
    <ignored/>
  </testcase> <!-- @AfterTest endSuite -->
  <testcase name="@AfterTest endSuite" time="0.0" classname="Memberse.WebAppAutomation.WBase">
    <ignored/>
  </testcase> <!-- @AfterTest endSuite -->
  <testcase name="@AfterTest endSuite" time="0.0" classname="Memberse.WebAppAutomation.WBase">
    <ignored/>
  </testcase> <!-- @AfterTest endSuite -->
  <testcase name="@AfterTest endSuite" time="0.0" classname="Memberse.WebAppAutomation.WBase">
    <ignored/>
  </testcase> <!-- @AfterTest endSuite -->
  <testcase name="@AfterTest endSuite" time="0.0" classname="Memberse.WebAppAutomation.WBase">
    <ignored/>
  </testcase> <!-- @AfterTest endSuite -->
  <testcase name="@AfterTest endSuite" time="0.0" classname="Memberse.WebAppAutomation.WBase">
    <ignored/>
  </testcase> <!-- @AfterTest endSuite -->
  <testcase name="@AfterTest endSuite" time="0.0" classname="Memberse.WebAppAutomation.WBase">
    <ignored/>
  </testcase> <!-- @AfterTest endSuite -->
  <testcase name="@AfterTest endSuite" time="0.0" classname="Memberse.WebAppAutomation.WBase">
    <ignored/>
  </testcase> <!-- @AfterTest endSuite -->
  <testcase name="@AfterTest endSuite" time="0.0" classname="Memberse.WebAppAutomation.WBase">
    <ignored/>
  </testcase> <!-- @AfterTest endSuite -->
  <testcase name="@AfterTest endSuite" time="0.0" classname="Memberse.WebAppAutomation.WBase">
    <ignored/>
  </testcase> <!-- @AfterTest endSuite -->
  <testcase name="@AfterTest endSuite" time="0.0" classname="Memberse.WebAppAutomation.WBase">
    <ignored/>
  </testcase> <!-- @AfterTest endSuite -->
  <testcase name="@AfterTest endSuite" time="0.0" classname="Memberse.WebAppAutomation.WBase">
    <ignored/>
  </testcase> <!-- @AfterTest endSuite -->
  <testcase name="@AfterTest endSuite" time="0.0" classname="Memberse.WebAppAutomation.WBase">
    <ignored/>
  </testcase> <!-- @AfterTest endSuite -->
  <testcase name="@AfterTest endSuite" time="0.0" classname="Memberse.WebAppAutomation.WBase">
    <ignored/>
  </testcase> <!-- @AfterTest endSuite -->
  <testcase name="@AfterTest endSuite" time="0.0" classname="Memberse.WebAppAutomation.WBase">
    <ignored/>
  </testcase> <!-- @AfterTest endSuite -->
  <testcase name="@AfterTest endSuite" time="0.0" classname="Memberse.WebAppAutomation.WBase">
    <ignored/>
  </testcase> <!-- @AfterTest endSuite -->
  <testcase name="@AfterTest endSuite" time="0.0" classname="Memberse.WebAppAutomation.WBase">
    <ignored/>
  </testcase> <!-- @AfterTest endSuite -->
  <testcase name="@AfterTest endSuite" time="0.0" classname="Memberse.WebAppAutomation.WBase">
    <ignored/>
  </testcase> <!-- @AfterTest endSuite -->
  <testcase name="@AfterTest endSuite" time="0.0" classname="Memberse.WebAppAutomation.WBase">
    <ignored/>
  </testcase> <!-- @AfterTest endSuite -->
  <testcase name="@AfterTest endSuite" time="0.0" classname="Memberse.WebAppAutomation.WBase">
    <ignored/>
  </testcase> <!-- @AfterTest endSuite -->
  <testcase name="@AfterTest endSuite" time="0.0" classname="Memberse.WebAppAutomation.WBase">
    <ignored/>
  </testcase> <!-- @AfterTest endSuite -->
  <testcase name="@AfterTest endSuite" time="0.0" classname="Memberse.WebAppAutomation.WBase">
    <ignored/>
  </testcase> <!-- @AfterTest endSuite -->
  <testcase name="@AfterTest endSuite" time="0.0" classname="Memberse.WebAppAutomation.WBase">
    <ignored/>
  </testcase> <!-- @AfterTest endSuite -->
  <testcase name="@AfterTest endSuite" time="0.0" classname="Memberse.WebAppAutomation.WBase">
    <ignored/>
  </testcase> <!-- @AfterTest endSuite -->
  <testcase name="@AfterTest endSuite" time="0.0" classname="Memberse.WebAppAutomation.WBase">
    <ignored/>
  </testcase> <!-- @AfterTest endSuite -->
  <testcase name="@AfterTest endSuite" time="0.0" classname="Memberse.WebAppAutomation.WBase">
    <ignored/>
  </testcase> <!-- @AfterTest endSuite -->
  <testcase name="@AfterTest endSuite" time="0.0" classname="Memberse.WebAppAutomation.WBase">
    <ignored/>
  </testcase> <!-- @AfterTest endSuite -->
  <testcase name="@AfterTest endSuite" time="0.0" classname="Memberse.WebAppAutomation.WBase">
    <ignored/>
  </testcase> <!-- @AfterTest endSuite -->
  <testcase name="@AfterTest endSuite" time="0.0" classname="Memberse.WebAppAutomation.WBase">
    <ignored/>
  </testcase> <!-- @AfterTest endSuite -->
  <testcase name="@AfterTest endSuite" time="0.0" classname="Memberse.WebAppAutomation.WBase">
    <ignored/>
  </testcase> <!-- @AfterTest endSuite -->
  <testcase name="@AfterTest endSuite" time="0.0" classname="Memberse.WebAppAutomation.WBase">
    <ignored/>
  </testcase> <!-- @AfterTest endSuite -->
</testsuite> <!-- Web App Test -->
