<html>
<head>
<title>TestNG:  Web App Test</title>
<link href="../testng.css" rel="stylesheet" type="text/css" />
<link href="../my-testng.css" rel="stylesheet" type="text/css" />

<style type="text/css">
.log { display: none;} 
.stack-trace { display: none;} 
</style>
<script type="text/javascript">
<!--
function flip(e) {
  current = e.style.display;
  if (current == 'block') {
    e.style.display = 'none';
    return 0;
  }
  else {
    e.style.display = 'block';
    return 1;
  }
}

function toggleBox(szDivId, elem, msg1, msg2)
{
  var res = -1;  if (document.getElementById) {
    res = flip(document.getElementById(szDivId));
  }
  else if (document.all) {
    // this is the way old msie versions work
    res = flip(document.all[szDivId]);
  }
  if(elem) {
    if(res == 0) elem.innerHTML = msg1; else elem.innerHTML = msg2;
  }

}

function toggleAllBoxes() {
  if (document.getElementsByTagName) {
    d = document.getElementsByTagName('div');
    for (i = 0; i < d.length; i++) {
      if (d[i].className == 'log') {
        flip(d[i]);
      }
    }
  }
}

// -->
</script>

</head>
<body>
<h2 align='center'>Web App Test</h2><table border='1' align="center">
<tr>
<td>Tests passed/Failed/Skipped:</td><td>38/6/0</td>
</tr><tr>
<td>Started on:</td><td>Mon May 08 10:58:19 IST 2023</td>
</tr>
<tr><td>Total time:</td><td>3061 seconds (3061985 ms)</td>
</tr><tr>
<td>Included groups:</td><td></td>
</tr><tr>
<td>Excluded groups:</td><td></td>
</tr>
</table><p/>
<small><i>(Hover the method name to see the test class name)</i></small><p/>
<table width='100%' border='1' class='invocation-failed'>
<tr><td colspan='4' align='center'><b>FAILED TESTS</b></td></tr>
<tr><td><b>Test method</b></td>
<td width="30%"><b>Exception</b></td>
<td width="10%"><b>Time (seconds)</b></td>
<td><b>Instance</b></td>
</tr>
<tr>
<td title='Memberse.WebAppAutomation.wCreateAudioPostTest.wCreatAudioPostTestCase()'><b>wCreatAudioPostTestCase</b><br>Test class: Memberse.WebAppAutomation.wCreateAudioPostTest</td>
<td><div><pre>org.openqa.selenium.ElementClickInterceptedException: element click intercepted: Element &lt;span class=&quot;text-base font-medium leading-4&quot;&gt;...&lt;/span&gt; is not clickable at point (1086, 527). Other element would receive the click: &lt;div class=&quot;flex justify-center&quot;&gt;...&lt;/div&gt;
  (Session info: chrome=112.0.5615.137)
Build info: version: &apos;3.141.59&apos;, revision: &apos;e82be7d358&apos;, time: &apos;2018-11-14T08:17:03&apos;
System info: host: &apos;Kamals-MacBook-Pro.local&apos;, ip: &apos;2401:4900:598c:5681:8d9b:47fa:1340:3e41%en0&apos;, os.name: &apos;Mac OS X&apos;, os.arch: &apos;x86_64&apos;, os.version: &apos;13.3&apos;, java.version: &apos;1.8.0_351&apos;
Driver info: org.openqa.selenium.chrome.ChromeDriver
Capabilities {acceptInsecureCerts: false, browserName: chrome, browserVersion: 112.0.5615.137, chrome: {chromedriverVersion: 112.0.5615.49 (bd2a7bcb881c..., userDataDir: /var/folders/5t/qx22w3p15y9...}, goog:chromeOptions: {debuggerAddress: localhost:54684}, javascriptEnabled: true, networkConnectionEnabled: false, pageLoadStrategy: normal, platform: MAC, platformName: MAC, proxy: Proxy(), setWindowRect: true, strictFileInteractability: false, timeouts: {implicit: 0, pageLoad: 300000, script: 30000}, unhandledPromptBehavior: dismiss and notify, webauthn:extension:credBlob: true, webauthn:extension:largeBlob: true, webauthn:extension:minPinLength: true, webauthn:extension:prf: true, webauthn:virtualAuthenticators: true}
Session ID: d967e1f14feb576969c7f9af2b0b3484
	at org.openqa.selenium.remote.http.W3CHttpResponseCodec.createException(W3CHttpResponseCodec.java:187)
	at org.openqa.selenium.remote.http.W3CHttpResponseCodec.decode(W3CHttpResponseCodec.java:122)
	at org.openqa.selenium.remote.http.W3CHttpResponseCodec.decode(W3CHttpResponseCodec.java:49)
	at org.openqa.selenium.remote.HttpCommandExecutor.execute(HttpCommandExecutor.java:158)
	at org.openqa.selenium.remote.service.DriverCommandExecutor.execute(DriverCommandExecutor.java:83)
	at org.openqa.selenium.remote.RemoteWebDriver.execute(RemoteWebDriver.java:552)
	at org.openqa.selenium.remote.RemoteWebElement.execute(RemoteWebElement.java:285)
	at org.openqa.selenium.remote.RemoteWebElement.click(RemoteWebElement.java:84)
	at org.openqa.selenium.support.pagefactory.internal.LocatingElementHandler.invoke(LocatingElementHandler.java:51)
	at com.sun.proxy.$Proxy11.click(Unknown Source)
	at Memberse.WebAppAutomation.wCreateAudioPostTest.wCreatAudioPostTestCase(wCreateAudioPostTest.java:98)
	at java.util.ArrayList.forEach(ArrayList.java:1259)
... Removed 34 stack frames</pre></div><a href='#' onClick='toggleBox("stack-trace388489274", this, "Click to show all stack frames", "Click to hide stack frames")'>Click to show all stack frames</a>
<div class='stack-trace' id='stack-trace388489274'><pre>org.openqa.selenium.ElementClickInterceptedException: element click intercepted: Element &lt;span class=&quot;text-base font-medium leading-4&quot;&gt;...&lt;/span&gt; is not clickable at point (1086, 527). Other element would receive the click: &lt;div class=&quot;flex justify-center&quot;&gt;...&lt;/div&gt;
  (Session info: chrome=112.0.5615.137)
Build info: version: &apos;3.141.59&apos;, revision: &apos;e82be7d358&apos;, time: &apos;2018-11-14T08:17:03&apos;
System info: host: &apos;Kamals-MacBook-Pro.local&apos;, ip: &apos;2401:4900:598c:5681:8d9b:47fa:1340:3e41%en0&apos;, os.name: &apos;Mac OS X&apos;, os.arch: &apos;x86_64&apos;, os.version: &apos;13.3&apos;, java.version: &apos;1.8.0_351&apos;
Driver info: org.openqa.selenium.chrome.ChromeDriver
Capabilities {acceptInsecureCerts: false, browserName: chrome, browserVersion: 112.0.5615.137, chrome: {chromedriverVersion: 112.0.5615.49 (bd2a7bcb881c..., userDataDir: /var/folders/5t/qx22w3p15y9...}, goog:chromeOptions: {debuggerAddress: localhost:54684}, javascriptEnabled: true, networkConnectionEnabled: false, pageLoadStrategy: normal, platform: MAC, platformName: MAC, proxy: Proxy(), setWindowRect: true, strictFileInteractability: false, timeouts: {implicit: 0, pageLoad: 300000, script: 30000}, unhandledPromptBehavior: dismiss and notify, webauthn:extension:credBlob: true, webauthn:extension:largeBlob: true, webauthn:extension:minPinLength: true, webauthn:extension:prf: true, webauthn:virtualAuthenticators: true}
Session ID: d967e1f14feb576969c7f9af2b0b3484
	at sun.reflect.NativeConstructorAccessorImpl.newInstance0(Native Method)
	at sun.reflect.NativeConstructorAccessorImpl.newInstance(NativeConstructorAccessorImpl.java:62)
	at sun.reflect.DelegatingConstructorAccessorImpl.newInstance(DelegatingConstructorAccessorImpl.java:45)
	at java.lang.reflect.Constructor.newInstance(Constructor.java:423)
	at org.openqa.selenium.remote.http.W3CHttpResponseCodec.createException(W3CHttpResponseCodec.java:187)
	at org.openqa.selenium.remote.http.W3CHttpResponseCodec.decode(W3CHttpResponseCodec.java:122)
	at org.openqa.selenium.remote.http.W3CHttpResponseCodec.decode(W3CHttpResponseCodec.java:49)
	at org.openqa.selenium.remote.HttpCommandExecutor.execute(HttpCommandExecutor.java:158)
	at org.openqa.selenium.remote.service.DriverCommandExecutor.execute(DriverCommandExecutor.java:83)
	at org.openqa.selenium.remote.RemoteWebDriver.execute(RemoteWebDriver.java:552)
	at org.openqa.selenium.remote.RemoteWebElement.execute(RemoteWebElement.java:285)
	at org.openqa.selenium.remote.RemoteWebElement.click(RemoteWebElement.java:84)
	at sun.reflect.GeneratedMethodAccessor3.invoke(Unknown Source)
	at sun.reflect.DelegatingMethodAccessorImpl.invoke(DelegatingMethodAccessorImpl.java:43)
	at java.lang.reflect.Method.invoke(Method.java:498)
	at org.openqa.selenium.support.pagefactory.internal.LocatingElementHandler.invoke(LocatingElementHandler.java:51)
	at com.sun.proxy.$Proxy11.click(Unknown Source)
	at Memberse.WebAppAutomation.wCreateAudioPostTest.wCreatAudioPostTestCase(wCreateAudioPostTest.java:98)
	at sun.reflect.NativeMethodAccessorImpl.invoke0(Native Method)
	at sun.reflect.NativeMethodAccessorImpl.invoke(NativeMethodAccessorImpl.java:62)
	at sun.reflect.DelegatingMethodAccessorImpl.invoke(DelegatingMethodAccessorImpl.java:43)
	at java.lang.reflect.Method.invoke(Method.java:498)
	at org.testng.internal.MethodInvocationHelper.invokeMethod(MethodInvocationHelper.java:132)
	at org.testng.internal.TestInvoker.invokeMethod(TestInvoker.java:599)
	at org.testng.internal.TestInvoker.invokeTestMethod(TestInvoker.java:174)
	at org.testng.internal.MethodRunner.runInSequence(MethodRunner.java:46)
	at org.testng.internal.TestInvoker$MethodInvocationAgent.invoke(TestInvoker.java:822)
	at org.testng.internal.TestInvoker.invokeTestMethods(TestInvoker.java:147)
	at org.testng.internal.TestMethodWorker.invokeTestMethods(TestMethodWorker.java:146)
	at org.testng.internal.TestMethodWorker.run(TestMethodWorker.java:128)
	at java.util.ArrayList.forEach(ArrayList.java:1259)
	at org.testng.TestRunner.privateRun(TestRunner.java:764)
	at org.testng.TestRunner.run(TestRunner.java:585)
	at org.testng.SuiteRunner.runTest(SuiteRunner.java:384)
	at org.testng.SuiteRunner.runSequentially(SuiteRunner.java:378)
	at org.testng.SuiteRunner.privateRun(SuiteRunner.java:337)
	at org.testng.SuiteRunner.run(SuiteRunner.java:286)
	at org.testng.SuiteRunnerWorker.runSuite(SuiteRunnerWorker.java:53)
	at org.testng.SuiteRunnerWorker.run(SuiteRunnerWorker.java:96)
	at org.testng.TestNG.runSuitesSequentially(TestNG.java:1218)
	at org.testng.TestNG.runSuitesLocally(TestNG.java:1140)
	at org.testng.TestNG.runSuites(TestNG.java:1069)
	at org.testng.TestNG.run(TestNG.java:1037)
	at org.testng.remote.AbstractRemoteTestNG.run(AbstractRemoteTestNG.java:115)
	at org.testng.remote.RemoteTestNG.initAndRun(RemoteTestNG.java:251)
	at org.testng.remote.RemoteTestNG.main(RemoteTestNG.java:77)
</pre></div></td>
<td>44</td>
<td>Memberse.WebAppAutomation.wCreateAudioPostTest@631330c</td></tr>
<tr>
<td title='Memberse.WebAppAutomation.wCreatePhotoPostTest.wCreatePhotoPostTestCase()'><b>wCreatePhotoPostTestCase</b><br>Test class: Memberse.WebAppAutomation.wCreatePhotoPostTest</td>
<td><div><pre>org.openqa.selenium.ElementClickInterceptedException: element click intercepted: Element &lt;span class=&quot;text-base font-medium leading-4&quot;&gt;...&lt;/span&gt; is not clickable at point (1086, 527). Other element would receive the click: &lt;div class=&quot;flex justify-center&quot;&gt;...&lt;/div&gt;
  (Session info: chrome=112.0.5615.137)
Build info: version: &apos;3.141.59&apos;, revision: &apos;e82be7d358&apos;, time: &apos;2018-11-14T08:17:03&apos;
System info: host: &apos;Kamals-MacBook-Pro.local&apos;, ip: &apos;2401:4900:598c:5681:8d9b:47fa:1340:3e41%en0&apos;, os.name: &apos;Mac OS X&apos;, os.arch: &apos;x86_64&apos;, os.version: &apos;13.3&apos;, java.version: &apos;1.8.0_351&apos;
Driver info: org.openqa.selenium.chrome.ChromeDriver
Capabilities {acceptInsecureCerts: false, browserName: chrome, browserVersion: 112.0.5615.137, chrome: {chromedriverVersion: 112.0.5615.49 (bd2a7bcb881c..., userDataDir: /var/folders/5t/qx22w3p15y9...}, goog:chromeOptions: {debuggerAddress: localhost:55837}, javascriptEnabled: true, networkConnectionEnabled: false, pageLoadStrategy: normal, platform: MAC, platformName: MAC, proxy: Proxy(), setWindowRect: true, strictFileInteractability: false, timeouts: {implicit: 0, pageLoad: 300000, script: 30000}, unhandledPromptBehavior: dismiss and notify, webauthn:extension:credBlob: true, webauthn:extension:largeBlob: true, webauthn:extension:minPinLength: true, webauthn:extension:prf: true, webauthn:virtualAuthenticators: true}
Session ID: 4ff5883e4d6e987ea0aec3a9dbd5533c
	at org.openqa.selenium.remote.http.W3CHttpResponseCodec.createException(W3CHttpResponseCodec.java:187)
	at org.openqa.selenium.remote.http.W3CHttpResponseCodec.decode(W3CHttpResponseCodec.java:122)
	at org.openqa.selenium.remote.http.W3CHttpResponseCodec.decode(W3CHttpResponseCodec.java:49)
	at org.openqa.selenium.remote.HttpCommandExecutor.execute(HttpCommandExecutor.java:158)
	at org.openqa.selenium.remote.service.DriverCommandExecutor.execute(DriverCommandExecutor.java:83)
	at org.openqa.selenium.remote.RemoteWebDriver.execute(RemoteWebDriver.java:552)
	at org.openqa.selenium.remote.RemoteWebElement.execute(RemoteWebElement.java:285)
	at org.openqa.selenium.remote.RemoteWebElement.click(RemoteWebElement.java:84)
	at org.openqa.selenium.support.pagefactory.internal.LocatingElementHandler.invoke(LocatingElementHandler.java:51)
	at com.sun.proxy.$Proxy11.click(Unknown Source)
	at Memberse.WebAppAutomation.wCreatePhotoPostTest.wCreatePhotoPostTestCase(wCreatePhotoPostTest.java:96)
	at java.util.ArrayList.forEach(ArrayList.java:1259)
... Removed 34 stack frames</pre></div><a href='#' onClick='toggleBox("stack-trace207514021", this, "Click to show all stack frames", "Click to hide stack frames")'>Click to show all stack frames</a>
<div class='stack-trace' id='stack-trace207514021'><pre>org.openqa.selenium.ElementClickInterceptedException: element click intercepted: Element &lt;span class=&quot;text-base font-medium leading-4&quot;&gt;...&lt;/span&gt; is not clickable at point (1086, 527). Other element would receive the click: &lt;div class=&quot;flex justify-center&quot;&gt;...&lt;/div&gt;
  (Session info: chrome=112.0.5615.137)
Build info: version: &apos;3.141.59&apos;, revision: &apos;e82be7d358&apos;, time: &apos;2018-11-14T08:17:03&apos;
System info: host: &apos;Kamals-MacBook-Pro.local&apos;, ip: &apos;2401:4900:598c:5681:8d9b:47fa:1340:3e41%en0&apos;, os.name: &apos;Mac OS X&apos;, os.arch: &apos;x86_64&apos;, os.version: &apos;13.3&apos;, java.version: &apos;1.8.0_351&apos;
Driver info: org.openqa.selenium.chrome.ChromeDriver
Capabilities {acceptInsecureCerts: false, browserName: chrome, browserVersion: 112.0.5615.137, chrome: {chromedriverVersion: 112.0.5615.49 (bd2a7bcb881c..., userDataDir: /var/folders/5t/qx22w3p15y9...}, goog:chromeOptions: {debuggerAddress: localhost:55837}, javascriptEnabled: true, networkConnectionEnabled: false, pageLoadStrategy: normal, platform: MAC, platformName: MAC, proxy: Proxy(), setWindowRect: true, strictFileInteractability: false, timeouts: {implicit: 0, pageLoad: 300000, script: 30000}, unhandledPromptBehavior: dismiss and notify, webauthn:extension:credBlob: true, webauthn:extension:largeBlob: true, webauthn:extension:minPinLength: true, webauthn:extension:prf: true, webauthn:virtualAuthenticators: true}
Session ID: 4ff5883e4d6e987ea0aec3a9dbd5533c
	at sun.reflect.NativeConstructorAccessorImpl.newInstance0(Native Method)
	at sun.reflect.NativeConstructorAccessorImpl.newInstance(NativeConstructorAccessorImpl.java:62)
	at sun.reflect.DelegatingConstructorAccessorImpl.newInstance(DelegatingConstructorAccessorImpl.java:45)
	at java.lang.reflect.Constructor.newInstance(Constructor.java:423)
	at org.openqa.selenium.remote.http.W3CHttpResponseCodec.createException(W3CHttpResponseCodec.java:187)
	at org.openqa.selenium.remote.http.W3CHttpResponseCodec.decode(W3CHttpResponseCodec.java:122)
	at org.openqa.selenium.remote.http.W3CHttpResponseCodec.decode(W3CHttpResponseCodec.java:49)
	at org.openqa.selenium.remote.HttpCommandExecutor.execute(HttpCommandExecutor.java:158)
	at org.openqa.selenium.remote.service.DriverCommandExecutor.execute(DriverCommandExecutor.java:83)
	at org.openqa.selenium.remote.RemoteWebDriver.execute(RemoteWebDriver.java:552)
	at org.openqa.selenium.remote.RemoteWebElement.execute(RemoteWebElement.java:285)
	at org.openqa.selenium.remote.RemoteWebElement.click(RemoteWebElement.java:84)
	at sun.reflect.GeneratedMethodAccessor3.invoke(Unknown Source)
	at sun.reflect.DelegatingMethodAccessorImpl.invoke(DelegatingMethodAccessorImpl.java:43)
	at java.lang.reflect.Method.invoke(Method.java:498)
	at org.openqa.selenium.support.pagefactory.internal.LocatingElementHandler.invoke(LocatingElementHandler.java:51)
	at com.sun.proxy.$Proxy11.click(Unknown Source)
	at Memberse.WebAppAutomation.wCreatePhotoPostTest.wCreatePhotoPostTestCase(wCreatePhotoPostTest.java:96)
	at sun.reflect.NativeMethodAccessorImpl.invoke0(Native Method)
	at sun.reflect.NativeMethodAccessorImpl.invoke(NativeMethodAccessorImpl.java:62)
	at sun.reflect.DelegatingMethodAccessorImpl.invoke(DelegatingMethodAccessorImpl.java:43)
	at java.lang.reflect.Method.invoke(Method.java:498)
	at org.testng.internal.MethodInvocationHelper.invokeMethod(MethodInvocationHelper.java:132)
	at org.testng.internal.TestInvoker.invokeMethod(TestInvoker.java:599)
	at org.testng.internal.TestInvoker.invokeTestMethod(TestInvoker.java:174)
	at org.testng.internal.MethodRunner.runInSequence(MethodRunner.java:46)
	at org.testng.internal.TestInvoker$MethodInvocationAgent.invoke(TestInvoker.java:822)
	at org.testng.internal.TestInvoker.invokeTestMethods(TestInvoker.java:147)
	at org.testng.internal.TestMethodWorker.invokeTestMethods(TestMethodWorker.java:146)
	at org.testng.internal.TestMethodWorker.run(TestMethodWorker.java:128)
	at java.util.ArrayList.forEach(ArrayList.java:1259)
	at org.testng.TestRunner.privateRun(TestRunner.java:764)
	at org.testng.TestRunner.run(TestRunner.java:585)
	at org.testng.SuiteRunner.runTest(SuiteRunner.java:384)
	at org.testng.SuiteRunner.runSequentially(SuiteRunner.java:378)
	at org.testng.SuiteRunner.privateRun(SuiteRunner.java:337)
	at org.testng.SuiteRunner.run(SuiteRunner.java:286)
	at org.testng.SuiteRunnerWorker.runSuite(SuiteRunnerWorker.java:53)
	at org.testng.SuiteRunnerWorker.run(SuiteRunnerWorker.java:96)
	at org.testng.TestNG.runSuitesSequentially(TestNG.java:1218)
	at org.testng.TestNG.runSuitesLocally(TestNG.java:1140)
	at org.testng.TestNG.runSuites(TestNG.java:1069)
	at org.testng.TestNG.run(TestNG.java:1037)
	at org.testng.remote.AbstractRemoteTestNG.run(AbstractRemoteTestNG.java:115)
	at org.testng.remote.RemoteTestNG.initAndRun(RemoteTestNG.java:251)
	at org.testng.remote.RemoteTestNG.main(RemoteTestNG.java:77)
</pre></div></td>
<td>40</td>
<td>Memberse.WebAppAutomation.wCreatePhotoPostTest@1a8a8f7c</td></tr>
<tr>
<td title='Memberse.WebAppAutomation.wFeedsFilterTest.wFeedsFilterTestCase()'><b>wFeedsFilterTestCase</b><br>Test class: Memberse.WebAppAutomation.wFeedsFilterTest</td>
<td><div><pre>java.lang.AssertionError: expected [kqatestc3&apos;s Community] but found [kqatestc5&apos;s Community]
	at Memberse.WebAppAutomation.wFeedsFilterTest.wFeedsFilterTestCase(wFeedsFilterTest.java:51)
	at java.util.ArrayList.forEach(ArrayList.java:1259)
... Removed 33 stack frames</pre></div><a href='#' onClick='toggleBox("stack-trace1839613624", this, "Click to show all stack frames", "Click to hide stack frames")'>Click to show all stack frames</a>
<div class='stack-trace' id='stack-trace1839613624'><pre>java.lang.AssertionError: expected [kqatestc3&apos;s Community] but found [kqatestc5&apos;s Community]
	at org.testng.Assert.fail(Assert.java:99)
	at org.testng.Assert.failNotEquals(Assert.java:1037)
	at org.testng.Assert.assertEqualsImpl(Assert.java:140)
	at org.testng.Assert.assertEquals(Assert.java:122)
	at org.testng.Assert.assertEquals(Assert.java:629)
	at org.testng.Assert.assertEquals(Assert.java:639)
	at Memberse.WebAppAutomation.wFeedsFilterTest.wFeedsFilterTestCase(wFeedsFilterTest.java:51)
	at sun.reflect.NativeMethodAccessorImpl.invoke0(Native Method)
	at sun.reflect.NativeMethodAccessorImpl.invoke(NativeMethodAccessorImpl.java:62)
	at sun.reflect.DelegatingMethodAccessorImpl.invoke(DelegatingMethodAccessorImpl.java:43)
	at java.lang.reflect.Method.invoke(Method.java:498)
	at org.testng.internal.MethodInvocationHelper.invokeMethod(MethodInvocationHelper.java:132)
	at org.testng.internal.TestInvoker.invokeMethod(TestInvoker.java:599)
	at org.testng.internal.TestInvoker.invokeTestMethod(TestInvoker.java:174)
	at org.testng.internal.MethodRunner.runInSequence(MethodRunner.java:46)
	at org.testng.internal.TestInvoker$MethodInvocationAgent.invoke(TestInvoker.java:822)
	at org.testng.internal.TestInvoker.invokeTestMethods(TestInvoker.java:147)
	at org.testng.internal.TestMethodWorker.invokeTestMethods(TestMethodWorker.java:146)
	at org.testng.internal.TestMethodWorker.run(TestMethodWorker.java:128)
	at java.util.ArrayList.forEach(ArrayList.java:1259)
	at org.testng.TestRunner.privateRun(TestRunner.java:764)
	at org.testng.TestRunner.run(TestRunner.java:585)
	at org.testng.SuiteRunner.runTest(SuiteRunner.java:384)
	at org.testng.SuiteRunner.runSequentially(SuiteRunner.java:378)
	at org.testng.SuiteRunner.privateRun(SuiteRunner.java:337)
	at org.testng.SuiteRunner.run(SuiteRunner.java:286)
	at org.testng.SuiteRunnerWorker.runSuite(SuiteRunnerWorker.java:53)
	at org.testng.SuiteRunnerWorker.run(SuiteRunnerWorker.java:96)
	at org.testng.TestNG.runSuitesSequentially(TestNG.java:1218)
	at org.testng.TestNG.runSuitesLocally(TestNG.java:1140)
	at org.testng.TestNG.runSuites(TestNG.java:1069)
	at org.testng.TestNG.run(TestNG.java:1037)
	at org.testng.remote.AbstractRemoteTestNG.run(AbstractRemoteTestNG.java:115)
	at org.testng.remote.RemoteTestNG.initAndRun(RemoteTestNG.java:251)
	at org.testng.remote.RemoteTestNG.main(RemoteTestNG.java:77)
</pre></div></td>
<td>41</td>
<td>Memberse.WebAppAutomation.wFeedsFilterTest@6f195bc3</td></tr>
<tr>
<td title='Memberse.WebAppAutomation.wLogintTest.wLogintTestCase()'><b>wLogintTestCase</b><br>Test class: Memberse.WebAppAutomation.wLogintTest</td>
<td><div><pre>org.openqa.selenium.ElementClickInterceptedException: element click intercepted: Element &lt;a class=&quot;disabled opacity-50 cursor-not-allowed text-gray-300 hover:bg-gray-700 hover:text-white group flex items-center px-2 py-2 text-base font-medium rounded-md&quot; href=&quot;/profile&quot;&gt;...&lt;/a&gt; is not clickable at point (128, 224). Other element would receive the click: &lt;nav class=&quot;mt-5 space-y-1 px-2&quot;&gt;...&lt;/nav&gt;
  (Session info: chrome=112.0.5615.137)
Build info: version: &apos;3.141.59&apos;, revision: &apos;e82be7d358&apos;, time: &apos;2018-11-14T08:17:03&apos;
System info: host: &apos;Kamals-MacBook-Pro.local&apos;, ip: &apos;2401:4900:598c:5681:8d9b:47fa:1340:3e41%en0&apos;, os.name: &apos;Mac OS X&apos;, os.arch: &apos;x86_64&apos;, os.version: &apos;13.3&apos;, java.version: &apos;1.8.0_351&apos;
Driver info: org.openqa.selenium.chrome.ChromeDriver
Capabilities {acceptInsecureCerts: false, browserName: chrome, browserVersion: 112.0.5615.137, chrome: {chromedriverVersion: 112.0.5615.49 (bd2a7bcb881c..., userDataDir: /var/folders/5t/qx22w3p15y9...}, goog:chromeOptions: {debuggerAddress: localhost:64316}, javascriptEnabled: true, networkConnectionEnabled: false, pageLoadStrategy: normal, platform: MAC, platformName: MAC, proxy: Proxy(), setWindowRect: true, strictFileInteractability: false, timeouts: {implicit: 0, pageLoad: 300000, script: 30000}, unhandledPromptBehavior: dismiss and notify, webauthn:extension:credBlob: true, webauthn:extension:largeBlob: true, webauthn:extension:minPinLength: true, webauthn:extension:prf: true, webauthn:virtualAuthenticators: true}
Session ID: 87e895ec1714df44e5df370365542771
	at org.openqa.selenium.remote.http.W3CHttpResponseCodec.createException(W3CHttpResponseCodec.java:187)
	at org.openqa.selenium.remote.http.W3CHttpResponseCodec.decode(W3CHttpResponseCodec.java:122)
	at org.openqa.selenium.remote.http.W3CHttpResponseCodec.decode(W3CHttpResponseCodec.java:49)
	at org.openqa.selenium.remote.HttpCommandExecutor.execute(HttpCommandExecutor.java:158)
	at org.openqa.selenium.remote.service.DriverCommandExecutor.execute(DriverCommandExecutor.java:83)
	at org.openqa.selenium.remote.RemoteWebDriver.execute(RemoteWebDriver.java:552)
	at org.openqa.selenium.remote.RemoteWebElement.execute(RemoteWebElement.java:285)
	at org.openqa.selenium.remote.RemoteWebElement.click(RemoteWebElement.java:84)
	at org.openqa.selenium.support.pagefactory.internal.LocatingElementHandler.invoke(LocatingElementHandler.java:51)
	at com.sun.proxy.$Proxy11.click(Unknown Source)
	at Memberse.WebAppAutomation.wLogintTest.wLogintTestCase(wLogintTest.java:39)
	at java.util.ArrayList.forEach(ArrayList.java:1259)
... Removed 34 stack frames</pre></div><a href='#' onClick='toggleBox("stack-trace519622537", this, "Click to show all stack frames", "Click to hide stack frames")'>Click to show all stack frames</a>
<div class='stack-trace' id='stack-trace519622537'><pre>org.openqa.selenium.ElementClickInterceptedException: element click intercepted: Element &lt;a class=&quot;disabled opacity-50 cursor-not-allowed text-gray-300 hover:bg-gray-700 hover:text-white group flex items-center px-2 py-2 text-base font-medium rounded-md&quot; href=&quot;/profile&quot;&gt;...&lt;/a&gt; is not clickable at point (128, 224). Other element would receive the click: &lt;nav class=&quot;mt-5 space-y-1 px-2&quot;&gt;...&lt;/nav&gt;
  (Session info: chrome=112.0.5615.137)
Build info: version: &apos;3.141.59&apos;, revision: &apos;e82be7d358&apos;, time: &apos;2018-11-14T08:17:03&apos;
System info: host: &apos;Kamals-MacBook-Pro.local&apos;, ip: &apos;2401:4900:598c:5681:8d9b:47fa:1340:3e41%en0&apos;, os.name: &apos;Mac OS X&apos;, os.arch: &apos;x86_64&apos;, os.version: &apos;13.3&apos;, java.version: &apos;1.8.0_351&apos;
Driver info: org.openqa.selenium.chrome.ChromeDriver
Capabilities {acceptInsecureCerts: false, browserName: chrome, browserVersion: 112.0.5615.137, chrome: {chromedriverVersion: 112.0.5615.49 (bd2a7bcb881c..., userDataDir: /var/folders/5t/qx22w3p15y9...}, goog:chromeOptions: {debuggerAddress: localhost:64316}, javascriptEnabled: true, networkConnectionEnabled: false, pageLoadStrategy: normal, platform: MAC, platformName: MAC, proxy: Proxy(), setWindowRect: true, strictFileInteractability: false, timeouts: {implicit: 0, pageLoad: 300000, script: 30000}, unhandledPromptBehavior: dismiss and notify, webauthn:extension:credBlob: true, webauthn:extension:largeBlob: true, webauthn:extension:minPinLength: true, webauthn:extension:prf: true, webauthn:virtualAuthenticators: true}
Session ID: 87e895ec1714df44e5df370365542771
	at sun.reflect.NativeConstructorAccessorImpl.newInstance0(Native Method)
	at sun.reflect.NativeConstructorAccessorImpl.newInstance(NativeConstructorAccessorImpl.java:62)
	at sun.reflect.DelegatingConstructorAccessorImpl.newInstance(DelegatingConstructorAccessorImpl.java:45)
	at java.lang.reflect.Constructor.newInstance(Constructor.java:423)
	at org.openqa.selenium.remote.http.W3CHttpResponseCodec.createException(W3CHttpResponseCodec.java:187)
	at org.openqa.selenium.remote.http.W3CHttpResponseCodec.decode(W3CHttpResponseCodec.java:122)
	at org.openqa.selenium.remote.http.W3CHttpResponseCodec.decode(W3CHttpResponseCodec.java:49)
	at org.openqa.selenium.remote.HttpCommandExecutor.execute(HttpCommandExecutor.java:158)
	at org.openqa.selenium.remote.service.DriverCommandExecutor.execute(DriverCommandExecutor.java:83)
	at org.openqa.selenium.remote.RemoteWebDriver.execute(RemoteWebDriver.java:552)
	at org.openqa.selenium.remote.RemoteWebElement.execute(RemoteWebElement.java:285)
	at org.openqa.selenium.remote.RemoteWebElement.click(RemoteWebElement.java:84)
	at sun.reflect.GeneratedMethodAccessor3.invoke(Unknown Source)
	at sun.reflect.DelegatingMethodAccessorImpl.invoke(DelegatingMethodAccessorImpl.java:43)
	at java.lang.reflect.Method.invoke(Method.java:498)
	at org.openqa.selenium.support.pagefactory.internal.LocatingElementHandler.invoke(LocatingElementHandler.java:51)
	at com.sun.proxy.$Proxy11.click(Unknown Source)
	at Memberse.WebAppAutomation.wLogintTest.wLogintTestCase(wLogintTest.java:39)
	at sun.reflect.NativeMethodAccessorImpl.invoke0(Native Method)
	at sun.reflect.NativeMethodAccessorImpl.invoke(NativeMethodAccessorImpl.java:62)
	at sun.reflect.DelegatingMethodAccessorImpl.invoke(DelegatingMethodAccessorImpl.java:43)
	at java.lang.reflect.Method.invoke(Method.java:498)
	at org.testng.internal.MethodInvocationHelper.invokeMethod(MethodInvocationHelper.java:132)
	at org.testng.internal.TestInvoker.invokeMethod(TestInvoker.java:599)
	at org.testng.internal.TestInvoker.invokeTestMethod(TestInvoker.java:174)
	at org.testng.internal.MethodRunner.runInSequence(MethodRunner.java:46)
	at org.testng.internal.TestInvoker$MethodInvocationAgent.invoke(TestInvoker.java:822)
	at org.testng.internal.TestInvoker.invokeTestMethods(TestInvoker.java:147)
	at org.testng.internal.TestMethodWorker.invokeTestMethods(TestMethodWorker.java:146)
	at org.testng.internal.TestMethodWorker.run(TestMethodWorker.java:128)
	at java.util.ArrayList.forEach(ArrayList.java:1259)
	at org.testng.TestRunner.privateRun(TestRunner.java:764)
	at org.testng.TestRunner.run(TestRunner.java:585)
	at org.testng.SuiteRunner.runTest(SuiteRunner.java:384)
	at org.testng.SuiteRunner.runSequentially(SuiteRunner.java:378)
	at org.testng.SuiteRunner.privateRun(SuiteRunner.java:337)
	at org.testng.SuiteRunner.run(SuiteRunner.java:286)
	at org.testng.SuiteRunnerWorker.runSuite(SuiteRunnerWorker.java:53)
	at org.testng.SuiteRunnerWorker.run(SuiteRunnerWorker.java:96)
	at org.testng.TestNG.runSuitesSequentially(TestNG.java:1218)
	at org.testng.TestNG.runSuitesLocally(TestNG.java:1140)
	at org.testng.TestNG.runSuites(TestNG.java:1069)
	at org.testng.TestNG.run(TestNG.java:1037)
	at org.testng.remote.AbstractRemoteTestNG.run(AbstractRemoteTestNG.java:115)
	at org.testng.remote.RemoteTestNG.initAndRun(RemoteTestNG.java:251)
	at org.testng.remote.RemoteTestNG.main(RemoteTestNG.java:77)
</pre></div></td>
<td>24</td>
<td>Memberse.WebAppAutomation.wLogintTest@3dfc5fb8</td></tr>
<tr>
<td title='Memberse.WebAppAutomation.wPostHistoryEditTest.wPostHistoryEditTestCase()'><b>wPostHistoryEditTestCase</b><br>Test class: Memberse.WebAppAutomation.wPostHistoryEditTest</td>
<td><div><pre>org.openqa.selenium.TimeoutException: Expected condition failed: waiting for element to be clickable: Proxy element for: DefaultElementLocator &apos;By.xpath: //p[contains(text(),&apos;Post History&apos;)]&apos; (tried for 60 second(s) with 500 milliseconds interval)
	at org.openqa.selenium.support.ui.WebDriverWait.timeoutException(WebDriverWait.java:95)
	at org.openqa.selenium.support.ui.FluentWait.until(FluentWait.java:272)
	at Memberse.WebAppAutomation.wPostHistoryEditTest.wPostHistoryEditTestCase(wPostHistoryEditTest.java:46)
	at java.util.ArrayList.forEach(ArrayList.java:1259)
Caused by: org.openqa.selenium.NoSuchElementException: no such element: Unable to locate element: {&quot;method&quot;:&quot;xpath&quot;,&quot;selector&quot;:&quot;//p[contains(text(),&apos;Post History&apos;)]&quot;}
  (Session info: chrome=112.0.5615.137)
For documentation on this error, please visit: https://www.seleniumhq.org/exceptions/no_such_element.html
Build info: version: &apos;3.141.59&apos;, revision: &apos;e82be7d358&apos;, time: &apos;2018-11-14T08:17:03&apos;
System info: host: &apos;Kamals-MacBook-Pro.local&apos;, ip: &apos;2401:4900:598c:5681:8d9b:47fa:1340:3e41%en0&apos;, os.name: &apos;Mac OS X&apos;, os.arch: &apos;x86_64&apos;, os.version: &apos;13.3&apos;, java.version: &apos;1.8.0_351&apos;
Driver info: org.openqa.selenium.chrome.ChromeDriver
Capabilities {acceptInsecureCerts: false, browserName: chrome, browserVersion: 112.0.5615.137, chrome: {chromedriverVersion: 112.0.5615.49 (bd2a7bcb881c..., userDataDir: /var/folders/5t/qx22w3p15y9...}, goog:chromeOptions: {debuggerAddress: localhost:60557}, javascriptEnabled: true, networkConnectionEnabled: false, pageLoadStrategy: normal, platform: MAC, platformName: MAC, proxy: Proxy(), setWindowRect: true, strictFileInteractability: false, timeouts: {implicit: 0, pageLoad: 300000, script: 30000}, unhandledPromptBehavior: dismiss and notify, webauthn:extension:credBlob: true, webauthn:extension:largeBlob: true, webauthn:extension:minPinLength: true, webauthn:extension:prf: true, webauthn:virtualAuthenticators: true}
Session ID: a16dfad5e43f9c050ec067f66cd88262
*** Element info: {Using=xpath, value=//p[contains(text(),&apos;Post History&apos;)]}
	at org.openqa.selenium.remote.http.W3CHttpResponseCodec.createException(W3CHttpResponseCodec.java:187)
	at org.openqa.selenium.remote.http.W3CHttpResponseCodec.decode(W3CHttpResponseCodec.java:122)
	at org.openqa.selenium.remote.http.W3CHttpResponseCodec.decode(W3CHttpResponseCodec.java:49)
	at org.openqa.selenium.remote.HttpCommandExecutor.execute(HttpCommandExecutor.java:158)
	at org.openqa.selenium.remote.service.DriverCommandExecutor.execute(DriverCommandExecutor.java:83)
	at org.openqa.selenium.remote.RemoteWebDriver.execute(RemoteWebDriver.java:552)
	at org.openqa.selenium.remote.RemoteWebDriver.findElement(RemoteWebDriver.java:323)
	at org.openqa.selenium.remote.RemoteWebDriver.findElementByXPath(RemoteWebDriver.java:428)
	at org.openqa.selenium.By$ByXPath.findElement(By.java:353)
	at org.openqa.selenium.remote.RemoteWebDriver.findElement(RemoteWebDriver.java:315)
	at org.openqa.selenium.support.pagefactory.DefaultElementLocator.findElement(DefaultElementLocator.java:69)
	at org.openqa.selenium.support.pagefactory.internal.LocatingElementHandler.invoke(LocatingElementHandler.java:38)
	at com.sun.proxy.$Proxy11.isDisplayed(Unknown Source)
	at org.openqa.selenium.support.ui.ExpectedConditions.elementIfVisible(ExpectedConditions.java:314)
	at org.openqa.selenium.support.ui.ExpectedConditions.access$000(ExpectedConditions.java:43)
	at org.openqa.selenium.support.ui.ExpectedConditions$10.apply(ExpectedConditions.java:300)
	at org.openqa.selenium.support.ui.ExpectedConditions$10.apply(ExpectedConditions.java:297)
	at org.openqa.selenium.support.ui.ExpectedConditions$23.apply(ExpectedConditions.java:670)
	at org.openqa.selenium.support.ui.ExpectedConditions$23.apply(ExpectedConditions.java:666)
	at org.openqa.selenium.support.ui.FluentWait.until(FluentWait.java:249)
	... 29 more
... Removed 31 stack frames</pre></div><a href='#' onClick='toggleBox("stack-trace1915885313", this, "Click to show all stack frames", "Click to hide stack frames")'>Click to show all stack frames</a>
<div class='stack-trace' id='stack-trace1915885313'><pre>org.openqa.selenium.TimeoutException: Expected condition failed: waiting for element to be clickable: Proxy element for: DefaultElementLocator &apos;By.xpath: //p[contains(text(),&apos;Post History&apos;)]&apos; (tried for 60 second(s) with 500 milliseconds interval)
	at org.openqa.selenium.support.ui.WebDriverWait.timeoutException(WebDriverWait.java:95)
	at org.openqa.selenium.support.ui.FluentWait.until(FluentWait.java:272)
	at Memberse.WebAppAutomation.wPostHistoryEditTest.wPostHistoryEditTestCase(wPostHistoryEditTest.java:46)
	at sun.reflect.NativeMethodAccessorImpl.invoke0(Native Method)
	at sun.reflect.NativeMethodAccessorImpl.invoke(NativeMethodAccessorImpl.java:62)
	at sun.reflect.DelegatingMethodAccessorImpl.invoke(DelegatingMethodAccessorImpl.java:43)
	at java.lang.reflect.Method.invoke(Method.java:498)
	at org.testng.internal.MethodInvocationHelper.invokeMethod(MethodInvocationHelper.java:132)
	at org.testng.internal.TestInvoker.invokeMethod(TestInvoker.java:599)
	at org.testng.internal.TestInvoker.invokeTestMethod(TestInvoker.java:174)
	at org.testng.internal.MethodRunner.runInSequence(MethodRunner.java:46)
	at org.testng.internal.TestInvoker$MethodInvocationAgent.invoke(TestInvoker.java:822)
	at org.testng.internal.TestInvoker.invokeTestMethods(TestInvoker.java:147)
	at org.testng.internal.TestMethodWorker.invokeTestMethods(TestMethodWorker.java:146)
	at org.testng.internal.TestMethodWorker.run(TestMethodWorker.java:128)
	at java.util.ArrayList.forEach(ArrayList.java:1259)
	at org.testng.TestRunner.privateRun(TestRunner.java:764)
	at org.testng.TestRunner.run(TestRunner.java:585)
	at org.testng.SuiteRunner.runTest(SuiteRunner.java:384)
	at org.testng.SuiteRunner.runSequentially(SuiteRunner.java:378)
	at org.testng.SuiteRunner.privateRun(SuiteRunner.java:337)
	at org.testng.SuiteRunner.run(SuiteRunner.java:286)
	at org.testng.SuiteRunnerWorker.runSuite(SuiteRunnerWorker.java:53)
	at org.testng.SuiteRunnerWorker.run(SuiteRunnerWorker.java:96)
	at org.testng.TestNG.runSuitesSequentially(TestNG.java:1218)
	at org.testng.TestNG.runSuitesLocally(TestNG.java:1140)
	at org.testng.TestNG.runSuites(TestNG.java:1069)
	at org.testng.TestNG.run(TestNG.java:1037)
	at org.testng.remote.AbstractRemoteTestNG.run(AbstractRemoteTestNG.java:115)
	at org.testng.remote.RemoteTestNG.initAndRun(RemoteTestNG.java:251)
	at org.testng.remote.RemoteTestNG.main(RemoteTestNG.java:77)
Caused by: org.openqa.selenium.NoSuchElementException: no such element: Unable to locate element: {&quot;method&quot;:&quot;xpath&quot;,&quot;selector&quot;:&quot;//p[contains(text(),&apos;Post History&apos;)]&quot;}
  (Session info: chrome=112.0.5615.137)
For documentation on this error, please visit: https://www.seleniumhq.org/exceptions/no_such_element.html
Build info: version: &apos;3.141.59&apos;, revision: &apos;e82be7d358&apos;, time: &apos;2018-11-14T08:17:03&apos;
System info: host: &apos;Kamals-MacBook-Pro.local&apos;, ip: &apos;2401:4900:598c:5681:8d9b:47fa:1340:3e41%en0&apos;, os.name: &apos;Mac OS X&apos;, os.arch: &apos;x86_64&apos;, os.version: &apos;13.3&apos;, java.version: &apos;1.8.0_351&apos;
Driver info: org.openqa.selenium.chrome.ChromeDriver
Capabilities {acceptInsecureCerts: false, browserName: chrome, browserVersion: 112.0.5615.137, chrome: {chromedriverVersion: 112.0.5615.49 (bd2a7bcb881c..., userDataDir: /var/folders/5t/qx22w3p15y9...}, goog:chromeOptions: {debuggerAddress: localhost:60557}, javascriptEnabled: true, networkConnectionEnabled: false, pageLoadStrategy: normal, platform: MAC, platformName: MAC, proxy: Proxy(), setWindowRect: true, strictFileInteractability: false, timeouts: {implicit: 0, pageLoad: 300000, script: 30000}, unhandledPromptBehavior: dismiss and notify, webauthn:extension:credBlob: true, webauthn:extension:largeBlob: true, webauthn:extension:minPinLength: true, webauthn:extension:prf: true, webauthn:virtualAuthenticators: true}
Session ID: a16dfad5e43f9c050ec067f66cd88262
*** Element info: {Using=xpath, value=//p[contains(text(),&apos;Post History&apos;)]}
	at sun.reflect.NativeConstructorAccessorImpl.newInstance0(Native Method)
	at sun.reflect.NativeConstructorAccessorImpl.newInstance(NativeConstructorAccessorImpl.java:62)
	at sun.reflect.DelegatingConstructorAccessorImpl.newInstance(DelegatingConstructorAccessorImpl.java:45)
	at java.lang.reflect.Constructor.newInstance(Constructor.java:423)
	at org.openqa.selenium.remote.http.W3CHttpResponseCodec.createException(W3CHttpResponseCodec.java:187)
	at org.openqa.selenium.remote.http.W3CHttpResponseCodec.decode(W3CHttpResponseCodec.java:122)
	at org.openqa.selenium.remote.http.W3CHttpResponseCodec.decode(W3CHttpResponseCodec.java:49)
	at org.openqa.selenium.remote.HttpCommandExecutor.execute(HttpCommandExecutor.java:158)
	at org.openqa.selenium.remote.service.DriverCommandExecutor.execute(DriverCommandExecutor.java:83)
	at org.openqa.selenium.remote.RemoteWebDriver.execute(RemoteWebDriver.java:552)
	at org.openqa.selenium.remote.RemoteWebDriver.findElement(RemoteWebDriver.java:323)
	at org.openqa.selenium.remote.RemoteWebDriver.findElementByXPath(RemoteWebDriver.java:428)
	at org.openqa.selenium.By$ByXPath.findElement(By.java:353)
	at org.openqa.selenium.remote.RemoteWebDriver.findElement(RemoteWebDriver.java:315)
	at org.openqa.selenium.support.pagefactory.DefaultElementLocator.findElement(DefaultElementLocator.java:69)
	at org.openqa.selenium.support.pagefactory.internal.LocatingElementHandler.invoke(LocatingElementHandler.java:38)
	at com.sun.proxy.$Proxy11.isDisplayed(Unknown Source)
	at org.openqa.selenium.support.ui.ExpectedConditions.elementIfVisible(ExpectedConditions.java:314)
	at org.openqa.selenium.support.ui.ExpectedConditions.access$000(ExpectedConditions.java:43)
	at org.openqa.selenium.support.ui.ExpectedConditions$10.apply(ExpectedConditions.java:300)
	at org.openqa.selenium.support.ui.ExpectedConditions$10.apply(ExpectedConditions.java:297)
	at org.openqa.selenium.support.ui.ExpectedConditions$23.apply(ExpectedConditions.java:670)
	at org.openqa.selenium.support.ui.ExpectedConditions$23.apply(ExpectedConditions.java:666)
	at org.openqa.selenium.support.ui.FluentWait.until(FluentWait.java:249)
	... 29 more
</pre></div></td>
<td>147</td>
<td>Memberse.WebAppAutomation.wPostHistoryEditTest@5bb21b69</td></tr>
<tr>
<td title='Memberse.WebAppAutomation.wSignupTest.wSignupTestCase()'><b>wSignupTestCase</b><br>Test class: Memberse.WebAppAutomation.wSignupTest</td>
<td><div><pre>org.openqa.selenium.TimeoutException: Expected condition failed: waiting for element to be clickable: By.xpath: (//span[contains(text(), &apos;Next&apos;)])[3] (tried for 60 second(s) with 500 milliseconds interval)
	at org.openqa.selenium.support.ui.WebDriverWait.timeoutException(WebDriverWait.java:95)
	at org.openqa.selenium.support.ui.FluentWait.until(FluentWait.java:272)
	at Memberse.WebAppAutomation.wSignupTest.wSignupTestCase(wSignupTest.java:91)
	at java.util.ArrayList.forEach(ArrayList.java:1259)
Caused by: org.openqa.selenium.NoSuchElementException: no such element: Unable to locate element: {&quot;method&quot;:&quot;xpath&quot;,&quot;selector&quot;:&quot;(//span[contains(text(), &apos;Next&apos;)])[3]&quot;}
  (Session info: chrome=112.0.5615.137)
For documentation on this error, please visit: https://www.seleniumhq.org/exceptions/no_such_element.html
Build info: version: &apos;3.141.59&apos;, revision: &apos;e82be7d358&apos;, time: &apos;2018-11-14T08:17:03&apos;
System info: host: &apos;Kamals-MacBook-Pro.local&apos;, ip: &apos;2401:4900:598c:5681:8d9b:47fa:1340:3e41%en0&apos;, os.name: &apos;Mac OS X&apos;, os.arch: &apos;x86_64&apos;, os.version: &apos;13.3&apos;, java.version: &apos;1.8.0_351&apos;
Driver info: org.openqa.selenium.chrome.ChromeDriver
Capabilities {acceptInsecureCerts: false, browserName: chrome, browserVersion: 112.0.5615.137, chrome: {chromedriverVersion: 112.0.5615.49 (bd2a7bcb881c..., userDataDir: /var/folders/5t/qx22w3p15y9...}, goog:chromeOptions: {debuggerAddress: localhost:64669}, javascriptEnabled: true, networkConnectionEnabled: false, pageLoadStrategy: normal, platform: MAC, platformName: MAC, proxy: Proxy(), setWindowRect: true, strictFileInteractability: false, timeouts: {implicit: 0, pageLoad: 300000, script: 30000}, unhandledPromptBehavior: dismiss and notify, webauthn:extension:credBlob: true, webauthn:extension:largeBlob: true, webauthn:extension:minPinLength: true, webauthn:extension:prf: true, webauthn:virtualAuthenticators: true}
Session ID: 86baa94f65ceddea3952cabc9a30df26
*** Element info: {Using=xpath, value=(//span[contains(text(), &apos;Next&apos;)])[3]}
	at org.openqa.selenium.remote.http.W3CHttpResponseCodec.createException(W3CHttpResponseCodec.java:187)
	at org.openqa.selenium.remote.http.W3CHttpResponseCodec.decode(W3CHttpResponseCodec.java:122)
	at org.openqa.selenium.remote.http.W3CHttpResponseCodec.decode(W3CHttpResponseCodec.java:49)
	at org.openqa.selenium.remote.HttpCommandExecutor.execute(HttpCommandExecutor.java:158)
	at org.openqa.selenium.remote.service.DriverCommandExecutor.execute(DriverCommandExecutor.java:83)
	at org.openqa.selenium.remote.RemoteWebDriver.execute(RemoteWebDriver.java:552)
	at org.openqa.selenium.remote.RemoteWebDriver.findElement(RemoteWebDriver.java:323)
	at org.openqa.selenium.remote.RemoteWebDriver.findElementByXPath(RemoteWebDriver.java:428)
	at org.openqa.selenium.By$ByXPath.findElement(By.java:353)
	at org.openqa.selenium.remote.RemoteWebDriver.findElement(RemoteWebDriver.java:315)
	at org.openqa.selenium.support.ui.ExpectedConditions$7.apply(ExpectedConditions.java:205)
	at org.openqa.selenium.support.ui.ExpectedConditions$7.apply(ExpectedConditions.java:201)
	at org.openqa.selenium.support.ui.ExpectedConditions$22.apply(ExpectedConditions.java:641)
	at org.openqa.selenium.support.ui.ExpectedConditions$22.apply(ExpectedConditions.java:638)
	at org.openqa.selenium.support.ui.FluentWait.until(FluentWait.java:249)
	... 29 more
... Removed 31 stack frames</pre></div><a href='#' onClick='toggleBox("stack-trace874458956", this, "Click to show all stack frames", "Click to hide stack frames")'>Click to show all stack frames</a>
<div class='stack-trace' id='stack-trace874458956'><pre>org.openqa.selenium.TimeoutException: Expected condition failed: waiting for element to be clickable: By.xpath: (//span[contains(text(), &apos;Next&apos;)])[3] (tried for 60 second(s) with 500 milliseconds interval)
	at org.openqa.selenium.support.ui.WebDriverWait.timeoutException(WebDriverWait.java:95)
	at org.openqa.selenium.support.ui.FluentWait.until(FluentWait.java:272)
	at Memberse.WebAppAutomation.wSignupTest.wSignupTestCase(wSignupTest.java:91)
	at sun.reflect.NativeMethodAccessorImpl.invoke0(Native Method)
	at sun.reflect.NativeMethodAccessorImpl.invoke(NativeMethodAccessorImpl.java:62)
	at sun.reflect.DelegatingMethodAccessorImpl.invoke(DelegatingMethodAccessorImpl.java:43)
	at java.lang.reflect.Method.invoke(Method.java:498)
	at org.testng.internal.MethodInvocationHelper.invokeMethod(MethodInvocationHelper.java:132)
	at org.testng.internal.TestInvoker.invokeMethod(TestInvoker.java:599)
	at org.testng.internal.TestInvoker.invokeTestMethod(TestInvoker.java:174)
	at org.testng.internal.MethodRunner.runInSequence(MethodRunner.java:46)
	at org.testng.internal.TestInvoker$MethodInvocationAgent.invoke(TestInvoker.java:822)
	at org.testng.internal.TestInvoker.invokeTestMethods(TestInvoker.java:147)
	at org.testng.internal.TestMethodWorker.invokeTestMethods(TestMethodWorker.java:146)
	at org.testng.internal.TestMethodWorker.run(TestMethodWorker.java:128)
	at java.util.ArrayList.forEach(ArrayList.java:1259)
	at org.testng.TestRunner.privateRun(TestRunner.java:764)
	at org.testng.TestRunner.run(TestRunner.java:585)
	at org.testng.SuiteRunner.runTest(SuiteRunner.java:384)
	at org.testng.SuiteRunner.runSequentially(SuiteRunner.java:378)
	at org.testng.SuiteRunner.privateRun(SuiteRunner.java:337)
	at org.testng.SuiteRunner.run(SuiteRunner.java:286)
	at org.testng.SuiteRunnerWorker.runSuite(SuiteRunnerWorker.java:53)
	at org.testng.SuiteRunnerWorker.run(SuiteRunnerWorker.java:96)
	at org.testng.TestNG.runSuitesSequentially(TestNG.java:1218)
	at org.testng.TestNG.runSuitesLocally(TestNG.java:1140)
	at org.testng.TestNG.runSuites(TestNG.java:1069)
	at org.testng.TestNG.run(TestNG.java:1037)
	at org.testng.remote.AbstractRemoteTestNG.run(AbstractRemoteTestNG.java:115)
	at org.testng.remote.RemoteTestNG.initAndRun(RemoteTestNG.java:251)
	at org.testng.remote.RemoteTestNG.main(RemoteTestNG.java:77)
Caused by: org.openqa.selenium.NoSuchElementException: no such element: Unable to locate element: {&quot;method&quot;:&quot;xpath&quot;,&quot;selector&quot;:&quot;(//span[contains(text(), &apos;Next&apos;)])[3]&quot;}
  (Session info: chrome=112.0.5615.137)
For documentation on this error, please visit: https://www.seleniumhq.org/exceptions/no_such_element.html
Build info: version: &apos;3.141.59&apos;, revision: &apos;e82be7d358&apos;, time: &apos;2018-11-14T08:17:03&apos;
System info: host: &apos;Kamals-MacBook-Pro.local&apos;, ip: &apos;2401:4900:598c:5681:8d9b:47fa:1340:3e41%en0&apos;, os.name: &apos;Mac OS X&apos;, os.arch: &apos;x86_64&apos;, os.version: &apos;13.3&apos;, java.version: &apos;1.8.0_351&apos;
Driver info: org.openqa.selenium.chrome.ChromeDriver
Capabilities {acceptInsecureCerts: false, browserName: chrome, browserVersion: 112.0.5615.137, chrome: {chromedriverVersion: 112.0.5615.49 (bd2a7bcb881c..., userDataDir: /var/folders/5t/qx22w3p15y9...}, goog:chromeOptions: {debuggerAddress: localhost:64669}, javascriptEnabled: true, networkConnectionEnabled: false, pageLoadStrategy: normal, platform: MAC, platformName: MAC, proxy: Proxy(), setWindowRect: true, strictFileInteractability: false, timeouts: {implicit: 0, pageLoad: 300000, script: 30000}, unhandledPromptBehavior: dismiss and notify, webauthn:extension:credBlob: true, webauthn:extension:largeBlob: true, webauthn:extension:minPinLength: true, webauthn:extension:prf: true, webauthn:virtualAuthenticators: true}
Session ID: 86baa94f65ceddea3952cabc9a30df26
*** Element info: {Using=xpath, value=(//span[contains(text(), &apos;Next&apos;)])[3]}
	at sun.reflect.NativeConstructorAccessorImpl.newInstance0(Native Method)
	at sun.reflect.NativeConstructorAccessorImpl.newInstance(NativeConstructorAccessorImpl.java:62)
	at sun.reflect.DelegatingConstructorAccessorImpl.newInstance(DelegatingConstructorAccessorImpl.java:45)
	at java.lang.reflect.Constructor.newInstance(Constructor.java:423)
	at org.openqa.selenium.remote.http.W3CHttpResponseCodec.createException(W3CHttpResponseCodec.java:187)
	at org.openqa.selenium.remote.http.W3CHttpResponseCodec.decode(W3CHttpResponseCodec.java:122)
	at org.openqa.selenium.remote.http.W3CHttpResponseCodec.decode(W3CHttpResponseCodec.java:49)
	at org.openqa.selenium.remote.HttpCommandExecutor.execute(HttpCommandExecutor.java:158)
	at org.openqa.selenium.remote.service.DriverCommandExecutor.execute(DriverCommandExecutor.java:83)
	at org.openqa.selenium.remote.RemoteWebDriver.execute(RemoteWebDriver.java:552)
	at org.openqa.selenium.remote.RemoteWebDriver.findElement(RemoteWebDriver.java:323)
	at org.openqa.selenium.remote.RemoteWebDriver.findElementByXPath(RemoteWebDriver.java:428)
	at org.openqa.selenium.By$ByXPath.findElement(By.java:353)
	at org.openqa.selenium.remote.RemoteWebDriver.findElement(RemoteWebDriver.java:315)
	at org.openqa.selenium.support.ui.ExpectedConditions$7.apply(ExpectedConditions.java:205)
	at org.openqa.selenium.support.ui.ExpectedConditions$7.apply(ExpectedConditions.java:201)
	at org.openqa.selenium.support.ui.ExpectedConditions$22.apply(ExpectedConditions.java:641)
	at org.openqa.selenium.support.ui.ExpectedConditions$22.apply(ExpectedConditions.java:638)
	at org.openqa.selenium.support.ui.FluentWait.until(FluentWait.java:249)
	... 29 more
</pre></div></td>
<td>198</td>
<td>Memberse.WebAppAutomation.wSignupTest@3cb1ffe6</td></tr>
</table><p>
<table width='100%' border='1' class='invocation-passed'>
<tr><td colspan='4' align='center'><b>PASSED TESTS</b></td></tr>
<tr><td><b>Test method</b></td>
<td width="30%"><b>Exception</b></td>
<td width="10%"><b>Time (seconds)</b></td>
<td><b>Instance</b></td>
</tr>
<tr>
<td title='Memberse.WebAppAutomation.wBecomeCreatorTest.wBecomeCreatorTestCase()'><b>wBecomeCreatorTestCase</b><br>Test class: Memberse.WebAppAutomation.wBecomeCreatorTest</td>
<td></td>
<td>51</td>
<td>Memberse.WebAppAutomation.wBecomeCreatorTest@7ce6a65d</td></tr>
<tr>
<td title='Memberse.WebAppAutomation.wChangePasswordTest.wChangePasswordTestCase()'><b>wChangePasswordTestCase</b><br>Test class: Memberse.WebAppAutomation.wChangePasswordTest</td>
<td></td>
<td>33</td>
<td>Memberse.WebAppAutomation.wChangePasswordTest@4abdb505</td></tr>
<tr>
<td title='Memberse.WebAppAutomation.wCommentOnPostTest.wCommentOnPostTestCase()'><b>wCommentOnPostTestCase</b><br>Test class: Memberse.WebAppAutomation.wCommentOnPostTest</td>
<td></td>
<td>54</td>
<td>Memberse.WebAppAutomation.wCommentOnPostTest@9a7504c</td></tr>
<tr>
<td title='Memberse.WebAppAutomation.wCommentOnPlaylistMediaTest.wCommentonPlaylistMediaTestCase()'><b>wCommentonPlaylistMediaTestCase</b><br>Test class: Memberse.WebAppAutomation.wCommentOnPlaylistMediaTest</td>
<td></td>
<td>86</td>
<td>Memberse.WebAppAutomation.wCommentOnPlaylistMediaTest@687080dc</td></tr>
<tr>
<td title='Memberse.WebAppAutomation.wCommunityEditInfoTest.wCommunityEditInfoTestCase()'><b>wCommunityEditInfoTestCase</b><br>Test class: Memberse.WebAppAutomation.wCommunityEditInfoTest</td>
<td></td>
<td>39</td>
<td>Memberse.WebAppAutomation.wCommunityEditInfoTest@587d1d39</td></tr>
<tr>
<td title='Memberse.WebAppAutomation.wCommunityGuidelinesTest.wCommunityGuidelinesTestCase()'><b>wCommunityGuidelinesTestCase</b><br>Test class: Memberse.WebAppAutomation.wCommunityGuidelinesTest</td>
<td></td>
<td>87</td>
<td>Memberse.WebAppAutomation.wCommunityGuidelinesTest@2173f6d9</td></tr>
<tr>
<td title='Memberse.WebAppAutomation.wCommunityPriceTest.wCommunityPriceTestCase()'><b>wCommunityPriceTestCase</b><br>Test class: Memberse.WebAppAutomation.wCommunityPriceTest</td>
<td></td>
<td>37</td>
<td>Memberse.WebAppAutomation.wCommunityPriceTest@58c1670b</td></tr>
<tr>
<td title='Memberse.WebAppAutomation.wCommunityTabsTest.wCommunityTabsTestCase()'><b>wCommunityTabsTestCase</b><br>Test class: Memberse.WebAppAutomation.wCommunityTabsTest</td>
<td></td>
<td>104</td>
<td>Memberse.WebAppAutomation.wCommunityTabsTest@2c039ac6</td></tr>
<tr>
<td title='Memberse.WebAppAutomation.wCreateVideoPostTest.wCreatVideoPostTestCase()'><b>wCreatVideoPostTestCase</b><br>Test class: Memberse.WebAppAutomation.wCreateVideoPostTest</td>
<td></td>
<td>77</td>
<td>Memberse.WebAppAutomation.wCreateVideoPostTest@2353b3e6</td></tr>
<tr>
<td title='Memberse.WebAppAutomation.wCreateAndDeletePlaylistTest.wCreateAndDeletePlaylistTestCase()'><b>wCreateAndDeletePlaylistTestCase</b><br>Test class: Memberse.WebAppAutomation.wCreateAndDeletePlaylistTest</td>
<td></td>
<td>65</td>
<td>Memberse.WebAppAutomation.wCreateAndDeletePlaylistTest@38bc8ab5</td></tr>
<tr>
<td title='Memberse.WebAppAutomation.wCreateTextPostTest.wCreateTextPostTestCase()'><b>wCreateTextPostTestCase</b><br>Test class: Memberse.WebAppAutomation.wCreateTextPostTest</td>
<td></td>
<td>40</td>
<td>Memberse.WebAppAutomation.wCreateTextPostTest@51e2adc7</td></tr>
<tr>
<td title='Memberse.WebAppAutomation.wCreatorBothSideMenusTest.wCreatorBothSideMenusTestCase()'><b>wCreatorBothSideMenusTestCase</b><br>Test class: Memberse.WebAppAutomation.wCreatorBothSideMenusTest</td>
<td></td>
<td>34</td>
<td>Memberse.WebAppAutomation.wCreatorBothSideMenusTest@42f93a98</td></tr>
<tr>
<td title='Memberse.WebAppAutomation.wDeleteAccountTest.wDeleteAccountTestCase()'><b>wDeleteAccountTestCase</b><br>Test class: Memberse.WebAppAutomation.wDeleteAccountTest</td>
<td></td>
<td>56</td>
<td>Memberse.WebAppAutomation.wDeleteAccountTest@4d50efb8</td></tr>
<tr>
<td title='Memberse.WebAppAutomation.wFeedsVerifyTest.wFeedsVerifyTestCase()'><b>wFeedsVerifyTestCase</b><br>Test class: Memberse.WebAppAutomation.wFeedsVerifyTest</td>
<td></td>
<td>88</td>
<td>Memberse.WebAppAutomation.wFeedsVerifyTest@7a187f14</td></tr>
<tr>
<td title='Memberse.WebAppAutomation.wFollowAndUnfollowCommunityTest.wFollowCommunityTestCase()'><b>wFollowCommunityTestCase</b><br>Test class: Memberse.WebAppAutomation.wFollowAndUnfollowCommunityTest</td>
<td></td>
<td>80</td>
<td>Memberse.WebAppAutomation.wFollowAndUnfollowCommunityTest@3234e239</td></tr>
<tr>
<td title='Memberse.WebAppAutomation.wJoinCommunityTest.wJoinCommunityTestCase()'><b>wJoinCommunityTestCase</b><br>Test class: Memberse.WebAppAutomation.wJoinCommunityTest</td>
<td></td>
<td>109</td>
<td>Memberse.WebAppAutomation.wJoinCommunityTest@fad74ee</td></tr>
<tr>
<td title='Memberse.WebAppAutomation.wLikePostTest.wLikePostTestCase()'><b>wLikePostTestCase</b><br>Test class: Memberse.WebAppAutomation.wLikePostTest</td>
<td></td>
<td>47</td>
<td>Memberse.WebAppAutomation.wLikePostTest@3e57cd70</td></tr>
<tr>
<td title='Memberse.WebAppAutomation.wLoginFormValidationTest.wLoginFormValidationTestCase()'><b>wLoginFormValidationTestCase</b><br>Test class: Memberse.WebAppAutomation.wLoginFormValidationTest</td>
<td></td>
<td>16</td>
<td>Memberse.WebAppAutomation.wLoginFormValidationTest@2a742aa2</td></tr>
<tr>
<td title='Memberse.WebAppAutomation.wLogoutTest.wLogoutTestCase()'><b>wLogoutTestCase</b><br>Test class: Memberse.WebAppAutomation.wLogoutTest</td>
<td></td>
<td>41</td>
<td>Memberse.WebAppAutomation.wLogoutTest@467aecef</td></tr>
<tr>
<td title='Memberse.WebAppAutomation.wMemberInfoTest.wMemberInfoTestCase()'><b>wMemberInfoTestCase</b><br>Test class: Memberse.WebAppAutomation.wMemberInfoTest</td>
<td></td>
<td>41</td>
<td>Memberse.WebAppAutomation.wMemberInfoTest@7a9273a8</td></tr>
<tr>
<td title='Memberse.WebAppAutomation.wMembershipsTest.wMembershipsTestCase()'><b>wMembershipsTestCase</b><br>Test class: Memberse.WebAppAutomation.wMembershipsTest</td>
<td></td>
<td>33</td>
<td>Memberse.WebAppAutomation.wMembershipsTest@26a7b76d</td></tr>
<tr>
<td title='Memberse.WebAppAutomation.wMyFansListTest.wMyFansListTestCase()'><b>wMyFansListTestCase</b><br>Test class: Memberse.WebAppAutomation.wMyFansListTest</td>
<td></td>
<td>36</td>
<td>Memberse.WebAppAutomation.wMyFansListTest@23d2a7e8</td></tr>
<tr>
<td title='Memberse.WebAppAutomation.wPlayAudioPostTest.wPlayAudioPostTestCase()'><b>wPlayAudioPostTestCase</b><br>Test class: Memberse.WebAppAutomation.wPlayAudioPostTest</td>
<td></td>
<td>39</td>
<td>Memberse.WebAppAutomation.wPlayAudioPostTest@436e852b</td></tr>
<tr>
<td title='Memberse.WebAppAutomation.wPlayVideoPostTest.wPlayVideoPostTestCase()'><b>wPlayVideoPostTestCase</b><br>Test class: Memberse.WebAppAutomation.wPlayVideoPostTest</td>
<td></td>
<td>39</td>
<td>Memberse.WebAppAutomation.wPlayVideoPostTest@27808f31</td></tr>
<tr>
<td title='Memberse.WebAppAutomation.wPostHistoryDeleteTest.wPostHistoryDeleteTestCase()'><b>wPostHistoryDeleteTestCase</b><br>Test class: Memberse.WebAppAutomation.wPostHistoryDeleteTest</td>
<td></td>
<td>43</td>
<td>Memberse.WebAppAutomation.wPostHistoryDeleteTest@6b9651f3</td></tr>
<tr>
<td title='Memberse.WebAppAutomation.wPostHistoryPlayTest.wPostHistoryPlayTestCase()'><b>wPostHistoryPlayTestCase</b><br>Test class: Memberse.WebAppAutomation.wPostHistoryPlayTest</td>
<td></td>
<td>56</td>
<td>Memberse.WebAppAutomation.wPostHistoryPlayTest@6b57696f</td></tr>
<tr>
<td title='Memberse.WebAppAutomation.wPrivacyPolicyTest.wPrivacyPolicyTestCase()'><b>wPrivacyPolicyTestCase</b><br>Test class: Memberse.WebAppAutomation.wPrivacyPolicyTest</td>
<td></td>
<td>89</td>
<td>Memberse.WebAppAutomation.wPrivacyPolicyTest@307f6b8c</td></tr>
<tr>
<td title='Memberse.WebAppAutomation.wReportCommunityTest.wReportCommunityTestCase()'><b>wReportCommunityTestCase</b><br>Test class: Memberse.WebAppAutomation.wReportCommunityTest</td>
<td></td>
<td>68</td>
<td>Memberse.WebAppAutomation.wReportCommunityTest@36b4cef0</td></tr>
<tr>
<td title='Memberse.WebAppAutomation.wReportPostTest.wReportPostTestCase()'><b>wReportPostTestCase</b><br>Test class: Memberse.WebAppAutomation.wReportPostTest</td>
<td></td>
<td>43</td>
<td>Memberse.WebAppAutomation.wReportPostTest@32d2fa64</td></tr>
<tr>
<td title='Memberse.WebAppAutomation.wSearchCreatorTest.wSearchCreatorTestCase()'><b>wSearchCreatorTestCase</b><br>Test class: Memberse.WebAppAutomation.wSearchCreatorTest</td>
<td></td>
<td>34</td>
<td>Memberse.WebAppAutomation.wSearchCreatorTest@c46bcd4</td></tr>
<tr>
<td title='Memberse.WebAppAutomation.wShareCommunityTest.wShareCommunityTestCase()'><b>wShareCommunityTestCase</b><br>Test class: Memberse.WebAppAutomation.wShareCommunityTest</td>
<td></td>
<td>68</td>
<td>Memberse.WebAppAutomation.wShareCommunityTest@3d921e20</td></tr>
<tr>
<td title='Memberse.WebAppAutomation.wSharePostTest.wSharePostTestCase()'><b>wSharePostTestCase</b><br>Test class: Memberse.WebAppAutomation.wSharePostTest</td>
<td></td>
<td>34</td>
<td>Memberse.WebAppAutomation.wSharePostTest@1d8d30f7</td></tr>
<tr>
<td title='Memberse.WebAppAutomation.wSignupFormValidationTest.wSignupFormValidationTestCase()'><b>wSignupFormValidationTestCase</b><br>Test class: Memberse.WebAppAutomation.wSignupFormValidationTest</td>
<td></td>
<td>13</td>
<td>Memberse.WebAppAutomation.wSignupFormValidationTest@7d70d1b1</td></tr>
<tr>
<td title='Memberse.WebAppAutomation.wSmokeTest.wSmokeTestCase()'><b>wSmokeTestCase</b><br>Test class: Memberse.WebAppAutomation.wSmokeTest</td>
<td></td>
<td>72</td>
<td>Memberse.WebAppAutomation.wSmokeTest@2a556333</td></tr>
<tr>
<td title='Memberse.WebAppAutomation.wTermsAndConditionsTest.wTermsAndConditionsTestCase()'><b>wTermsAndConditionsTestCase</b><br>Test class: Memberse.WebAppAutomation.wTermsAndConditionsTest</td>
<td></td>
<td>95</td>
<td>Memberse.WebAppAutomation.wTermsAndConditionsTest@7e2d773b</td></tr>
<tr>
<td title='Memberse.WebAppAutomation.wFollowAndUnfollowCommunityTest.wUnfollowCommunityTestCase()'><b>wUnfollowCommunityTestCase</b><br>Test class: Memberse.WebAppAutomation.wFollowAndUnfollowCommunityTest</td>
<td></td>
<td>44</td>
<td>Memberse.WebAppAutomation.wFollowAndUnfollowCommunityTest@3234e239</td></tr>
<tr>
<td title='Memberse.WebAppAutomation.wViewPhotoPostTest.wViewPhotoPostTestCase()'><b>wViewPhotoPostTestCase</b><br>Test class: Memberse.WebAppAutomation.wViewPhotoPostTest</td>
<td></td>
<td>39</td>
<td>Memberse.WebAppAutomation.wViewPhotoPostTest@37d31475</td></tr>
<tr>
<td title='Memberse.WebAppAutomation.wViewTextPostTest.wViewTextPostTestCase()'><b>wViewTextPostTestCase</b><br>Test class: Memberse.WebAppAutomation.wViewTextPostTest</td>
<td></td>
<td>39</td>
<td>Memberse.WebAppAutomation.wViewTextPostTest@1a1d6a08</td></tr>
</table><p>
</body>
</html>