<!DOCTYPE html PUBLIC "-//W3C//DTD XHTML 1.1//EN" "https://www.w3.org/TR/xhtml11/DTD/xhtml11.dtd">
<html xmlns="https://www.w3.org/1999/xhtml">
<head>
<meta http-equiv="content-type" content="text/html; charset=UTF-8"/>
<title>TestNG Report</title>
<style type="text/css">table {margin-bottom:10px;border-collapse:collapse;empty-cells:show}th,td {border:1px solid #009;padding:.25em .5em}th {vertical-align:bottom}td {vertical-align:top}table a {font-weight:bold}.stripe td {background-color: #E6EBF9}.num {text-align:right}.passedodd td {background-color: #3F3}.passedeven td {background-color: #0A0}.skippedodd td {background-color: #DDD}.skippedeven td {background-color: #CCC}.failedodd td,.attn {background-color: #F33}.failedeven td,.stripe .attn {background-color: #D00}.stacktrace {white-space:pre;font-family:monospace}.totop {font-size:85%;text-align:center;border-bottom:2px solid #000}.invisible {display:none}</style>
</head>
<body>
<table>
<tr><th>Test</th><th># Passed</th><th># Skipped</th><th># Retried</th><th># Failed</th><th>Time (ms)</th><th>Included Groups</th><th>Excluded Groups</th></tr>
<tr><th colspan="8">Suite</th></tr>
<tr><td><a href="#t0">Test</a></td><td class="num">20</td><td class="num">0</td><td class="num">0</td><td class="num attn">14</td><td class="num">1,940,236</td><td></td><td></td></tr>
</table>
<table id='summary'><thead><tr><th>Class</th><th>Method</th><th>Start</th><th>Time (ms)</th></tr></thead><tbody><tr><th colspan="4">Suite</th></tr></tbody><tbody id="t0"><tr><th colspan="4">Test &#8212; failed</th></tr><tr class="failedeven"><td rowspan="1">Memberse.WebAppAutomation.wAddMediaAndPlayPlaylistTest</td><td><a href="#m0">wAddMediaAndPlayPlaylistTestCase</a></td><td rowspan="1">1668758119440</td><td rowspan="1">109310</td></tr><tr class="failedodd"><td rowspan="1">Memberse.WebAppAutomation.wBecomeCreatorTest</td><td><a href="#m1">WBecomeCreatorTestCase</a></td><td rowspan="1">1668757484697</td><td rowspan="1">57139</td></tr><tr class="failedeven"><td rowspan="1">Memberse.WebAppAutomation.wChangePasswordTest</td><td><a href="#m2">wChangePasswordTestCase</a></td><td rowspan="1">1668757448829</td><td rowspan="1">30457</td></tr><tr class="failedodd"><td rowspan="1">Memberse.WebAppAutomation.wCreateAndDeletePlaylistTest</td><td><a href="#m3">wCreateAndDeletePlaylistTestCase</a></td><td rowspan="1">1668758008746</td><td rowspan="1">103749</td></tr><tr class="failedeven"><td rowspan="1">Memberse.WebAppAutomation.wCreatorEditInfoTest</td><td><a href="#m4">wCreatorEditInfoTestCase</a></td><td rowspan="1">1668757547377</td><td rowspan="1">34650</td></tr><tr class="failedodd"><td rowspan="1">Memberse.WebAppAutomation.wDeleteAccountTest</td><td><a href="#m5">wDeleteAccountTestCase</a></td><td rowspan="1">1668756888853</td><td rowspan="1">57904</td></tr><tr class="failedeven"><td rowspan="1">Memberse.WebAppAutomation.wLaunchMemberseInstagramTest</td><td><a href="#m6">wLaunchMemberseInstagramTestCase</a></td><td rowspan="1">1668757019112</td><td rowspan="1">45176</td></tr><tr class="failedodd"><td rowspan="1">Memberse.WebAppAutomation.wLogintTest</td><td><a href="#m7">wLogintTestCase</a></td><td rowspan="1">1668756608886</td><td rowspan="1">50806</td></tr><tr class="failedeven"><td rowspan="1">Memberse.WebAppAutomation.wLogoutTest</td><td><a href="#m8">wLogoutTestCase</a></td><td rowspan="1">1668756852206</td><td rowspan="1">30744</td></tr><tr class="failedodd"><td rowspan="1">Memberse.WebAppAutomation.wPostHistoryDeleteTest</td><td><a href="#m9">wPostHistoryDeleteTestCase</a></td><td rowspan="1">1668757756785</td><td rowspan="1">190795</td></tr><tr class="failedeven"><td rowspan="1">Memberse.WebAppAutomation.wPostHistoryEditTest</td><td><a href="#m10">wPostHistoryEditTestCase</a></td><td rowspan="1">1668757699679</td><td rowspan="1">51561</td></tr><tr class="failedodd"><td rowspan="1">Memberse.WebAppAutomation.wPostHistoryPlayTest</td><td><a href="#m11">wPostHistoryPlayTestCase</a></td><td rowspan="1">1668757632341</td><td rowspan="1">61741</td></tr><tr class="failedeven"><td rowspan="1">Memberse.WebAppAutomation.wSearchCreatorTest</td><td><a href="#m12">wSearchCreatorTestCase</a></td><td rowspan="1">1668757184694</td><td rowspan="1">55730</td></tr><tr class="failedodd"><td rowspan="1">Memberse.WebAppAutomation.wUserInfoTest</td><td><a href="#m13">wUserInfoTestCase</a></td><td rowspan="1">1668757245768</td><td rowspan="1">50118</td></tr><tr><th colspan="4">Test &#8212; passed</th></tr><tr class="passedeven"><td rowspan="1">Memberse.WebAppAutomation.wCommunityGuidelinesTest</td><td><a href="#m14">wCommunityGuidelinesTestCase</a></td><td rowspan="1">1668757141713</td><td rowspan="1">16806</td></tr><tr class="passedodd"><td rowspan="1">Memberse.WebAppAutomation.wCommunityPriceTest</td><td><a href="#m15">wCommunityPriceTestwCommunityPriceTestCase</a></td><td rowspan="1">1668757587666</td><td rowspan="1">39763</td></tr><tr class="passedeven"><td rowspan="1">Memberse.WebAppAutomation.wLaunchAppStoreTest</td><td><a href="#m16">wLaunchAppStoreTestCase</a></td><td rowspan="1">1668756953330</td><td rowspan="1">18172</td></tr><tr class="passedodd"><td rowspan="1">Memberse.WebAppAutomation.wLaunchGooglePlayTest</td><td><a href="#m17">wLaunchGooglePlayTestCase</a></td><td rowspan="1">1668756976111</td><td rowspan="1">19435</td></tr><tr class="passedeven"><td rowspan="1">Memberse.WebAppAutomation.wLaunchMemberseFacebookTest</td><td><a href="#m18">wLaunchMemberseFacebookTestCase</a></td><td rowspan="1">1668757001093</td><td rowspan="1">13316</td></tr><tr class="passedodd"><td rowspan="1">Memberse.WebAppAutomation.wLaunchMemberseLinkedInTest</td><td><a href="#m19">wLaunchMemberseLinkedInTestCase</a></td><td rowspan="1">1668757070328</td><td rowspan="1">20516</td></tr><tr class="passedeven"><td rowspan="1">Memberse.WebAppAutomation.wLaunchMemberseTikTokTest</td><td><a href="#m20">wLaunchMemberseTikTokTestCase</a></td><td rowspan="1">1668757095879</td><td rowspan="1">20335</td></tr><tr class="passedodd"><td rowspan="1">Memberse.WebAppAutomation.wLoginFormValidationTest</td><td><a href="#m21">wLoginFormValidationTestCase</a></td><td rowspan="1">1668756575303</td><td rowspan="1">28410</td></tr><tr class="passedeven"><td rowspan="1">Memberse.WebAppAutomation.wLoginWithFacebookTest</td><td><a href="#m22">wLoginWithFacebookTestCase</a></td><td rowspan="1">1668756737799</td><td rowspan="1">42801</td></tr><tr class="passedodd"><td rowspan="1">Memberse.WebAppAutomation.wLoginWithGoogleTest</td><td><a href="#m23">wLoginWithGoogleTestCase</a></td><td rowspan="1">1668756665437</td><td rowspan="1">66844</td></tr><tr class="passedeven"><td rowspan="1">Memberse.WebAppAutomation.wLoginwithAppleTest</td><td><a href="#m24">wLoginWithAppleTestCase</a></td><td rowspan="1">1668756786742</td><td rowspan="1">60346</td></tr><tr class="passedodd"><td rowspan="1">Memberse.WebAppAutomation.wMembershipsTest</td><td><a href="#m25">wMembershipsTestCase</a></td><td rowspan="1">1668757302227</td><td rowspan="1">81847</td></tr><tr class="passedeven"><td rowspan="1">Memberse.WebAppAutomation.wMyFansListTest</td><td><a href="#m26">wMyFansListTestCase</a></td><td rowspan="1">1668757962009</td><td rowspan="1">41571</td></tr><tr class="passedodd"><td rowspan="1">Memberse.WebAppAutomation.wPlaylistEditTest</td><td><a href="#m27">wPlaylistEditTestCase</a></td><td rowspan="1">1668758234396</td><td rowspan="1">148716</td></tr><tr class="passedeven"><td rowspan="1">Memberse.WebAppAutomation.wPrivacyPolicyTest</td><td><a href="#m28">wPrivacyPolicyTestCase</a></td><td rowspan="1">1668757164295</td><td rowspan="1">14729</td></tr><tr class="passedodd"><td rowspan="1">Memberse.WebAppAutomation.wRegisterFormValidationTest</td><td><a href="#m29">wRegisterFormValidationTestCase</a></td><td rowspan="1">1668756506238</td><td rowspan="1">28054</td></tr><tr class="passedeven"><td rowspan="1">Memberse.WebAppAutomation.wSignupTest</td><td><a href="#m30">wSignupTestCase</a></td><td rowspan="1">1668756541674</td><td rowspan="1">27623</td></tr><tr class="passedodd"><td rowspan="1">Memberse.WebAppAutomation.wSmokeTest</td><td><a href="#m31">wSmokeTestCase</a></td><td rowspan="1">1668756452454</td><td rowspan="1">47557</td></tr><tr class="passedeven"><td rowspan="1">Memberse.WebAppAutomation.wTermsAndConditionsTest</td><td><a href="#m32">wTermsAndConditionsTestCase</a></td><td rowspan="1">1668757121093</td><td rowspan="1">15725</td></tr><tr class="passedodd"><td rowspan="1">Memberse.WebAppAutomation.wWatchedHistoryTest</td><td><a href="#m33">wWatchedHistoryTestCase</a></td><td rowspan="1">1668757390553</td><td rowspan="1">52599</td></tr></tbody>
</table>
<h2>Test</h2><h3 id="m0">Memberse.WebAppAutomation.wAddMediaAndPlayPlaylistTest#wAddMediaAndPlayPlaylistTestCase</h3><table class="result"><tr><th>Exception</th></tr><tr><td><div class="stacktrace">org.openqa.selenium.NoSuchElementException: no such element: Unable to locate element: {&quot;method&quot;:&quot;css selector&quot;,&quot;selector&quot;:&quot;#__next &gt; div.h-full.text-neutral-9000.dark\:text-neutral-1000.custom-scroll &gt; div &gt; div.pl-64.flex.flex-col.flex-1 &gt; main &gt; div &gt; div.space-y-6.h-full &gt; div.flex.w-full &gt; div &gt; div.pb-10 &gt; div.flex-grow &gt; div &gt; div:nth-child(3) &gt; div &gt; div:nth-child(2) &gt; div.w-full.bg-neutral-1000.dark\:bg-purple-8000.shadow-sm.p-4.flex.space-x-2.h-28 &gt; div.flex.text-white &gt; div &gt; div &gt; button:nth-child(1) &gt; svg&quot;}
  (Session info: chrome=107.0.5304.110)
For documentation on this error, please visit: https://www.seleniumhq.org/exceptions/no_such_element.html
Build info: version: &apos;3.141.59&apos;, revision: &apos;e82be7d358&apos;, time: &apos;2018-11-14T08:17:03&apos;
System info: host: &apos;Kamals-MacBook-Pro.local&apos;, ip: &apos;fe80:0:0:0:c60:41f8:5238:ada6%en0&apos;, os.name: &apos;Mac OS X&apos;, os.arch: &apos;x86_64&apos;, os.version: &apos;10.16&apos;, java.version: &apos;15.0.1&apos;
Driver info: org.openqa.selenium.chrome.ChromeDriver
Capabilities {acceptInsecureCerts: false, browserName: chrome, browserVersion: 107.0.5304.110, chrome: {chromedriverVersion: 106.0.5249.61 (511755355844..., userDataDir: /var/folders/4f/ggkjk46s0lj...}, goog:chromeOptions: {debuggerAddress: localhost:62404}, javascriptEnabled: true, networkConnectionEnabled: false, pageLoadStrategy: normal, platform: MAC, platformName: MAC, proxy: Proxy(), setWindowRect: true, strictFileInteractability: false, timeouts: {implicit: 0, pageLoad: 300000, script: 30000}, unhandledPromptBehavior: dismiss and notify, webauthn:extension:credBlob: true, webauthn:extension:largeBlob: true, webauthn:virtualAuthenticators: true}
Session ID: c19b9d7ff1070334a25ad0dcf08be7c7
*** Element info: {Using=css selector, value=#__next &gt; div.h-full.text-neutral-9000.dark\:text-neutral-1000.custom-scroll &gt; div &gt; div.pl-64.flex.flex-col.flex-1 &gt; main &gt; div &gt; div.space-y-6.h-full &gt; div.flex.w-full &gt; div &gt; div.pb-10 &gt; div.flex-grow &gt; div &gt; div:nth-child(3) &gt; div &gt; div:nth-child(2) &gt; div.w-full.bg-neutral-1000.dark\:bg-purple-8000.shadow-sm.p-4.flex.space-x-2.h-28 &gt; div.flex.text-white &gt; div &gt; div &gt; button:nth-child(1) &gt; svg}
	at org.openqa.selenium.remote.http.W3CHttpResponseCodec.createException(W3CHttpResponseCodec.java:187)
	at org.openqa.selenium.remote.http.W3CHttpResponseCodec.decode(W3CHttpResponseCodec.java:122)
	at org.openqa.selenium.remote.http.W3CHttpResponseCodec.decode(W3CHttpResponseCodec.java:49)
	at org.openqa.selenium.remote.HttpCommandExecutor.execute(HttpCommandExecutor.java:158)
	at org.openqa.selenium.remote.service.DriverCommandExecutor.execute(DriverCommandExecutor.java:83)
	at org.openqa.selenium.remote.RemoteWebDriver.execute(RemoteWebDriver.java:552)
	at org.openqa.selenium.remote.RemoteWebDriver.findElement(RemoteWebDriver.java:323)
	at org.openqa.selenium.remote.RemoteWebDriver.findElementByCssSelector(RemoteWebDriver.java:420)
	at org.openqa.selenium.By$ByCssSelector.findElement(By.java:431)
	at org.openqa.selenium.remote.RemoteWebDriver.findElement(RemoteWebDriver.java:315)
	at org.openqa.selenium.support.pagefactory.DefaultElementLocator.findElement(DefaultElementLocator.java:69)
	at org.openqa.selenium.support.pagefactory.internal.LocatingElementHandler.invoke(LocatingElementHandler.java:38)
	at com.sun.proxy.$Proxy14.click(Unknown Source)
	at Memberse.WebAppAutomation.wAddMediaAndPlayPlaylistTest.wAddMediaAndPlayPlaylistTestCase(wAddMediaAndPlayPlaylistTest.java:112)
	at java.base/java.util.ArrayList.forEach(ArrayList.java:1511)
... Removed 32 stack frames</div></td></tr></table><p class="totop"><a href="#summary">back to summary</a></p>
<h3 id="m1">Memberse.WebAppAutomation.wBecomeCreatorTest#WBecomeCreatorTestCase</h3><table class="result"><tr><th>Exception</th></tr><tr><td><div class="stacktrace">org.openqa.selenium.NoSuchElementException: no such element: Unable to locate element: {&quot;method&quot;:&quot;xpath&quot;,&quot;selector&quot;:&quot;//*[@id=&quot;__next&quot;]/div[3]/div/div[3]/main/div/div[2]/div[1]/div/div/div[2]/div[2]/form/button/span&quot;}
  (Session info: chrome=107.0.5304.110)
For documentation on this error, please visit: https://www.seleniumhq.org/exceptions/no_such_element.html
Build info: version: &apos;3.141.59&apos;, revision: &apos;e82be7d358&apos;, time: &apos;2018-11-14T08:17:03&apos;
System info: host: &apos;Kamals-MacBook-Pro.local&apos;, ip: &apos;fe80:0:0:0:c60:41f8:5238:ada6%en0&apos;, os.name: &apos;Mac OS X&apos;, os.arch: &apos;x86_64&apos;, os.version: &apos;10.16&apos;, java.version: &apos;15.0.1&apos;
Driver info: org.openqa.selenium.chrome.ChromeDriver
Capabilities {acceptInsecureCerts: false, browserName: chrome, browserVersion: 107.0.5304.110, chrome: {chromedriverVersion: 106.0.5249.61 (511755355844..., userDataDir: /var/folders/4f/ggkjk46s0lj...}, goog:chromeOptions: {debuggerAddress: localhost:61896}, javascriptEnabled: true, networkConnectionEnabled: false, pageLoadStrategy: normal, platform: MAC, platformName: MAC, proxy: Proxy(), setWindowRect: true, strictFileInteractability: false, timeouts: {implicit: 0, pageLoad: 300000, script: 30000}, unhandledPromptBehavior: dismiss and notify, webauthn:extension:credBlob: true, webauthn:extension:largeBlob: true, webauthn:virtualAuthenticators: true}
Session ID: 2cb05e356b5ba78233f7aaaf84e8d3a9
*** Element info: {Using=xpath, value=//*[@id=&quot;__next&quot;]/div[3]/div/div[3]/main/div/div[2]/div[1]/div/div/div[2]/div[2]/form/button/span}
	at org.openqa.selenium.remote.http.W3CHttpResponseCodec.createException(W3CHttpResponseCodec.java:187)
	at org.openqa.selenium.remote.http.W3CHttpResponseCodec.decode(W3CHttpResponseCodec.java:122)
	at org.openqa.selenium.remote.http.W3CHttpResponseCodec.decode(W3CHttpResponseCodec.java:49)
	at org.openqa.selenium.remote.HttpCommandExecutor.execute(HttpCommandExecutor.java:158)
	at org.openqa.selenium.remote.service.DriverCommandExecutor.execute(DriverCommandExecutor.java:83)
	at org.openqa.selenium.remote.RemoteWebDriver.execute(RemoteWebDriver.java:552)
	at org.openqa.selenium.remote.RemoteWebDriver.findElement(RemoteWebDriver.java:323)
	at org.openqa.selenium.remote.RemoteWebDriver.findElementByXPath(RemoteWebDriver.java:428)
	at org.openqa.selenium.By$ByXPath.findElement(By.java:353)
	at org.openqa.selenium.remote.RemoteWebDriver.findElement(RemoteWebDriver.java:315)
	at org.openqa.selenium.support.pagefactory.DefaultElementLocator.findElement(DefaultElementLocator.java:69)
	at org.openqa.selenium.support.pagefactory.internal.LocatingElementHandler.invoke(LocatingElementHandler.java:38)
	at com.sun.proxy.$Proxy14.click(Unknown Source)
	at Memberse.WebAppAutomation.wBecomeCreatorTest.WBecomeCreatorTestCase(wBecomeCreatorTest.java:59)
	at java.base/java.util.ArrayList.forEach(ArrayList.java:1511)
... Removed 32 stack frames</div></td></tr></table><p class="totop"><a href="#summary">back to summary</a></p>
<h3 id="m2">Memberse.WebAppAutomation.wChangePasswordTest#wChangePasswordTestCase</h3><table class="result"><tr><th>Exception</th></tr><tr><td><div class="stacktrace">org.openqa.selenium.ElementClickInterceptedException: element click intercepted: Element &lt;a class=&quot;disabled px-3 text-neutral-1000 group flex items-center py-2 text-base font-medium hover:bg-neutral-8000&quot; href=&quot;/profile&quot;&gt;...&lt;/a&gt; is not clickable at point (128, 188). Other element would receive the click: &lt;div class=&quot;opacity-50 cursor-not-allowed&quot;&gt;...&lt;/div&gt;
  (Session info: chrome=107.0.5304.110)
Build info: version: &apos;3.141.59&apos;, revision: &apos;e82be7d358&apos;, time: &apos;2018-11-14T08:17:03&apos;
System info: host: &apos;Kamals-MacBook-Pro.local&apos;, ip: &apos;fe80:0:0:0:c60:41f8:5238:ada6%en0&apos;, os.name: &apos;Mac OS X&apos;, os.arch: &apos;x86_64&apos;, os.version: &apos;10.16&apos;, java.version: &apos;15.0.1&apos;
Driver info: org.openqa.selenium.chrome.ChromeDriver
Capabilities {acceptInsecureCerts: false, browserName: chrome, browserVersion: 107.0.5304.110, chrome: {chromedriverVersion: 106.0.5249.61 (511755355844..., userDataDir: /var/folders/4f/ggkjk46s0lj...}, goog:chromeOptions: {debuggerAddress: localhost:61860}, javascriptEnabled: true, networkConnectionEnabled: false, pageLoadStrategy: normal, platform: MAC, platformName: MAC, proxy: Proxy(), setWindowRect: true, strictFileInteractability: false, timeouts: {implicit: 0, pageLoad: 300000, script: 30000}, unhandledPromptBehavior: dismiss and notify, webauthn:extension:credBlob: true, webauthn:extension:largeBlob: true, webauthn:virtualAuthenticators: true}
Session ID: 04398bfbc361e09ee064fe17c86d2ed9
	at org.openqa.selenium.remote.http.W3CHttpResponseCodec.createException(W3CHttpResponseCodec.java:187)
	at org.openqa.selenium.remote.http.W3CHttpResponseCodec.decode(W3CHttpResponseCodec.java:122)
	at org.openqa.selenium.remote.http.W3CHttpResponseCodec.decode(W3CHttpResponseCodec.java:49)
	at org.openqa.selenium.remote.HttpCommandExecutor.execute(HttpCommandExecutor.java:158)
	at org.openqa.selenium.remote.service.DriverCommandExecutor.execute(DriverCommandExecutor.java:83)
	at org.openqa.selenium.remote.RemoteWebDriver.execute(RemoteWebDriver.java:552)
	at org.openqa.selenium.remote.RemoteWebElement.execute(RemoteWebElement.java:285)
	at org.openqa.selenium.remote.RemoteWebElement.click(RemoteWebElement.java:84)
	at org.openqa.selenium.support.pagefactory.internal.LocatingElementHandler.invoke(LocatingElementHandler.java:51)
	at com.sun.proxy.$Proxy14.click(Unknown Source)
	at Memberse.WebAppAutomation.wChangePasswordTest.wChangePasswordTestCase(wChangePasswordTest.java:32)
	at java.base/java.util.ArrayList.forEach(ArrayList.java:1511)
... Removed 35 stack frames</div></td></tr></table><p class="totop"><a href="#summary">back to summary</a></p>
<h3 id="m3">Memberse.WebAppAutomation.wCreateAndDeletePlaylistTest#wCreateAndDeletePlaylistTestCase</h3><table class="result"><tr><th>Exception</th></tr><tr><td><div class="stacktrace">org.openqa.selenium.NoSuchElementException: no such element: Unable to locate element: {&quot;method&quot;:&quot;css selector&quot;,&quot;selector&quot;:&quot;#__next &gt; div.h-full.text-neutral-9000.dark\:text-neutral-1000.custom-scroll &gt; div &gt; div.pl-64.flex.flex-col.flex-1 &gt; main &gt; div &gt; div.space-y-6.h-full &gt; div.flex.w-full &gt; div &gt; div.pb-10 &gt; div.flex-grow &gt; div.space-y-2 &gt; div:nth-child(7) &gt; div.flex.text-white &gt; div &gt; div &gt; button:nth-child(2) &gt; svg &gt; path&quot;}
  (Session info: chrome=107.0.5304.110)
For documentation on this error, please visit: https://www.seleniumhq.org/exceptions/no_such_element.html
Build info: version: &apos;3.141.59&apos;, revision: &apos;e82be7d358&apos;, time: &apos;2018-11-14T08:17:03&apos;
System info: host: &apos;Kamals-MacBook-Pro.local&apos;, ip: &apos;fe80:0:0:0:c60:41f8:5238:ada6%en0&apos;, os.name: &apos;Mac OS X&apos;, os.arch: &apos;x86_64&apos;, os.version: &apos;10.16&apos;, java.version: &apos;15.0.1&apos;
Driver info: org.openqa.selenium.chrome.ChromeDriver
Capabilities {acceptInsecureCerts: false, browserName: chrome, browserVersion: 107.0.5304.110, chrome: {chromedriverVersion: 106.0.5249.61 (511755355844..., userDataDir: /var/folders/4f/ggkjk46s0lj...}, goog:chromeOptions: {debuggerAddress: localhost:62327}, javascriptEnabled: true, networkConnectionEnabled: false, pageLoadStrategy: normal, platform: MAC, platformName: MAC, proxy: Proxy(), setWindowRect: true, strictFileInteractability: false, timeouts: {implicit: 0, pageLoad: 300000, script: 30000}, unhandledPromptBehavior: dismiss and notify, webauthn:extension:credBlob: true, webauthn:extension:largeBlob: true, webauthn:virtualAuthenticators: true}
Session ID: 32c6e2fd939db6fe509da1c3a5e4154b
*** Element info: {Using=css selector, value=#__next &gt; div.h-full.text-neutral-9000.dark\:text-neutral-1000.custom-scroll &gt; div &gt; div.pl-64.flex.flex-col.flex-1 &gt; main &gt; div &gt; div.space-y-6.h-full &gt; div.flex.w-full &gt; div &gt; div.pb-10 &gt; div.flex-grow &gt; div.space-y-2 &gt; div:nth-child(7) &gt; div.flex.text-white &gt; div &gt; div &gt; button:nth-child(2) &gt; svg &gt; path}
	at org.openqa.selenium.remote.http.W3CHttpResponseCodec.createException(W3CHttpResponseCodec.java:187)
	at org.openqa.selenium.remote.http.W3CHttpResponseCodec.decode(W3CHttpResponseCodec.java:122)
	at org.openqa.selenium.remote.http.W3CHttpResponseCodec.decode(W3CHttpResponseCodec.java:49)
	at org.openqa.selenium.remote.HttpCommandExecutor.execute(HttpCommandExecutor.java:158)
	at org.openqa.selenium.remote.service.DriverCommandExecutor.execute(DriverCommandExecutor.java:83)
	at org.openqa.selenium.remote.RemoteWebDriver.execute(RemoteWebDriver.java:552)
	at org.openqa.selenium.remote.RemoteWebDriver.findElement(RemoteWebDriver.java:323)
	at org.openqa.selenium.remote.RemoteWebDriver.findElementByCssSelector(RemoteWebDriver.java:420)
	at org.openqa.selenium.By$ByCssSelector.findElement(By.java:431)
	at org.openqa.selenium.remote.RemoteWebDriver.findElement(RemoteWebDriver.java:315)
	at org.openqa.selenium.support.pagefactory.DefaultElementLocator.findElement(DefaultElementLocator.java:69)
	at org.openqa.selenium.support.pagefactory.internal.LocatingElementHandler.invoke(LocatingElementHandler.java:38)
	at com.sun.proxy.$Proxy14.click(Unknown Source)
	at Memberse.WebAppAutomation.wCreateAndDeletePlaylistTest.wCreateAndDeletePlaylistTestCase(wCreateAndDeletePlaylistTest.java:107)
	at java.base/java.util.ArrayList.forEach(ArrayList.java:1511)
... Removed 32 stack frames</div></td></tr></table><p class="totop"><a href="#summary">back to summary</a></p>
<h3 id="m4">Memberse.WebAppAutomation.wCreatorEditInfoTest#wCreatorEditInfoTestCase</h3><table class="result"><tr><th>Exception</th></tr><tr><td><div class="stacktrace">java.lang.AssertionError: expected [kqatestc3&apos;s Channel] but found [kqatestc3&apos;s Community]
	at Memberse.WebAppAutomation.wCreatorEditInfoTest.wCreatorEditInfoTestCase(wCreatorEditInfoTest.java:44)
	at java.base/java.util.ArrayList.forEach(ArrayList.java:1511)
... Removed 33 stack frames</div></td></tr></table><p class="totop"><a href="#summary">back to summary</a></p>
<h3 id="m5">Memberse.WebAppAutomation.wDeleteAccountTest#wDeleteAccountTestCase</h3><table class="result"><tr><th>Exception</th></tr><tr><td><div class="stacktrace">org.openqa.selenium.NoSuchElementException: no such element: Unable to locate element: {&quot;method&quot;:&quot;xpath&quot;,&quot;selector&quot;:&quot;//*[@id=&quot;__next&quot;]/div[3]/div/div[3]/main/div/div[2]/div[1]/div/div/div[2]/div[2]/div/button/span&quot;}
  (Session info: chrome=107.0.5304.110)
For documentation on this error, please visit: https://www.seleniumhq.org/exceptions/no_such_element.html
Build info: version: &apos;3.141.59&apos;, revision: &apos;e82be7d358&apos;, time: &apos;2018-11-14T08:17:03&apos;
System info: host: &apos;Kamals-MacBook-Pro.local&apos;, ip: &apos;fe80:0:0:0:c60:41f8:5238:ada6%en0&apos;, os.name: &apos;Mac OS X&apos;, os.arch: &apos;x86_64&apos;, os.version: &apos;10.16&apos;, java.version: &apos;15.0.1&apos;
Driver info: org.openqa.selenium.chrome.ChromeDriver
Capabilities {acceptInsecureCerts: false, browserName: chrome, browserVersion: 107.0.5304.110, chrome: {chromedriverVersion: 106.0.5249.61 (511755355844..., userDataDir: /var/folders/4f/ggkjk46s0lj...}, goog:chromeOptions: {debuggerAddress: localhost:61247}, javascriptEnabled: true, networkConnectionEnabled: false, pageLoadStrategy: normal, platform: MAC, platformName: MAC, proxy: Proxy(), setWindowRect: true, strictFileInteractability: false, timeouts: {implicit: 0, pageLoad: 300000, script: 30000}, unhandledPromptBehavior: dismiss and notify, webauthn:extension:credBlob: true, webauthn:extension:largeBlob: true, webauthn:virtualAuthenticators: true}
Session ID: 786554bb90e7d42363c597ee63b0dc16
*** Element info: {Using=xpath, value=//*[@id=&quot;__next&quot;]/div[3]/div/div[3]/main/div/div[2]/div[1]/div/div/div[2]/div[2]/div/button/span}
	at org.openqa.selenium.remote.http.W3CHttpResponseCodec.createException(W3CHttpResponseCodec.java:187)
	at org.openqa.selenium.remote.http.W3CHttpResponseCodec.decode(W3CHttpResponseCodec.java:122)
	at org.openqa.selenium.remote.http.W3CHttpResponseCodec.decode(W3CHttpResponseCodec.java:49)
	at org.openqa.selenium.remote.HttpCommandExecutor.execute(HttpCommandExecutor.java:158)
	at org.openqa.selenium.remote.service.DriverCommandExecutor.execute(DriverCommandExecutor.java:83)
	at org.openqa.selenium.remote.RemoteWebDriver.execute(RemoteWebDriver.java:552)
	at org.openqa.selenium.remote.RemoteWebDriver.findElement(RemoteWebDriver.java:323)
	at org.openqa.selenium.remote.RemoteWebDriver.findElementByXPath(RemoteWebDriver.java:428)
	at org.openqa.selenium.By$ByXPath.findElement(By.java:353)
	at org.openqa.selenium.remote.RemoteWebDriver.findElement(RemoteWebDriver.java:315)
	at Memberse.WebAppAutomation.wDeleteAccountTest.wDeleteAccountTestCase(wDeleteAccountTest.java:48)
	at java.base/java.util.ArrayList.forEach(ArrayList.java:1511)
... Removed 32 stack frames</div></td></tr></table><p class="totop"><a href="#summary">back to summary</a></p>
<h3 id="m6">Memberse.WebAppAutomation.wLaunchMemberseInstagramTest#wLaunchMemberseInstagramTestCase</h3><table class="result"><tr><th>Exception</th></tr><tr><td><div class="stacktrace">org.openqa.selenium.NoSuchElementException: no such element: Unable to locate element: {&quot;method&quot;:&quot;xpath&quot;,&quot;selector&quot;:&quot;/html/body/div[1]/div/div/div/div[1]/div/div/div/div[1]/section/main/div/header/section/div[1]/a/h2&quot;}
  (Session info: chrome=107.0.5304.110)
For documentation on this error, please visit: https://www.seleniumhq.org/exceptions/no_such_element.html
Build info: version: &apos;3.141.59&apos;, revision: &apos;e82be7d358&apos;, time: &apos;2018-11-14T08:17:03&apos;
System info: host: &apos;Kamals-MacBook-Pro.local&apos;, ip: &apos;fe80:0:0:0:c60:41f8:5238:ada6%en0&apos;, os.name: &apos;Mac OS X&apos;, os.arch: &apos;x86_64&apos;, os.version: &apos;10.16&apos;, java.version: &apos;15.0.1&apos;
Driver info: org.openqa.selenium.chrome.ChromeDriver
Capabilities {acceptInsecureCerts: false, browserName: chrome, browserVersion: 107.0.5304.110, chrome: {chromedriverVersion: 106.0.5249.61 (511755355844..., userDataDir: /var/folders/4f/ggkjk46s0lj...}, goog:chromeOptions: {debuggerAddress: localhost:61415}, javascriptEnabled: true, networkConnectionEnabled: false, pageLoadStrategy: normal, platform: MAC, platformName: MAC, proxy: Proxy(), setWindowRect: true, strictFileInteractability: false, timeouts: {implicit: 0, pageLoad: 300000, script: 30000}, unhandledPromptBehavior: dismiss and notify, webauthn:extension:credBlob: true, webauthn:extension:largeBlob: true, webauthn:virtualAuthenticators: true}
Session ID: 3701360bd99177f1334bfffbef411913
*** Element info: {Using=xpath, value=/html/body/div[1]/div/div/div/div[1]/div/div/div/div[1]/section/main/div/header/section/div[1]/a/h2}
	at org.openqa.selenium.remote.http.W3CHttpResponseCodec.createException(W3CHttpResponseCodec.java:187)
	at org.openqa.selenium.remote.http.W3CHttpResponseCodec.decode(W3CHttpResponseCodec.java:122)
	at org.openqa.selenium.remote.http.W3CHttpResponseCodec.decode(W3CHttpResponseCodec.java:49)
	at org.openqa.selenium.remote.HttpCommandExecutor.execute(HttpCommandExecutor.java:158)
	at org.openqa.selenium.remote.service.DriverCommandExecutor.execute(DriverCommandExecutor.java:83)
	at org.openqa.selenium.remote.RemoteWebDriver.execute(RemoteWebDriver.java:552)
	at org.openqa.selenium.remote.RemoteWebDriver.findElement(RemoteWebDriver.java:323)
	at org.openqa.selenium.remote.RemoteWebDriver.findElementByXPath(RemoteWebDriver.java:428)
	at org.openqa.selenium.By$ByXPath.findElement(By.java:353)
	at org.openqa.selenium.remote.RemoteWebDriver.findElement(RemoteWebDriver.java:315)
	at Memberse.WebAppAutomation.wLaunchMemberseInstagramTest.wLaunchMemberseInstagramTestCase(wLaunchMemberseInstagramTest.java:32)
	at java.base/java.util.ArrayList.forEach(ArrayList.java:1511)
... Removed 32 stack frames</div></td></tr></table><p class="totop"><a href="#summary">back to summary</a></p>
<h3 id="m7">Memberse.WebAppAutomation.wLogintTest#wLogintTestCase</h3><table class="result"><tr><th>Exception</th></tr><tr><td><div class="stacktrace">org.openqa.selenium.NoSuchElementException: no such element: Unable to locate element: {&quot;method&quot;:&quot;xpath&quot;,&quot;selector&quot;:&quot;//*[@id=&quot;__next&quot;]/div[3]/div/div[3]/main/div/div[2]/div[1]/div/div/div/div[2]/div/div[1]/form/div[2]/div/label&quot;}
  (Session info: chrome=107.0.5304.110)
For documentation on this error, please visit: https://www.seleniumhq.org/exceptions/no_such_element.html
Build info: version: &apos;3.141.59&apos;, revision: &apos;e82be7d358&apos;, time: &apos;2018-11-14T08:17:03&apos;
System info: host: &apos;Kamals-MacBook-Pro.local&apos;, ip: &apos;fe80:0:0:0:c60:41f8:5238:ada6%en0&apos;, os.name: &apos;Mac OS X&apos;, os.arch: &apos;x86_64&apos;, os.version: &apos;10.16&apos;, java.version: &apos;15.0.1&apos;
Driver info: org.openqa.selenium.chrome.ChromeDriver
Capabilities {acceptInsecureCerts: false, browserName: chrome, browserVersion: 107.0.5304.110, chrome: {chromedriverVersion: 106.0.5249.61 (511755355844..., userDataDir: /var/folders/4f/ggkjk46s0lj...}, goog:chromeOptions: {debuggerAddress: localhost:60936}, javascriptEnabled: true, networkConnectionEnabled: false, pageLoadStrategy: normal, platform: MAC, platformName: MAC, proxy: Proxy(), setWindowRect: true, strictFileInteractability: false, timeouts: {implicit: 0, pageLoad: 300000, script: 30000}, unhandledPromptBehavior: dismiss and notify, webauthn:extension:credBlob: true, webauthn:extension:largeBlob: true, webauthn:virtualAuthenticators: true}
Session ID: ceb526f21b5255e4f5d93c392bc9d21d
*** Element info: {Using=xpath, value=//*[@id=&quot;__next&quot;]/div[3]/div/div[3]/main/div/div[2]/div[1]/div/div/div/div[2]/div/div[1]/form/div[2]/div/label}
	at org.openqa.selenium.remote.http.W3CHttpResponseCodec.createException(W3CHttpResponseCodec.java:187)
	at org.openqa.selenium.remote.http.W3CHttpResponseCodec.decode(W3CHttpResponseCodec.java:122)
	at org.openqa.selenium.remote.http.W3CHttpResponseCodec.decode(W3CHttpResponseCodec.java:49)
	at org.openqa.selenium.remote.HttpCommandExecutor.execute(HttpCommandExecutor.java:158)
	at org.openqa.selenium.remote.service.DriverCommandExecutor.execute(DriverCommandExecutor.java:83)
	at org.openqa.selenium.remote.RemoteWebDriver.execute(RemoteWebDriver.java:552)
	at org.openqa.selenium.remote.RemoteWebDriver.findElement(RemoteWebDriver.java:323)
	at org.openqa.selenium.remote.RemoteWebDriver.findElementByXPath(RemoteWebDriver.java:428)
	at org.openqa.selenium.By$ByXPath.findElement(By.java:353)
	at org.openqa.selenium.remote.RemoteWebDriver.findElement(RemoteWebDriver.java:315)
	at Memberse.WebAppAutomation.wLogintTest.wLogintTestCase(wLogintTest.java:28)
	at java.base/java.util.ArrayList.forEach(ArrayList.java:1511)
... Removed 32 stack frames</div></td></tr></table><p class="totop"><a href="#summary">back to summary</a></p>
<h3 id="m8">Memberse.WebAppAutomation.wLogoutTest#wLogoutTestCase</h3><table class="result"><tr><th>Exception</th></tr><tr><td><div class="stacktrace">org.openqa.selenium.ElementClickInterceptedException: element click intercepted: Element &lt;a class=&quot;disabled px-3 text-neutral-1000 group flex items-center py-2 text-base font-medium hover:bg-neutral-8000&quot; href=&quot;/content-creator&quot;&gt;...&lt;/a&gt; is not clickable at point (128, 232). Other element would receive the click: &lt;div class=&quot;opacity-50 cursor-not-allowed&quot;&gt;...&lt;/div&gt;
  (Session info: chrome=107.0.5304.110)
Build info: version: &apos;3.141.59&apos;, revision: &apos;e82be7d358&apos;, time: &apos;2018-11-14T08:17:03&apos;
System info: host: &apos;Kamals-MacBook-Pro.local&apos;, ip: &apos;fe80:0:0:0:c60:41f8:5238:ada6%en0&apos;, os.name: &apos;Mac OS X&apos;, os.arch: &apos;x86_64&apos;, os.version: &apos;10.16&apos;, java.version: &apos;15.0.1&apos;
Driver info: org.openqa.selenium.chrome.ChromeDriver
Capabilities {acceptInsecureCerts: false, browserName: chrome, browserVersion: 107.0.5304.110, chrome: {chromedriverVersion: 106.0.5249.61 (511755355844..., userDataDir: /var/folders/4f/ggkjk46s0lj...}, goog:chromeOptions: {debuggerAddress: localhost:61215}, javascriptEnabled: true, networkConnectionEnabled: false, pageLoadStrategy: normal, platform: MAC, platformName: MAC, proxy: Proxy(), setWindowRect: true, strictFileInteractability: false, timeouts: {implicit: 0, pageLoad: 300000, script: 30000}, unhandledPromptBehavior: dismiss and notify, webauthn:extension:credBlob: true, webauthn:extension:largeBlob: true, webauthn:virtualAuthenticators: true}
Session ID: b2588967ebdf28a221d6160ae19b4d93
	at org.openqa.selenium.remote.http.W3CHttpResponseCodec.createException(W3CHttpResponseCodec.java:187)
	at org.openqa.selenium.remote.http.W3CHttpResponseCodec.decode(W3CHttpResponseCodec.java:122)
	at org.openqa.selenium.remote.http.W3CHttpResponseCodec.decode(W3CHttpResponseCodec.java:49)
	at org.openqa.selenium.remote.HttpCommandExecutor.execute(HttpCommandExecutor.java:158)
	at org.openqa.selenium.remote.service.DriverCommandExecutor.execute(DriverCommandExecutor.java:83)
	at org.openqa.selenium.remote.RemoteWebDriver.execute(RemoteWebDriver.java:552)
	at org.openqa.selenium.remote.RemoteWebElement.execute(RemoteWebElement.java:285)
	at org.openqa.selenium.remote.RemoteWebElement.click(RemoteWebElement.java:84)
	at Memberse.WebAppAutomation.wLogoutTest.wLogoutTestCase(wLogoutTest.java:26)
	at java.base/java.util.ArrayList.forEach(ArrayList.java:1511)
... Removed 32 stack frames</div></td></tr></table><p class="totop"><a href="#summary">back to summary</a></p>
<h3 id="m9">Memberse.WebAppAutomation.wPostHistoryDeleteTest#wPostHistoryDeleteTestCase</h3><table class="result"><tr><th>Exception</th></tr><tr><td><div class="stacktrace">org.openqa.selenium.NoSuchElementException: no such element: Unable to locate element: {&quot;method&quot;:&quot;xpath&quot;,&quot;selector&quot;:&quot;//*[@id=&quot;__next&quot;]/div[3]/div/div[3]/main/div/div[2]/div[1]/div/div[2]/div[2]/div/div[3]/div/div[1]/div[2]/div[3]/div/div/button[2]&quot;}
  (Session info: chrome=107.0.5304.110)
For documentation on this error, please visit: https://www.seleniumhq.org/exceptions/no_such_element.html
Build info: version: &apos;3.141.59&apos;, revision: &apos;e82be7d358&apos;, time: &apos;2018-11-14T08:17:03&apos;
System info: host: &apos;Kamals-MacBook-Pro.local&apos;, ip: &apos;fe80:0:0:0:c60:41f8:5238:ada6%en0&apos;, os.name: &apos;Mac OS X&apos;, os.arch: &apos;x86_64&apos;, os.version: &apos;10.16&apos;, java.version: &apos;15.0.1&apos;
Driver info: org.openqa.selenium.chrome.ChromeDriver
Capabilities {acceptInsecureCerts: false, browserName: chrome, browserVersion: 107.0.5304.110, chrome: {chromedriverVersion: 106.0.5249.61 (511755355844..., userDataDir: /var/folders/4f/ggkjk46s0lj...}, goog:chromeOptions: {debuggerAddress: localhost:62163}, javascriptEnabled: true, networkConnectionEnabled: false, pageLoadStrategy: normal, platform: MAC, platformName: MAC, proxy: Proxy(), setWindowRect: true, strictFileInteractability: false, timeouts: {implicit: 0, pageLoad: 300000, script: 30000}, unhandledPromptBehavior: dismiss and notify, webauthn:extension:credBlob: true, webauthn:extension:largeBlob: true, webauthn:virtualAuthenticators: true}
Session ID: c06c912e0a16c5a70b53c20e2a3e6195
*** Element info: {Using=xpath, value=//*[@id=&quot;__next&quot;]/div[3]/div/div[3]/main/div/div[2]/div[1]/div/div[2]/div[2]/div/div[3]/div/div[1]/div[2]/div[3]/div/div/button[2]}
	at org.openqa.selenium.remote.http.W3CHttpResponseCodec.createException(W3CHttpResponseCodec.java:187)
	at org.openqa.selenium.remote.http.W3CHttpResponseCodec.decode(W3CHttpResponseCodec.java:122)
	at org.openqa.selenium.remote.http.W3CHttpResponseCodec.decode(W3CHttpResponseCodec.java:49)
	at org.openqa.selenium.remote.HttpCommandExecutor.execute(HttpCommandExecutor.java:158)
	at org.openqa.selenium.remote.service.DriverCommandExecutor.execute(DriverCommandExecutor.java:83)
	at org.openqa.selenium.remote.RemoteWebDriver.execute(RemoteWebDriver.java:552)
	at org.openqa.selenium.remote.RemoteWebDriver.findElement(RemoteWebDriver.java:323)
	at org.openqa.selenium.remote.RemoteWebDriver.findElementByXPath(RemoteWebDriver.java:428)
	at org.openqa.selenium.By$ByXPath.findElement(By.java:353)
	at org.openqa.selenium.remote.RemoteWebDriver.findElement(RemoteWebDriver.java:315)
	at org.openqa.selenium.support.pagefactory.DefaultElementLocator.findElement(DefaultElementLocator.java:69)
	at org.openqa.selenium.support.pagefactory.internal.LocatingElementHandler.invoke(LocatingElementHandler.java:38)
	at com.sun.proxy.$Proxy14.click(Unknown Source)
	at Memberse.WebAppAutomation.wPostHistoryDeleteTest.wPostHistoryDeleteTestCase(wPostHistoryDeleteTest.java:36)
	at java.base/java.util.ArrayList.forEach(ArrayList.java:1511)
... Removed 32 stack frames</div></td></tr></table><p class="totop"><a href="#summary">back to summary</a></p>
<h3 id="m10">Memberse.WebAppAutomation.wPostHistoryEditTest#wPostHistoryEditTestCase</h3><table class="result"><tr><th>Exception</th></tr><tr><td><div class="stacktrace">org.openqa.selenium.NoSuchElementException: no such element: Unable to locate element: {&quot;method&quot;:&quot;xpath&quot;,&quot;selector&quot;:&quot;//*[@id=&quot;__next&quot;]/div[3]/div/div[3]/main/div/div[2]/div[1]/div/div[2]/div[2]/div/div[3]/div/div[1]/div[2]/div[3]/div/div/button[1]&quot;}
  (Session info: chrome=107.0.5304.110)
For documentation on this error, please visit: https://www.seleniumhq.org/exceptions/no_such_element.html
Build info: version: &apos;3.141.59&apos;, revision: &apos;e82be7d358&apos;, time: &apos;2018-11-14T08:17:03&apos;
System info: host: &apos;Kamals-MacBook-Pro.local&apos;, ip: &apos;fe80:0:0:0:c60:41f8:5238:ada6%en0&apos;, os.name: &apos;Mac OS X&apos;, os.arch: &apos;x86_64&apos;, os.version: &apos;10.16&apos;, java.version: &apos;15.0.1&apos;
Driver info: org.openqa.selenium.chrome.ChromeDriver
Capabilities {acceptInsecureCerts: false, browserName: chrome, browserVersion: 107.0.5304.110, chrome: {chromedriverVersion: 106.0.5249.61 (511755355844..., userDataDir: /var/folders/4f/ggkjk46s0lj...}, goog:chromeOptions: {debuggerAddress: localhost:62110}, javascriptEnabled: true, networkConnectionEnabled: false, pageLoadStrategy: normal, platform: MAC, platformName: MAC, proxy: Proxy(), setWindowRect: true, strictFileInteractability: false, timeouts: {implicit: 0, pageLoad: 300000, script: 30000}, unhandledPromptBehavior: dismiss and notify, webauthn:extension:credBlob: true, webauthn:extension:largeBlob: true, webauthn:virtualAuthenticators: true}
Session ID: 7e7cb54c085bc3402ae8eba3c48dde34
*** Element info: {Using=xpath, value=//*[@id=&quot;__next&quot;]/div[3]/div/div[3]/main/div/div[2]/div[1]/div/div[2]/div[2]/div/div[3]/div/div[1]/div[2]/div[3]/div/div/button[1]}
	at org.openqa.selenium.remote.http.W3CHttpResponseCodec.createException(W3CHttpResponseCodec.java:187)
	at org.openqa.selenium.remote.http.W3CHttpResponseCodec.decode(W3CHttpResponseCodec.java:122)
	at org.openqa.selenium.remote.http.W3CHttpResponseCodec.decode(W3CHttpResponseCodec.java:49)
	at org.openqa.selenium.remote.HttpCommandExecutor.execute(HttpCommandExecutor.java:158)
	at org.openqa.selenium.remote.service.DriverCommandExecutor.execute(DriverCommandExecutor.java:83)
	at org.openqa.selenium.remote.RemoteWebDriver.execute(RemoteWebDriver.java:552)
	at org.openqa.selenium.remote.RemoteWebDriver.findElement(RemoteWebDriver.java:323)
	at org.openqa.selenium.remote.RemoteWebDriver.findElementByXPath(RemoteWebDriver.java:428)
	at org.openqa.selenium.By$ByXPath.findElement(By.java:353)
	at org.openqa.selenium.remote.RemoteWebDriver.findElement(RemoteWebDriver.java:315)
	at org.openqa.selenium.support.pagefactory.DefaultElementLocator.findElement(DefaultElementLocator.java:69)
	at org.openqa.selenium.support.pagefactory.internal.LocatingElementHandler.invoke(LocatingElementHandler.java:38)
	at com.sun.proxy.$Proxy14.click(Unknown Source)
	at Memberse.WebAppAutomation.wPostHistoryEditTest.wPostHistoryEditTestCase(wPostHistoryEditTest.java:39)
	at java.base/java.util.ArrayList.forEach(ArrayList.java:1511)
... Removed 32 stack frames</div></td></tr></table><p class="totop"><a href="#summary">back to summary</a></p>
<h3 id="m11">Memberse.WebAppAutomation.wPostHistoryPlayTest#wPostHistoryPlayTestCase</h3><table class="result"><tr><th>Exception</th></tr><tr><td><div class="stacktrace">org.openqa.selenium.NoSuchElementException: no such element: Unable to locate element: {&quot;method&quot;:&quot;css selector&quot;,&quot;selector&quot;:&quot;#__next &gt; div.h-full.text-neutral-9000.dark\:text-neutral-1000.custom-scroll &gt; div &gt; div.pl-64.flex.flex-col.flex-1 &gt; main &gt; div &gt; div.space-y-6.h-full &gt; div.flex.w-full &gt; div &gt; div.pb-10 &gt; div.flex-grow &gt; div &gt; div:nth-child(3) &gt; div &gt; div:nth-child(1) &gt; div.w-full.bg-neutral-1000.dark\:bg-purple-8000.shadow-sm.p-4.flex.space-x-2.h-28 &gt; div:nth-child(1) &gt; div &gt; div &gt; div &gt; div&quot;}
  (Session info: chrome=107.0.5304.110)
For documentation on this error, please visit: https://www.seleniumhq.org/exceptions/no_such_element.html
Build info: version: &apos;3.141.59&apos;, revision: &apos;e82be7d358&apos;, time: &apos;2018-11-14T08:17:03&apos;
System info: host: &apos;Kamals-MacBook-Pro.local&apos;, ip: &apos;fe80:0:0:0:c60:41f8:5238:ada6%en0&apos;, os.name: &apos;Mac OS X&apos;, os.arch: &apos;x86_64&apos;, os.version: &apos;10.16&apos;, java.version: &apos;15.0.1&apos;
Driver info: org.openqa.selenium.chrome.ChromeDriver
Capabilities {acceptInsecureCerts: false, browserName: chrome, browserVersion: 107.0.5304.110, chrome: {chromedriverVersion: 106.0.5249.61 (511755355844..., userDataDir: /var/folders/4f/ggkjk46s0lj...}, goog:chromeOptions: {debuggerAddress: localhost:62051}, javascriptEnabled: true, networkConnectionEnabled: false, pageLoadStrategy: normal, platform: MAC, platformName: MAC, proxy: Proxy(), setWindowRect: true, strictFileInteractability: false, timeouts: {implicit: 0, pageLoad: 300000, script: 30000}, unhandledPromptBehavior: dismiss and notify, webauthn:extension:credBlob: true, webauthn:extension:largeBlob: true, webauthn:virtualAuthenticators: true}
Session ID: 679ac164de4106fdb639702bc586a49c
*** Element info: {Using=css selector, value=#__next &gt; div.h-full.text-neutral-9000.dark\:text-neutral-1000.custom-scroll &gt; div &gt; div.pl-64.flex.flex-col.flex-1 &gt; main &gt; div &gt; div.space-y-6.h-full &gt; div.flex.w-full &gt; div &gt; div.pb-10 &gt; div.flex-grow &gt; div &gt; div:nth-child(3) &gt; div &gt; div:nth-child(1) &gt; div.w-full.bg-neutral-1000.dark\:bg-purple-8000.shadow-sm.p-4.flex.space-x-2.h-28 &gt; div:nth-child(1) &gt; div &gt; div &gt; div &gt; div}
	at org.openqa.selenium.remote.http.W3CHttpResponseCodec.createException(W3CHttpResponseCodec.java:187)
	at org.openqa.selenium.remote.http.W3CHttpResponseCodec.decode(W3CHttpResponseCodec.java:122)
	at org.openqa.selenium.remote.http.W3CHttpResponseCodec.decode(W3CHttpResponseCodec.java:49)
	at org.openqa.selenium.remote.HttpCommandExecutor.execute(HttpCommandExecutor.java:158)
	at org.openqa.selenium.remote.service.DriverCommandExecutor.execute(DriverCommandExecutor.java:83)
	at org.openqa.selenium.remote.RemoteWebDriver.execute(RemoteWebDriver.java:552)
	at org.openqa.selenium.remote.RemoteWebDriver.findElement(RemoteWebDriver.java:323)
	at org.openqa.selenium.remote.RemoteWebDriver.findElementByCssSelector(RemoteWebDriver.java:420)
	at org.openqa.selenium.By$ByCssSelector.findElement(By.java:431)
	at org.openqa.selenium.remote.RemoteWebDriver.findElement(RemoteWebDriver.java:315)
	at org.openqa.selenium.support.pagefactory.DefaultElementLocator.findElement(DefaultElementLocator.java:69)
	at org.openqa.selenium.support.pagefactory.internal.LocatingElementHandler.invoke(LocatingElementHandler.java:38)
	at com.sun.proxy.$Proxy14.click(Unknown Source)
	at Memberse.WebAppAutomation.wPostHistoryPlayTest.wPostHistoryPlayTestCase(wPostHistoryPlayTest.java:66)
	at java.base/java.util.ArrayList.forEach(ArrayList.java:1511)
... Removed 32 stack frames</div></td></tr></table><p class="totop"><a href="#summary">back to summary</a></p>
<h3 id="m12">Memberse.WebAppAutomation.wSearchCreatorTest#wSearchCreatorTestCase</h3><table class="result"><tr><th>Exception</th></tr><tr><td><div class="stacktrace">java.lang.AssertionError: expected [kqatestc2&apos;s Channel] but found [kqatestc3&apos;s Community]
	at Memberse.WebAppAutomation.wSearchCreatorTest.wSearchCreatorTestCase(wSearchCreatorTest.java:39)
	at java.base/java.util.ArrayList.forEach(ArrayList.java:1511)
... Removed 33 stack frames</div></td></tr></table><p class="totop"><a href="#summary">back to summary</a></p>
<h3 id="m13">Memberse.WebAppAutomation.wUserInfoTest#wUserInfoTestCase</h3><table class="result"><tr><th>Exception</th></tr><tr><td><div class="stacktrace">org.openqa.selenium.NoSuchElementException: no such element: Unable to locate element: {&quot;method&quot;:&quot;css selector&quot;,&quot;selector&quot;:&quot;#__next &gt; div.h-full.text-neutral-9000.dark\:text-neutral-1000.custom-scroll &gt; div &gt; div.pl-64.flex.flex-col.flex-1 &gt; main &gt; div &gt; div.space-y-6.h-full &gt; div.flex.w-full &gt; div &gt; div &gt; div &gt; div.flex-grow &gt; div &gt; div:nth-child(1) &gt; form &gt; div:nth-child(2) &gt; div &gt; input&quot;}
  (Session info: chrome=107.0.5304.110)
For documentation on this error, please visit: https://www.seleniumhq.org/exceptions/no_such_element.html
Build info: version: &apos;3.141.59&apos;, revision: &apos;e82be7d358&apos;, time: &apos;2018-11-14T08:17:03&apos;
System info: host: &apos;Kamals-MacBook-Pro.local&apos;, ip: &apos;fe80:0:0:0:c60:41f8:5238:ada6%en0&apos;, os.name: &apos;Mac OS X&apos;, os.arch: &apos;x86_64&apos;, os.version: &apos;10.16&apos;, java.version: &apos;15.0.1&apos;
Driver info: org.openqa.selenium.chrome.ChromeDriver
Capabilities {acceptInsecureCerts: false, browserName: chrome, browserVersion: 107.0.5304.110, chrome: {chromedriverVersion: 106.0.5249.61 (511755355844..., userDataDir: /var/folders/4f/ggkjk46s0lj...}, goog:chromeOptions: {debuggerAddress: localhost:61679}, javascriptEnabled: true, networkConnectionEnabled: false, pageLoadStrategy: normal, platform: MAC, platformName: MAC, proxy: Proxy(), setWindowRect: true, strictFileInteractability: false, timeouts: {implicit: 0, pageLoad: 300000, script: 30000}, unhandledPromptBehavior: dismiss and notify, webauthn:extension:credBlob: true, webauthn:extension:largeBlob: true, webauthn:virtualAuthenticators: true}
Session ID: 9de385c57594b52c7e9b815f07b989ee
*** Element info: {Using=css selector, value=#__next &gt; div.h-full.text-neutral-9000.dark\:text-neutral-1000.custom-scroll &gt; div &gt; div.pl-64.flex.flex-col.flex-1 &gt; main &gt; div &gt; div.space-y-6.h-full &gt; div.flex.w-full &gt; div &gt; div &gt; div &gt; div.flex-grow &gt; div &gt; div:nth-child(1) &gt; form &gt; div:nth-child(2) &gt; div &gt; input}
	at org.openqa.selenium.remote.http.W3CHttpResponseCodec.createException(W3CHttpResponseCodec.java:187)
	at org.openqa.selenium.remote.http.W3CHttpResponseCodec.decode(W3CHttpResponseCodec.java:122)
	at org.openqa.selenium.remote.http.W3CHttpResponseCodec.decode(W3CHttpResponseCodec.java:49)
	at org.openqa.selenium.remote.HttpCommandExecutor.execute(HttpCommandExecutor.java:158)
	at org.openqa.selenium.remote.service.DriverCommandExecutor.execute(DriverCommandExecutor.java:83)
	at org.openqa.selenium.remote.RemoteWebDriver.execute(RemoteWebDriver.java:552)
	at org.openqa.selenium.remote.RemoteWebDriver.findElement(RemoteWebDriver.java:323)
	at org.openqa.selenium.remote.RemoteWebDriver.findElementByCssSelector(RemoteWebDriver.java:420)
	at org.openqa.selenium.By$ByCssSelector.findElement(By.java:431)
	at org.openqa.selenium.remote.RemoteWebDriver.findElement(RemoteWebDriver.java:315)
	at Memberse.WebAppAutomation.wUserInfoTest.wUserInfoTestCase(wUserInfoTest.java:41)
	at java.base/java.util.ArrayList.forEach(ArrayList.java:1511)
... Removed 32 stack frames</div></td></tr></table><p class="totop"><a href="#summary">back to summary</a></p>
<h3 id="m14">Memberse.WebAppAutomation.wCommunityGuidelinesTest#wCommunityGuidelinesTestCase</h3><table class="result"><tr><th class="invisible"/></tr></table><p class="totop"><a href="#summary">back to summary</a></p>
<h3 id="m15">Memberse.WebAppAutomation.wCommunityPriceTest#wCommunityPriceTestwCommunityPriceTestCase</h3><table class="result"><tr><th class="invisible"/></tr></table><p class="totop"><a href="#summary">back to summary</a></p>
<h3 id="m16">Memberse.WebAppAutomation.wLaunchAppStoreTest#wLaunchAppStoreTestCase</h3><table class="result"><tr><th class="invisible"/></tr></table><p class="totop"><a href="#summary">back to summary</a></p>
<h3 id="m17">Memberse.WebAppAutomation.wLaunchGooglePlayTest#wLaunchGooglePlayTestCase</h3><table class="result"><tr><th class="invisible"/></tr></table><p class="totop"><a href="#summary">back to summary</a></p>
<h3 id="m18">Memberse.WebAppAutomation.wLaunchMemberseFacebookTest#wLaunchMemberseFacebookTestCase</h3><table class="result"><tr><th class="invisible"/></tr></table><p class="totop"><a href="#summary">back to summary</a></p>
<h3 id="m19">Memberse.WebAppAutomation.wLaunchMemberseLinkedInTest#wLaunchMemberseLinkedInTestCase</h3><table class="result"><tr><th class="invisible"/></tr></table><p class="totop"><a href="#summary">back to summary</a></p>
<h3 id="m20">Memberse.WebAppAutomation.wLaunchMemberseTikTokTest#wLaunchMemberseTikTokTestCase</h3><table class="result"><tr><th class="invisible"/></tr></table><p class="totop"><a href="#summary">back to summary</a></p>
<h3 id="m21">Memberse.WebAppAutomation.wLoginFormValidationTest#wLoginFormValidationTestCase</h3><table class="result"><tr><th class="invisible"/></tr></table><p class="totop"><a href="#summary">back to summary</a></p>
<h3 id="m22">Memberse.WebAppAutomation.wLoginWithFacebookTest#wLoginWithFacebookTestCase</h3><table class="result"><tr><th class="invisible"/></tr></table><p class="totop"><a href="#summary">back to summary</a></p>
<h3 id="m23">Memberse.WebAppAutomation.wLoginWithGoogleTest#wLoginWithGoogleTestCase</h3><table class="result"><tr><th class="invisible"/></tr></table><p class="totop"><a href="#summary">back to summary</a></p>
<h3 id="m24">Memberse.WebAppAutomation.wLoginwithAppleTest#wLoginWithAppleTestCase</h3><table class="result"><tr><th class="invisible"/></tr></table><p class="totop"><a href="#summary">back to summary</a></p>
<h3 id="m25">Memberse.WebAppAutomation.wMembershipsTest#wMembershipsTestCase</h3><table class="result"><tr><th class="invisible"/></tr></table><p class="totop"><a href="#summary">back to summary</a></p>
<h3 id="m26">Memberse.WebAppAutomation.wMyFansListTest#wMyFansListTestCase</h3><table class="result"><tr><th class="invisible"/></tr></table><p class="totop"><a href="#summary">back to summary</a></p>
<h3 id="m27">Memberse.WebAppAutomation.wPlaylistEditTest#wPlaylistEditTestCase</h3><table class="result"><tr><th class="invisible"/></tr></table><p class="totop"><a href="#summary">back to summary</a></p>
<h3 id="m28">Memberse.WebAppAutomation.wPrivacyPolicyTest#wPrivacyPolicyTestCase</h3><table class="result"><tr><th class="invisible"/></tr></table><p class="totop"><a href="#summary">back to summary</a></p>
<h3 id="m29">Memberse.WebAppAutomation.wRegisterFormValidationTest#wRegisterFormValidationTestCase</h3><table class="result"><tr><th class="invisible"/></tr></table><p class="totop"><a href="#summary">back to summary</a></p>
<h3 id="m30">Memberse.WebAppAutomation.wSignupTest#wSignupTestCase</h3><table class="result"><tr><th class="invisible"/></tr></table><p class="totop"><a href="#summary">back to summary</a></p>
<h3 id="m31">Memberse.WebAppAutomation.wSmokeTest#wSmokeTestCase</h3><table class="result"><tr><th class="invisible"/></tr></table><p class="totop"><a href="#summary">back to summary</a></p>
<h3 id="m32">Memberse.WebAppAutomation.wTermsAndConditionsTest#wTermsAndConditionsTestCase</h3><table class="result"><tr><th class="invisible"/></tr></table><p class="totop"><a href="#summary">back to summary</a></p>
<h3 id="m33">Memberse.WebAppAutomation.wWatchedHistoryTest#wWatchedHistoryTestCase</h3><table class="result"><tr><th class="invisible"/></tr></table><p class="totop"><a href="#summary">back to summary</a></p>
</body>
</html>
