<!DOCTYPE html>

<html>
  <head>
  <meta charset='utf-8'>
  <title>TestNG reports</title>

    <link type="text/css" href="testng-reports1.css" rel="stylesheet" id="ultra" />
    <link type="text/css" href="testng-reports.css" rel="stylesheet" id="retro" disabled="false"/>
    <script type="text/javascript" src="jquery-3.4.1.min.js"></script>
    <script type="text/javascript" src="testng-reports.js"></script>
    <script type="text/javascript" src="https://www.google.com/jsapi"></script>
    <script type='text/javascript'>
      google.load('visualization', '1', {packages:['table']});
      google.setOnLoadCallback(drawTable);
      var suiteTableInitFunctions = new Array();
      var suiteTableData = new Array();
    </script>
    <!--
      <script type="text/javascript" src="jquery-ui/js/jquery-ui-1.8.16.custom.min.js"></script>
     -->
  </head>

  <body>
    <div class="top-banner-root">
      <span class="top-banner-title-font">Test results</span>
      <button id="button" class="button">Switch Retro Theme</button> <!-- button -->
      <br/>
      <span class="top-banner-font-1">1 suite, 14 failed tests</span>
    </div> <!-- top-banner-root -->
    <div class="navigator-root">
      <div class="navigator-suite-header">
        <span>All suites</span>
        <a href="#" title="Collapse/expand all the suites" class="collapse-all-link">
          <img src="collapseall.gif" class="collapse-all-icon">
          </img> <!-- collapse-all-icon -->
        </a> <!-- collapse-all-link -->
      </div> <!-- navigator-suite-header -->
      <div class="suite">
        <div class="rounded-window">
          <div class="suite-header light-rounded-window-top">
            <a href="#" panel-name="suite-Suite" class="navigator-link">
              <span class="suite-name border-failed">Suite</span>
            </a> <!-- navigator-link -->
          </div> <!-- suite-header light-rounded-window-top -->
          <div class="navigator-suite-content">
            <div class="suite-section-title">
              <span>Info</span>
            </div> <!-- suite-section-title -->
            <div class="suite-section-content">
              <ul>
                <li>
                  <a href="#" panel-name="test-xml-Suite" class="navigator-link ">
                    <span>testng.xml</span>
                  </a> <!-- navigator-link  -->
                </li>
                <li>
                  <a href="#" panel-name="testlist-Suite" class="navigator-link ">
                    <span class="test-stats">1 test</span>
                  </a> <!-- navigator-link  -->
                </li>
                <li>
                  <a href="#" panel-name="group-Suite" class="navigator-link ">
                    <span>0 groups</span>
                  </a> <!-- navigator-link  -->
                </li>
                <li>
                  <a href="#" panel-name="times-Suite" class="navigator-link ">
                    <span>Times</span>
                  </a> <!-- navigator-link  -->
                </li>
                <li>
                  <a href="#" panel-name="reporter-Suite" class="navigator-link ">
                    <span>Reporter output</span>
                  </a> <!-- navigator-link  -->
                </li>
                <li>
                  <a href="#" panel-name="ignored-methods-Suite" class="navigator-link ">
                    <span>Ignored methods</span>
                  </a> <!-- navigator-link  -->
                </li>
                <li>
                  <a href="#" panel-name="chronological-Suite" class="navigator-link ">
                    <span>Chronological view</span>
                  </a> <!-- navigator-link  -->
                </li>
              </ul>
            </div> <!-- suite-section-content -->
            <div class="result-section">
              <div class="suite-section-title">
                <span>Results</span>
              </div> <!-- suite-section-title -->
              <div class="suite-section-content">
                <ul>
                  <li>
                    <span class="method-stats">34 methods, 14 failed,   20 passed</span>
                  </li>
                  <li>
                    <span class="method-list-title failed">Failed methods</span>
                    <span class="show-or-hide-methods failed">
                      <a href="#" panel-name="suite-Suite" class="hide-methods failed suite-Suite"> (hide)</a> <!-- hide-methods failed suite-Suite -->
                      <a href="#" panel-name="suite-Suite" class="show-methods failed suite-Suite"> (show)</a> <!-- show-methods failed suite-Suite -->
                    </span>
                    <div class="method-list-content failed suite-Suite">
                      <span>
                        <img src="failed.png" width="3%"/>
                        <a href="#" panel-name="suite-Suite" title="Memberse.WebAppAutomation.wBecomeCreatorTest" class="method navigator-link" hash-for-method="WBecomeCreatorTestCase">WBecomeCreatorTestCase</a> <!-- method navigator-link -->
                      </span>
                      <br/>
                      <span>
                        <img src="failed.png" width="3%"/>
                        <a href="#" panel-name="suite-Suite" title="Memberse.WebAppAutomation.wAddMediaAndPlayPlaylistTest" class="method navigator-link" hash-for-method="wAddMediaAndPlayPlaylistTestCase">wAddMediaAndPlayPlaylistTestCase</a> <!-- method navigator-link -->
                      </span>
                      <br/>
                      <span>
                        <img src="failed.png" width="3%"/>
                        <a href="#" panel-name="suite-Suite" title="Memberse.WebAppAutomation.wChangePasswordTest" class="method navigator-link" hash-for-method="wChangePasswordTestCase">wChangePasswordTestCase</a> <!-- method navigator-link -->
                      </span>
                      <br/>
                      <span>
                        <img src="failed.png" width="3%"/>
                        <a href="#" panel-name="suite-Suite" title="Memberse.WebAppAutomation.wCreateAndDeletePlaylistTest" class="method navigator-link" hash-for-method="wCreateAndDeletePlaylistTestCase">wCreateAndDeletePlaylistTestCase</a> <!-- method navigator-link -->
                      </span>
                      <br/>
                      <span>
                        <img src="failed.png" width="3%"/>
                        <a href="#" panel-name="suite-Suite" title="Memberse.WebAppAutomation.wCreatorEditInfoTest" class="method navigator-link" hash-for-method="wCreatorEditInfoTestCase">wCreatorEditInfoTestCase</a> <!-- method navigator-link -->
                      </span>
                      <br/>
                      <span>
                        <img src="failed.png" width="3%"/>
                        <a href="#" panel-name="suite-Suite" title="Memberse.WebAppAutomation.wDeleteAccountTest" class="method navigator-link" hash-for-method="wDeleteAccountTestCase">wDeleteAccountTestCase</a> <!-- method navigator-link -->
                      </span>
                      <br/>
                      <span>
                        <img src="failed.png" width="3%"/>
                        <a href="#" panel-name="suite-Suite" title="Memberse.WebAppAutomation.wLaunchMemberseInstagramTest" class="method navigator-link" hash-for-method="wLaunchMemberseInstagramTestCase">wLaunchMemberseInstagramTestCase</a> <!-- method navigator-link -->
                      </span>
                      <br/>
                      <span>
                        <img src="failed.png" width="3%"/>
                        <a href="#" panel-name="suite-Suite" title="Memberse.WebAppAutomation.wLogintTest" class="method navigator-link" hash-for-method="wLogintTestCase">wLogintTestCase</a> <!-- method navigator-link -->
                      </span>
                      <br/>
                      <span>
                        <img src="failed.png" width="3%"/>
                        <a href="#" panel-name="suite-Suite" title="Memberse.WebAppAutomation.wLogoutTest" class="method navigator-link" hash-for-method="wLogoutTestCase">wLogoutTestCase</a> <!-- method navigator-link -->
                      </span>
                      <br/>
                      <span>
                        <img src="failed.png" width="3%"/>
                        <a href="#" panel-name="suite-Suite" title="Memberse.WebAppAutomation.wPostHistoryDeleteTest" class="method navigator-link" hash-for-method="wPostHistoryDeleteTestCase">wPostHistoryDeleteTestCase</a> <!-- method navigator-link -->
                      </span>
                      <br/>
                      <span>
                        <img src="failed.png" width="3%"/>
                        <a href="#" panel-name="suite-Suite" title="Memberse.WebAppAutomation.wPostHistoryEditTest" class="method navigator-link" hash-for-method="wPostHistoryEditTestCase">wPostHistoryEditTestCase</a> <!-- method navigator-link -->
                      </span>
                      <br/>
                      <span>
                        <img src="failed.png" width="3%"/>
                        <a href="#" panel-name="suite-Suite" title="Memberse.WebAppAutomation.wPostHistoryPlayTest" class="method navigator-link" hash-for-method="wPostHistoryPlayTestCase">wPostHistoryPlayTestCase</a> <!-- method navigator-link -->
                      </span>
                      <br/>
                      <span>
                        <img src="failed.png" width="3%"/>
                        <a href="#" panel-name="suite-Suite" title="Memberse.WebAppAutomation.wSearchCreatorTest" class="method navigator-link" hash-for-method="wSearchCreatorTestCase">wSearchCreatorTestCase</a> <!-- method navigator-link -->
                      </span>
                      <br/>
                      <span>
                        <img src="failed.png" width="3%"/>
                        <a href="#" panel-name="suite-Suite" title="Memberse.WebAppAutomation.wUserInfoTest" class="method navigator-link" hash-for-method="wUserInfoTestCase">wUserInfoTestCase</a> <!-- method navigator-link -->
                      </span>
                      <br/>
                    </div> <!-- method-list-content failed suite-Suite -->
                  </li>
                  <li>
                    <span class="method-list-title passed">Passed methods</span>
                    <span class="show-or-hide-methods passed">
                      <a href="#" panel-name="suite-Suite" class="hide-methods passed suite-Suite"> (hide)</a> <!-- hide-methods passed suite-Suite -->
                      <a href="#" panel-name="suite-Suite" class="show-methods passed suite-Suite"> (show)</a> <!-- show-methods passed suite-Suite -->
                    </span>
                    <div class="method-list-content passed suite-Suite">
                      <span>
                        <img src="passed.png" width="3%"/>
                        <a href="#" panel-name="suite-Suite" title="Memberse.WebAppAutomation.wCommunityGuidelinesTest" class="method navigator-link" hash-for-method="wCommunityGuidelinesTestCase">wCommunityGuidelinesTestCase</a> <!-- method navigator-link -->
                      </span>
                      <br/>
                      <span>
                        <img src="passed.png" width="3%"/>
                        <a href="#" panel-name="suite-Suite" title="Memberse.WebAppAutomation.wCommunityPriceTest" class="method navigator-link" hash-for-method="wCommunityPriceTestwCommunityPriceTestCase">wCommunityPriceTestwCommunityPriceTestCase</a> <!-- method navigator-link -->
                      </span>
                      <br/>
                      <span>
                        <img src="passed.png" width="3%"/>
                        <a href="#" panel-name="suite-Suite" title="Memberse.WebAppAutomation.wLaunchAppStoreTest" class="method navigator-link" hash-for-method="wLaunchAppStoreTestCase">wLaunchAppStoreTestCase</a> <!-- method navigator-link -->
                      </span>
                      <br/>
                      <span>
                        <img src="passed.png" width="3%"/>
                        <a href="#" panel-name="suite-Suite" title="Memberse.WebAppAutomation.wLaunchGooglePlayTest" class="method navigator-link" hash-for-method="wLaunchGooglePlayTestCase">wLaunchGooglePlayTestCase</a> <!-- method navigator-link -->
                      </span>
                      <br/>
                      <span>
                        <img src="passed.png" width="3%"/>
                        <a href="#" panel-name="suite-Suite" title="Memberse.WebAppAutomation.wLaunchMemberseFacebookTest" class="method navigator-link" hash-for-method="wLaunchMemberseFacebookTestCase">wLaunchMemberseFacebookTestCase</a> <!-- method navigator-link -->
                      </span>
                      <br/>
                      <span>
                        <img src="passed.png" width="3%"/>
                        <a href="#" panel-name="suite-Suite" title="Memberse.WebAppAutomation.wLaunchMemberseLinkedInTest" class="method navigator-link" hash-for-method="wLaunchMemberseLinkedInTestCase">wLaunchMemberseLinkedInTestCase</a> <!-- method navigator-link -->
                      </span>
                      <br/>
                      <span>
                        <img src="passed.png" width="3%"/>
                        <a href="#" panel-name="suite-Suite" title="Memberse.WebAppAutomation.wLaunchMemberseTikTokTest" class="method navigator-link" hash-for-method="wLaunchMemberseTikTokTestCase">wLaunchMemberseTikTokTestCase</a> <!-- method navigator-link -->
                      </span>
                      <br/>
                      <span>
                        <img src="passed.png" width="3%"/>
                        <a href="#" panel-name="suite-Suite" title="Memberse.WebAppAutomation.wLoginFormValidationTest" class="method navigator-link" hash-for-method="wLoginFormValidationTestCase">wLoginFormValidationTestCase</a> <!-- method navigator-link -->
                      </span>
                      <br/>
                      <span>
                        <img src="passed.png" width="3%"/>
                        <a href="#" panel-name="suite-Suite" title="Memberse.WebAppAutomation.wLoginwithAppleTest" class="method navigator-link" hash-for-method="wLoginWithAppleTestCase">wLoginWithAppleTestCase</a> <!-- method navigator-link -->
                      </span>
                      <br/>
                      <span>
                        <img src="passed.png" width="3%"/>
                        <a href="#" panel-name="suite-Suite" title="Memberse.WebAppAutomation.wLoginWithFacebookTest" class="method navigator-link" hash-for-method="wLoginWithFacebookTestCase">wLoginWithFacebookTestCase</a> <!-- method navigator-link -->
                      </span>
                      <br/>
                      <span>
                        <img src="passed.png" width="3%"/>
                        <a href="#" panel-name="suite-Suite" title="Memberse.WebAppAutomation.wLoginWithGoogleTest" class="method navigator-link" hash-for-method="wLoginWithGoogleTestCase">wLoginWithGoogleTestCase</a> <!-- method navigator-link -->
                      </span>
                      <br/>
                      <span>
                        <img src="passed.png" width="3%"/>
                        <a href="#" panel-name="suite-Suite" title="Memberse.WebAppAutomation.wMembershipsTest" class="method navigator-link" hash-for-method="wMembershipsTestCase">wMembershipsTestCase</a> <!-- method navigator-link -->
                      </span>
                      <br/>
                      <span>
                        <img src="passed.png" width="3%"/>
                        <a href="#" panel-name="suite-Suite" title="Memberse.WebAppAutomation.wMyFansListTest" class="method navigator-link" hash-for-method="wMyFansListTestCase">wMyFansListTestCase</a> <!-- method navigator-link -->
                      </span>
                      <br/>
                      <span>
                        <img src="passed.png" width="3%"/>
                        <a href="#" panel-name="suite-Suite" title="Memberse.WebAppAutomation.wPlaylistEditTest" class="method navigator-link" hash-for-method="wPlaylistEditTestCase">wPlaylistEditTestCase</a> <!-- method navigator-link -->
                      </span>
                      <br/>
                      <span>
                        <img src="passed.png" width="3%"/>
                        <a href="#" panel-name="suite-Suite" title="Memberse.WebAppAutomation.wPrivacyPolicyTest" class="method navigator-link" hash-for-method="wPrivacyPolicyTestCase">wPrivacyPolicyTestCase</a> <!-- method navigator-link -->
                      </span>
                      <br/>
                      <span>
                        <img src="passed.png" width="3%"/>
                        <a href="#" panel-name="suite-Suite" title="Memberse.WebAppAutomation.wRegisterFormValidationTest" class="method navigator-link" hash-for-method="wRegisterFormValidationTestCase">wRegisterFormValidationTestCase</a> <!-- method navigator-link -->
                      </span>
                      <br/>
                      <span>
                        <img src="passed.png" width="3%"/>
                        <a href="#" panel-name="suite-Suite" title="Memberse.WebAppAutomation.wSignupTest" class="method navigator-link" hash-for-method="wSignupTestCase">wSignupTestCase</a> <!-- method navigator-link -->
                      </span>
                      <br/>
                      <span>
                        <img src="passed.png" width="3%"/>
                        <a href="#" panel-name="suite-Suite" title="Memberse.WebAppAutomation.wSmokeTest" class="method navigator-link" hash-for-method="wSmokeTestCase">wSmokeTestCase</a> <!-- method navigator-link -->
                      </span>
                      <br/>
                      <span>
                        <img src="passed.png" width="3%"/>
                        <a href="#" panel-name="suite-Suite" title="Memberse.WebAppAutomation.wTermsAndConditionsTest" class="method navigator-link" hash-for-method="wTermsAndConditionsTestCase">wTermsAndConditionsTestCase</a> <!-- method navigator-link -->
                      </span>
                      <br/>
                      <span>
                        <img src="passed.png" width="3%"/>
                        <a href="#" panel-name="suite-Suite" title="Memberse.WebAppAutomation.wWatchedHistoryTest" class="method navigator-link" hash-for-method="wWatchedHistoryTestCase">wWatchedHistoryTestCase</a> <!-- method navigator-link -->
                      </span>
                      <br/>
                    </div> <!-- method-list-content passed suite-Suite -->
                  </li>
                </ul>
              </div> <!-- suite-section-content -->
            </div> <!-- result-section -->
          </div> <!-- navigator-suite-content -->
        </div> <!-- rounded-window -->
      </div> <!-- suite -->
    </div> <!-- navigator-root -->
    <div class="wrapper">
      <div class="main-panel-root">
        <div panel-name="suite-Suite" class="panel Suite">
          <div class="suite-Suite-class-failed">
            <div class="main-panel-header rounded-window-top">
              <img src="failed.png"/>
              <span class="class-name">Memberse.WebAppAutomation.wPostHistoryEditTest</span>
            </div> <!-- main-panel-header rounded-window-top -->
            <div class="main-panel-content rounded-window-bottom">
              <div class="method">
                <div class="method-content">
                  <a name="wPostHistoryEditTestCase">
                  </a> <!-- wPostHistoryEditTestCase -->
                  <span class="method-name">wPostHistoryEditTestCase</span>
                  <div class="stack-trace">org.openqa.selenium.NoSuchElementException: no such element: Unable to locate element: {&quot;method&quot;:&quot;xpath&quot;,&quot;selector&quot;:&quot;//*[@id=&quot;__next&quot;]/div[3]/div/div[3]/main/div/div[2]/div[1]/div/div[2]/div[2]/div/div[3]/div/div[1]/div[2]/div[3]/div/div/button[1]&quot;}
  (Session info: chrome=107.0.5304.110)
For documentation on this error, please visit: https://www.seleniumhq.org/exceptions/no_such_element.html
Build info: version: &apos;3.141.59&apos;, revision: &apos;e82be7d358&apos;, time: &apos;2018-11-14T08:17:03&apos;
System info: host: &apos;Kamals-MacBook-Pro.local&apos;, ip: &apos;fe80:0:0:0:c60:41f8:5238:ada6%en0&apos;, os.name: &apos;Mac OS X&apos;, os.arch: &apos;x86_64&apos;, os.version: &apos;10.16&apos;, java.version: &apos;15.0.1&apos;
Driver info: org.openqa.selenium.chrome.ChromeDriver
Capabilities {acceptInsecureCerts: false, browserName: chrome, browserVersion: 107.0.5304.110, chrome: {chromedriverVersion: 106.0.5249.61 (511755355844..., userDataDir: /var/folders/4f/ggkjk46s0lj...}, goog:chromeOptions: {debuggerAddress: localhost:62110}, javascriptEnabled: true, networkConnectionEnabled: false, pageLoadStrategy: normal, platform: MAC, platformName: MAC, proxy: Proxy(), setWindowRect: true, strictFileInteractability: false, timeouts: {implicit: 0, pageLoad: 300000, script: 30000}, unhandledPromptBehavior: dismiss and notify, webauthn:extension:credBlob: true, webauthn:extension:largeBlob: true, webauthn:virtualAuthenticators: true}
Session ID: 7e7cb54c085bc3402ae8eba3c48dde34
*** Element info: {Using=xpath, value=//*[@id=&quot;__next&quot;]/div[3]/div/div[3]/main/div/div[2]/div[1]/div/div[2]/div[2]/div/div[3]/div/div[1]/div[2]/div[3]/div/div/button[1]}
	at org.openqa.selenium.remote.http.W3CHttpResponseCodec.createException(W3CHttpResponseCodec.java:187)
	at org.openqa.selenium.remote.http.W3CHttpResponseCodec.decode(W3CHttpResponseCodec.java:122)
	at org.openqa.selenium.remote.http.W3CHttpResponseCodec.decode(W3CHttpResponseCodec.java:49)
	at org.openqa.selenium.remote.HttpCommandExecutor.execute(HttpCommandExecutor.java:158)
	at org.openqa.selenium.remote.service.DriverCommandExecutor.execute(DriverCommandExecutor.java:83)
	at org.openqa.selenium.remote.RemoteWebDriver.execute(RemoteWebDriver.java:552)
	at org.openqa.selenium.remote.RemoteWebDriver.findElement(RemoteWebDriver.java:323)
	at org.openqa.selenium.remote.RemoteWebDriver.findElementByXPath(RemoteWebDriver.java:428)
	at org.openqa.selenium.By$ByXPath.findElement(By.java:353)
	at org.openqa.selenium.remote.RemoteWebDriver.findElement(RemoteWebDriver.java:315)
	at org.openqa.selenium.support.pagefactory.DefaultElementLocator.findElement(DefaultElementLocator.java:69)
	at org.openqa.selenium.support.pagefactory.internal.LocatingElementHandler.invoke(LocatingElementHandler.java:38)
	at com.sun.proxy.$Proxy14.click(Unknown Source)
	at Memberse.WebAppAutomation.wPostHistoryEditTest.wPostHistoryEditTestCase(wPostHistoryEditTest.java:39)
	at java.base/java.util.ArrayList.forEach(ArrayList.java:1511)
... Removed 32 stack frames
</div> <!-- stack-trace -->
                </div> <!-- method-content -->
              </div> <!-- method -->
            </div> <!-- main-panel-content rounded-window-bottom -->
          </div> <!-- suite-Suite-class-failed -->
          <div class="suite-Suite-class-failed">
            <div class="main-panel-header rounded-window-top">
              <img src="failed.png"/>
              <span class="class-name">Memberse.WebAppAutomation.wCreatorEditInfoTest</span>
            </div> <!-- main-panel-header rounded-window-top -->
            <div class="main-panel-content rounded-window-bottom">
              <div class="method">
                <div class="method-content">
                  <a name="wCreatorEditInfoTestCase">
                  </a> <!-- wCreatorEditInfoTestCase -->
                  <span class="method-name">wCreatorEditInfoTestCase</span>
                  <div class="stack-trace">java.lang.AssertionError: expected [kqatestc3&apos;s Channel] but found [kqatestc3&apos;s Community]
	at Memberse.WebAppAutomation.wCreatorEditInfoTest.wCreatorEditInfoTestCase(wCreatorEditInfoTest.java:44)
	at java.base/java.util.ArrayList.forEach(ArrayList.java:1511)
... Removed 33 stack frames
</div> <!-- stack-trace -->
                </div> <!-- method-content -->
              </div> <!-- method -->
            </div> <!-- main-panel-content rounded-window-bottom -->
          </div> <!-- suite-Suite-class-failed -->
          <div class="suite-Suite-class-failed">
            <div class="main-panel-header rounded-window-top">
              <img src="failed.png"/>
              <span class="class-name">Memberse.WebAppAutomation.wLaunchMemberseInstagramTest</span>
            </div> <!-- main-panel-header rounded-window-top -->
            <div class="main-panel-content rounded-window-bottom">
              <div class="method">
                <div class="method-content">
                  <a name="wLaunchMemberseInstagramTestCase">
                  </a> <!-- wLaunchMemberseInstagramTestCase -->
                  <span class="method-name">wLaunchMemberseInstagramTestCase</span>
                  <div class="stack-trace">org.openqa.selenium.NoSuchElementException: no such element: Unable to locate element: {&quot;method&quot;:&quot;xpath&quot;,&quot;selector&quot;:&quot;/html/body/div[1]/div/div/div/div[1]/div/div/div/div[1]/section/main/div/header/section/div[1]/a/h2&quot;}
  (Session info: chrome=107.0.5304.110)
For documentation on this error, please visit: https://www.seleniumhq.org/exceptions/no_such_element.html
Build info: version: &apos;3.141.59&apos;, revision: &apos;e82be7d358&apos;, time: &apos;2018-11-14T08:17:03&apos;
System info: host: &apos;Kamals-MacBook-Pro.local&apos;, ip: &apos;fe80:0:0:0:c60:41f8:5238:ada6%en0&apos;, os.name: &apos;Mac OS X&apos;, os.arch: &apos;x86_64&apos;, os.version: &apos;10.16&apos;, java.version: &apos;15.0.1&apos;
Driver info: org.openqa.selenium.chrome.ChromeDriver
Capabilities {acceptInsecureCerts: false, browserName: chrome, browserVersion: 107.0.5304.110, chrome: {chromedriverVersion: 106.0.5249.61 (511755355844..., userDataDir: /var/folders/4f/ggkjk46s0lj...}, goog:chromeOptions: {debuggerAddress: localhost:61415}, javascriptEnabled: true, networkConnectionEnabled: false, pageLoadStrategy: normal, platform: MAC, platformName: MAC, proxy: Proxy(), setWindowRect: true, strictFileInteractability: false, timeouts: {implicit: 0, pageLoad: 300000, script: 30000}, unhandledPromptBehavior: dismiss and notify, webauthn:extension:credBlob: true, webauthn:extension:largeBlob: true, webauthn:virtualAuthenticators: true}
Session ID: 3701360bd99177f1334bfffbef411913
*** Element info: {Using=xpath, value=/html/body/div[1]/div/div/div/div[1]/div/div/div/div[1]/section/main/div/header/section/div[1]/a/h2}
	at org.openqa.selenium.remote.http.W3CHttpResponseCodec.createException(W3CHttpResponseCodec.java:187)
	at org.openqa.selenium.remote.http.W3CHttpResponseCodec.decode(W3CHttpResponseCodec.java:122)
	at org.openqa.selenium.remote.http.W3CHttpResponseCodec.decode(W3CHttpResponseCodec.java:49)
	at org.openqa.selenium.remote.HttpCommandExecutor.execute(HttpCommandExecutor.java:158)
	at org.openqa.selenium.remote.service.DriverCommandExecutor.execute(DriverCommandExecutor.java:83)
	at org.openqa.selenium.remote.RemoteWebDriver.execute(RemoteWebDriver.java:552)
	at org.openqa.selenium.remote.RemoteWebDriver.findElement(RemoteWebDriver.java:323)
	at org.openqa.selenium.remote.RemoteWebDriver.findElementByXPath(RemoteWebDriver.java:428)
	at org.openqa.selenium.By$ByXPath.findElement(By.java:353)
	at org.openqa.selenium.remote.RemoteWebDriver.findElement(RemoteWebDriver.java:315)
	at Memberse.WebAppAutomation.wLaunchMemberseInstagramTest.wLaunchMemberseInstagramTestCase(wLaunchMemberseInstagramTest.java:32)
	at java.base/java.util.ArrayList.forEach(ArrayList.java:1511)
... Removed 32 stack frames
</div> <!-- stack-trace -->
                </div> <!-- method-content -->
              </div> <!-- method -->
            </div> <!-- main-panel-content rounded-window-bottom -->
          </div> <!-- suite-Suite-class-failed -->
          <div class="suite-Suite-class-failed">
            <div class="main-panel-header rounded-window-top">
              <img src="failed.png"/>
              <span class="class-name">Memberse.WebAppAutomation.wAddMediaAndPlayPlaylistTest</span>
            </div> <!-- main-panel-header rounded-window-top -->
            <div class="main-panel-content rounded-window-bottom">
              <div class="method">
                <div class="method-content">
                  <a name="wAddMediaAndPlayPlaylistTestCase">
                  </a> <!-- wAddMediaAndPlayPlaylistTestCase -->
                  <span class="method-name">wAddMediaAndPlayPlaylistTestCase</span>
                  <div class="stack-trace">org.openqa.selenium.NoSuchElementException: no such element: Unable to locate element: {&quot;method&quot;:&quot;css selector&quot;,&quot;selector&quot;:&quot;#__next &gt; div.h-full.text-neutral-9000.dark\:text-neutral-1000.custom-scroll &gt; div &gt; div.pl-64.flex.flex-col.flex-1 &gt; main &gt; div &gt; div.space-y-6.h-full &gt; div.flex.w-full &gt; div &gt; div.pb-10 &gt; div.flex-grow &gt; div &gt; div:nth-child(3) &gt; div &gt; div:nth-child(2) &gt; div.w-full.bg-neutral-1000.dark\:bg-purple-8000.shadow-sm.p-4.flex.space-x-2.h-28 &gt; div.flex.text-white &gt; div &gt; div &gt; button:nth-child(1) &gt; svg&quot;}
  (Session info: chrome=107.0.5304.110)
For documentation on this error, please visit: https://www.seleniumhq.org/exceptions/no_such_element.html
Build info: version: &apos;3.141.59&apos;, revision: &apos;e82be7d358&apos;, time: &apos;2018-11-14T08:17:03&apos;
System info: host: &apos;Kamals-MacBook-Pro.local&apos;, ip: &apos;fe80:0:0:0:c60:41f8:5238:ada6%en0&apos;, os.name: &apos;Mac OS X&apos;, os.arch: &apos;x86_64&apos;, os.version: &apos;10.16&apos;, java.version: &apos;15.0.1&apos;
Driver info: org.openqa.selenium.chrome.ChromeDriver
Capabilities {acceptInsecureCerts: false, browserName: chrome, browserVersion: 107.0.5304.110, chrome: {chromedriverVersion: 106.0.5249.61 (511755355844..., userDataDir: /var/folders/4f/ggkjk46s0lj...}, goog:chromeOptions: {debuggerAddress: localhost:62404}, javascriptEnabled: true, networkConnectionEnabled: false, pageLoadStrategy: normal, platform: MAC, platformName: MAC, proxy: Proxy(), setWindowRect: true, strictFileInteractability: false, timeouts: {implicit: 0, pageLoad: 300000, script: 30000}, unhandledPromptBehavior: dismiss and notify, webauthn:extension:credBlob: true, webauthn:extension:largeBlob: true, webauthn:virtualAuthenticators: true}
Session ID: c19b9d7ff1070334a25ad0dcf08be7c7
*** Element info: {Using=css selector, value=#__next &gt; div.h-full.text-neutral-9000.dark\:text-neutral-1000.custom-scroll &gt; div &gt; div.pl-64.flex.flex-col.flex-1 &gt; main &gt; div &gt; div.space-y-6.h-full &gt; div.flex.w-full &gt; div &gt; div.pb-10 &gt; div.flex-grow &gt; div &gt; div:nth-child(3) &gt; div &gt; div:nth-child(2) &gt; div.w-full.bg-neutral-1000.dark\:bg-purple-8000.shadow-sm.p-4.flex.space-x-2.h-28 &gt; div.flex.text-white &gt; div &gt; div &gt; button:nth-child(1) &gt; svg}
	at org.openqa.selenium.remote.http.W3CHttpResponseCodec.createException(W3CHttpResponseCodec.java:187)
	at org.openqa.selenium.remote.http.W3CHttpResponseCodec.decode(W3CHttpResponseCodec.java:122)
	at org.openqa.selenium.remote.http.W3CHttpResponseCodec.decode(W3CHttpResponseCodec.java:49)
	at org.openqa.selenium.remote.HttpCommandExecutor.execute(HttpCommandExecutor.java:158)
	at org.openqa.selenium.remote.service.DriverCommandExecutor.execute(DriverCommandExecutor.java:83)
	at org.openqa.selenium.remote.RemoteWebDriver.execute(RemoteWebDriver.java:552)
	at org.openqa.selenium.remote.RemoteWebDriver.findElement(RemoteWebDriver.java:323)
	at org.openqa.selenium.remote.RemoteWebDriver.findElementByCssSelector(RemoteWebDriver.java:420)
	at org.openqa.selenium.By$ByCssSelector.findElement(By.java:431)
	at org.openqa.selenium.remote.RemoteWebDriver.findElement(RemoteWebDriver.java:315)
	at org.openqa.selenium.support.pagefactory.DefaultElementLocator.findElement(DefaultElementLocator.java:69)
	at org.openqa.selenium.support.pagefactory.internal.LocatingElementHandler.invoke(LocatingElementHandler.java:38)
	at com.sun.proxy.$Proxy14.click(Unknown Source)
	at Memberse.WebAppAutomation.wAddMediaAndPlayPlaylistTest.wAddMediaAndPlayPlaylistTestCase(wAddMediaAndPlayPlaylistTest.java:112)
	at java.base/java.util.ArrayList.forEach(ArrayList.java:1511)
... Removed 32 stack frames
</div> <!-- stack-trace -->
                </div> <!-- method-content -->
              </div> <!-- method -->
            </div> <!-- main-panel-content rounded-window-bottom -->
          </div> <!-- suite-Suite-class-failed -->
          <div class="suite-Suite-class-failed">
            <div class="main-panel-header rounded-window-top">
              <img src="failed.png"/>
              <span class="class-name">Memberse.WebAppAutomation.wSearchCreatorTest</span>
            </div> <!-- main-panel-header rounded-window-top -->
            <div class="main-panel-content rounded-window-bottom">
              <div class="method">
                <div class="method-content">
                  <a name="wSearchCreatorTestCase">
                  </a> <!-- wSearchCreatorTestCase -->
                  <span class="method-name">wSearchCreatorTestCase</span>
                  <div class="stack-trace">java.lang.AssertionError: expected [kqatestc2&apos;s Channel] but found [kqatestc3&apos;s Community]
	at Memberse.WebAppAutomation.wSearchCreatorTest.wSearchCreatorTestCase(wSearchCreatorTest.java:39)
	at java.base/java.util.ArrayList.forEach(ArrayList.java:1511)
... Removed 33 stack frames
</div> <!-- stack-trace -->
                </div> <!-- method-content -->
              </div> <!-- method -->
            </div> <!-- main-panel-content rounded-window-bottom -->
          </div> <!-- suite-Suite-class-failed -->
          <div class="suite-Suite-class-failed">
            <div class="main-panel-header rounded-window-top">
              <img src="failed.png"/>
              <span class="class-name">Memberse.WebAppAutomation.wUserInfoTest</span>
            </div> <!-- main-panel-header rounded-window-top -->
            <div class="main-panel-content rounded-window-bottom">
              <div class="method">
                <div class="method-content">
                  <a name="wUserInfoTestCase">
                  </a> <!-- wUserInfoTestCase -->
                  <span class="method-name">wUserInfoTestCase</span>
                  <div class="stack-trace">org.openqa.selenium.NoSuchElementException: no such element: Unable to locate element: {&quot;method&quot;:&quot;css selector&quot;,&quot;selector&quot;:&quot;#__next &gt; div.h-full.text-neutral-9000.dark\:text-neutral-1000.custom-scroll &gt; div &gt; div.pl-64.flex.flex-col.flex-1 &gt; main &gt; div &gt; div.space-y-6.h-full &gt; div.flex.w-full &gt; div &gt; div &gt; div &gt; div.flex-grow &gt; div &gt; div:nth-child(1) &gt; form &gt; div:nth-child(2) &gt; div &gt; input&quot;}
  (Session info: chrome=107.0.5304.110)
For documentation on this error, please visit: https://www.seleniumhq.org/exceptions/no_such_element.html
Build info: version: &apos;3.141.59&apos;, revision: &apos;e82be7d358&apos;, time: &apos;2018-11-14T08:17:03&apos;
System info: host: &apos;Kamals-MacBook-Pro.local&apos;, ip: &apos;fe80:0:0:0:c60:41f8:5238:ada6%en0&apos;, os.name: &apos;Mac OS X&apos;, os.arch: &apos;x86_64&apos;, os.version: &apos;10.16&apos;, java.version: &apos;15.0.1&apos;
Driver info: org.openqa.selenium.chrome.ChromeDriver
Capabilities {acceptInsecureCerts: false, browserName: chrome, browserVersion: 107.0.5304.110, chrome: {chromedriverVersion: 106.0.5249.61 (511755355844..., userDataDir: /var/folders/4f/ggkjk46s0lj...}, goog:chromeOptions: {debuggerAddress: localhost:61679}, javascriptEnabled: true, networkConnectionEnabled: false, pageLoadStrategy: normal, platform: MAC, platformName: MAC, proxy: Proxy(), setWindowRect: true, strictFileInteractability: false, timeouts: {implicit: 0, pageLoad: 300000, script: 30000}, unhandledPromptBehavior: dismiss and notify, webauthn:extension:credBlob: true, webauthn:extension:largeBlob: true, webauthn:virtualAuthenticators: true}
Session ID: 9de385c57594b52c7e9b815f07b989ee
*** Element info: {Using=css selector, value=#__next &gt; div.h-full.text-neutral-9000.dark\:text-neutral-1000.custom-scroll &gt; div &gt; div.pl-64.flex.flex-col.flex-1 &gt; main &gt; div &gt; div.space-y-6.h-full &gt; div.flex.w-full &gt; div &gt; div &gt; div &gt; div.flex-grow &gt; div &gt; div:nth-child(1) &gt; form &gt; div:nth-child(2) &gt; div &gt; input}
	at org.openqa.selenium.remote.http.W3CHttpResponseCodec.createException(W3CHttpResponseCodec.java:187)
	at org.openqa.selenium.remote.http.W3CHttpResponseCodec.decode(W3CHttpResponseCodec.java:122)
	at org.openqa.selenium.remote.http.W3CHttpResponseCodec.decode(W3CHttpResponseCodec.java:49)
	at org.openqa.selenium.remote.HttpCommandExecutor.execute(HttpCommandExecutor.java:158)
	at org.openqa.selenium.remote.service.DriverCommandExecutor.execute(DriverCommandExecutor.java:83)
	at org.openqa.selenium.remote.RemoteWebDriver.execute(RemoteWebDriver.java:552)
	at org.openqa.selenium.remote.RemoteWebDriver.findElement(RemoteWebDriver.java:323)
	at org.openqa.selenium.remote.RemoteWebDriver.findElementByCssSelector(RemoteWebDriver.java:420)
	at org.openqa.selenium.By$ByCssSelector.findElement(By.java:431)
	at org.openqa.selenium.remote.RemoteWebDriver.findElement(RemoteWebDriver.java:315)
	at Memberse.WebAppAutomation.wUserInfoTest.wUserInfoTestCase(wUserInfoTest.java:41)
	at java.base/java.util.ArrayList.forEach(ArrayList.java:1511)
... Removed 32 stack frames
</div> <!-- stack-trace -->
                </div> <!-- method-content -->
              </div> <!-- method -->
            </div> <!-- main-panel-content rounded-window-bottom -->
          </div> <!-- suite-Suite-class-failed -->
          <div class="suite-Suite-class-failed">
            <div class="main-panel-header rounded-window-top">
              <img src="failed.png"/>
              <span class="class-name">Memberse.WebAppAutomation.wLogintTest</span>
            </div> <!-- main-panel-header rounded-window-top -->
            <div class="main-panel-content rounded-window-bottom">
              <div class="method">
                <div class="method-content">
                  <a name="wLogintTestCase">
                  </a> <!-- wLogintTestCase -->
                  <span class="method-name">wLogintTestCase</span>
                  <div class="stack-trace">org.openqa.selenium.NoSuchElementException: no such element: Unable to locate element: {&quot;method&quot;:&quot;xpath&quot;,&quot;selector&quot;:&quot;//*[@id=&quot;__next&quot;]/div[3]/div/div[3]/main/div/div[2]/div[1]/div/div/div/div[2]/div/div[1]/form/div[2]/div/label&quot;}
  (Session info: chrome=107.0.5304.110)
For documentation on this error, please visit: https://www.seleniumhq.org/exceptions/no_such_element.html
Build info: version: &apos;3.141.59&apos;, revision: &apos;e82be7d358&apos;, time: &apos;2018-11-14T08:17:03&apos;
System info: host: &apos;Kamals-MacBook-Pro.local&apos;, ip: &apos;fe80:0:0:0:c60:41f8:5238:ada6%en0&apos;, os.name: &apos;Mac OS X&apos;, os.arch: &apos;x86_64&apos;, os.version: &apos;10.16&apos;, java.version: &apos;15.0.1&apos;
Driver info: org.openqa.selenium.chrome.ChromeDriver
Capabilities {acceptInsecureCerts: false, browserName: chrome, browserVersion: 107.0.5304.110, chrome: {chromedriverVersion: 106.0.5249.61 (511755355844..., userDataDir: /var/folders/4f/ggkjk46s0lj...}, goog:chromeOptions: {debuggerAddress: localhost:60936}, javascriptEnabled: true, networkConnectionEnabled: false, pageLoadStrategy: normal, platform: MAC, platformName: MAC, proxy: Proxy(), setWindowRect: true, strictFileInteractability: false, timeouts: {implicit: 0, pageLoad: 300000, script: 30000}, unhandledPromptBehavior: dismiss and notify, webauthn:extension:credBlob: true, webauthn:extension:largeBlob: true, webauthn:virtualAuthenticators: true}
Session ID: ceb526f21b5255e4f5d93c392bc9d21d
*** Element info: {Using=xpath, value=//*[@id=&quot;__next&quot;]/div[3]/div/div[3]/main/div/div[2]/div[1]/div/div/div/div[2]/div/div[1]/form/div[2]/div/label}
	at org.openqa.selenium.remote.http.W3CHttpResponseCodec.createException(W3CHttpResponseCodec.java:187)
	at org.openqa.selenium.remote.http.W3CHttpResponseCodec.decode(W3CHttpResponseCodec.java:122)
	at org.openqa.selenium.remote.http.W3CHttpResponseCodec.decode(W3CHttpResponseCodec.java:49)
	at org.openqa.selenium.remote.HttpCommandExecutor.execute(HttpCommandExecutor.java:158)
	at org.openqa.selenium.remote.service.DriverCommandExecutor.execute(DriverCommandExecutor.java:83)
	at org.openqa.selenium.remote.RemoteWebDriver.execute(RemoteWebDriver.java:552)
	at org.openqa.selenium.remote.RemoteWebDriver.findElement(RemoteWebDriver.java:323)
	at org.openqa.selenium.remote.RemoteWebDriver.findElementByXPath(RemoteWebDriver.java:428)
	at org.openqa.selenium.By$ByXPath.findElement(By.java:353)
	at org.openqa.selenium.remote.RemoteWebDriver.findElement(RemoteWebDriver.java:315)
	at Memberse.WebAppAutomation.wLogintTest.wLogintTestCase(wLogintTest.java:28)
	at java.base/java.util.ArrayList.forEach(ArrayList.java:1511)
... Removed 32 stack frames
</div> <!-- stack-trace -->
                </div> <!-- method-content -->
              </div> <!-- method -->
            </div> <!-- main-panel-content rounded-window-bottom -->
          </div> <!-- suite-Suite-class-failed -->
          <div class="suite-Suite-class-failed">
            <div class="main-panel-header rounded-window-top">
              <img src="failed.png"/>
              <span class="class-name">Memberse.WebAppAutomation.wCreateAndDeletePlaylistTest</span>
            </div> <!-- main-panel-header rounded-window-top -->
            <div class="main-panel-content rounded-window-bottom">
              <div class="method">
                <div class="method-content">
                  <a name="wCreateAndDeletePlaylistTestCase">
                  </a> <!-- wCreateAndDeletePlaylistTestCase -->
                  <span class="method-name">wCreateAndDeletePlaylistTestCase</span>
                  <div class="stack-trace">org.openqa.selenium.NoSuchElementException: no such element: Unable to locate element: {&quot;method&quot;:&quot;css selector&quot;,&quot;selector&quot;:&quot;#__next &gt; div.h-full.text-neutral-9000.dark\:text-neutral-1000.custom-scroll &gt; div &gt; div.pl-64.flex.flex-col.flex-1 &gt; main &gt; div &gt; div.space-y-6.h-full &gt; div.flex.w-full &gt; div &gt; div.pb-10 &gt; div.flex-grow &gt; div.space-y-2 &gt; div:nth-child(7) &gt; div.flex.text-white &gt; div &gt; div &gt; button:nth-child(2) &gt; svg &gt; path&quot;}
  (Session info: chrome=107.0.5304.110)
For documentation on this error, please visit: https://www.seleniumhq.org/exceptions/no_such_element.html
Build info: version: &apos;3.141.59&apos;, revision: &apos;e82be7d358&apos;, time: &apos;2018-11-14T08:17:03&apos;
System info: host: &apos;Kamals-MacBook-Pro.local&apos;, ip: &apos;fe80:0:0:0:c60:41f8:5238:ada6%en0&apos;, os.name: &apos;Mac OS X&apos;, os.arch: &apos;x86_64&apos;, os.version: &apos;10.16&apos;, java.version: &apos;15.0.1&apos;
Driver info: org.openqa.selenium.chrome.ChromeDriver
Capabilities {acceptInsecureCerts: false, browserName: chrome, browserVersion: 107.0.5304.110, chrome: {chromedriverVersion: 106.0.5249.61 (511755355844..., userDataDir: /var/folders/4f/ggkjk46s0lj...}, goog:chromeOptions: {debuggerAddress: localhost:62327}, javascriptEnabled: true, networkConnectionEnabled: false, pageLoadStrategy: normal, platform: MAC, platformName: MAC, proxy: Proxy(), setWindowRect: true, strictFileInteractability: false, timeouts: {implicit: 0, pageLoad: 300000, script: 30000}, unhandledPromptBehavior: dismiss and notify, webauthn:extension:credBlob: true, webauthn:extension:largeBlob: true, webauthn:virtualAuthenticators: true}
Session ID: 32c6e2fd939db6fe509da1c3a5e4154b
*** Element info: {Using=css selector, value=#__next &gt; div.h-full.text-neutral-9000.dark\:text-neutral-1000.custom-scroll &gt; div &gt; div.pl-64.flex.flex-col.flex-1 &gt; main &gt; div &gt; div.space-y-6.h-full &gt; div.flex.w-full &gt; div &gt; div.pb-10 &gt; div.flex-grow &gt; div.space-y-2 &gt; div:nth-child(7) &gt; div.flex.text-white &gt; div &gt; div &gt; button:nth-child(2) &gt; svg &gt; path}
	at org.openqa.selenium.remote.http.W3CHttpResponseCodec.createException(W3CHttpResponseCodec.java:187)
	at org.openqa.selenium.remote.http.W3CHttpResponseCodec.decode(W3CHttpResponseCodec.java:122)
	at org.openqa.selenium.remote.http.W3CHttpResponseCodec.decode(W3CHttpResponseCodec.java:49)
	at org.openqa.selenium.remote.HttpCommandExecutor.execute(HttpCommandExecutor.java:158)
	at org.openqa.selenium.remote.service.DriverCommandExecutor.execute(DriverCommandExecutor.java:83)
	at org.openqa.selenium.remote.RemoteWebDriver.execute(RemoteWebDriver.java:552)
	at org.openqa.selenium.remote.RemoteWebDriver.findElement(RemoteWebDriver.java:323)
	at org.openqa.selenium.remote.RemoteWebDriver.findElementByCssSelector(RemoteWebDriver.java:420)
	at org.openqa.selenium.By$ByCssSelector.findElement(By.java:431)
	at org.openqa.selenium.remote.RemoteWebDriver.findElement(RemoteWebDriver.java:315)
	at org.openqa.selenium.support.pagefactory.DefaultElementLocator.findElement(DefaultElementLocator.java:69)
	at org.openqa.selenium.support.pagefactory.internal.LocatingElementHandler.invoke(LocatingElementHandler.java:38)
	at com.sun.proxy.$Proxy14.click(Unknown Source)
	at Memberse.WebAppAutomation.wCreateAndDeletePlaylistTest.wCreateAndDeletePlaylistTestCase(wCreateAndDeletePlaylistTest.java:107)
	at java.base/java.util.ArrayList.forEach(ArrayList.java:1511)
... Removed 32 stack frames
</div> <!-- stack-trace -->
                </div> <!-- method-content -->
              </div> <!-- method -->
            </div> <!-- main-panel-content rounded-window-bottom -->
          </div> <!-- suite-Suite-class-failed -->
          <div class="suite-Suite-class-failed">
            <div class="main-panel-header rounded-window-top">
              <img src="failed.png"/>
              <span class="class-name">Memberse.WebAppAutomation.wDeleteAccountTest</span>
            </div> <!-- main-panel-header rounded-window-top -->
            <div class="main-panel-content rounded-window-bottom">
              <div class="method">
                <div class="method-content">
                  <a name="wDeleteAccountTestCase">
                  </a> <!-- wDeleteAccountTestCase -->
                  <span class="method-name">wDeleteAccountTestCase</span>
                  <div class="stack-trace">org.openqa.selenium.NoSuchElementException: no such element: Unable to locate element: {&quot;method&quot;:&quot;xpath&quot;,&quot;selector&quot;:&quot;//*[@id=&quot;__next&quot;]/div[3]/div/div[3]/main/div/div[2]/div[1]/div/div/div[2]/div[2]/div/button/span&quot;}
  (Session info: chrome=107.0.5304.110)
For documentation on this error, please visit: https://www.seleniumhq.org/exceptions/no_such_element.html
Build info: version: &apos;3.141.59&apos;, revision: &apos;e82be7d358&apos;, time: &apos;2018-11-14T08:17:03&apos;
System info: host: &apos;Kamals-MacBook-Pro.local&apos;, ip: &apos;fe80:0:0:0:c60:41f8:5238:ada6%en0&apos;, os.name: &apos;Mac OS X&apos;, os.arch: &apos;x86_64&apos;, os.version: &apos;10.16&apos;, java.version: &apos;15.0.1&apos;
Driver info: org.openqa.selenium.chrome.ChromeDriver
Capabilities {acceptInsecureCerts: false, browserName: chrome, browserVersion: 107.0.5304.110, chrome: {chromedriverVersion: 106.0.5249.61 (511755355844..., userDataDir: /var/folders/4f/ggkjk46s0lj...}, goog:chromeOptions: {debuggerAddress: localhost:61247}, javascriptEnabled: true, networkConnectionEnabled: false, pageLoadStrategy: normal, platform: MAC, platformName: MAC, proxy: Proxy(), setWindowRect: true, strictFileInteractability: false, timeouts: {implicit: 0, pageLoad: 300000, script: 30000}, unhandledPromptBehavior: dismiss and notify, webauthn:extension:credBlob: true, webauthn:extension:largeBlob: true, webauthn:virtualAuthenticators: true}
Session ID: 786554bb90e7d42363c597ee63b0dc16
*** Element info: {Using=xpath, value=//*[@id=&quot;__next&quot;]/div[3]/div/div[3]/main/div/div[2]/div[1]/div/div/div[2]/div[2]/div/button/span}
	at org.openqa.selenium.remote.http.W3CHttpResponseCodec.createException(W3CHttpResponseCodec.java:187)
	at org.openqa.selenium.remote.http.W3CHttpResponseCodec.decode(W3CHttpResponseCodec.java:122)
	at org.openqa.selenium.remote.http.W3CHttpResponseCodec.decode(W3CHttpResponseCodec.java:49)
	at org.openqa.selenium.remote.HttpCommandExecutor.execute(HttpCommandExecutor.java:158)
	at org.openqa.selenium.remote.service.DriverCommandExecutor.execute(DriverCommandExecutor.java:83)
	at org.openqa.selenium.remote.RemoteWebDriver.execute(RemoteWebDriver.java:552)
	at org.openqa.selenium.remote.RemoteWebDriver.findElement(RemoteWebDriver.java:323)
	at org.openqa.selenium.remote.RemoteWebDriver.findElementByXPath(RemoteWebDriver.java:428)
	at org.openqa.selenium.By$ByXPath.findElement(By.java:353)
	at org.openqa.selenium.remote.RemoteWebDriver.findElement(RemoteWebDriver.java:315)
	at Memberse.WebAppAutomation.wDeleteAccountTest.wDeleteAccountTestCase(wDeleteAccountTest.java:48)
	at java.base/java.util.ArrayList.forEach(ArrayList.java:1511)
... Removed 32 stack frames
</div> <!-- stack-trace -->
                </div> <!-- method-content -->
              </div> <!-- method -->
            </div> <!-- main-panel-content rounded-window-bottom -->
          </div> <!-- suite-Suite-class-failed -->
          <div class="suite-Suite-class-failed">
            <div class="main-panel-header rounded-window-top">
              <img src="failed.png"/>
              <span class="class-name">Memberse.WebAppAutomation.wPostHistoryDeleteTest</span>
            </div> <!-- main-panel-header rounded-window-top -->
            <div class="main-panel-content rounded-window-bottom">
              <div class="method">
                <div class="method-content">
                  <a name="wPostHistoryDeleteTestCase">
                  </a> <!-- wPostHistoryDeleteTestCase -->
                  <span class="method-name">wPostHistoryDeleteTestCase</span>
                  <div class="stack-trace">org.openqa.selenium.NoSuchElementException: no such element: Unable to locate element: {&quot;method&quot;:&quot;xpath&quot;,&quot;selector&quot;:&quot;//*[@id=&quot;__next&quot;]/div[3]/div/div[3]/main/div/div[2]/div[1]/div/div[2]/div[2]/div/div[3]/div/div[1]/div[2]/div[3]/div/div/button[2]&quot;}
  (Session info: chrome=107.0.5304.110)
For documentation on this error, please visit: https://www.seleniumhq.org/exceptions/no_such_element.html
Build info: version: &apos;3.141.59&apos;, revision: &apos;e82be7d358&apos;, time: &apos;2018-11-14T08:17:03&apos;
System info: host: &apos;Kamals-MacBook-Pro.local&apos;, ip: &apos;fe80:0:0:0:c60:41f8:5238:ada6%en0&apos;, os.name: &apos;Mac OS X&apos;, os.arch: &apos;x86_64&apos;, os.version: &apos;10.16&apos;, java.version: &apos;15.0.1&apos;
Driver info: org.openqa.selenium.chrome.ChromeDriver
Capabilities {acceptInsecureCerts: false, browserName: chrome, browserVersion: 107.0.5304.110, chrome: {chromedriverVersion: 106.0.5249.61 (511755355844..., userDataDir: /var/folders/4f/ggkjk46s0lj...}, goog:chromeOptions: {debuggerAddress: localhost:62163}, javascriptEnabled: true, networkConnectionEnabled: false, pageLoadStrategy: normal, platform: MAC, platformName: MAC, proxy: Proxy(), setWindowRect: true, strictFileInteractability: false, timeouts: {implicit: 0, pageLoad: 300000, script: 30000}, unhandledPromptBehavior: dismiss and notify, webauthn:extension:credBlob: true, webauthn:extension:largeBlob: true, webauthn:virtualAuthenticators: true}
Session ID: c06c912e0a16c5a70b53c20e2a3e6195
*** Element info: {Using=xpath, value=//*[@id=&quot;__next&quot;]/div[3]/div/div[3]/main/div/div[2]/div[1]/div/div[2]/div[2]/div/div[3]/div/div[1]/div[2]/div[3]/div/div/button[2]}
	at org.openqa.selenium.remote.http.W3CHttpResponseCodec.createException(W3CHttpResponseCodec.java:187)
	at org.openqa.selenium.remote.http.W3CHttpResponseCodec.decode(W3CHttpResponseCodec.java:122)
	at org.openqa.selenium.remote.http.W3CHttpResponseCodec.decode(W3CHttpResponseCodec.java:49)
	at org.openqa.selenium.remote.HttpCommandExecutor.execute(HttpCommandExecutor.java:158)
	at org.openqa.selenium.remote.service.DriverCommandExecutor.execute(DriverCommandExecutor.java:83)
	at org.openqa.selenium.remote.RemoteWebDriver.execute(RemoteWebDriver.java:552)
	at org.openqa.selenium.remote.RemoteWebDriver.findElement(RemoteWebDriver.java:323)
	at org.openqa.selenium.remote.RemoteWebDriver.findElementByXPath(RemoteWebDriver.java:428)
	at org.openqa.selenium.By$ByXPath.findElement(By.java:353)
	at org.openqa.selenium.remote.RemoteWebDriver.findElement(RemoteWebDriver.java:315)
	at org.openqa.selenium.support.pagefactory.DefaultElementLocator.findElement(DefaultElementLocator.java:69)
	at org.openqa.selenium.support.pagefactory.internal.LocatingElementHandler.invoke(LocatingElementHandler.java:38)
	at com.sun.proxy.$Proxy14.click(Unknown Source)
	at Memberse.WebAppAutomation.wPostHistoryDeleteTest.wPostHistoryDeleteTestCase(wPostHistoryDeleteTest.java:36)
	at java.base/java.util.ArrayList.forEach(ArrayList.java:1511)
... Removed 32 stack frames
</div> <!-- stack-trace -->
                </div> <!-- method-content -->
              </div> <!-- method -->
            </div> <!-- main-panel-content rounded-window-bottom -->
          </div> <!-- suite-Suite-class-failed -->
          <div class="suite-Suite-class-failed">
            <div class="main-panel-header rounded-window-top">
              <img src="failed.png"/>
              <span class="class-name">Memberse.WebAppAutomation.wLogoutTest</span>
            </div> <!-- main-panel-header rounded-window-top -->
            <div class="main-panel-content rounded-window-bottom">
              <div class="method">
                <div class="method-content">
                  <a name="wLogoutTestCase">
                  </a> <!-- wLogoutTestCase -->
                  <span class="method-name">wLogoutTestCase</span>
                  <div class="stack-trace">org.openqa.selenium.ElementClickInterceptedException: element click intercepted: Element &lt;a class=&quot;disabled px-3 text-neutral-1000 group flex items-center py-2 text-base font-medium hover:bg-neutral-8000&quot; href=&quot;/content-creator&quot;&gt;...&lt;/a&gt; is not clickable at point (128, 232). Other element would receive the click: &lt;div class=&quot;opacity-50 cursor-not-allowed&quot;&gt;...&lt;/div&gt;
  (Session info: chrome=107.0.5304.110)
Build info: version: &apos;3.141.59&apos;, revision: &apos;e82be7d358&apos;, time: &apos;2018-11-14T08:17:03&apos;
System info: host: &apos;Kamals-MacBook-Pro.local&apos;, ip: &apos;fe80:0:0:0:c60:41f8:5238:ada6%en0&apos;, os.name: &apos;Mac OS X&apos;, os.arch: &apos;x86_64&apos;, os.version: &apos;10.16&apos;, java.version: &apos;15.0.1&apos;
Driver info: org.openqa.selenium.chrome.ChromeDriver
Capabilities {acceptInsecureCerts: false, browserName: chrome, browserVersion: 107.0.5304.110, chrome: {chromedriverVersion: 106.0.5249.61 (511755355844..., userDataDir: /var/folders/4f/ggkjk46s0lj...}, goog:chromeOptions: {debuggerAddress: localhost:61215}, javascriptEnabled: true, networkConnectionEnabled: false, pageLoadStrategy: normal, platform: MAC, platformName: MAC, proxy: Proxy(), setWindowRect: true, strictFileInteractability: false, timeouts: {implicit: 0, pageLoad: 300000, script: 30000}, unhandledPromptBehavior: dismiss and notify, webauthn:extension:credBlob: true, webauthn:extension:largeBlob: true, webauthn:virtualAuthenticators: true}
Session ID: b2588967ebdf28a221d6160ae19b4d93
	at org.openqa.selenium.remote.http.W3CHttpResponseCodec.createException(W3CHttpResponseCodec.java:187)
	at org.openqa.selenium.remote.http.W3CHttpResponseCodec.decode(W3CHttpResponseCodec.java:122)
	at org.openqa.selenium.remote.http.W3CHttpResponseCodec.decode(W3CHttpResponseCodec.java:49)
	at org.openqa.selenium.remote.HttpCommandExecutor.execute(HttpCommandExecutor.java:158)
	at org.openqa.selenium.remote.service.DriverCommandExecutor.execute(DriverCommandExecutor.java:83)
	at org.openqa.selenium.remote.RemoteWebDriver.execute(RemoteWebDriver.java:552)
	at org.openqa.selenium.remote.RemoteWebElement.execute(RemoteWebElement.java:285)
	at org.openqa.selenium.remote.RemoteWebElement.click(RemoteWebElement.java:84)
	at Memberse.WebAppAutomation.wLogoutTest.wLogoutTestCase(wLogoutTest.java:26)
	at java.base/java.util.ArrayList.forEach(ArrayList.java:1511)
... Removed 32 stack frames
</div> <!-- stack-trace -->
                </div> <!-- method-content -->
              </div> <!-- method -->
            </div> <!-- main-panel-content rounded-window-bottom -->
          </div> <!-- suite-Suite-class-failed -->
          <div class="suite-Suite-class-failed">
            <div class="main-panel-header rounded-window-top">
              <img src="failed.png"/>
              <span class="class-name">Memberse.WebAppAutomation.wPostHistoryPlayTest</span>
            </div> <!-- main-panel-header rounded-window-top -->
            <div class="main-panel-content rounded-window-bottom">
              <div class="method">
                <div class="method-content">
                  <a name="wPostHistoryPlayTestCase">
                  </a> <!-- wPostHistoryPlayTestCase -->
                  <span class="method-name">wPostHistoryPlayTestCase</span>
                  <div class="stack-trace">org.openqa.selenium.NoSuchElementException: no such element: Unable to locate element: {&quot;method&quot;:&quot;css selector&quot;,&quot;selector&quot;:&quot;#__next &gt; div.h-full.text-neutral-9000.dark\:text-neutral-1000.custom-scroll &gt; div &gt; div.pl-64.flex.flex-col.flex-1 &gt; main &gt; div &gt; div.space-y-6.h-full &gt; div.flex.w-full &gt; div &gt; div.pb-10 &gt; div.flex-grow &gt; div &gt; div:nth-child(3) &gt; div &gt; div:nth-child(1) &gt; div.w-full.bg-neutral-1000.dark\:bg-purple-8000.shadow-sm.p-4.flex.space-x-2.h-28 &gt; div:nth-child(1) &gt; div &gt; div &gt; div &gt; div&quot;}
  (Session info: chrome=107.0.5304.110)
For documentation on this error, please visit: https://www.seleniumhq.org/exceptions/no_such_element.html
Build info: version: &apos;3.141.59&apos;, revision: &apos;e82be7d358&apos;, time: &apos;2018-11-14T08:17:03&apos;
System info: host: &apos;Kamals-MacBook-Pro.local&apos;, ip: &apos;fe80:0:0:0:c60:41f8:5238:ada6%en0&apos;, os.name: &apos;Mac OS X&apos;, os.arch: &apos;x86_64&apos;, os.version: &apos;10.16&apos;, java.version: &apos;15.0.1&apos;
Driver info: org.openqa.selenium.chrome.ChromeDriver
Capabilities {acceptInsecureCerts: false, browserName: chrome, browserVersion: 107.0.5304.110, chrome: {chromedriverVersion: 106.0.5249.61 (511755355844..., userDataDir: /var/folders/4f/ggkjk46s0lj...}, goog:chromeOptions: {debuggerAddress: localhost:62051}, javascriptEnabled: true, networkConnectionEnabled: false, pageLoadStrategy: normal, platform: MAC, platformName: MAC, proxy: Proxy(), setWindowRect: true, strictFileInteractability: false, timeouts: {implicit: 0, pageLoad: 300000, script: 30000}, unhandledPromptBehavior: dismiss and notify, webauthn:extension:credBlob: true, webauthn:extension:largeBlob: true, webauthn:virtualAuthenticators: true}
Session ID: 679ac164de4106fdb639702bc586a49c
*** Element info: {Using=css selector, value=#__next &gt; div.h-full.text-neutral-9000.dark\:text-neutral-1000.custom-scroll &gt; div &gt; div.pl-64.flex.flex-col.flex-1 &gt; main &gt; div &gt; div.space-y-6.h-full &gt; div.flex.w-full &gt; div &gt; div.pb-10 &gt; div.flex-grow &gt; div &gt; div:nth-child(3) &gt; div &gt; div:nth-child(1) &gt; div.w-full.bg-neutral-1000.dark\:bg-purple-8000.shadow-sm.p-4.flex.space-x-2.h-28 &gt; div:nth-child(1) &gt; div &gt; div &gt; div &gt; div}
	at org.openqa.selenium.remote.http.W3CHttpResponseCodec.createException(W3CHttpResponseCodec.java:187)
	at org.openqa.selenium.remote.http.W3CHttpResponseCodec.decode(W3CHttpResponseCodec.java:122)
	at org.openqa.selenium.remote.http.W3CHttpResponseCodec.decode(W3CHttpResponseCodec.java:49)
	at org.openqa.selenium.remote.HttpCommandExecutor.execute(HttpCommandExecutor.java:158)
	at org.openqa.selenium.remote.service.DriverCommandExecutor.execute(DriverCommandExecutor.java:83)
	at org.openqa.selenium.remote.RemoteWebDriver.execute(RemoteWebDriver.java:552)
	at org.openqa.selenium.remote.RemoteWebDriver.findElement(RemoteWebDriver.java:323)
	at org.openqa.selenium.remote.RemoteWebDriver.findElementByCssSelector(RemoteWebDriver.java:420)
	at org.openqa.selenium.By$ByCssSelector.findElement(By.java:431)
	at org.openqa.selenium.remote.RemoteWebDriver.findElement(RemoteWebDriver.java:315)
	at org.openqa.selenium.support.pagefactory.DefaultElementLocator.findElement(DefaultElementLocator.java:69)
	at org.openqa.selenium.support.pagefactory.internal.LocatingElementHandler.invoke(LocatingElementHandler.java:38)
	at com.sun.proxy.$Proxy14.click(Unknown Source)
	at Memberse.WebAppAutomation.wPostHistoryPlayTest.wPostHistoryPlayTestCase(wPostHistoryPlayTest.java:66)
	at java.base/java.util.ArrayList.forEach(ArrayList.java:1511)
... Removed 32 stack frames
</div> <!-- stack-trace -->
                </div> <!-- method-content -->
              </div> <!-- method -->
            </div> <!-- main-panel-content rounded-window-bottom -->
          </div> <!-- suite-Suite-class-failed -->
          <div class="suite-Suite-class-failed">
            <div class="main-panel-header rounded-window-top">
              <img src="failed.png"/>
              <span class="class-name">Memberse.WebAppAutomation.wBecomeCreatorTest</span>
            </div> <!-- main-panel-header rounded-window-top -->
            <div class="main-panel-content rounded-window-bottom">
              <div class="method">
                <div class="method-content">
                  <a name="WBecomeCreatorTestCase">
                  </a> <!-- WBecomeCreatorTestCase -->
                  <span class="method-name">WBecomeCreatorTestCase</span>
                  <div class="stack-trace">org.openqa.selenium.NoSuchElementException: no such element: Unable to locate element: {&quot;method&quot;:&quot;xpath&quot;,&quot;selector&quot;:&quot;//*[@id=&quot;__next&quot;]/div[3]/div/div[3]/main/div/div[2]/div[1]/div/div/div[2]/div[2]/form/button/span&quot;}
  (Session info: chrome=107.0.5304.110)
For documentation on this error, please visit: https://www.seleniumhq.org/exceptions/no_such_element.html
Build info: version: &apos;3.141.59&apos;, revision: &apos;e82be7d358&apos;, time: &apos;2018-11-14T08:17:03&apos;
System info: host: &apos;Kamals-MacBook-Pro.local&apos;, ip: &apos;fe80:0:0:0:c60:41f8:5238:ada6%en0&apos;, os.name: &apos;Mac OS X&apos;, os.arch: &apos;x86_64&apos;, os.version: &apos;10.16&apos;, java.version: &apos;15.0.1&apos;
Driver info: org.openqa.selenium.chrome.ChromeDriver
Capabilities {acceptInsecureCerts: false, browserName: chrome, browserVersion: 107.0.5304.110, chrome: {chromedriverVersion: 106.0.5249.61 (511755355844..., userDataDir: /var/folders/4f/ggkjk46s0lj...}, goog:chromeOptions: {debuggerAddress: localhost:61896}, javascriptEnabled: true, networkConnectionEnabled: false, pageLoadStrategy: normal, platform: MAC, platformName: MAC, proxy: Proxy(), setWindowRect: true, strictFileInteractability: false, timeouts: {implicit: 0, pageLoad: 300000, script: 30000}, unhandledPromptBehavior: dismiss and notify, webauthn:extension:credBlob: true, webauthn:extension:largeBlob: true, webauthn:virtualAuthenticators: true}
Session ID: 2cb05e356b5ba78233f7aaaf84e8d3a9
*** Element info: {Using=xpath, value=//*[@id=&quot;__next&quot;]/div[3]/div/div[3]/main/div/div[2]/div[1]/div/div/div[2]/div[2]/form/button/span}
	at org.openqa.selenium.remote.http.W3CHttpResponseCodec.createException(W3CHttpResponseCodec.java:187)
	at org.openqa.selenium.remote.http.W3CHttpResponseCodec.decode(W3CHttpResponseCodec.java:122)
	at org.openqa.selenium.remote.http.W3CHttpResponseCodec.decode(W3CHttpResponseCodec.java:49)
	at org.openqa.selenium.remote.HttpCommandExecutor.execute(HttpCommandExecutor.java:158)
	at org.openqa.selenium.remote.service.DriverCommandExecutor.execute(DriverCommandExecutor.java:83)
	at org.openqa.selenium.remote.RemoteWebDriver.execute(RemoteWebDriver.java:552)
	at org.openqa.selenium.remote.RemoteWebDriver.findElement(RemoteWebDriver.java:323)
	at org.openqa.selenium.remote.RemoteWebDriver.findElementByXPath(RemoteWebDriver.java:428)
	at org.openqa.selenium.By$ByXPath.findElement(By.java:353)
	at org.openqa.selenium.remote.RemoteWebDriver.findElement(RemoteWebDriver.java:315)
	at org.openqa.selenium.support.pagefactory.DefaultElementLocator.findElement(DefaultElementLocator.java:69)
	at org.openqa.selenium.support.pagefactory.internal.LocatingElementHandler.invoke(LocatingElementHandler.java:38)
	at com.sun.proxy.$Proxy14.click(Unknown Source)
	at Memberse.WebAppAutomation.wBecomeCreatorTest.WBecomeCreatorTestCase(wBecomeCreatorTest.java:59)
	at java.base/java.util.ArrayList.forEach(ArrayList.java:1511)
... Removed 32 stack frames
</div> <!-- stack-trace -->
                </div> <!-- method-content -->
              </div> <!-- method -->
            </div> <!-- main-panel-content rounded-window-bottom -->
          </div> <!-- suite-Suite-class-failed -->
          <div class="suite-Suite-class-failed">
            <div class="main-panel-header rounded-window-top">
              <img src="failed.png"/>
              <span class="class-name">Memberse.WebAppAutomation.wChangePasswordTest</span>
            </div> <!-- main-panel-header rounded-window-top -->
            <div class="main-panel-content rounded-window-bottom">
              <div class="method">
                <div class="method-content">
                  <a name="wChangePasswordTestCase">
                  </a> <!-- wChangePasswordTestCase -->
                  <span class="method-name">wChangePasswordTestCase</span>
                  <div class="stack-trace">org.openqa.selenium.ElementClickInterceptedException: element click intercepted: Element &lt;a class=&quot;disabled px-3 text-neutral-1000 group flex items-center py-2 text-base font-medium hover:bg-neutral-8000&quot; href=&quot;/profile&quot;&gt;...&lt;/a&gt; is not clickable at point (128, 188). Other element would receive the click: &lt;div class=&quot;opacity-50 cursor-not-allowed&quot;&gt;...&lt;/div&gt;
  (Session info: chrome=107.0.5304.110)
Build info: version: &apos;3.141.59&apos;, revision: &apos;e82be7d358&apos;, time: &apos;2018-11-14T08:17:03&apos;
System info: host: &apos;Kamals-MacBook-Pro.local&apos;, ip: &apos;fe80:0:0:0:c60:41f8:5238:ada6%en0&apos;, os.name: &apos;Mac OS X&apos;, os.arch: &apos;x86_64&apos;, os.version: &apos;10.16&apos;, java.version: &apos;15.0.1&apos;
Driver info: org.openqa.selenium.chrome.ChromeDriver
Capabilities {acceptInsecureCerts: false, browserName: chrome, browserVersion: 107.0.5304.110, chrome: {chromedriverVersion: 106.0.5249.61 (511755355844..., userDataDir: /var/folders/4f/ggkjk46s0lj...}, goog:chromeOptions: {debuggerAddress: localhost:61860}, javascriptEnabled: true, networkConnectionEnabled: false, pageLoadStrategy: normal, platform: MAC, platformName: MAC, proxy: Proxy(), setWindowRect: true, strictFileInteractability: false, timeouts: {implicit: 0, pageLoad: 300000, script: 30000}, unhandledPromptBehavior: dismiss and notify, webauthn:extension:credBlob: true, webauthn:extension:largeBlob: true, webauthn:virtualAuthenticators: true}
Session ID: 04398bfbc361e09ee064fe17c86d2ed9
	at org.openqa.selenium.remote.http.W3CHttpResponseCodec.createException(W3CHttpResponseCodec.java:187)
	at org.openqa.selenium.remote.http.W3CHttpResponseCodec.decode(W3CHttpResponseCodec.java:122)
	at org.openqa.selenium.remote.http.W3CHttpResponseCodec.decode(W3CHttpResponseCodec.java:49)
	at org.openqa.selenium.remote.HttpCommandExecutor.execute(HttpCommandExecutor.java:158)
	at org.openqa.selenium.remote.service.DriverCommandExecutor.execute(DriverCommandExecutor.java:83)
	at org.openqa.selenium.remote.RemoteWebDriver.execute(RemoteWebDriver.java:552)
	at org.openqa.selenium.remote.RemoteWebElement.execute(RemoteWebElement.java:285)
	at org.openqa.selenium.remote.RemoteWebElement.click(RemoteWebElement.java:84)
	at org.openqa.selenium.support.pagefactory.internal.LocatingElementHandler.invoke(LocatingElementHandler.java:51)
	at com.sun.proxy.$Proxy14.click(Unknown Source)
	at Memberse.WebAppAutomation.wChangePasswordTest.wChangePasswordTestCase(wChangePasswordTest.java:32)
	at java.base/java.util.ArrayList.forEach(ArrayList.java:1511)
... Removed 35 stack frames
</div> <!-- stack-trace -->
                </div> <!-- method-content -->
              </div> <!-- method -->
            </div> <!-- main-panel-content rounded-window-bottom -->
          </div> <!-- suite-Suite-class-failed -->
          <div class="suite-Suite-class-passed">
            <div class="main-panel-header rounded-window-top">
              <img src="passed.png"/>
              <span class="class-name">Memberse.WebAppAutomation.wLoginWithGoogleTest</span>
            </div> <!-- main-panel-header rounded-window-top -->
            <div class="main-panel-content rounded-window-bottom">
              <div class="method">
                <div class="method-content">
                  <a name="wLoginWithGoogleTestCase">
                  </a> <!-- wLoginWithGoogleTestCase -->
                  <span class="method-name">wLoginWithGoogleTestCase</span>
                </div> <!-- method-content -->
              </div> <!-- method -->
            </div> <!-- main-panel-content rounded-window-bottom -->
          </div> <!-- suite-Suite-class-passed -->
          <div class="suite-Suite-class-passed">
            <div class="main-panel-header rounded-window-top">
              <img src="passed.png"/>
              <span class="class-name">Memberse.WebAppAutomation.wPlaylistEditTest</span>
            </div> <!-- main-panel-header rounded-window-top -->
            <div class="main-panel-content rounded-window-bottom">
              <div class="method">
                <div class="method-content">
                  <a name="wPlaylistEditTestCase">
                  </a> <!-- wPlaylistEditTestCase -->
                  <span class="method-name">wPlaylistEditTestCase</span>
                </div> <!-- method-content -->
              </div> <!-- method -->
            </div> <!-- main-panel-content rounded-window-bottom -->
          </div> <!-- suite-Suite-class-passed -->
          <div class="suite-Suite-class-passed">
            <div class="main-panel-header rounded-window-top">
              <img src="passed.png"/>
              <span class="class-name">Memberse.WebAppAutomation.wRegisterFormValidationTest</span>
            </div> <!-- main-panel-header rounded-window-top -->
            <div class="main-panel-content rounded-window-bottom">
              <div class="method">
                <div class="method-content">
                  <a name="wRegisterFormValidationTestCase">
                  </a> <!-- wRegisterFormValidationTestCase -->
                  <span class="method-name">wRegisterFormValidationTestCase</span>
                </div> <!-- method-content -->
              </div> <!-- method -->
            </div> <!-- main-panel-content rounded-window-bottom -->
          </div> <!-- suite-Suite-class-passed -->
          <div class="suite-Suite-class-passed">
            <div class="main-panel-header rounded-window-top">
              <img src="passed.png"/>
              <span class="class-name">Memberse.WebAppAutomation.wPrivacyPolicyTest</span>
            </div> <!-- main-panel-header rounded-window-top -->
            <div class="main-panel-content rounded-window-bottom">
              <div class="method">
                <div class="method-content">
                  <a name="wPrivacyPolicyTestCase">
                  </a> <!-- wPrivacyPolicyTestCase -->
                  <span class="method-name">wPrivacyPolicyTestCase</span>
                </div> <!-- method-content -->
              </div> <!-- method -->
            </div> <!-- main-panel-content rounded-window-bottom -->
          </div> <!-- suite-Suite-class-passed -->
          <div class="suite-Suite-class-passed">
            <div class="main-panel-header rounded-window-top">
              <img src="passed.png"/>
              <span class="class-name">Memberse.WebAppAutomation.wLaunchAppStoreTest</span>
            </div> <!-- main-panel-header rounded-window-top -->
            <div class="main-panel-content rounded-window-bottom">
              <div class="method">
                <div class="method-content">
                  <a name="wLaunchAppStoreTestCase">
                  </a> <!-- wLaunchAppStoreTestCase -->
                  <span class="method-name">wLaunchAppStoreTestCase</span>
                </div> <!-- method-content -->
              </div> <!-- method -->
            </div> <!-- main-panel-content rounded-window-bottom -->
          </div> <!-- suite-Suite-class-passed -->
          <div class="suite-Suite-class-passed">
            <div class="main-panel-header rounded-window-top">
              <img src="passed.png"/>
              <span class="class-name">Memberse.WebAppAutomation.wMyFansListTest</span>
            </div> <!-- main-panel-header rounded-window-top -->
            <div class="main-panel-content rounded-window-bottom">
              <div class="method">
                <div class="method-content">
                  <a name="wMyFansListTestCase">
                  </a> <!-- wMyFansListTestCase -->
                  <span class="method-name">wMyFansListTestCase</span>
                </div> <!-- method-content -->
              </div> <!-- method -->
            </div> <!-- main-panel-content rounded-window-bottom -->
          </div> <!-- suite-Suite-class-passed -->
          <div class="suite-Suite-class-passed">
            <div class="main-panel-header rounded-window-top">
              <img src="passed.png"/>
              <span class="class-name">Memberse.WebAppAutomation.wCommunityPriceTest</span>
            </div> <!-- main-panel-header rounded-window-top -->
            <div class="main-panel-content rounded-window-bottom">
              <div class="method">
                <div class="method-content">
                  <a name="wCommunityPriceTestwCommunityPriceTestCase">
                  </a> <!-- wCommunityPriceTestwCommunityPriceTestCase -->
                  <span class="method-name">wCommunityPriceTestwCommunityPriceTestCase</span>
                </div> <!-- method-content -->
              </div> <!-- method -->
            </div> <!-- main-panel-content rounded-window-bottom -->
          </div> <!-- suite-Suite-class-passed -->
          <div class="suite-Suite-class-passed">
            <div class="main-panel-header rounded-window-top">
              <img src="passed.png"/>
              <span class="class-name">Memberse.WebAppAutomation.wLaunchMemberseLinkedInTest</span>
            </div> <!-- main-panel-header rounded-window-top -->
            <div class="main-panel-content rounded-window-bottom">
              <div class="method">
                <div class="method-content">
                  <a name="wLaunchMemberseLinkedInTestCase">
                  </a> <!-- wLaunchMemberseLinkedInTestCase -->
                  <span class="method-name">wLaunchMemberseLinkedInTestCase</span>
                </div> <!-- method-content -->
              </div> <!-- method -->
            </div> <!-- main-panel-content rounded-window-bottom -->
          </div> <!-- suite-Suite-class-passed -->
          <div class="suite-Suite-class-passed">
            <div class="main-panel-header rounded-window-top">
              <img src="passed.png"/>
              <span class="class-name">Memberse.WebAppAutomation.wLaunchMemberseFacebookTest</span>
            </div> <!-- main-panel-header rounded-window-top -->
            <div class="main-panel-content rounded-window-bottom">
              <div class="method">
                <div class="method-content">
                  <a name="wLaunchMemberseFacebookTestCase">
                  </a> <!-- wLaunchMemberseFacebookTestCase -->
                  <span class="method-name">wLaunchMemberseFacebookTestCase</span>
                </div> <!-- method-content -->
              </div> <!-- method -->
            </div> <!-- main-panel-content rounded-window-bottom -->
          </div> <!-- suite-Suite-class-passed -->
          <div class="suite-Suite-class-passed">
            <div class="main-panel-header rounded-window-top">
              <img src="passed.png"/>
              <span class="class-name">Memberse.WebAppAutomation.wCommunityGuidelinesTest</span>
            </div> <!-- main-panel-header rounded-window-top -->
            <div class="main-panel-content rounded-window-bottom">
              <div class="method">
                <div class="method-content">
                  <a name="wCommunityGuidelinesTestCase">
                  </a> <!-- wCommunityGuidelinesTestCase -->
                  <span class="method-name">wCommunityGuidelinesTestCase</span>
                </div> <!-- method-content -->
              </div> <!-- method -->
            </div> <!-- main-panel-content rounded-window-bottom -->
          </div> <!-- suite-Suite-class-passed -->
          <div class="suite-Suite-class-passed">
            <div class="main-panel-header rounded-window-top">
              <img src="passed.png"/>
              <span class="class-name">Memberse.WebAppAutomation.wMembershipsTest</span>
            </div> <!-- main-panel-header rounded-window-top -->
            <div class="main-panel-content rounded-window-bottom">
              <div class="method">
                <div class="method-content">
                  <a name="wMembershipsTestCase">
                  </a> <!-- wMembershipsTestCase -->
                  <span class="method-name">wMembershipsTestCase</span>
                </div> <!-- method-content -->
              </div> <!-- method -->
            </div> <!-- main-panel-content rounded-window-bottom -->
          </div> <!-- suite-Suite-class-passed -->
          <div class="suite-Suite-class-passed">
            <div class="main-panel-header rounded-window-top">
              <img src="passed.png"/>
              <span class="class-name">Memberse.WebAppAutomation.wLaunchGooglePlayTest</span>
            </div> <!-- main-panel-header rounded-window-top -->
            <div class="main-panel-content rounded-window-bottom">
              <div class="method">
                <div class="method-content">
                  <a name="wLaunchGooglePlayTestCase">
                  </a> <!-- wLaunchGooglePlayTestCase -->
                  <span class="method-name">wLaunchGooglePlayTestCase</span>
                </div> <!-- method-content -->
              </div> <!-- method -->
            </div> <!-- main-panel-content rounded-window-bottom -->
          </div> <!-- suite-Suite-class-passed -->
          <div class="suite-Suite-class-passed">
            <div class="main-panel-header rounded-window-top">
              <img src="passed.png"/>
              <span class="class-name">Memberse.WebAppAutomation.wTermsAndConditionsTest</span>
            </div> <!-- main-panel-header rounded-window-top -->
            <div class="main-panel-content rounded-window-bottom">
              <div class="method">
                <div class="method-content">
                  <a name="wTermsAndConditionsTestCase">
                  </a> <!-- wTermsAndConditionsTestCase -->
                  <span class="method-name">wTermsAndConditionsTestCase</span>
                </div> <!-- method-content -->
              </div> <!-- method -->
            </div> <!-- main-panel-content rounded-window-bottom -->
          </div> <!-- suite-Suite-class-passed -->
          <div class="suite-Suite-class-passed">
            <div class="main-panel-header rounded-window-top">
              <img src="passed.png"/>
              <span class="class-name">Memberse.WebAppAutomation.wWatchedHistoryTest</span>
            </div> <!-- main-panel-header rounded-window-top -->
            <div class="main-panel-content rounded-window-bottom">
              <div class="method">
                <div class="method-content">
                  <a name="wWatchedHistoryTestCase">
                  </a> <!-- wWatchedHistoryTestCase -->
                  <span class="method-name">wWatchedHistoryTestCase</span>
                </div> <!-- method-content -->
              </div> <!-- method -->
            </div> <!-- main-panel-content rounded-window-bottom -->
          </div> <!-- suite-Suite-class-passed -->
          <div class="suite-Suite-class-passed">
            <div class="main-panel-header rounded-window-top">
              <img src="passed.png"/>
              <span class="class-name">Memberse.WebAppAutomation.wLoginwithAppleTest</span>
            </div> <!-- main-panel-header rounded-window-top -->
            <div class="main-panel-content rounded-window-bottom">
              <div class="method">
                <div class="method-content">
                  <a name="wLoginWithAppleTestCase">
                  </a> <!-- wLoginWithAppleTestCase -->
                  <span class="method-name">wLoginWithAppleTestCase</span>
                </div> <!-- method-content -->
              </div> <!-- method -->
            </div> <!-- main-panel-content rounded-window-bottom -->
          </div> <!-- suite-Suite-class-passed -->
          <div class="suite-Suite-class-passed">
            <div class="main-panel-header rounded-window-top">
              <img src="passed.png"/>
              <span class="class-name">Memberse.WebAppAutomation.wSignupTest</span>
            </div> <!-- main-panel-header rounded-window-top -->
            <div class="main-panel-content rounded-window-bottom">
              <div class="method">
                <div class="method-content">
                  <a name="wSignupTestCase">
                  </a> <!-- wSignupTestCase -->
                  <span class="method-name">wSignupTestCase</span>
                </div> <!-- method-content -->
              </div> <!-- method -->
            </div> <!-- main-panel-content rounded-window-bottom -->
          </div> <!-- suite-Suite-class-passed -->
          <div class="suite-Suite-class-passed">
            <div class="main-panel-header rounded-window-top">
              <img src="passed.png"/>
              <span class="class-name">Memberse.WebAppAutomation.wLoginWithFacebookTest</span>
            </div> <!-- main-panel-header rounded-window-top -->
            <div class="main-panel-content rounded-window-bottom">
              <div class="method">
                <div class="method-content">
                  <a name="wLoginWithFacebookTestCase">
                  </a> <!-- wLoginWithFacebookTestCase -->
                  <span class="method-name">wLoginWithFacebookTestCase</span>
                </div> <!-- method-content -->
              </div> <!-- method -->
            </div> <!-- main-panel-content rounded-window-bottom -->
          </div> <!-- suite-Suite-class-passed -->
          <div class="suite-Suite-class-passed">
            <div class="main-panel-header rounded-window-top">
              <img src="passed.png"/>
              <span class="class-name">Memberse.WebAppAutomation.wLoginFormValidationTest</span>
            </div> <!-- main-panel-header rounded-window-top -->
            <div class="main-panel-content rounded-window-bottom">
              <div class="method">
                <div class="method-content">
                  <a name="wLoginFormValidationTestCase">
                  </a> <!-- wLoginFormValidationTestCase -->
                  <span class="method-name">wLoginFormValidationTestCase</span>
                </div> <!-- method-content -->
              </div> <!-- method -->
            </div> <!-- main-panel-content rounded-window-bottom -->
          </div> <!-- suite-Suite-class-passed -->
          <div class="suite-Suite-class-passed">
            <div class="main-panel-header rounded-window-top">
              <img src="passed.png"/>
              <span class="class-name">Memberse.WebAppAutomation.wSmokeTest</span>
            </div> <!-- main-panel-header rounded-window-top -->
            <div class="main-panel-content rounded-window-bottom">
              <div class="method">
                <div class="method-content">
                  <a name="wSmokeTestCase">
                  </a> <!-- wSmokeTestCase -->
                  <span class="method-name">wSmokeTestCase</span>
                </div> <!-- method-content -->
              </div> <!-- method -->
            </div> <!-- main-panel-content rounded-window-bottom -->
          </div> <!-- suite-Suite-class-passed -->
          <div class="suite-Suite-class-passed">
            <div class="main-panel-header rounded-window-top">
              <img src="passed.png"/>
              <span class="class-name">Memberse.WebAppAutomation.wLaunchMemberseTikTokTest</span>
            </div> <!-- main-panel-header rounded-window-top -->
            <div class="main-panel-content rounded-window-bottom">
              <div class="method">
                <div class="method-content">
                  <a name="wLaunchMemberseTikTokTestCase">
                  </a> <!-- wLaunchMemberseTikTokTestCase -->
                  <span class="method-name">wLaunchMemberseTikTokTestCase</span>
                </div> <!-- method-content -->
              </div> <!-- method -->
            </div> <!-- main-panel-content rounded-window-bottom -->
          </div> <!-- suite-Suite-class-passed -->
        </div> <!-- panel Suite -->
        <div panel-name="test-xml-Suite" class="panel">
          <div class="main-panel-header rounded-window-top">
            <span class="header-content">/Users/kamaljhinjer/Documents/Mac_Coding/WebAppAutomation/testng.xml</span>
          </div> <!-- main-panel-header rounded-window-top -->
          <div class="main-panel-content rounded-window-bottom">
            <pre>
&lt;?xml version=&quot;1.0&quot; encoding=&quot;UTF-8&quot;?&gt;
&lt;!DOCTYPE suite SYSTEM &quot;https://testng.org/testng-1.0.dtd&quot;&gt;
&lt;suite name=&quot;Suite&quot; guice-stage=&quot;DEVELOPMENT&quot;&gt;
  &lt;listeners&gt;
    &lt;listener class-name=&quot;Resources.ExtentReporterNG&quot;/&gt;
  &lt;/listeners&gt;
  &lt;test thread-count=&quot;5&quot; name=&quot;Test&quot;&gt;
    &lt;classes&gt;
      &lt;class name=&quot;Memberse.WebAppAutomation.wSmokeTest&quot;/&gt;
      &lt;class name=&quot;Memberse.WebAppAutomation.wRegisterFormValidationTest&quot;/&gt;
      &lt;class name=&quot;Memberse.WebAppAutomation.wSignupTest&quot;/&gt;
      &lt;class name=&quot;Memberse.WebAppAutomation.wLoginFormValidationTest&quot;/&gt;
      &lt;class name=&quot;Memberse.WebAppAutomation.wLogintTest&quot;/&gt;
      &lt;class name=&quot;Memberse.WebAppAutomation.wLoginWithGoogleTest&quot;/&gt;
      &lt;class name=&quot;Memberse.WebAppAutomation.wLoginWithFacebookTest&quot;/&gt;
      &lt;class name=&quot;Memberse.WebAppAutomation.wLoginwithAppleTest&quot;/&gt;
      &lt;class name=&quot;Memberse.WebAppAutomation.wLogoutTest&quot;/&gt;
      &lt;class name=&quot;Memberse.WebAppAutomation.wDeleteAccountTest&quot;/&gt;
      &lt;class name=&quot;Memberse.WebAppAutomation.wLaunchAppStoreTest&quot;/&gt;
      &lt;class name=&quot;Memberse.WebAppAutomation.wLaunchGooglePlayTest&quot;/&gt;
      &lt;class name=&quot;Memberse.WebAppAutomation.wLaunchMemberseFacebookTest&quot;/&gt;
      &lt;class name=&quot;Memberse.WebAppAutomation.wLaunchMemberseInstagramTest&quot;/&gt;
      &lt;class name=&quot;Memberse.WebAppAutomation.wLaunchMemberseLinkedInTest&quot;/&gt;
      &lt;class name=&quot;Memberse.WebAppAutomation.wLaunchMemberseTikTokTest&quot;/&gt;
      &lt;class name=&quot;Memberse.WebAppAutomation.wTermsAndConditionsTest&quot;/&gt;
      &lt;class name=&quot;Memberse.WebAppAutomation.wCommunityGuidelinesTest&quot;/&gt;
      &lt;class name=&quot;Memberse.WebAppAutomation.wPrivacyPolicyTest&quot;/&gt;
      &lt;class name=&quot;Memberse.WebAppAutomation.wSearchCreatorTest&quot;/&gt;
      &lt;class name=&quot;Memberse.WebAppAutomation.wUserInfoTest&quot;/&gt;
      &lt;class name=&quot;Memberse.WebAppAutomation.wMembershipsTest&quot;/&gt;
      &lt;class name=&quot;Memberse.WebAppAutomation.wWatchedHistoryTest&quot;/&gt;
      &lt;class name=&quot;Memberse.WebAppAutomation.wChangePasswordTest&quot;/&gt;
      &lt;class name=&quot;Memberse.WebAppAutomation.wBecomeCreatorTest&quot;/&gt;
      &lt;class name=&quot;Memberse.WebAppAutomation.wCreatorEditInfoTest&quot;/&gt;
      &lt;class name=&quot;Memberse.WebAppAutomation.wCommunityPriceTest&quot;/&gt;
      &lt;class name=&quot;Memberse.WebAppAutomation.wPostHistoryPlayTest&quot;/&gt;
      &lt;class name=&quot;Memberse.WebAppAutomation.wPostHistoryEditTest&quot;/&gt;
      &lt;class name=&quot;Memberse.WebAppAutomation.wPostHistoryDeleteTest&quot;/&gt;
      &lt;class name=&quot;Memberse.WebAppAutomation.wMyFansListTest&quot;/&gt;
      &lt;class name=&quot;Memberse.WebAppAutomation.wCreateAndDeletePlaylistTest&quot;/&gt;
      &lt;class name=&quot;Memberse.WebAppAutomation.wAddMediaAndPlayPlaylistTest&quot;/&gt;
      &lt;class name=&quot;Memberse.WebAppAutomation.wPlaylistEditTest&quot;/&gt;
    &lt;/classes&gt;
  &lt;/test&gt; &lt;!-- Test --&gt;
&lt;/suite&gt; &lt;!-- Suite --&gt;
            </pre>
          </div> <!-- main-panel-content rounded-window-bottom -->
        </div> <!-- panel -->
        <div panel-name="testlist-Suite" class="panel">
          <div class="main-panel-header rounded-window-top">
            <span class="header-content">Tests for Suite</span>
          </div> <!-- main-panel-header rounded-window-top -->
          <div class="main-panel-content rounded-window-bottom">
            <ul>
              <li>
                <span class="test-name">Test (34 classes)</span>
              </li>
            </ul>
          </div> <!-- main-panel-content rounded-window-bottom -->
        </div> <!-- panel -->
        <div panel-name="group-Suite" class="panel">
          <div class="main-panel-header rounded-window-top">
            <span class="header-content">Groups for Suite</span>
          </div> <!-- main-panel-header rounded-window-top -->
          <div class="main-panel-content rounded-window-bottom">
          </div> <!-- main-panel-content rounded-window-bottom -->
        </div> <!-- panel -->
        <div panel-name="times-Suite" class="panel">
          <div class="main-panel-header rounded-window-top">
            <span class="header-content">Times for Suite</span>
          </div> <!-- main-panel-header rounded-window-top -->
          <div class="main-panel-content rounded-window-bottom">
            <div class="times-div">
              <script type="text/javascript">
suiteTableInitFunctions.push('tableData_Suite');
function tableData_Suite() {
var data = new google.visualization.DataTable();
data.addColumn('number', 'Number');
data.addColumn('string', 'Method');
data.addColumn('string', 'Class');
data.addColumn('number', 'Time (ms)');
data.addRows(34);
data.setCell(0, 0, 0)
data.setCell(0, 1, 'wPostHistoryDeleteTestCase')
data.setCell(0, 2, 'Memberse.WebAppAutomation.wPostHistoryDeleteTest')
data.setCell(0, 3, 190795);
data.setCell(1, 0, 1)
data.setCell(1, 1, 'wPlaylistEditTestCase')
data.setCell(1, 2, 'Memberse.WebAppAutomation.wPlaylistEditTest')
data.setCell(1, 3, 148716);
data.setCell(2, 0, 2)
data.setCell(2, 1, 'wAddMediaAndPlayPlaylistTestCase')
data.setCell(2, 2, 'Memberse.WebAppAutomation.wAddMediaAndPlayPlaylistTest')
data.setCell(2, 3, 109310);
data.setCell(3, 0, 3)
data.setCell(3, 1, 'wCreateAndDeletePlaylistTestCase')
data.setCell(3, 2, 'Memberse.WebAppAutomation.wCreateAndDeletePlaylistTest')
data.setCell(3, 3, 103749);
data.setCell(4, 0, 4)
data.setCell(4, 1, 'wMembershipsTestCase')
data.setCell(4, 2, 'Memberse.WebAppAutomation.wMembershipsTest')
data.setCell(4, 3, 81847);
data.setCell(5, 0, 5)
data.setCell(5, 1, 'wLoginWithGoogleTestCase')
data.setCell(5, 2, 'Memberse.WebAppAutomation.wLoginWithGoogleTest')
data.setCell(5, 3, 66844);
data.setCell(6, 0, 6)
data.setCell(6, 1, 'wPostHistoryPlayTestCase')
data.setCell(6, 2, 'Memberse.WebAppAutomation.wPostHistoryPlayTest')
data.setCell(6, 3, 61741);
data.setCell(7, 0, 7)
data.setCell(7, 1, 'wLoginWithAppleTestCase')
data.setCell(7, 2, 'Memberse.WebAppAutomation.wLoginwithAppleTest')
data.setCell(7, 3, 60346);
data.setCell(8, 0, 8)
data.setCell(8, 1, 'wDeleteAccountTestCase')
data.setCell(8, 2, 'Memberse.WebAppAutomation.wDeleteAccountTest')
data.setCell(8, 3, 57904);
data.setCell(9, 0, 9)
data.setCell(9, 1, 'WBecomeCreatorTestCase')
data.setCell(9, 2, 'Memberse.WebAppAutomation.wBecomeCreatorTest')
data.setCell(9, 3, 57139);
data.setCell(10, 0, 10)
data.setCell(10, 1, 'wSearchCreatorTestCase')
data.setCell(10, 2, 'Memberse.WebAppAutomation.wSearchCreatorTest')
data.setCell(10, 3, 55730);
data.setCell(11, 0, 11)
data.setCell(11, 1, 'wWatchedHistoryTestCase')
data.setCell(11, 2, 'Memberse.WebAppAutomation.wWatchedHistoryTest')
data.setCell(11, 3, 52599);
data.setCell(12, 0, 12)
data.setCell(12, 1, 'wPostHistoryEditTestCase')
data.setCell(12, 2, 'Memberse.WebAppAutomation.wPostHistoryEditTest')
data.setCell(12, 3, 51561);
data.setCell(13, 0, 13)
data.setCell(13, 1, 'wLogintTestCase')
data.setCell(13, 2, 'Memberse.WebAppAutomation.wLogintTest')
data.setCell(13, 3, 50806);
data.setCell(14, 0, 14)
data.setCell(14, 1, 'wUserInfoTestCase')
data.setCell(14, 2, 'Memberse.WebAppAutomation.wUserInfoTest')
data.setCell(14, 3, 50118);
data.setCell(15, 0, 15)
data.setCell(15, 1, 'wSmokeTestCase')
data.setCell(15, 2, 'Memberse.WebAppAutomation.wSmokeTest')
data.setCell(15, 3, 47557);
data.setCell(16, 0, 16)
data.setCell(16, 1, 'wLaunchMemberseInstagramTestCase')
data.setCell(16, 2, 'Memberse.WebAppAutomation.wLaunchMemberseInstagramTest')
data.setCell(16, 3, 45176);
data.setCell(17, 0, 17)
data.setCell(17, 1, 'wLoginWithFacebookTestCase')
data.setCell(17, 2, 'Memberse.WebAppAutomation.wLoginWithFacebookTest')
data.setCell(17, 3, 42801);
data.setCell(18, 0, 18)
data.setCell(18, 1, 'wMyFansListTestCase')
data.setCell(18, 2, 'Memberse.WebAppAutomation.wMyFansListTest')
data.setCell(18, 3, 41571);
data.setCell(19, 0, 19)
data.setCell(19, 1, 'wCommunityPriceTestwCommunityPriceTestCase')
data.setCell(19, 2, 'Memberse.WebAppAutomation.wCommunityPriceTest')
data.setCell(19, 3, 39763);
data.setCell(20, 0, 20)
data.setCell(20, 1, 'wCreatorEditInfoTestCase')
data.setCell(20, 2, 'Memberse.WebAppAutomation.wCreatorEditInfoTest')
data.setCell(20, 3, 34650);
data.setCell(21, 0, 21)
data.setCell(21, 1, 'wLogoutTestCase')
data.setCell(21, 2, 'Memberse.WebAppAutomation.wLogoutTest')
data.setCell(21, 3, 30744);
data.setCell(22, 0, 22)
data.setCell(22, 1, 'wChangePasswordTestCase')
data.setCell(22, 2, 'Memberse.WebAppAutomation.wChangePasswordTest')
data.setCell(22, 3, 30457);
data.setCell(23, 0, 23)
data.setCell(23, 1, 'wLoginFormValidationTestCase')
data.setCell(23, 2, 'Memberse.WebAppAutomation.wLoginFormValidationTest')
data.setCell(23, 3, 28410);
data.setCell(24, 0, 24)
data.setCell(24, 1, 'wRegisterFormValidationTestCase')
data.setCell(24, 2, 'Memberse.WebAppAutomation.wRegisterFormValidationTest')
data.setCell(24, 3, 28054);
data.setCell(25, 0, 25)
data.setCell(25, 1, 'wSignupTestCase')
data.setCell(25, 2, 'Memberse.WebAppAutomation.wSignupTest')
data.setCell(25, 3, 27623);
data.setCell(26, 0, 26)
data.setCell(26, 1, 'wLaunchMemberseLinkedInTestCase')
data.setCell(26, 2, 'Memberse.WebAppAutomation.wLaunchMemberseLinkedInTest')
data.setCell(26, 3, 20516);
data.setCell(27, 0, 27)
data.setCell(27, 1, 'wLaunchMemberseTikTokTestCase')
data.setCell(27, 2, 'Memberse.WebAppAutomation.wLaunchMemberseTikTokTest')
data.setCell(27, 3, 20335);
data.setCell(28, 0, 28)
data.setCell(28, 1, 'wLaunchGooglePlayTestCase')
data.setCell(28, 2, 'Memberse.WebAppAutomation.wLaunchGooglePlayTest')
data.setCell(28, 3, 19435);
data.setCell(29, 0, 29)
data.setCell(29, 1, 'wLaunchAppStoreTestCase')
data.setCell(29, 2, 'Memberse.WebAppAutomation.wLaunchAppStoreTest')
data.setCell(29, 3, 18172);
data.setCell(30, 0, 30)
data.setCell(30, 1, 'wCommunityGuidelinesTestCase')
data.setCell(30, 2, 'Memberse.WebAppAutomation.wCommunityGuidelinesTest')
data.setCell(30, 3, 16806);
data.setCell(31, 0, 31)
data.setCell(31, 1, 'wTermsAndConditionsTestCase')
data.setCell(31, 2, 'Memberse.WebAppAutomation.wTermsAndConditionsTest')
data.setCell(31, 3, 15725);
data.setCell(32, 0, 32)
data.setCell(32, 1, 'wPrivacyPolicyTestCase')
data.setCell(32, 2, 'Memberse.WebAppAutomation.wPrivacyPolicyTest')
data.setCell(32, 3, 14729);
data.setCell(33, 0, 33)
data.setCell(33, 1, 'wLaunchMemberseFacebookTestCase')
data.setCell(33, 2, 'Memberse.WebAppAutomation.wLaunchMemberseFacebookTest')
data.setCell(33, 3, 13316);
window.suiteTableData['Suite']= { tableData: data, tableDiv: 'times-div-Suite'}
return data;
}
              </script>
              <span class="suite-total-time">Total running time: 28 minutes</span>
              <div id="times-div-Suite">
              </div> <!-- times-div-Suite -->
            </div> <!-- times-div -->
          </div> <!-- main-panel-content rounded-window-bottom -->
        </div> <!-- panel -->
        <div panel-name="reporter-Suite" class="panel">
          <div class="main-panel-header rounded-window-top">
            <span class="header-content">Reporter output for Suite</span>
          </div> <!-- main-panel-header rounded-window-top -->
          <div class="main-panel-content rounded-window-bottom">
          </div> <!-- main-panel-content rounded-window-bottom -->
        </div> <!-- panel -->
        <div panel-name="ignored-methods-Suite" class="panel">
          <div class="main-panel-header rounded-window-top">
            <span class="header-content">66 ignored methods</span>
          </div> <!-- main-panel-header rounded-window-top -->
          <div class="main-panel-content rounded-window-bottom">
            <div class="ignored-class-div">
              <span class="ignored-class-name">Memberse.WebAppAutomation.wPostHistoryEditTest</span>
              <div class="ignored-methods-div">
                <span class="ignored-method-name">QuitBrowsers</span>
                <br/>
                <span class="ignored-method-name">InvokeCapabilities</span>
                <br/>
              </div> <!-- ignored-methods-div -->
            </div> <!-- ignored-class-div -->
            <div class="ignored-class-div">
              <span class="ignored-class-name">Memberse.WebAppAutomation.wCreatorEditInfoTest</span>
              <div class="ignored-methods-div">
                <span class="ignored-method-name">QuitBrowsers</span>
                <br/>
                <span class="ignored-method-name">InvokeCapabilities</span>
                <br/>
              </div> <!-- ignored-methods-div -->
            </div> <!-- ignored-class-div -->
            <div class="ignored-class-div">
              <span class="ignored-class-name">Memberse.WebAppAutomation.wRegisterFormValidationTest</span>
              <div class="ignored-methods-div">
                <span class="ignored-method-name">QuitBrowsers</span>
                <br/>
                <span class="ignored-method-name">InvokeCapabilities</span>
                <br/>
              </div> <!-- ignored-methods-div -->
            </div> <!-- ignored-class-div -->
            <div class="ignored-class-div">
              <span class="ignored-class-name">Memberse.WebAppAutomation.wPlaylistEditTest</span>
              <div class="ignored-methods-div">
                <span class="ignored-method-name">QuitBrowsers</span>
                <br/>
                <span class="ignored-method-name">InvokeCapabilities</span>
                <br/>
              </div> <!-- ignored-methods-div -->
            </div> <!-- ignored-class-div -->
            <div class="ignored-class-div">
              <span class="ignored-class-name">Memberse.WebAppAutomation.wLaunchMemberseInstagramTest</span>
              <div class="ignored-methods-div">
                <span class="ignored-method-name">QuitBrowsers</span>
                <br/>
                <span class="ignored-method-name">InvokeCapabilities</span>
                <br/>
              </div> <!-- ignored-methods-div -->
            </div> <!-- ignored-class-div -->
            <div class="ignored-class-div">
              <span class="ignored-class-name">Memberse.WebAppAutomation.wUserInfoTest</span>
              <div class="ignored-methods-div">
                <span class="ignored-method-name">QuitBrowsers</span>
                <br/>
                <span class="ignored-method-name">InvokeCapabilities</span>
                <br/>
              </div> <!-- ignored-methods-div -->
            </div> <!-- ignored-class-div -->
            <div class="ignored-class-div">
              <span class="ignored-class-name">Memberse.WebAppAutomation.wCommunityPriceTest</span>
              <div class="ignored-methods-div">
                <span class="ignored-method-name">QuitBrowsers</span>
                <br/>
                <span class="ignored-method-name">InvokeCapabilities</span>
                <br/>
              </div> <!-- ignored-methods-div -->
            </div> <!-- ignored-class-div -->
            <div class="ignored-class-div">
              <span class="ignored-class-name">Memberse.WebAppAutomation.wLaunchMemberseLinkedInTest</span>
              <div class="ignored-methods-div">
                <span class="ignored-method-name">QuitBrowsers</span>
                <br/>
                <span class="ignored-method-name">InvokeCapabilities</span>
                <br/>
              </div> <!-- ignored-methods-div -->
            </div> <!-- ignored-class-div -->
            <div class="ignored-class-div">
              <span class="ignored-class-name">Memberse.WebAppAutomation.wCommunityGuidelinesTest</span>
              <div class="ignored-methods-div">
                <span class="ignored-method-name">QuitBrowsers</span>
                <br/>
                <span class="ignored-method-name">InvokeCapabilities</span>
                <br/>
              </div> <!-- ignored-methods-div -->
            </div> <!-- ignored-class-div -->
            <div class="ignored-class-div">
              <span class="ignored-class-name">Memberse.WebAppAutomation.wPostHistoryDeleteTest</span>
              <div class="ignored-methods-div">
                <span class="ignored-method-name">QuitBrowsers</span>
                <br/>
                <span class="ignored-method-name">InvokeCapabilities</span>
                <br/>
              </div> <!-- ignored-methods-div -->
            </div> <!-- ignored-class-div -->
            <div class="ignored-class-div">
              <span class="ignored-class-name">Memberse.WebAppAutomation.wMembershipsTest</span>
              <div class="ignored-methods-div">
                <span class="ignored-method-name">QuitBrowsers</span>
                <br/>
                <span class="ignored-method-name">InvokeCapabilities</span>
                <br/>
              </div> <!-- ignored-methods-div -->
            </div> <!-- ignored-class-div -->
            <div class="ignored-class-div">
              <span class="ignored-class-name">Memberse.WebAppAutomation.wLaunchGooglePlayTest</span>
              <div class="ignored-methods-div">
                <span class="ignored-method-name">QuitBrowsers</span>
                <br/>
                <span class="ignored-method-name">InvokeCapabilities</span>
                <br/>
              </div> <!-- ignored-methods-div -->
            </div> <!-- ignored-class-div -->
            <div class="ignored-class-div">
              <span class="ignored-class-name">Memberse.WebAppAutomation.wWatchedHistoryTest</span>
              <div class="ignored-methods-div">
                <span class="ignored-method-name">QuitBrowsers</span>
                <br/>
                <span class="ignored-method-name">InvokeCapabilities</span>
                <br/>
              </div> <!-- ignored-methods-div -->
            </div> <!-- ignored-class-div -->
            <div class="ignored-class-div">
              <span class="ignored-class-name">Memberse.WebAppAutomation.wBecomeCreatorTest</span>
              <div class="ignored-methods-div">
                <span class="ignored-method-name">QuitBrowsers</span>
                <br/>
                <span class="ignored-method-name">InvokeCapabilities</span>
                <br/>
              </div> <!-- ignored-methods-div -->
            </div> <!-- ignored-class-div -->
            <div class="ignored-class-div">
              <span class="ignored-class-name">Memberse.WebAppAutomation.wSignupTest</span>
              <div class="ignored-methods-div">
                <span class="ignored-method-name">QuitBrowsers</span>
                <br/>
                <span class="ignored-method-name">InvokeCapabilities</span>
                <br/>
              </div> <!-- ignored-methods-div -->
            </div> <!-- ignored-class-div -->
            <div class="ignored-class-div">
              <span class="ignored-class-name">Memberse.WebAppAutomation.wLoginWithFacebookTest</span>
              <div class="ignored-methods-div">
                <span class="ignored-method-name">QuitBrowsers</span>
                <br/>
                <span class="ignored-method-name">InvokeCapabilities</span>
                <br/>
              </div> <!-- ignored-methods-div -->
            </div> <!-- ignored-class-div -->
            <div class="ignored-class-div">
              <span class="ignored-class-name">Memberse.WebAppAutomation.wChangePasswordTest</span>
              <div class="ignored-methods-div">
                <span class="ignored-method-name">QuitBrowsers</span>
                <br/>
                <span class="ignored-method-name">InvokeCapabilities</span>
                <br/>
              </div> <!-- ignored-methods-div -->
            </div> <!-- ignored-class-div -->
            <div class="ignored-class-div">
              <span class="ignored-class-name">Memberse.WebAppAutomation.wLoginFormValidationTest</span>
              <div class="ignored-methods-div">
                <span class="ignored-method-name">QuitBrowsers</span>
                <br/>
                <span class="ignored-method-name">InvokeCapabilities</span>
                <br/>
              </div> <!-- ignored-methods-div -->
            </div> <!-- ignored-class-div -->
            <div class="ignored-class-div">
              <span class="ignored-class-name">Memberse.WebAppAutomation.wLaunchMemberseTikTokTest</span>
              <div class="ignored-methods-div">
                <span class="ignored-method-name">QuitBrowsers</span>
                <br/>
                <span class="ignored-method-name">InvokeCapabilities</span>
                <br/>
              </div> <!-- ignored-methods-div -->
            </div> <!-- ignored-class-div -->
            <div class="ignored-class-div">
              <span class="ignored-class-name">Memberse.WebAppAutomation.wLoginWithGoogleTest</span>
              <div class="ignored-methods-div">
                <span class="ignored-method-name">QuitBrowsers</span>
                <br/>
                <span class="ignored-method-name">InvokeCapabilities</span>
                <br/>
              </div> <!-- ignored-methods-div -->
            </div> <!-- ignored-class-div -->
            <div class="ignored-class-div">
              <span class="ignored-class-name">Memberse.WebAppAutomation.wPrivacyPolicyTest</span>
              <div class="ignored-methods-div">
                <span class="ignored-method-name">QuitBrowsers</span>
                <br/>
                <span class="ignored-method-name">InvokeCapabilities</span>
                <br/>
              </div> <!-- ignored-methods-div -->
            </div> <!-- ignored-class-div -->
            <div class="ignored-class-div">
              <span class="ignored-class-name">Memberse.WebAppAutomation.wAddMediaAndPlayPlaylistTest</span>
              <div class="ignored-methods-div">
                <span class="ignored-method-name">QuitBrowsers</span>
                <br/>
                <span class="ignored-method-name">InvokeCapabilities</span>
                <br/>
              </div> <!-- ignored-methods-div -->
            </div> <!-- ignored-class-div -->
            <div class="ignored-class-div">
              <span class="ignored-class-name">Memberse.WebAppAutomation.wSearchCreatorTest</span>
              <div class="ignored-methods-div">
                <span class="ignored-method-name">QuitBrowsers</span>
                <br/>
                <span class="ignored-method-name">InvokeCapabilities</span>
                <br/>
              </div> <!-- ignored-methods-div -->
            </div> <!-- ignored-class-div -->
            <div class="ignored-class-div">
              <span class="ignored-class-name">Memberse.WebAppAutomation.wLaunchAppStoreTest</span>
              <div class="ignored-methods-div">
                <span class="ignored-method-name">QuitBrowsers</span>
                <br/>
                <span class="ignored-method-name">InvokeCapabilities</span>
                <br/>
              </div> <!-- ignored-methods-div -->
            </div> <!-- ignored-class-div -->
            <div class="ignored-class-div">
              <span class="ignored-class-name">Memberse.WebAppAutomation.wLogintTest</span>
              <div class="ignored-methods-div">
                <span class="ignored-method-name">QuitBrowsers</span>
                <br/>
                <span class="ignored-method-name">InvokeCapabilities</span>
                <br/>
              </div> <!-- ignored-methods-div -->
            </div> <!-- ignored-class-div -->
            <div class="ignored-class-div">
              <span class="ignored-class-name">Memberse.WebAppAutomation.wMyFansListTest</span>
              <div class="ignored-methods-div">
                <span class="ignored-method-name">QuitBrowsers</span>
                <br/>
                <span class="ignored-method-name">InvokeCapabilities</span>
                <br/>
              </div> <!-- ignored-methods-div -->
            </div> <!-- ignored-class-div -->
            <div class="ignored-class-div">
              <span class="ignored-class-name">Memberse.WebAppAutomation.wCreateAndDeletePlaylistTest</span>
              <div class="ignored-methods-div">
                <span class="ignored-method-name">QuitBrowsers</span>
                <br/>
                <span class="ignored-method-name">InvokeCapabilities</span>
                <br/>
              </div> <!-- ignored-methods-div -->
            </div> <!-- ignored-class-div -->
            <div class="ignored-class-div">
              <span class="ignored-class-name">Memberse.WebAppAutomation.wDeleteAccountTest</span>
              <div class="ignored-methods-div">
                <span class="ignored-method-name">QuitBrowsers</span>
                <br/>
                <span class="ignored-method-name">InvokeCapabilities</span>
                <br/>
              </div> <!-- ignored-methods-div -->
            </div> <!-- ignored-class-div -->
            <div class="ignored-class-div">
              <span class="ignored-class-name">Memberse.WebAppAutomation.wLaunchMemberseFacebookTest</span>
              <div class="ignored-methods-div">
                <span class="ignored-method-name">QuitBrowsers</span>
                <br/>
                <span class="ignored-method-name">InvokeCapabilities</span>
                <br/>
              </div> <!-- ignored-methods-div -->
            </div> <!-- ignored-class-div -->
            <div class="ignored-class-div">
              <span class="ignored-class-name">Memberse.WebAppAutomation.wLogoutTest</span>
              <div class="ignored-methods-div">
                <span class="ignored-method-name">QuitBrowsers</span>
                <br/>
                <span class="ignored-method-name">InvokeCapabilities</span>
                <br/>
              </div> <!-- ignored-methods-div -->
            </div> <!-- ignored-class-div -->
            <div class="ignored-class-div">
              <span class="ignored-class-name">Memberse.WebAppAutomation.wPostHistoryPlayTest</span>
              <div class="ignored-methods-div">
                <span class="ignored-method-name">QuitBrowsers</span>
                <br/>
                <span class="ignored-method-name">InvokeCapabilities</span>
                <br/>
              </div> <!-- ignored-methods-div -->
            </div> <!-- ignored-class-div -->
            <div class="ignored-class-div">
              <span class="ignored-class-name">Memberse.WebAppAutomation.wTermsAndConditionsTest</span>
              <div class="ignored-methods-div">
                <span class="ignored-method-name">QuitBrowsers</span>
                <br/>
                <span class="ignored-method-name">InvokeCapabilities</span>
                <br/>
              </div> <!-- ignored-methods-div -->
            </div> <!-- ignored-class-div -->
            <div class="ignored-class-div">
              <span class="ignored-class-name">Memberse.WebAppAutomation.wLoginwithAppleTest</span>
              <div class="ignored-methods-div">
                <span class="ignored-method-name">QuitBrowsers</span>
                <br/>
                <span class="ignored-method-name">InvokeCapabilities</span>
                <br/>
              </div> <!-- ignored-methods-div -->
            </div> <!-- ignored-class-div -->
          </div> <!-- main-panel-content rounded-window-bottom -->
        </div> <!-- panel -->
        <div panel-name="chronological-Suite" class="panel">
          <div class="main-panel-header rounded-window-top">
            <span class="header-content">Methods in chronological order</span>
          </div> <!-- main-panel-header rounded-window-top -->
          <div class="main-panel-content rounded-window-bottom">
            <div class="chronological-class">
              <div class="chronological-class-name">Memberse.WebAppAutomation.wSmokeTest</div> <!-- chronological-class-name -->
              <div class="configuration-test before">
                <span class="method-name">InvokeCapabilities</span>
                <span class="method-start">0 ms</span>
              </div> <!-- configuration-test before -->
              <div class="configuration-class before">
                <span class="method-name">startDriver</span>
                <span class="method-start">38 ms</span>
              </div> <!-- configuration-class before -->
              <div class="test-method">
                <span class="method-name">wSmokeTestCase</span>
                <span class="method-start">5364 ms</span>
              </div> <!-- test-method -->
              <div class="configuration-class after">
                <span class="method-name">CloseBrowser</span>
                <span class="method-start">52925 ms</span>
              </div> <!-- configuration-class after -->
            </div> <!-- chronological-class -->
            <div class="chronological-class">
              <div class="chronological-class-name">Memberse.WebAppAutomation.wRegisterFormValidationTest</div> <!-- chronological-class-name -->
              <div class="configuration-class before">
                <span class="method-name">startDriver</span>
                <span class="method-start">55050 ms</span>
              </div> <!-- configuration-class before -->
              <div class="test-method">
                <span class="method-name">wRegisterFormValidationTestCase</span>
                <span class="method-start">59148 ms</span>
              </div> <!-- test-method -->
              <div class="configuration-class after">
                <span class="method-name">CloseBrowser</span>
                <span class="method-start">87204 ms</span>
              </div> <!-- configuration-class after -->
            </div> <!-- chronological-class -->
            <div class="chronological-class">
              <div class="chronological-class-name">Memberse.WebAppAutomation.wSignupTest</div> <!-- chronological-class-name -->
              <div class="configuration-class before">
                <span class="method-name">startDriver</span>
                <span class="method-start">89414 ms</span>
              </div> <!-- configuration-class before -->
              <div class="test-method">
                <span class="method-name">wSignupTestCase</span>
                <span class="method-start">94584 ms</span>
              </div> <!-- test-method -->
              <div class="configuration-class after">
                <span class="method-name">CloseBrowser</span>
                <span class="method-start">122208 ms</span>
              </div> <!-- configuration-class after -->
            </div> <!-- chronological-class -->
            <div class="chronological-class">
              <div class="chronological-class-name">Memberse.WebAppAutomation.wLoginFormValidationTest</div> <!-- chronological-class-name -->
              <div class="configuration-class before">
                <span class="method-name">startDriver</span>
                <span class="method-start">124407 ms</span>
              </div> <!-- configuration-class before -->
              <div class="test-method">
                <span class="method-name">wLoginFormValidationTestCase</span>
                <span class="method-start">128213 ms</span>
              </div> <!-- test-method -->
              <div class="configuration-class after">
                <span class="method-name">CloseBrowser</span>
                <span class="method-start">156624 ms</span>
              </div> <!-- configuration-class after -->
            </div> <!-- chronological-class -->
            <div class="chronological-class">
              <div class="chronological-class-name">Memberse.WebAppAutomation.wLogintTest</div> <!-- chronological-class-name -->
              <div class="configuration-class before">
                <span class="method-name">startDriver</span>
                <span class="method-start">158803 ms</span>
              </div> <!-- configuration-class before -->
              <div class="test-method">
                <img src="failed.png">
                </img>
                <span class="method-name">wLogintTestCase</span>
                <span class="method-start">161796 ms</span>
              </div> <!-- test-method -->
              <div class="configuration-class after">
                <span class="method-name">CloseBrowser</span>
                <span class="method-start">212607 ms</span>
              </div> <!-- configuration-class after -->
            </div> <!-- chronological-class -->
            <div class="chronological-class">
              <div class="chronological-class-name">Memberse.WebAppAutomation.wLoginWithGoogleTest</div> <!-- chronological-class-name -->
              <div class="configuration-class before">
                <span class="method-name">startDriver</span>
                <span class="method-start">214830 ms</span>
              </div> <!-- configuration-class before -->
              <div class="test-method">
                <span class="method-name">wLoginWithGoogleTestCase</span>
                <span class="method-start">218347 ms</span>
              </div> <!-- test-method -->
              <div class="configuration-class after">
                <span class="method-name">CloseBrowser</span>
                <span class="method-start">285193 ms</span>
              </div> <!-- configuration-class after -->
            </div> <!-- chronological-class -->
            <div class="chronological-class">
              <div class="chronological-class-name">Memberse.WebAppAutomation.wLoginWithFacebookTest</div> <!-- chronological-class-name -->
              <div class="configuration-class before">
                <span class="method-name">startDriver</span>
                <span class="method-start">287375 ms</span>
              </div> <!-- configuration-class before -->
              <div class="test-method">
                <span class="method-name">wLoginWithFacebookTestCase</span>
                <span class="method-start">290709 ms</span>
              </div> <!-- test-method -->
              <div class="configuration-class after">
                <span class="method-name">CloseBrowser</span>
                <span class="method-start">333512 ms</span>
              </div> <!-- configuration-class after -->
            </div> <!-- chronological-class -->
            <div class="chronological-class">
              <div class="chronological-class-name">Memberse.WebAppAutomation.wLoginwithAppleTest</div> <!-- chronological-class-name -->
              <div class="configuration-class before">
                <span class="method-name">startDriver</span>
                <span class="method-start">335701 ms</span>
              </div> <!-- configuration-class before -->
              <div class="test-method">
                <span class="method-name">wLoginWithAppleTestCase</span>
                <span class="method-start">339652 ms</span>
              </div> <!-- test-method -->
              <div class="configuration-class after">
                <span class="method-name">CloseBrowser</span>
                <span class="method-start">399999 ms</span>
              </div> <!-- configuration-class after -->
            </div> <!-- chronological-class -->
            <div class="chronological-class">
              <div class="chronological-class-name">Memberse.WebAppAutomation.wLogoutTest</div> <!-- chronological-class-name -->
              <div class="configuration-class before">
                <span class="method-name">startDriver</span>
                <span class="method-start">402215 ms</span>
              </div> <!-- configuration-class before -->
              <div class="test-method">
                <img src="failed.png">
                </img>
                <span class="method-name">wLogoutTestCase</span>
                <span class="method-start">405116 ms</span>
              </div> <!-- test-method -->
              <div class="configuration-class after">
                <span class="method-name">CloseBrowser</span>
                <span class="method-start">435862 ms</span>
              </div> <!-- configuration-class after -->
            </div> <!-- chronological-class -->
            <div class="chronological-class">
              <div class="chronological-class-name">Memberse.WebAppAutomation.wDeleteAccountTest</div> <!-- chronological-class-name -->
              <div class="configuration-class before">
                <span class="method-name">startDriver</span>
                <span class="method-start">438057 ms</span>
              </div> <!-- configuration-class before -->
              <div class="test-method">
                <img src="failed.png">
                </img>
                <span class="method-name">wDeleteAccountTestCase</span>
                <span class="method-start">441763 ms</span>
              </div> <!-- test-method -->
              <div class="configuration-class after">
                <span class="method-name">CloseBrowser</span>
                <span class="method-start">499671 ms</span>
              </div> <!-- configuration-class after -->
            </div> <!-- chronological-class -->
            <div class="chronological-class">
              <div class="chronological-class-name">Memberse.WebAppAutomation.wLaunchAppStoreTest</div> <!-- chronological-class-name -->
              <div class="configuration-class before">
                <span class="method-name">startDriver</span>
                <span class="method-start">501899 ms</span>
              </div> <!-- configuration-class before -->
              <div class="test-method">
                <span class="method-name">wLaunchAppStoreTestCase</span>
                <span class="method-start">506240 ms</span>
              </div> <!-- test-method -->
              <div class="configuration-class after">
                <span class="method-name">CloseBrowser</span>
                <span class="method-start">524413 ms</span>
              </div> <!-- configuration-class after -->
            </div> <!-- chronological-class -->
            <div class="chronological-class">
              <div class="chronological-class-name">Memberse.WebAppAutomation.wLaunchGooglePlayTest</div> <!-- chronological-class-name -->
              <div class="configuration-class before">
                <span class="method-name">startDriver</span>
                <span class="method-start">526495 ms</span>
              </div> <!-- configuration-class before -->
              <div class="test-method">
                <span class="method-name">wLaunchGooglePlayTestCase</span>
                <span class="method-start">529021 ms</span>
              </div> <!-- test-method -->
              <div class="configuration-class after">
                <span class="method-name">CloseBrowser</span>
                <span class="method-start">548457 ms</span>
              </div> <!-- configuration-class after -->
            </div> <!-- chronological-class -->
            <div class="chronological-class">
              <div class="chronological-class-name">Memberse.WebAppAutomation.wLaunchMemberseFacebookTest</div> <!-- chronological-class-name -->
              <div class="configuration-class before">
                <span class="method-name">startDriver</span>
                <span class="method-start">550574 ms</span>
              </div> <!-- configuration-class before -->
              <div class="test-method">
                <span class="method-name">wLaunchMemberseFacebookTestCase</span>
                <span class="method-start">554003 ms</span>
              </div> <!-- test-method -->
              <div class="configuration-class after">
                <span class="method-name">CloseBrowser</span>
                <span class="method-start">567320 ms</span>
              </div> <!-- configuration-class after -->
            </div> <!-- chronological-class -->
            <div class="chronological-class">
              <div class="chronological-class-name">Memberse.WebAppAutomation.wLaunchMemberseInstagramTest</div> <!-- chronological-class-name -->
              <div class="configuration-class before">
                <span class="method-name">startDriver</span>
                <span class="method-start">569447 ms</span>
              </div> <!-- configuration-class before -->
              <div class="test-method">
                <img src="failed.png">
                </img>
                <span class="method-name">wLaunchMemberseInstagramTestCase</span>
                <span class="method-start">572022 ms</span>
              </div> <!-- test-method -->
              <div class="configuration-class after">
                <span class="method-name">CloseBrowser</span>
                <span class="method-start">617199 ms</span>
              </div> <!-- configuration-class after -->
            </div> <!-- chronological-class -->
            <div class="chronological-class">
              <div class="chronological-class-name">Memberse.WebAppAutomation.wLaunchMemberseLinkedInTest</div> <!-- chronological-class-name -->
              <div class="configuration-class before">
                <span class="method-name">startDriver</span>
                <span class="method-start">619291 ms</span>
              </div> <!-- configuration-class before -->
              <div class="test-method">
                <span class="method-name">wLaunchMemberseLinkedInTestCase</span>
                <span class="method-start">623238 ms</span>
              </div> <!-- test-method -->
              <div class="configuration-class after">
                <span class="method-name">CloseBrowser</span>
                <span class="method-start">643755 ms</span>
              </div> <!-- configuration-class after -->
            </div> <!-- chronological-class -->
            <div class="chronological-class">
              <div class="chronological-class-name">Memberse.WebAppAutomation.wLaunchMemberseTikTokTest</div> <!-- chronological-class-name -->
              <div class="configuration-class before">
                <span class="method-name">startDriver</span>
                <span class="method-start">645879 ms</span>
              </div> <!-- configuration-class before -->
              <div class="test-method">
                <span class="method-name">wLaunchMemberseTikTokTestCase</span>
                <span class="method-start">648789 ms</span>
              </div> <!-- test-method -->
              <div class="configuration-class after">
                <span class="method-name">CloseBrowser</span>
                <span class="method-start">669125 ms</span>
              </div> <!-- configuration-class after -->
            </div> <!-- chronological-class -->
            <div class="chronological-class">
              <div class="chronological-class-name">Memberse.WebAppAutomation.wTermsAndConditionsTest</div> <!-- chronological-class-name -->
              <div class="configuration-class before">
                <span class="method-name">startDriver</span>
                <span class="method-start">671246 ms</span>
              </div> <!-- configuration-class before -->
              <div class="test-method">
                <span class="method-name">wTermsAndConditionsTestCase</span>
                <span class="method-start">674003 ms</span>
              </div> <!-- test-method -->
              <div class="configuration-class after">
                <span class="method-name">CloseBrowser</span>
                <span class="method-start">689730 ms</span>
              </div> <!-- configuration-class after -->
            </div> <!-- chronological-class -->
            <div class="chronological-class">
              <div class="chronological-class-name">Memberse.WebAppAutomation.wCommunityGuidelinesTest</div> <!-- chronological-class-name -->
              <div class="configuration-class before">
                <span class="method-name">startDriver</span>
                <span class="method-start">691861 ms</span>
              </div> <!-- configuration-class before -->
              <div class="test-method">
                <span class="method-name">wCommunityGuidelinesTestCase</span>
                <span class="method-start">694623 ms</span>
              </div> <!-- test-method -->
              <div class="configuration-class after">
                <span class="method-name">CloseBrowser</span>
                <span class="method-start">711430 ms</span>
              </div> <!-- configuration-class after -->
            </div> <!-- chronological-class -->
            <div class="chronological-class">
              <div class="chronological-class-name">Memberse.WebAppAutomation.wPrivacyPolicyTest</div> <!-- chronological-class-name -->
              <div class="configuration-class before">
                <span class="method-name">startDriver</span>
                <span class="method-start">713554 ms</span>
              </div> <!-- configuration-class before -->
              <div class="test-method">
                <span class="method-name">wPrivacyPolicyTestCase</span>
                <span class="method-start">717205 ms</span>
              </div> <!-- test-method -->
              <div class="configuration-class after">
                <span class="method-name">CloseBrowser</span>
                <span class="method-start">731935 ms</span>
              </div> <!-- configuration-class after -->
            </div> <!-- chronological-class -->
            <div class="chronological-class">
              <div class="chronological-class-name">Memberse.WebAppAutomation.wSearchCreatorTest</div> <!-- chronological-class-name -->
              <div class="configuration-class before">
                <span class="method-name">startDriver</span>
                <span class="method-start">734065 ms</span>
              </div> <!-- configuration-class before -->
              <div class="test-method">
                <img src="failed.png">
                </img>
                <span class="method-name">wSearchCreatorTestCase</span>
                <span class="method-start">737604 ms</span>
              </div> <!-- test-method -->
              <div class="configuration-class after">
                <span class="method-name">CloseBrowser</span>
                <span class="method-start">793335 ms</span>
              </div> <!-- configuration-class after -->
            </div> <!-- chronological-class -->
            <div class="chronological-class">
              <div class="chronological-class-name">Memberse.WebAppAutomation.wUserInfoTest</div> <!-- chronological-class-name -->
              <div class="configuration-class before">
                <span class="method-name">startDriver</span>
                <span class="method-start">795514 ms</span>
              </div> <!-- configuration-class before -->
              <div class="test-method">
                <img src="failed.png">
                </img>
                <span class="method-name">wUserInfoTestCase</span>
                <span class="method-start">798678 ms</span>
              </div> <!-- test-method -->
              <div class="configuration-class after">
                <span class="method-name">CloseBrowser</span>
                <span class="method-start">848797 ms</span>
              </div> <!-- configuration-class after -->
            </div> <!-- chronological-class -->
            <div class="chronological-class">
              <div class="chronological-class-name">Memberse.WebAppAutomation.wMembershipsTest</div> <!-- chronological-class-name -->
              <div class="configuration-class before">
                <span class="method-name">startDriver</span>
                <span class="method-start">850927 ms</span>
              </div> <!-- configuration-class before -->
              <div class="test-method">
                <span class="method-name">wMembershipsTestCase</span>
                <span class="method-start">855137 ms</span>
              </div> <!-- test-method -->
              <div class="configuration-class after">
                <span class="method-name">CloseBrowser</span>
                <span class="method-start">936985 ms</span>
              </div> <!-- configuration-class after -->
            </div> <!-- chronological-class -->
            <div class="chronological-class">
              <div class="chronological-class-name">Memberse.WebAppAutomation.wWatchedHistoryTest</div> <!-- chronological-class-name -->
              <div class="configuration-class before">
                <span class="method-name">startDriver</span>
                <span class="method-start">939111 ms</span>
              </div> <!-- configuration-class before -->
              <div class="test-method">
                <span class="method-name">wWatchedHistoryTestCase</span>
                <span class="method-start">943463 ms</span>
              </div> <!-- test-method -->
              <div class="configuration-class after">
                <span class="method-name">CloseBrowser</span>
                <span class="method-start">996062 ms</span>
              </div> <!-- configuration-class after -->
            </div> <!-- chronological-class -->
            <div class="chronological-class">
              <div class="chronological-class-name">Memberse.WebAppAutomation.wChangePasswordTest</div> <!-- chronological-class-name -->
              <div class="configuration-class before">
                <span class="method-name">startDriver</span>
                <span class="method-start">998191 ms</span>
              </div> <!-- configuration-class before -->
              <div class="test-method">
                <img src="failed.png">
                </img>
                <span class="method-name">wChangePasswordTestCase</span>
                <span class="method-start">1001739 ms</span>
              </div> <!-- test-method -->
              <div class="configuration-class after">
                <span class="method-name">CloseBrowser</span>
                <span class="method-start">1032199 ms</span>
              </div> <!-- configuration-class after -->
            </div> <!-- chronological-class -->
            <div class="chronological-class">
              <div class="chronological-class-name">Memberse.WebAppAutomation.wBecomeCreatorTest</div> <!-- chronological-class-name -->
              <div class="configuration-class before">
                <span class="method-name">startDriver</span>
                <span class="method-start">1034321 ms</span>
              </div> <!-- configuration-class before -->
              <div class="test-method">
                <img src="failed.png">
                </img>
                <span class="method-name">WBecomeCreatorTestCase</span>
                <span class="method-start">1037607 ms</span>
              </div> <!-- test-method -->
              <div class="configuration-class after">
                <span class="method-name">CloseBrowser</span>
                <span class="method-start">1094752 ms</span>
              </div> <!-- configuration-class after -->
            </div> <!-- chronological-class -->
            <div class="chronological-class">
              <div class="chronological-class-name">Memberse.WebAppAutomation.wCreatorEditInfoTest</div> <!-- chronological-class-name -->
              <div class="configuration-class before">
                <span class="method-name">startDriver</span>
                <span class="method-start">1096875 ms</span>
              </div> <!-- configuration-class before -->
              <div class="test-method">
                <img src="failed.png">
                </img>
                <span class="method-name">wCreatorEditInfoTestCase</span>
                <span class="method-start">1100287 ms</span>
              </div> <!-- test-method -->
              <div class="configuration-class after">
                <span class="method-name">CloseBrowser</span>
                <span class="method-start">1134938 ms</span>
              </div> <!-- configuration-class after -->
            </div> <!-- chronological-class -->
            <div class="chronological-class">
              <div class="chronological-class-name">Memberse.WebAppAutomation.wCommunityPriceTest</div> <!-- chronological-class-name -->
              <div class="configuration-class before">
                <span class="method-name">startDriver</span>
                <span class="method-start">1137091 ms</span>
              </div> <!-- configuration-class before -->
              <div class="test-method">
                <span class="method-name">wCommunityPriceTestwCommunityPriceTestCase</span>
                <span class="method-start">1140576 ms</span>
              </div> <!-- test-method -->
              <div class="configuration-class after">
                <span class="method-name">CloseBrowser</span>
                <span class="method-start">1180340 ms</span>
              </div> <!-- configuration-class after -->
            </div> <!-- chronological-class -->
            <div class="chronological-class">
              <div class="chronological-class-name">Memberse.WebAppAutomation.wPostHistoryPlayTest</div> <!-- chronological-class-name -->
              <div class="configuration-class before">
                <span class="method-name">startDriver</span>
                <span class="method-start">1182475 ms</span>
              </div> <!-- configuration-class before -->
              <div class="test-method">
                <img src="failed.png">
                </img>
                <span class="method-name">wPostHistoryPlayTestCase</span>
                <span class="method-start">1185251 ms</span>
              </div> <!-- test-method -->
              <div class="configuration-class after">
                <span class="method-name">CloseBrowser</span>
                <span class="method-start">1246994 ms</span>
              </div> <!-- configuration-class after -->
            </div> <!-- chronological-class -->
            <div class="chronological-class">
              <div class="chronological-class-name">Memberse.WebAppAutomation.wPostHistoryEditTest</div> <!-- chronological-class-name -->
              <div class="configuration-class before">
                <span class="method-name">startDriver</span>
                <span class="method-start">1249180 ms</span>
              </div> <!-- configuration-class before -->
              <div class="test-method">
                <img src="failed.png">
                </img>
                <span class="method-name">wPostHistoryEditTestCase</span>
                <span class="method-start">1252589 ms</span>
              </div> <!-- test-method -->
              <div class="configuration-class after">
                <span class="method-name">CloseBrowser</span>
                <span class="method-start">1304151 ms</span>
              </div> <!-- configuration-class after -->
            </div> <!-- chronological-class -->
            <div class="chronological-class">
              <div class="chronological-class-name">Memberse.WebAppAutomation.wPostHistoryDeleteTest</div> <!-- chronological-class-name -->
              <div class="configuration-class before">
                <span class="method-name">startDriver</span>
                <span class="method-start">1306273 ms</span>
              </div> <!-- configuration-class before -->
              <div class="test-method">
                <img src="failed.png">
                </img>
                <span class="method-name">wPostHistoryDeleteTestCase</span>
                <span class="method-start">1309695 ms</span>
              </div> <!-- test-method -->
              <div class="configuration-class after">
                <span class="method-name">CloseBrowser</span>
                <span class="method-start">1500492 ms</span>
              </div> <!-- configuration-class after -->
            </div> <!-- chronological-class -->
            <div class="chronological-class">
              <div class="chronological-class-name">Memberse.WebAppAutomation.wMyFansListTest</div> <!-- chronological-class-name -->
              <div class="configuration-class before">
                <span class="method-name">startDriver</span>
                <span class="method-start">1502616 ms</span>
              </div> <!-- configuration-class before -->
              <div class="test-method">
                <span class="method-name">wMyFansListTestCase</span>
                <span class="method-start">1514919 ms</span>
              </div> <!-- test-method -->
              <div class="configuration-class after">
                <span class="method-name">CloseBrowser</span>
                <span class="method-start">1556491 ms</span>
              </div> <!-- configuration-class after -->
            </div> <!-- chronological-class -->
            <div class="chronological-class">
              <div class="chronological-class-name">Memberse.WebAppAutomation.wCreateAndDeletePlaylistTest</div> <!-- chronological-class-name -->
              <div class="configuration-class before">
                <span class="method-name">startDriver</span>
                <span class="method-start">1558756 ms</span>
              </div> <!-- configuration-class before -->
              <div class="test-method">
                <img src="failed.png">
                </img>
                <span class="method-name">wCreateAndDeletePlaylistTestCase</span>
                <span class="method-start">1561656 ms</span>
              </div> <!-- test-method -->
              <div class="configuration-class after">
                <span class="method-name">CloseBrowser</span>
                <span class="method-start">1665417 ms</span>
              </div> <!-- configuration-class after -->
            </div> <!-- chronological-class -->
            <div class="chronological-class">
              <div class="chronological-class-name">Memberse.WebAppAutomation.wAddMediaAndPlayPlaylistTest</div> <!-- chronological-class-name -->
              <div class="configuration-class before">
                <span class="method-name">startDriver</span>
                <span class="method-start">1667716 ms</span>
              </div> <!-- configuration-class before -->
              <div class="test-method">
                <img src="failed.png">
                </img>
                <span class="method-name">wAddMediaAndPlayPlaylistTestCase</span>
                <span class="method-start">1672350 ms</span>
              </div> <!-- test-method -->
              <div class="configuration-class after">
                <span class="method-name">CloseBrowser</span>
                <span class="method-start">1781662 ms</span>
              </div> <!-- configuration-class after -->
            </div> <!-- chronological-class -->
            <div class="chronological-class">
              <div class="chronological-class-name">Memberse.WebAppAutomation.wPlaylistEditTest</div> <!-- chronological-class-name -->
              <div class="configuration-class before">
                <span class="method-name">startDriver</span>
                <span class="method-start">1783766 ms</span>
              </div> <!-- configuration-class before -->
              <div class="test-method">
                <span class="method-name">wPlaylistEditTestCase</span>
                <span class="method-start">1787306 ms</span>
              </div> <!-- test-method -->
              <div class="configuration-class after">
                <span class="method-name">CloseBrowser</span>
                <span class="method-start">1936025 ms</span>
              </div> <!-- configuration-class after -->
            </div> <!-- chronological-class -->
            <div class="chronological-class">
              <div class="chronological-class-name">Memberse.WebAppAutomation.wSmokeTest</div> <!-- chronological-class-name -->
              <div class="configuration-test after">
                <span class="method-name">QuitBrowsers</span>
                <span class="method-start">1938213 ms</span>
              </div> <!-- configuration-test after -->
          </div> <!-- main-panel-content rounded-window-bottom -->
        </div> <!-- panel -->
      </div> <!-- main-panel-root -->
    </div> <!-- wrapper -->
  </body>
<script type="text/javascript" src="testng-reports2.js"></script>
</html>
